[ 2017-03-02T09:23:32+08:00 ] 127.0.0.1 /Public/Webmall/css/flexslider.css
INFO: [ app_init ] --START--
INFO: Run Behavior\BuildLiteBehavior [ RunTime:0.000021s ]
INFO: [ app_init ] --END-- [ RunTime:0.000684s ]
ERR: 无法加载模块:Public

[ 2017-03-02T09:23:43+08:00 ] 127.0.0.1 /favicon.ico
INFO: [ app_init ] --START--
INFO: Run Behavior\BuildLiteBehavior [ RunTime:0.000018s ]
INFO: [ app_init ] --END-- [ RunTime:0.000670s ]
ERR: 无法加载模块:Favicon

[ 2017-03-02T09:24:40+08:00 ] 127.0.0.1 /Public/Webmall/images/page/r-kf-ico.jpg
INFO: [ app_init ] --START--
INFO: Run Behavior\BuildLiteBehavior [ RunTime:0.000018s ]
INFO: [ app_init ] --END-- [ RunTime:0.000605s ]
ERR: 无法加载模块:Public

[ 2017-03-02T15:13:00+08:00 ] 127.0.0.1 /Public/Webmall/css/flexslider.css
INFO: [ app_init ] --START--
INFO: Run Behavior\BuildLiteBehavior [ RunTime:0.000019s ]
INFO: [ app_init ] --END-- [ RunTime:0.000676s ]
ERR: 无法加载模块:Public

[ 2017-03-02T15:13:34+08:00 ] 127.0.0.1 /Public/Webmall/images/page/r-kf-ico.jpg
INFO: [ app_init ] --START--
INFO: Run Behavior\BuildLiteBehavior [ RunTime:0.000019s ]
INFO: [ app_init ] --END-- [ RunTime:0.000653s ]
ERR: 无法加载模块:Public

[ 2017-03-02T15:16:25+08:00 ] 127.0.0.1 /Public/Webmall/css/flexslider.css
INFO: [ app_init ] --START--
INFO: Run Behavior\BuildLiteBehavior [ RunTime:0.000019s ]
INFO: [ app_init ] --END-- [ RunTime:0.000673s ]
ERR: 无法加载模块:Public

[ 2017-03-02T15:16:44+08:00 ] 127.0.0.1 /Public/Admin/tables/data.json?limit=10&offset=0&sort=name&order=desc
INFO: [ app_init ] --START--
INFO: Run Behavior\BuildLiteBehavior [ RunTime:0.000032s ]
INFO: [ app_init ] --END-- [ RunTime:0.000618s ]
ERR: 无法加载模块:Public

[ 2017-03-02T15:20:57+08:00 ] 127.0.0.1 /Public/Admin/tables/data.json?limit=10&offset=0&sort=name&order=desc
INFO: [ app_init ] --START--
INFO: Run Behavior\BuildLiteBehavior [ RunTime:0.000018s ]
INFO: [ app_init ] --END-- [ RunTime:0.000612s ]
ERR: 无法加载模块:Public

[ 2017-03-02T15:21:47+08:00 ] 127.0.0.1 /Public/Admin/tables/data.json?limit=10&offset=0&sort=name&order=desc
INFO: [ app_init ] --START--
INFO: Run Behavior\BuildLiteBehavior [ RunTime:0.000066s ]
INFO: [ app_init ] --END-- [ RunTime:0.001494s ]
ERR: 无法加载模块:Public

[ 2017-03-02T15:21:59+08:00 ] 127.0.0.1 /Public/Webmall/css/flexslider.css
INFO: [ app_init ] --START--
INFO: Run Behavior\BuildLiteBehavior [ RunTime:0.000019s ]
INFO: [ app_init ] --END-- [ RunTime:0.000676s ]
ERR: 无法加载模块:Public

[ 2017-03-02T15:26:38+08:00 ] 127.0.0.1 /Public/Admin/tables/data.json?limit=10&offset=0&sort=name&order=desc
INFO: [ app_init ] --START--
INFO: Run Behavior\BuildLiteBehavior [ RunTime:0.000019s ]
INFO: [ app_init ] --END-- [ RunTime:0.000627s ]
ERR: 无法加载模块:Public

[ 2017-03-02T15:28:50+08:00 ] 127.0.0.1 /Public/Admin/tables/data.json?limit=10&offset=0&sort=name&order=desc
INFO: [ app_init ] --START--
INFO: Run Behavior\BuildLiteBehavior [ RunTime:0.000020s ]
INFO: [ app_init ] --END-- [ RunTime:0.000550s ]
ERR: 无法加载模块:Public

[ 2017-03-02T15:31:35+08:00 ] 127.0.0.1 /Public/Admin/tables/data.json?limit=10&offset=0&sort=name&order=desc
INFO: [ app_init ] --START--
INFO: Run Behavior\BuildLiteBehavior [ RunTime:0.000018s ]
INFO: [ app_init ] --END-- [ RunTime:0.000689s ]
ERR: 无法加载模块:Public

[ 2017-03-02T15:33:44+08:00 ] 127.0.0.1 /Public/Admin/tables/data.json?limit=10&offset=0&sort=name&order=desc
INFO: [ app_init ] --START--
INFO: Run Behavior\BuildLiteBehavior [ RunTime:0.000019s ]
INFO: [ app_init ] --END-- [ RunTime:0.000836s ]
ERR: 无法加载模块:Public

[ 2017-03-02T15:35:23+08:00 ] 127.0.0.1 /Public/Admin/tables/data.json?limit=10&offset=0&sort=name&order=desc
INFO: [ app_init ] --START--
INFO: Run Behavior\BuildLiteBehavior [ RunTime:0.000020s ]
INFO: [ app_init ] --END-- [ RunTime:0.000692s ]
ERR: 无法加载模块:Public

[ 2017-03-02T15:35:59+08:00 ] 127.0.0.1 /Public/Admin/tables/data.json?limit=10&offset=0&sort=name&order=desc
INFO: [ app_init ] --START--
INFO: Run Behavior\BuildLiteBehavior [ RunTime:0.000020s ]
INFO: [ app_init ] --END-- [ RunTime:0.000702s ]
ERR: 无法加载模块:Public

[ 2017-03-02T15:37:36+08:00 ] 127.0.0.1 /Public/Admin/tables/data.json?limit=10&offset=0&sort=name&order=desc
INFO: [ app_init ] --START--
INFO: Run Behavior\BuildLiteBehavior [ RunTime:0.000020s ]
INFO: [ app_init ] --END-- [ RunTime:0.000966s ]
ERR: 无法加载模块:Public

[ 2017-03-02T15:41:22+08:00 ] 127.0.0.1 /Public/Admin/tables/data.json?limit=10&offset=0&sort=name&order=desc
INFO: [ app_init ] --START--
INFO: Run Behavior\BuildLiteBehavior [ RunTime:0.000032s ]
INFO: [ app_init ] --END-- [ RunTime:0.000766s ]
ERR: 无法加载模块:Public

[ 2017-03-02T15:42:37+08:00 ] 127.0.0.1 /Public/Admin/tables/data.json?limit=10&offset=0&sort=name&order=desc
INFO: [ app_init ] --START--
INFO: Run Behavior\BuildLiteBehavior [ RunTime:0.000018s ]
INFO: [ app_init ] --END-- [ RunTime:0.000539s ]
ERR: 无法加载模块:Public

[ 2017-03-02T15:43:09+08:00 ] 127.0.0.1 /Public/Admin/tables/data.json?limit=10&offset=0&sort=name&order=desc
INFO: [ app_init ] --START--
INFO: Run Behavior\BuildLiteBehavior [ RunTime:0.000018s ]
INFO: [ app_init ] --END-- [ RunTime:0.000664s ]
ERR: 无法加载模块:Public

[ 2017-03-02T15:43:32+08:00 ] 127.0.0.1 /Public/Admin/tables/data.json?limit=10&offset=0&sort=name&order=desc
INFO: [ app_init ] --START--
INFO: Run Behavior\BuildLiteBehavior [ RunTime:0.000019s ]
INFO: [ app_init ] --END-- [ RunTime:0.000670s ]
ERR: 无法加载模块:Public

[ 2017-03-02T15:43:40+08:00 ] 127.0.0.1 /Public/Admin/tables/data.json?limit=10&offset=0&sort=name&order=desc
INFO: [ app_init ] --START--
INFO: Run Behavior\BuildLiteBehavior [ RunTime:0.000024s ]
INFO: [ app_init ] --END-- [ RunTime:0.000652s ]
ERR: 无法加载模块:Public

[ 2017-03-02T15:44:43+08:00 ] 127.0.0.1 /Public/Admin/tables/data.json?limit=10&offset=0&sort=name&order=desc
INFO: [ app_init ] --START--
INFO: Run Behavior\BuildLiteBehavior [ RunTime:0.000018s ]
INFO: [ app_init ] --END-- [ RunTime:0.000658s ]
ERR: 无法加载模块:Public

[ 2017-03-02T15:45:35+08:00 ] 127.0.0.1 /Public/Admin/tables/data.json?limit=10&offset=0&sort=name&order=desc
INFO: [ app_init ] --START--
INFO: Run Behavior\BuildLiteBehavior [ RunTime:0.000018s ]
INFO: [ app_init ] --END-- [ RunTime:0.000648s ]
ERR: 无法加载模块:Public

[ 2017-03-02T15:48:04+08:00 ] 127.0.0.1 /Public/Admin/tables/data.json?limit=10&offset=0&sort=name&order=desc
INFO: [ app_init ] --START--
INFO: Run Behavior\BuildLiteBehavior [ RunTime:0.000020s ]
INFO: [ app_init ] --END-- [ RunTime:0.000542s ]
ERR: 无法加载模块:Public

[ 2017-03-02T15:49:42+08:00 ] 127.0.0.1 /Public/Admin/tables/data.json?limit=10&offset=0&sort=name&order=desc
INFO: [ app_init ] --START--
INFO: Run Behavior\BuildLiteBehavior [ RunTime:0.000048s ]
INFO: [ app_init ] --END-- [ RunTime:0.001073s ]
ERR: 无法加载模块:Public

[ 2017-03-02T15:52:02+08:00 ] 127.0.0.1 /Public/Admin/tables/data.json?limit=10&offset=0&sort=name&order=desc
INFO: [ app_init ] --START--
INFO: Run Behavior\BuildLiteBehavior [ RunTime:0.000032s ]
INFO: [ app_init ] --END-- [ RunTime:0.000819s ]
ERR: 无法加载模块:Public

[ 2017-03-02T15:53:37+08:00 ] 127.0.0.1 /Public/Admin/tables/data.json?limit=10&offset=0&sort=name&order=desc
INFO: [ app_init ] --START--
INFO: Run Behavior\BuildLiteBehavior [ RunTime:0.000020s ]
INFO: [ app_init ] --END-- [ RunTime:0.000603s ]
ERR: 无法加载模块:Public

[ 2017-03-02T15:55:24+08:00 ] 127.0.0.1 /Public/Webmall/css/flexslider.css
INFO: [ app_init ] --START--
INFO: Run Behavior\BuildLiteBehavior [ RunTime:0.000020s ]
INFO: [ app_init ] --END-- [ RunTime:0.000687s ]
ERR: 无法加载模块:Public

[ 2017-03-02T15:58:54+08:00 ] 127.0.0.1 /Public/Admin/tables/data.json?limit=10&offset=0&sort=name&order=desc
INFO: [ app_init ] --START--
INFO: Run Behavior\BuildLiteBehavior [ RunTime:0.000024s ]
INFO: [ app_init ] --END-- [ RunTime:0.000693s ]
ERR: 无法加载模块:Public

[ 2017-03-02T16:00:19+08:00 ] 127.0.0.1 /Public/Admin/tables/data.json?limit=10&offset=0&sort=name&order=desc
INFO: [ app_init ] --START--
INFO: Run Behavior\BuildLiteBehavior [ RunTime:0.000022s ]
INFO: [ app_init ] --END-- [ RunTime:0.000761s ]
ERR: 无法加载模块:Public

[ 2017-03-02T16:02:00+08:00 ] 127.0.0.1 /Public/Admin/tables/data.json?limit=10&offset=0&sort=name&order=desc
INFO: [ app_init ] --START--
INFO: Run Behavior\BuildLiteBehavior [ RunTime:0.000019s ]
INFO: [ app_init ] --END-- [ RunTime:0.000674s ]
ERR: 无法加载模块:Public

[ 2017-03-02T16:02:29+08:00 ] 127.0.0.1 /Public/Admin/tables/data.json?limit=10&offset=0&sort=name&order=desc
INFO: [ app_init ] --START--
INFO: Run Behavior\BuildLiteBehavior [ RunTime:0.000018s ]
INFO: [ app_init ] --END-- [ RunTime:0.000673s ]
ERR: 无法加载模块:Public

[ 2017-03-02T16:05:04+08:00 ] 127.0.0.1 /Public/Admin/tables/data.json?limit=10&offset=0&sort=name&order=desc
INFO: [ app_init ] --START--
INFO: Run Behavior\BuildLiteBehavior [ RunTime:0.000047s ]
INFO: [ app_init ] --END-- [ RunTime:0.001068s ]
ERR: 无法加载模块:Public

[ 2017-03-02T16:06:14+08:00 ] 127.0.0.1 /Public/Admin/tables/data.json?limit=10&offset=0&sort=name&order=desc
INFO: [ app_init ] --START--
INFO: Run Behavior\BuildLiteBehavior [ RunTime:0.000020s ]
INFO: [ app_init ] --END-- [ RunTime:0.000615s ]
ERR: 无法加载模块:Public

[ 2017-03-02T16:08:38+08:00 ] 127.0.0.1 /Public/Admin/tables/data.json?limit=10&offset=0&sort=name&order=desc
INFO: [ app_init ] --START--
INFO: Run Behavior\BuildLiteBehavior [ RunTime:0.000018s ]
INFO: [ app_init ] --END-- [ RunTime:0.000770s ]
ERR: 无法加载模块:Public

[ 2017-03-02T16:09:43+08:00 ] 127.0.0.1 /Public/Admin/tables/data.json?limit=10&offset=0&sort=name&order=desc
INFO: [ app_init ] --START--
INFO: Run Behavior\BuildLiteBehavior [ RunTime:0.000028s ]
INFO: [ app_init ] --END-- [ RunTime:0.000917s ]
ERR: 无法加载模块:Public

[ 2017-03-02T16:12:03+08:00 ] 127.0.0.1 /Public/Admin/tables/data.json?limit=10&offset=0&sort=name&order=desc
INFO: [ app_init ] --START--
INFO: Run Behavior\BuildLiteBehavior [ RunTime:0.000019s ]
INFO: [ app_init ] --END-- [ RunTime:0.000707s ]
ERR: 无法加载模块:Public

[ 2017-03-02T16:16:33+08:00 ] 127.0.0.1 /Public/Admin/tables/data.json?limit=10&offset=0&sort=name&order=desc
INFO: [ app_init ] --START--
INFO: Run Behavior\BuildLiteBehavior [ RunTime:0.000021s ]
INFO: [ app_init ] --END-- [ RunTime:0.000725s ]
ERR: 无法加载模块:Public

[ 2017-03-02T16:28:06+08:00 ] 127.0.0.1 /Public/Admin/tables/data.json?limit=10&offset=0&sort=name&order=desc
INFO: [ app_init ] --START--
INFO: Run Behavior\BuildLiteBehavior [ RunTime:0.000019s ]
INFO: [ app_init ] --END-- [ RunTime:0.000654s ]
ERR: 无法加载模块:Public

[ 2017-03-02T16:31:48+08:00 ] 127.0.0.1 /Public/Admin/tables/data.json?limit=10&offset=0&sort=name&order=desc
INFO: [ app_init ] --START--
INFO: Run Behavior\BuildLiteBehavior [ RunTime:0.000024s ]
INFO: [ app_init ] --END-- [ RunTime:0.000831s ]
ERR: 无法加载模块:Public

[ 2017-03-02T16:37:06+08:00 ] 127.0.0.1 /Public/Admin/tables/data.json?limit=10&offset=0&sort=name&order=desc
INFO: [ app_init ] --START--
INFO: Run Behavior\BuildLiteBehavior [ RunTime:0.000020s ]
INFO: [ app_init ] --END-- [ RunTime:0.000708s ]
ERR: 无法加载模块:Public

[ 2017-03-02T16:43:15+08:00 ] 127.0.0.1 /Public/Admin/tables/data.json?limit=10&offset=0&sort=name&order=desc
INFO: [ app_init ] --START--
INFO: Run Behavior\BuildLiteBehavior [ RunTime:0.000022s ]
INFO: [ app_init ] --END-- [ RunTime:0.000779s ]
ERR: 无法加载模块:Public

[ 2017-03-02T16:46:09+08:00 ] 127.0.0.1 /Public/Admin/tables/data.json?limit=10&offset=0&sort=name&order=desc
INFO: [ app_init ] --START--
INFO: Run Behavior\BuildLiteBehavior [ RunTime:0.000019s ]
INFO: [ app_init ] --END-- [ RunTime:0.000595s ]
ERR: 无法加载模块:Public

[ 2017-03-02T16:49:18+08:00 ] 127.0.0.1 /Public/Admin/tables/data.json?limit=10&offset=0&sort=name&order=desc
INFO: [ app_init ] --START--
INFO: Run Behavior\BuildLiteBehavior [ RunTime:0.000024s ]
INFO: [ app_init ] --END-- [ RunTime:0.000647s ]
ERR: 无法加载模块:Public

[ 2017-03-02T17:07:59+08:00 ] 127.0.0.1 /user/loginuser.json
INFO: [ app_init ] --START--
INFO: Run Behavior\BuildLiteBehavior [ RunTime:0.000020s ]
INFO: [ app_init ] --END-- [ RunTime:0.000685s ]
ERR: 无法加载模块:User

[ 2017-03-02T17:08:00+08:00 ] 127.0.0.1 /shopCart/ajax/shopcartnums.json
INFO: [ app_init ] --START--
INFO: Run Behavior\BuildLiteBehavior [ RunTime:0.000020s ]
INFO: [ app_init ] --END-- [ RunTime:0.000617s ]
ERR: 无法加载模块:ShopCart

[ 2017-03-02T17:08:00+08:00 ] 127.0.0.1 /ajax/websiteProfile/online.json
INFO: [ app_init ] --START--
INFO: Run Behavior\BuildLiteBehavior [ RunTime:0.000020s ]
INFO: [ app_init ] --END-- [ RunTime:0.000574s ]
ERR: 无法加载模块:Ajax

[ 2017-03-02T17:08:00+08:00 ] 127.0.0.1 /Public/Webmall/js//skin/laypage.css
INFO: [ app_init ] --START--
INFO: Run Behavior\BuildLiteBehavior [ RunTime:0.000019s ]
INFO: [ app_init ] --END-- [ RunTime:0.000627s ]
ERR: 无法加载模块:Public

[ 2017-03-02T17:13:41+08:00 ] 127.0.0.1 /user/loginuser.json
INFO: [ app_init ] --START--
INFO: Run Behavior\BuildLiteBehavior [ RunTime:0.000021s ]
INFO: [ app_init ] --END-- [ RunTime:0.000918s ]
ERR: 无法加载模块:User

[ 2017-03-02T17:13:42+08:00 ] 127.0.0.1 /shopCart/ajax/shopcartnums.json
INFO: [ app_init ] --START--
INFO: Run Behavior\BuildLiteBehavior [ RunTime:0.000020s ]
INFO: [ app_init ] --END-- [ RunTime:0.000804s ]
ERR: 无法加载模块:ShopCart

[ 2017-03-02T17:13:42+08:00 ] 127.0.0.1 /ajax/websiteProfile/online.json
INFO: [ app_init ] --START--
INFO: Run Behavior\BuildLiteBehavior [ RunTime:0.000032s ]
INFO: [ app_init ] --END-- [ RunTime:0.000655s ]
ERR: 无法加载模块:Ajax

[ 2017-03-02T17:13:42+08:00 ] 127.0.0.1 /Public/Webmall/js//skin/laypage.css
INFO: [ app_init ] --START--
INFO: Run Behavior\BuildLiteBehavior [ RunTime:0.000021s ]
INFO: [ app_init ] --END-- [ RunTime:0.000741s ]
ERR: 无法加载模块:Public

[ 2017-03-02T17:14:01+08:00 ] 127.0.0.1 /shopCart/ajax/queryUserShopCart.json
INFO: [ app_init ] --START--
INFO: Run Behavior\BuildLiteBehavior [ RunTime:0.000022s ]
INFO: [ app_init ] --END-- [ RunTime:0.000779s ]
ERR: 无法加载模块:ShopCart

[ 2017-03-02T17:14:01+08:00 ] 127.0.0.1 /shopCart/ajax/queryUserShopCart.json
INFO: [ app_init ] --START--
INFO: Run Behavior\BuildLiteBehavior [ RunTime:0.000022s ]
INFO: [ app_init ] --END-- [ RunTime:0.000704s ]
ERR: 无法加载模块:ShopCart

[ 2017-03-02T17:14:01+08:00 ] 127.0.0.1 /shopCart/ajax/queryUserShopCart.json
INFO: [ app_init ] --START--
INFO: Run Behavior\BuildLiteBehavior [ RunTime:0.000021s ]
INFO: [ app_init ] --END-- [ RunTime:0.000670s ]
ERR: 无法加载模块:ShopCart

[ 2017-03-02T17:14:02+08:00 ] 127.0.0.1 /shopCart/ajax/queryUserShopCart.json
INFO: [ app_init ] --START--
INFO: Run Behavior\BuildLiteBehavior [ RunTime:0.000017s ]
INFO: [ app_init ] --END-- [ RunTime:0.000615s ]
ERR: 无法加载模块:ShopCart

[ 2017-03-02T17:14:05+08:00 ] 127.0.0.1 /user/loginuser.json
INFO: [ app_init ] --START--
INFO: Run Behavior\BuildLiteBehavior [ RunTime:0.000020s ]
INFO: [ app_init ] --END-- [ RunTime:0.000725s ]
ERR: 无法加载模块:User

[ 2017-03-02T17:14:05+08:00 ] 127.0.0.1 /shopCart/ajax/shopcartnums.json
INFO: [ app_init ] --START--
INFO: Run Behavior\BuildLiteBehavior [ RunTime:0.000023s ]
INFO: [ app_init ] --END-- [ RunTime:0.000738s ]
ERR: 无法加载模块:ShopCart

[ 2017-03-02T17:14:05+08:00 ] 127.0.0.1 /ajax/websiteProfile/online.json
INFO: [ app_init ] --START--
INFO: Run Behavior\BuildLiteBehavior [ RunTime:0.000020s ]
INFO: [ app_init ] --END-- [ RunTime:0.000706s ]
ERR: 无法加载模块:Ajax

[ 2017-03-02T17:15:00+08:00 ] 127.0.0.1 /Public/Webmall/images/page/vido-bg.png
INFO: [ app_init ] --START--
INFO: Run Behavior\BuildLiteBehavior [ RunTime:0.000019s ]
INFO: [ app_init ] --END-- [ RunTime:0.000641s ]
ERR: 无法加载模块:Public

[ 2017-03-02T17:15:00+08:00 ] 127.0.0.1 /static/edu/images/c-free-img.png
INFO: [ app_init ] --START--
INFO: Run Behavior\BuildLiteBehavior [ RunTime:0.000019s ]
INFO: [ app_init ] --END-- [ RunTime:0.000648s ]
ERR: 无法加载模块:Static

[ 2017-03-02T17:15:00+08:00 ] 127.0.0.1 /user/loginuser.json
INFO: [ app_init ] --START--
INFO: Run Behavior\BuildLiteBehavior [ RunTime:0.000019s ]
INFO: [ app_init ] --END-- [ RunTime:0.000638s ]
ERR: 无法加载模块:User

[ 2017-03-02T17:15:01+08:00 ] 127.0.0.1 /shopCart/ajax/shopcartnums.json
INFO: [ app_init ] --START--
INFO: Run Behavior\BuildLiteBehavior [ RunTime:0.000025s ]
INFO: [ app_init ] --END-- [ RunTime:0.000801s ]
ERR: 无法加载模块:ShopCart

[ 2017-03-02T17:15:01+08:00 ] 127.0.0.1 /ajax/websiteProfile/online.json
INFO: [ app_init ] --START--
INFO: Run Behavior\BuildLiteBehavior [ RunTime:0.000022s ]
INFO: [ app_init ] --END-- [ RunTime:0.000732s ]
ERR: 无法加载模块:Ajax

[ 2017-03-02T17:15:21+08:00 ] 127.0.0.1 /Public/Webmall/css/flexslider.css
INFO: [ app_init ] --START--
INFO: Run Behavior\BuildLiteBehavior [ RunTime:0.000022s ]
INFO: [ app_init ] --END-- [ RunTime:0.001182s ]
ERR: 无法加载模块:Public

[ 2017-03-02T17:29:56+08:00 ] 127.0.0.1 /Public/Webmall/css/mirror.gif
INFO: [ app_init ] --START--
INFO: Run Behavior\BuildLiteBehavior [ RunTime:0.000020s ]
INFO: [ app_init ] --END-- [ RunTime:0.000691s ]
ERR: 无法加载模块:Public

[ 2017-03-02T17:30:24+08:00 ] 127.0.0.1 /Public/Webmall/images/page/r-kf-ico.jpg
INFO: [ app_init ] --START--
INFO: Run Behavior\BuildLiteBehavior [ RunTime:0.000020s ]
INFO: [ app_init ] --END-- [ RunTime:0.000719s ]
ERR: 无法加载模块:Public

[ 2017-03-02T17:32:13+08:00 ] 127.0.0.1 /Public/Webmall/images/page/vido-bg.png
INFO: [ app_init ] --START--
INFO: Run Behavior\BuildLiteBehavior [ RunTime:0.000020s ]
INFO: [ app_init ] --END-- [ RunTime:0.000655s ]
ERR: 无法加载模块:Public

[ 2017-03-02T17:32:13+08:00 ] 127.0.0.1 /static/edu/images/c-free-img.png
INFO: [ app_init ] --START--
INFO: Run Behavior\BuildLiteBehavior [ RunTime:0.000020s ]
INFO: [ app_init ] --END-- [ RunTime:0.000708s ]
ERR: 无法加载模块:Static

[ 2017-03-02T17:32:13+08:00 ] 127.0.0.1 /user/loginuser.json
INFO: [ app_init ] --START--
INFO: Run Behavior\BuildLiteBehavior [ RunTime:0.000029s ]
INFO: [ app_init ] --END-- [ RunTime:0.001117s ]
ERR: 无法加载模块:User

[ 2017-03-02T17:32:14+08:00 ] 127.0.0.1 /shopCart/ajax/shopcartnums.json
INFO: [ app_init ] --START--
INFO: Run Behavior\BuildLiteBehavior [ RunTime:0.000020s ]
INFO: [ app_init ] --END-- [ RunTime:0.000643s ]
ERR: 无法加载模块:ShopCart

[ 2017-03-02T17:32:14+08:00 ] 127.0.0.1 /ajax/websiteProfile/online.json
INFO: [ app_init ] --START--
INFO: Run Behavior\BuildLiteBehavior [ RunTime:0.000021s ]
INFO: [ app_init ] --END-- [ RunTime:0.000603s ]
ERR: 无法加载模块:Ajax

[ 2017-03-02T17:33:27+08:00 ] 127.0.0.1 /Public/Admin/tables/data.json?limit=10&offset=0&sort=name&order=desc
INFO: [ app_init ] --START--
INFO: Run Behavior\BuildLiteBehavior [ RunTime:0.000019s ]
INFO: [ app_init ] --END-- [ RunTime:0.000498s ]
ERR: 无法加载模块:Public

[ 2017-03-02T17:33:36+08:00 ] 127.0.0.1 /Public/Admin/tables/data.json?limit=10&offset=0&sort=name&order=desc
INFO: [ app_init ] --START--
INFO: Run Behavior\BuildLiteBehavior [ RunTime:0.000019s ]
INFO: [ app_init ] --END-- [ RunTime:0.000528s ]
ERR: 无法加载模块:Public

[ 2017-03-02T17:37:06+08:00 ] 127.0.0.1 /Public/Webmall/css/flexslider.css
INFO: [ app_init ] --START--
INFO: Run Behavior\BuildLiteBehavior [ RunTime:0.000022s ]
INFO: [ app_init ] --END-- [ RunTime:0.000677s ]
ERR: 无法加载模块:Public

