[ 2017-03-03T09:17:33+08:00 ] 127.0.0.1 /Public/Webmall/css/flexslider.css
INFO: [ app_init ] --START--
INFO: Run Behavior\BuildLiteBehavior [ RunTime:0.000019s ]
INFO: [ app_init ] --END-- [ RunTime:0.000605s ]
ERR: 无法加载模块:Public

[ 2017-03-03T09:17:45+08:00 ] 127.0.0.1 /favicon.ico
INFO: [ app_init ] --START--
INFO: Run Behavior\BuildLiteBehavior [ RunTime:0.000020s ]
INFO: [ app_init ] --END-- [ RunTime:0.000600s ]
ERR: 无法加载模块:Favicon

[ 2017-03-03T09:18:05+08:00 ] 127.0.0.1 /Public/Webmall/css/mirror.gif
INFO: [ app_init ] --START--
INFO: Run Behavior\BuildLiteBehavior [ RunTime:0.000020s ]
INFO: [ app_init ] --END-- [ RunTime:0.000577s ]
ERR: 无法加载模块:Public

[ 2017-03-03T09:19:14+08:00 ] 127.0.0.1 /Public/Admin/tables/data.json?limit=10&offset=0&sort=name&order=desc
INFO: [ app_init ] --START--
INFO: Run Behavior\BuildLiteBehavior [ RunTime:0.000017s ]
INFO: [ app_init ] --END-- [ RunTime:0.000595s ]
ERR: 无法加载模块:Public

[ 2017-03-03T09:21:09+08:00 ] 127.0.0.1 /Public/Admin/tables/data.json?limit=10&offset=0&sort=name&order=desc
INFO: [ app_init ] --START--
INFO: Run Behavior\BuildLiteBehavior [ RunTime:0.000019s ]
INFO: [ app_init ] --END-- [ RunTime:0.000716s ]
ERR: 无法加载模块:Public

[ 2017-03-03T09:21:14+08:00 ] 127.0.0.1 /Public/Webmall/css/mirror.gif
INFO: [ app_init ] --START--
INFO: Run Behavior\BuildLiteBehavior [ RunTime:0.000019s ]
INFO: [ app_init ] --END-- [ RunTime:0.000733s ]
ERR: 无法加载模块:Public

[ 2017-03-03T09:26:31+08:00 ] 127.0.0.1 /Public/Webmall/images/page/r-kf-ico.jpg
INFO: [ app_init ] --START--
INFO: Run Behavior\BuildLiteBehavior [ RunTime:0.000020s ]
INFO: [ app_init ] --END-- [ RunTime:0.000608s ]
ERR: 无法加载模块:Public

[ 2017-03-03T09:34:34+08:00 ] 127.0.0.1 /Public/Admin/tables/data.json?limit=10&offset=0&sort=name&order=desc
INFO: [ app_init ] --START--
INFO: Run Behavior\BuildLiteBehavior [ RunTime:0.000026s ]
INFO: [ app_init ] --END-- [ RunTime:0.001100s ]
ERR: 无法加载模块:Public

[ 2017-03-03T09:35:18+08:00 ] 127.0.0.1 /Public/Admin/tables/data.json?limit=10&offset=0&sort=name&order=desc
INFO: [ app_init ] --START--
INFO: Run Behavior\BuildLiteBehavior [ RunTime:0.000021s ]
INFO: [ app_init ] --END-- [ RunTime:0.000878s ]
ERR: 无法加载模块:Public

[ 2017-03-03T09:36:03+08:00 ] 127.0.0.1 /Public/Admin/tables/data.json?limit=10&offset=0&sort=name&order=desc
INFO: [ app_init ] --START--
INFO: Run Behavior\BuildLiteBehavior [ RunTime:0.000048s ]
INFO: [ app_init ] --END-- [ RunTime:0.000884s ]
ERR: 无法加载模块:Public

[ 2017-03-03T09:36:40+08:00 ] 127.0.0.1 /Public/Admin/tables/data.json?limit=10&offset=0&sort=name&order=desc
INFO: [ app_init ] --START--
INFO: Run Behavior\BuildLiteBehavior [ RunTime:0.000019s ]
INFO: [ app_init ] --END-- [ RunTime:0.000608s ]
ERR: 无法加载模块:Public

[ 2017-03-03T09:37:24+08:00 ] 127.0.0.1 /Public/Admin/tables/data.json?limit=10&offset=0&sort=name&order=desc
INFO: [ app_init ] --START--
INFO: Run Behavior\BuildLiteBehavior [ RunTime:0.000019s ]
INFO: [ app_init ] --END-- [ RunTime:0.000598s ]
ERR: 无法加载模块:Public

[ 2017-03-03T09:37:58+08:00 ] 127.0.0.1 /Public/Admin/tables/data.json?limit=10&offset=0&sort=name&order=desc
INFO: [ app_init ] --START--
INFO: Run Behavior\BuildLiteBehavior [ RunTime:0.000020s ]
INFO: [ app_init ] --END-- [ RunTime:0.000823s ]
ERR: 无法加载模块:Public

[ 2017-03-03T09:38:42+08:00 ] 127.0.0.1 /Public/Admin/tables/data.json?limit=10&offset=0&sort=name&order=desc
INFO: [ app_init ] --START--
INFO: Run Behavior\BuildLiteBehavior [ RunTime:0.000022s ]
INFO: [ app_init ] --END-- [ RunTime:0.000652s ]
ERR: 无法加载模块:Public

[ 2017-03-03T09:39:11+08:00 ] 127.0.0.1 /Public/Admin/tables/data.json?limit=10&offset=0&sort=name&order=desc
INFO: [ app_init ] --START--
INFO: Run Behavior\BuildLiteBehavior [ RunTime:0.000020s ]
INFO: [ app_init ] --END-- [ RunTime:0.000738s ]
ERR: 无法加载模块:Public

[ 2017-03-03T09:39:21+08:00 ] 127.0.0.1 /Public/Webmall/css/mirror.gif
INFO: [ app_init ] --START--
INFO: Run Behavior\BuildLiteBehavior [ RunTime:0.000019s ]
INFO: [ app_init ] --END-- [ RunTime:0.000661s ]
ERR: 无法加载模块:Public

[ 2017-03-03T09:48:31+08:00 ] 127.0.0.1 /Public/Webmall/images/page/r-kf-ico.jpg
INFO: [ app_init ] --START--
INFO: Run Behavior\BuildLiteBehavior [ RunTime:0.000054s ]
INFO: [ app_init ] --END-- [ RunTime:0.001034s ]
ERR: 无法加载模块:Public

[ 2017-03-03T09:48:55+08:00 ] 127.0.0.1 /Public/Admin/tables/data.json?limit=10&offset=0&sort=name&order=desc
INFO: [ app_init ] --START--
INFO: Run Behavior\BuildLiteBehavior [ RunTime:0.000020s ]
INFO: [ app_init ] --END-- [ RunTime:0.000832s ]
ERR: 无法加载模块:Public

[ 2017-03-03T09:50:29+08:00 ] 127.0.0.1 /Public/Admin/tables/data.json?limit=10&offset=0&sort=name&order=desc
INFO: [ app_init ] --START--
INFO: Run Behavior\BuildLiteBehavior [ RunTime:0.000020s ]
INFO: [ app_init ] --END-- [ RunTime:0.000649s ]
ERR: 无法加载模块:Public

[ 2017-03-03T09:51:24+08:00 ] 127.0.0.1 /Public/Admin/tables/data.json?limit=10&offset=0&sort=name&order=desc
INFO: [ app_init ] --START--
INFO: Run Behavior\BuildLiteBehavior [ RunTime:0.000025s ]
INFO: [ app_init ] --END-- [ RunTime:0.000702s ]
ERR: 无法加载模块:Public

[ 2017-03-03T09:51:25+08:00 ] 127.0.0.1 /Public/Admin/tables/data.json?limit=10&offset=0&sort=name&order=desc
INFO: [ app_init ] --START--
INFO: Run Behavior\BuildLiteBehavior [ RunTime:0.000028s ]
INFO: [ app_init ] --END-- [ RunTime:0.000843s ]
ERR: 无法加载模块:Public

[ 2017-03-03T09:54:17+08:00 ] 127.0.0.1 /Public/Admin/tables/data.json?limit=10&offset=0&sort=name&order=desc
INFO: [ app_init ] --START--
INFO: Run Behavior\BuildLiteBehavior [ RunTime:0.000018s ]
INFO: [ app_init ] --END-- [ RunTime:0.000622s ]
ERR: 无法加载模块:Public

[ 2017-03-03T09:54:19+08:00 ] 127.0.0.1 /Public/Admin/tables/data.json?limit=10&offset=0&sort=name&order=desc
INFO: [ app_init ] --START--
INFO: Run Behavior\BuildLiteBehavior [ RunTime:0.000018s ]
INFO: [ app_init ] --END-- [ RunTime:0.000586s ]
ERR: 无法加载模块:Public

[ 2017-03-03T09:54:48+08:00 ] 127.0.0.1 /Public/Admin/tables/data.json?limit=10&offset=0&sort=name&order=desc
INFO: [ app_init ] --START--
INFO: Run Behavior\BuildLiteBehavior [ RunTime:0.000019s ]
INFO: [ app_init ] --END-- [ RunTime:0.000659s ]
ERR: 无法加载模块:Public

[ 2017-03-03T09:54:50+08:00 ] 127.0.0.1 /Public/Admin/tables/data.json?limit=10&offset=0&sort=name&order=desc
INFO: [ app_init ] --START--
INFO: Run Behavior\BuildLiteBehavior [ RunTime:0.000019s ]
INFO: [ app_init ] --END-- [ RunTime:0.000609s ]
ERR: 无法加载模块:Public

[ 2017-03-03T09:59:30+08:00 ] 127.0.0.1 /Public/Admin/tables/data.json?limit=10&offset=0&sort=name&order=desc
INFO: [ app_init ] --START--
INFO: Run Behavior\BuildLiteBehavior [ RunTime:0.000020s ]
INFO: [ app_init ] --END-- [ RunTime:0.000480s ]
ERR: 无法加载模块:Public

[ 2017-03-03T09:59:35+08:00 ] 127.0.0.1 /Public/Webmall/images/page/r-kf-ico.jpg
INFO: [ app_init ] --START--
INFO: Run Behavior\BuildLiteBehavior [ RunTime:0.000040s ]
INFO: [ app_init ] --END-- [ RunTime:0.000869s ]
ERR: 无法加载模块:Public

[ 2017-03-03T10:01:40+08:00 ] 127.0.0.1 /Public/Admin/tables/data.json?limit=10&offset=0&sort=name&order=desc
INFO: [ app_init ] --START--
INFO: Run Behavior\BuildLiteBehavior [ RunTime:0.000018s ]
INFO: [ app_init ] --END-- [ RunTime:0.000645s ]
ERR: 无法加载模块:Public

[ 2017-03-03T10:05:16+08:00 ] 127.0.0.1 /Public/Admin/tables/data.json?limit=10&offset=0&sort=name&order=desc
INFO: [ app_init ] --START--
INFO: Run Behavior\BuildLiteBehavior [ RunTime:0.000027s ]
INFO: [ app_init ] --END-- [ RunTime:0.000915s ]
ERR: 无法加载模块:Public

[ 2017-03-03T10:05:24+08:00 ] 127.0.0.1 /Public/Admin/tables/data.json?limit=10&offset=0&sort=name&order=desc
INFO: [ app_init ] --START--
INFO: Run Behavior\BuildLiteBehavior [ RunTime:0.000025s ]
INFO: [ app_init ] --END-- [ RunTime:0.000577s ]
ERR: 无法加载模块:Public

[ 2017-03-03T10:06:52+08:00 ] 127.0.0.1 /Public/Admin/tables/data.json?limit=10&offset=0&sort=name&order=desc
INFO: [ app_init ] --START--
INFO: Run Behavior\BuildLiteBehavior [ RunTime:0.000020s ]
INFO: [ app_init ] --END-- [ RunTime:0.000693s ]
ERR: 无法加载模块:Public

[ 2017-03-03T10:08:14+08:00 ] 127.0.0.1 /Public/Admin/tables/data.json?limit=10&offset=0&sort=name&order=desc
INFO: [ app_init ] --START--
INFO: Run Behavior\BuildLiteBehavior [ RunTime:0.000021s ]
INFO: [ app_init ] --END-- [ RunTime:0.000926s ]
ERR: 无法加载模块:Public

[ 2017-03-03T10:09:16+08:00 ] 127.0.0.1 /favicon.ico
INFO: [ app_init ] --START--
INFO: Run Behavior\BuildLiteBehavior [ RunTime:0.000038s ]
INFO: [ app_init ] --END-- [ RunTime:0.001437s ]
ERR: 无法加载模块:Favicon

[ 2017-03-03T10:09:47+08:00 ] 127.0.0.1 /Public/Admin/tables/data.json?limit=10&offset=0&sort=name&order=desc
INFO: [ app_init ] --START--
INFO: Run Behavior\BuildLiteBehavior [ RunTime:0.000018s ]
INFO: [ app_init ] --END-- [ RunTime:0.000707s ]
ERR: 无法加载模块:Public

[ 2017-03-03T10:09:50+08:00 ] 127.0.0.1 /Public/Admin/tables/data.json?limit=10&offset=0&sort=name&order=desc
INFO: [ app_init ] --START--
INFO: Run Behavior\BuildLiteBehavior [ RunTime:0.000019s ]
INFO: [ app_init ] --END-- [ RunTime:0.000793s ]
ERR: 无法加载模块:Public

[ 2017-03-03T10:12:50+08:00 ] 127.0.0.1 /Public/Admin/tables/data.json?limit=10&offset=0&sort=name&order=desc
INFO: [ app_init ] --START--
INFO: Run Behavior\BuildLiteBehavior [ RunTime:0.000039s ]
INFO: [ app_init ] --END-- [ RunTime:0.001243s ]
ERR: 无法加载模块:Public

[ 2017-03-03T10:13:45+08:00 ] 127.0.0.1 /Public/Admin/tables/data.json?limit=10&offset=0&sort=name&order=desc
INFO: [ app_init ] --START--
INFO: Run Behavior\BuildLiteBehavior [ RunTime:0.000019s ]
INFO: [ app_init ] --END-- [ RunTime:0.000622s ]
ERR: 无法加载模块:Public

[ 2017-03-03T10:15:30+08:00 ] 127.0.0.1 /Public/Admin/tables/data.json?limit=10&offset=0&sort=name&order=desc
INFO: [ app_init ] --START--
INFO: Run Behavior\BuildLiteBehavior [ RunTime:0.000018s ]
INFO: [ app_init ] --END-- [ RunTime:0.000627s ]
ERR: 无法加载模块:Public

[ 2017-03-03T10:18:32+08:00 ] 127.0.0.1 /Public/Admin/tables/data.json?limit=10&offset=0&sort=name&order=desc
INFO: [ app_init ] --START--
INFO: Run Behavior\BuildLiteBehavior [ RunTime:0.000019s ]
INFO: [ app_init ] --END-- [ RunTime:0.000895s ]
ERR: 无法加载模块:Public

[ 2017-03-03T10:19:56+08:00 ] 127.0.0.1 /Public/Admin/tables/data.json?limit=10&offset=0&sort=name&order=desc
INFO: [ app_init ] --START--
INFO: Run Behavior\BuildLiteBehavior [ RunTime:0.000018s ]
INFO: [ app_init ] --END-- [ RunTime:0.000660s ]
ERR: 无法加载模块:Public

[ 2017-03-03T10:21:52+08:00 ] 127.0.0.1 /Public/Admin/tables/data.json?limit=10&offset=0&sort=name&order=desc
INFO: [ app_init ] --START--
INFO: Run Behavior\BuildLiteBehavior [ RunTime:0.000026s ]
INFO: [ app_init ] --END-- [ RunTime:0.000776s ]
ERR: 无法加载模块:Public

[ 2017-03-03T10:23:19+08:00 ] 127.0.0.1 /user/loginuser.json
INFO: [ app_init ] --START--
INFO: Run Behavior\BuildLiteBehavior [ RunTime:0.000019s ]
INFO: [ app_init ] --END-- [ RunTime:0.000661s ]
ERR: 无法加载模块:User

[ 2017-03-03T10:23:19+08:00 ] 127.0.0.1 /shopCart/ajax/shopcartnums.json
INFO: [ app_init ] --START--
INFO: Run Behavior\BuildLiteBehavior [ RunTime:0.000018s ]
INFO: [ app_init ] --END-- [ RunTime:0.000748s ]
ERR: 无法加载模块:ShopCart

[ 2017-03-03T10:23:19+08:00 ] 127.0.0.1 /ajax/websiteProfile/online.json
INFO: [ app_init ] --START--
INFO: Run Behavior\BuildLiteBehavior [ RunTime:0.000019s ]
INFO: [ app_init ] --END-- [ RunTime:0.000714s ]
ERR: 无法加载模块:Ajax

[ 2017-03-03T10:23:19+08:00 ] 127.0.0.1 /Public/Webmall/js//skin/laypage.css
INFO: [ app_init ] --START--
INFO: Run Behavior\BuildLiteBehavior [ RunTime:0.000020s ]
INFO: [ app_init ] --END-- [ RunTime:0.000726s ]
ERR: 无法加载模块:Public

[ 2017-03-03T11:40:13+08:00 ] 127.0.0.1 /static/edu/images/c-free-img.png
INFO: [ app_init ] --START--
INFO: Run Behavior\BuildLiteBehavior [ RunTime:0.000019s ]
INFO: [ app_init ] --END-- [ RunTime:0.000768s ]
ERR: 无法加载模块:Static

[ 2017-03-03T11:40:13+08:00 ] 127.0.0.1 /Public/Webmall/images/page/vido-bg.png
INFO: [ app_init ] --START--
INFO: Run Behavior\BuildLiteBehavior [ RunTime:0.000020s ]
INFO: [ app_init ] --END-- [ RunTime:0.000690s ]
ERR: 无法加载模块:Public

[ 2017-03-03T11:40:13+08:00 ] 127.0.0.1 /user/loginuser.json
INFO: [ app_init ] --START--
INFO: Run Behavior\BuildLiteBehavior [ RunTime:0.000019s ]
INFO: [ app_init ] --END-- [ RunTime:0.000757s ]
ERR: 无法加载模块:User

[ 2017-03-03T11:40:19+08:00 ] 127.0.0.1 /shopCart/ajax/shopcartnums.json
INFO: [ app_init ] --START--
INFO: Run Behavior\BuildLiteBehavior [ RunTime:0.000020s ]
INFO: [ app_init ] --END-- [ RunTime:0.000713s ]
ERR: 无法加载模块:ShopCart

[ 2017-03-03T11:40:19+08:00 ] 127.0.0.1 /ajax/websiteProfile/online.json
INFO: [ app_init ] --START--
INFO: Run Behavior\BuildLiteBehavior [ RunTime:0.000022s ]
INFO: [ app_init ] --END-- [ RunTime:0.000773s ]
ERR: 无法加载模块:Ajax

[ 2017-03-03T11:41:48+08:00 ] 127.0.0.1 /Public/Webmall/css/bootstrap.css.map
INFO: [ app_init ] --START--
INFO: Run Behavior\BuildLiteBehavior [ RunTime:0.000019s ]
INFO: [ app_init ] --END-- [ RunTime:0.000577s ]
ERR: 无法加载模块:Public

[ 2017-03-03T11:42:11+08:00 ] 127.0.0.1 /static/edu/images/c-free-img.png
INFO: [ app_init ] --START--
INFO: Run Behavior\BuildLiteBehavior [ RunTime:0.000019s ]
INFO: [ app_init ] --END-- [ RunTime:0.000693s ]
ERR: 无法加载模块:Static

[ 2017-03-03T11:42:11+08:00 ] 127.0.0.1 /Public/Webmall/images/page/vido-bg.png
INFO: [ app_init ] --START--
INFO: Run Behavior\BuildLiteBehavior [ RunTime:0.000020s ]
INFO: [ app_init ] --END-- [ RunTime:0.000628s ]
ERR: 无法加载模块:Public

[ 2017-03-03T11:42:11+08:00 ] 127.0.0.1 /user/loginuser.json
INFO: [ app_init ] --START--
INFO: Run Behavior\BuildLiteBehavior [ RunTime:0.000021s ]
INFO: [ app_init ] --END-- [ RunTime:0.000676s ]
ERR: 无法加载模块:User

[ 2017-03-03T11:42:12+08:00 ] 127.0.0.1 /shopCart/ajax/shopcartnums.json
INFO: [ app_init ] --START--
INFO: Run Behavior\BuildLiteBehavior [ RunTime:0.000021s ]
INFO: [ app_init ] --END-- [ RunTime:0.000699s ]
ERR: 无法加载模块:ShopCart

[ 2017-03-03T11:42:12+08:00 ] 127.0.0.1 /ajax/websiteProfile/online.json
INFO: [ app_init ] --START--
INFO: Run Behavior\BuildLiteBehavior [ RunTime:0.000023s ]
INFO: [ app_init ] --END-- [ RunTime:0.000690s ]
ERR: 无法加载模块:Ajax

[ 2017-03-03T13:06:46+08:00 ] 127.0.0.1 /Public/Webmall/images/page/vido-bg.png
INFO: [ app_init ] --START--
INFO: Run Behavior\BuildLiteBehavior [ RunTime:0.000020s ]
INFO: [ app_init ] --END-- [ RunTime:0.000612s ]
ERR: 无法加载模块:Public

[ 2017-03-03T13:06:46+08:00 ] 127.0.0.1 /static/edu/images/c-free-img.png
INFO: [ app_init ] --START--
INFO: Run Behavior\BuildLiteBehavior [ RunTime:0.000018s ]
INFO: [ app_init ] --END-- [ RunTime:0.000663s ]
ERR: 无法加载模块:Static

[ 2017-03-03T13:06:46+08:00 ] 127.0.0.1 /user/loginuser.json
INFO: [ app_init ] --START--
INFO: Run Behavior\BuildLiteBehavior [ RunTime:0.000070s ]
INFO: [ app_init ] --END-- [ RunTime:0.001052s ]
ERR: 无法加载模块:User

[ 2017-03-03T13:06:46+08:00 ] 127.0.0.1 /shopCart/ajax/shopcartnums.json
INFO: [ app_init ] --START--
INFO: Run Behavior\BuildLiteBehavior [ RunTime:0.000035s ]
INFO: [ app_init ] --END-- [ RunTime:0.000863s ]
ERR: 无法加载模块:ShopCart

[ 2017-03-03T13:06:46+08:00 ] 127.0.0.1 /ajax/websiteProfile/online.json
INFO: [ app_init ] --START--
INFO: Run Behavior\BuildLiteBehavior [ RunTime:0.000018s ]
INFO: [ app_init ] --END-- [ RunTime:0.000655s ]
ERR: 无法加载模块:Ajax

[ 2017-03-03T13:06:55+08:00 ] 127.0.0.1 /static/edu/images/c-free-img.png
INFO: [ app_init ] --START--
INFO: Run Behavior\BuildLiteBehavior [ RunTime:0.000020s ]
INFO: [ app_init ] --END-- [ RunTime:0.000730s ]
ERR: 无法加载模块:Static

[ 2017-03-03T13:06:55+08:00 ] 127.0.0.1 /Public/Webmall/images/page/vido-bg.png
INFO: [ app_init ] --START--
INFO: Run Behavior\BuildLiteBehavior [ RunTime:0.000020s ]
INFO: [ app_init ] --END-- [ RunTime:0.000672s ]
ERR: 无法加载模块:Public

[ 2017-03-03T13:06:55+08:00 ] 127.0.0.1 /user/loginuser.json
INFO: [ app_init ] --START--
INFO: Run Behavior\BuildLiteBehavior [ RunTime:0.000023s ]
INFO: [ app_init ] --END-- [ RunTime:0.000619s ]
ERR: 无法加载模块:User

[ 2017-03-03T13:06:56+08:00 ] 127.0.0.1 /shopCart/ajax/shopcartnums.json
INFO: [ app_init ] --START--
INFO: Run Behavior\BuildLiteBehavior [ RunTime:0.000026s ]
INFO: [ app_init ] --END-- [ RunTime:0.000648s ]
ERR: 无法加载模块:ShopCart

[ 2017-03-03T13:06:56+08:00 ] 127.0.0.1 /ajax/websiteProfile/online.json
INFO: [ app_init ] --START--
INFO: Run Behavior\BuildLiteBehavior [ RunTime:0.000058s ]
INFO: [ app_init ] --END-- [ RunTime:0.001379s ]
ERR: 无法加载模块:Ajax

[ 2017-03-03T13:07:06+08:00 ] 127.0.0.1 /Public/Webmall/images/page/vido-bg.png
INFO: [ app_init ] --START--
INFO: Run Behavior\BuildLiteBehavior [ RunTime:0.000021s ]
INFO: [ app_init ] --END-- [ RunTime:0.000605s ]
ERR: 无法加载模块:Public

[ 2017-03-03T13:07:06+08:00 ] 127.0.0.1 /static/edu/images/c-free-img.png
INFO: [ app_init ] --START--
INFO: Run Behavior\BuildLiteBehavior [ RunTime:0.000024s ]
INFO: [ app_init ] --END-- [ RunTime:0.000809s ]
ERR: 无法加载模块:Static

[ 2017-03-03T13:07:06+08:00 ] 127.0.0.1 /user/loginuser.json
INFO: [ app_init ] --START--
INFO: Run Behavior\BuildLiteBehavior [ RunTime:0.000019s ]
INFO: [ app_init ] --END-- [ RunTime:0.000666s ]
ERR: 无法加载模块:User

[ 2017-03-03T13:07:07+08:00 ] 127.0.0.1 /shopCart/ajax/shopcartnums.json
INFO: [ app_init ] --START--
INFO: Run Behavior\BuildLiteBehavior [ RunTime:0.000026s ]
INFO: [ app_init ] --END-- [ RunTime:0.000703s ]
ERR: 无法加载模块:ShopCart

[ 2017-03-03T13:07:07+08:00 ] 127.0.0.1 /ajax/websiteProfile/online.json
INFO: [ app_init ] --START--
INFO: Run Behavior\BuildLiteBehavior [ RunTime:0.000037s ]
INFO: [ app_init ] --END-- [ RunTime:0.000779s ]
ERR: 无法加载模块:Ajax

[ 2017-03-03T13:07:17+08:00 ] 127.0.0.1 /user/loginuser.json
INFO: [ app_init ] --START--
INFO: Run Behavior\BuildLiteBehavior [ RunTime:0.000021s ]
INFO: [ app_init ] --END-- [ RunTime:0.000644s ]
ERR: 无法加载模块:User

[ 2017-03-03T13:07:18+08:00 ] 127.0.0.1 /shopCart/ajax/shopcartnums.json
INFO: [ app_init ] --START--
INFO: Run Behavior\BuildLiteBehavior [ RunTime:0.000028s ]
INFO: [ app_init ] --END-- [ RunTime:0.001192s ]
ERR: 无法加载模块:ShopCart

[ 2017-03-03T13:07:18+08:00 ] 127.0.0.1 /ajax/websiteProfile/online.json
INFO: [ app_init ] --START--
INFO: Run Behavior\BuildLiteBehavior [ RunTime:0.000023s ]
INFO: [ app_init ] --END-- [ RunTime:0.000714s ]
ERR: 无法加载模块:Ajax

[ 2017-03-03T13:07:18+08:00 ] 127.0.0.1 /Public/Webmall/js//skin/laypage.css
INFO: [ app_init ] --START--
INFO: Run Behavior\BuildLiteBehavior [ RunTime:0.000025s ]
INFO: [ app_init ] --END-- [ RunTime:0.000743s ]
ERR: 无法加载模块:Public

[ 2017-03-03T13:07:25+08:00 ] 127.0.0.1 /user/loginuser.json
INFO: [ app_init ] --START--
INFO: Run Behavior\BuildLiteBehavior [ RunTime:0.000038s ]
INFO: [ app_init ] --END-- [ RunTime:0.000942s ]
ERR: 无法加载模块:User

[ 2017-03-03T13:07:26+08:00 ] 127.0.0.1 /shopCart/ajax/shopcartnums.json
INFO: [ app_init ] --START--
INFO: Run Behavior\BuildLiteBehavior [ RunTime:0.000024s ]
INFO: [ app_init ] --END-- [ RunTime:0.000604s ]
ERR: 无法加载模块:ShopCart

[ 2017-03-03T13:07:26+08:00 ] 127.0.0.1 /ajax/websiteProfile/online.json
INFO: [ app_init ] --START--
INFO: Run Behavior\BuildLiteBehavior [ RunTime:0.000022s ]
INFO: [ app_init ] --END-- [ RunTime:0.000962s ]
ERR: 无法加载模块:Ajax

[ 2017-03-03T13:07:26+08:00 ] 127.0.0.1 /Public/Webmall/js//skin/laypage.css
INFO: [ app_init ] --START--
INFO: Run Behavior\BuildLiteBehavior [ RunTime:0.000021s ]
INFO: [ app_init ] --END-- [ RunTime:0.000619s ]
ERR: 无法加载模块:Public

[ 2017-03-03T13:08:37+08:00 ] 127.0.0.1 /user/loginuser.json
INFO: [ app_init ] --START--
INFO: Run Behavior\BuildLiteBehavior [ RunTime:0.000022s ]
INFO: [ app_init ] --END-- [ RunTime:0.000702s ]
ERR: 无法加载模块:User

[ 2017-03-03T13:08:38+08:00 ] 127.0.0.1 /shopCart/ajax/shopcartnums.json
INFO: [ app_init ] --START--
INFO: Run Behavior\BuildLiteBehavior [ RunTime:0.000054s ]
INFO: [ app_init ] --END-- [ RunTime:0.001041s ]
ERR: 无法加载模块:ShopCart

[ 2017-03-03T13:08:38+08:00 ] 127.0.0.1 /ajax/websiteProfile/online.json
INFO: [ app_init ] --START--
INFO: Run Behavior\BuildLiteBehavior [ RunTime:0.000029s ]
INFO: [ app_init ] --END-- [ RunTime:0.001036s ]
ERR: 无法加载模块:Ajax

[ 2017-03-03T13:08:38+08:00 ] 127.0.0.1 /Public/Webmall/js//skin/laypage.css
INFO: [ app_init ] --START--
INFO: Run Behavior\BuildLiteBehavior [ RunTime:0.000020s ]
INFO: [ app_init ] --END-- [ RunTime:0.000624s ]
ERR: 无法加载模块:Public

[ 2017-03-03T13:10:32+08:00 ] 127.0.0.1 /Public/Admin/tables/data.json?limit=10&offset=0&sort=name&order=desc
INFO: [ app_init ] --START--
INFO: Run Behavior\BuildLiteBehavior [ RunTime:0.000022s ]
INFO: [ app_init ] --END-- [ RunTime:0.000812s ]
ERR: 无法加载模块:Public

[ 2017-03-03T13:11:43+08:00 ] 127.0.0.1 /Public/Admin/tables/data.json?limit=10&offset=0&sort=name&order=desc
INFO: [ app_init ] --START--
INFO: Run Behavior\BuildLiteBehavior [ RunTime:0.000020s ]
INFO: [ app_init ] --END-- [ RunTime:0.000932s ]
ERR: 无法加载模块:Public

[ 2017-03-03T13:13:53+08:00 ] 127.0.0.1 /Public/Admin/tables/data.json?limit=10&offset=0&sort=name&order=desc
INFO: [ app_init ] --START--
INFO: Run Behavior\BuildLiteBehavior [ RunTime:0.000044s ]
INFO: [ app_init ] --END-- [ RunTime:0.001497s ]
ERR: 无法加载模块:Public

[ 2017-03-03T13:15:30+08:00 ] 127.0.0.1 /Public/Admin/tables/data.json?limit=10&offset=0&sort=name&order=desc
INFO: [ app_init ] --START--
INFO: Run Behavior\BuildLiteBehavior [ RunTime:0.000025s ]
INFO: [ app_init ] --END-- [ RunTime:0.000746s ]
ERR: 无法加载模块:Public

[ 2017-03-03T13:16:25+08:00 ] 127.0.0.1 /Public/Admin/tables/data.json?limit=10&offset=0&sort=name&order=desc
INFO: [ app_init ] --START--
INFO: Run Behavior\BuildLiteBehavior [ RunTime:0.000023s ]
INFO: [ app_init ] --END-- [ RunTime:0.000751s ]
ERR: 无法加载模块:Public

[ 2017-03-03T13:18:35+08:00 ] 127.0.0.1 /Public/Admin/tables/data.json?limit=10&offset=0&sort=name&order=desc
INFO: [ app_init ] --START--
INFO: Run Behavior\BuildLiteBehavior [ RunTime:0.000021s ]
INFO: [ app_init ] --END-- [ RunTime:0.000786s ]
ERR: 无法加载模块:Public

[ 2017-03-03T13:23:21+08:00 ] 127.0.0.1 /Public/Admin/tables/data.json?limit=10&offset=0&sort=name&order=desc
INFO: [ app_init ] --START--
INFO: Run Behavior\BuildLiteBehavior [ RunTime:0.000019s ]
INFO: [ app_init ] --END-- [ RunTime:0.000635s ]
ERR: 无法加载模块:Public

[ 2017-03-03T13:24:43+08:00 ] 127.0.0.1 /Public/Admin/tables/data.json?limit=10&offset=0&sort=name&order=desc
INFO: [ app_init ] --START--
INFO: Run Behavior\BuildLiteBehavior [ RunTime:0.000022s ]
INFO: [ app_init ] --END-- [ RunTime:0.000741s ]
ERR: 无法加载模块:Public

[ 2017-03-03T13:26:11+08:00 ] 127.0.0.1 /Public/Admin/tables/data.json?limit=10&offset=0&sort=name&order=desc
INFO: [ app_init ] --START--
INFO: Run Behavior\BuildLiteBehavior [ RunTime:0.000023s ]
INFO: [ app_init ] --END-- [ RunTime:0.000675s ]
ERR: 无法加载模块:Public

[ 2017-03-03T13:27:18+08:00 ] 127.0.0.1 /Public/Admin/tables/data.json?limit=10&offset=0&sort=name&order=desc
INFO: [ app_init ] --START--
INFO: Run Behavior\BuildLiteBehavior [ RunTime:0.000019s ]
INFO: [ app_init ] --END-- [ RunTime:0.000696s ]
ERR: 无法加载模块:Public

[ 2017-03-03T13:28:56+08:00 ] 127.0.0.1 /Public/Webmall/images/page/r-kf-ico.jpg
INFO: [ app_init ] --START--
INFO: Run Behavior\BuildLiteBehavior [ RunTime:0.000147s ]
INFO: [ app_init ] --END-- [ RunTime:0.003172s ]
ERR: 无法加载模块:Public

[ 2017-03-03T13:38:10+08:00 ] 127.0.0.1 /Public/Webmall/images/page/r-kf-ico.jpg
INFO: [ app_init ] --START--
INFO: Run Behavior\BuildLiteBehavior [ RunTime:0.000022s ]
INFO: [ app_init ] --END-- [ RunTime:0.000767s ]
ERR: 无法加载模块:Public

[ 2017-03-03T13:38:17+08:00 ] 127.0.0.1 /Public/Webmall/images/page/vido-bg.png
INFO: [ app_init ] --START--
INFO: Run Behavior\BuildLiteBehavior [ RunTime:0.000033s ]
INFO: [ app_init ] --END-- [ RunTime:0.000811s ]
ERR: 无法加载模块:Public

[ 2017-03-03T13:38:17+08:00 ] 127.0.0.1 /static/edu/images/c-free-img.png
INFO: [ app_init ] --START--
INFO: Run Behavior\BuildLiteBehavior [ RunTime:0.000020s ]
INFO: [ app_init ] --END-- [ RunTime:0.000630s ]
ERR: 无法加载模块:Static

[ 2017-03-03T13:38:18+08:00 ] 127.0.0.1 /user/loginuser.json
INFO: [ app_init ] --START--
INFO: Run Behavior\BuildLiteBehavior [ RunTime:0.000054s ]
INFO: [ app_init ] --END-- [ RunTime:0.000903s ]
ERR: 无法加载模块:User

[ 2017-03-03T13:38:18+08:00 ] 127.0.0.1 /ajax/websiteProfile/online.json
INFO: [ app_init ] --START--
INFO: Run Behavior\BuildLiteBehavior [ RunTime:0.000022s ]
INFO: [ app_init ] --END-- [ RunTime:0.000611s ]
ERR: 无法加载模块:Ajax

[ 2017-03-03T13:38:18+08:00 ] 127.0.0.1 /shopCart/ajax/shopcartnums.json
INFO: [ app_init ] --START--
INFO: Run Behavior\BuildLiteBehavior [ RunTime:0.000030s ]
INFO: [ app_init ] --END-- [ RunTime:0.000648s ]
ERR: 无法加载模块:ShopCart

[ 2017-03-03T13:38:21+08:00 ] 127.0.0.1 /user/loginuser.json
INFO: [ app_init ] --START--
INFO: Run Behavior\BuildLiteBehavior [ RunTime:0.000020s ]
INFO: [ app_init ] --END-- [ RunTime:0.000920s ]
ERR: 无法加载模块:User

[ 2017-03-03T13:38:22+08:00 ] 127.0.0.1 /ajax/websiteProfile/online.json
INFO: [ app_init ] --START--
INFO: Run Behavior\BuildLiteBehavior [ RunTime:0.000022s ]
INFO: [ app_init ] --END-- [ RunTime:0.000606s ]
ERR: 无法加载模块:Ajax

[ 2017-03-03T13:38:22+08:00 ] 127.0.0.1 /shopCart/ajax/shopcartnums.json
INFO: [ app_init ] --START--
INFO: Run Behavior\BuildLiteBehavior [ RunTime:0.000022s ]
INFO: [ app_init ] --END-- [ RunTime:0.000653s ]
ERR: 无法加载模块:ShopCart

[ 2017-03-03T13:38:38+08:00 ] 127.0.0.1 /Public/Webmall/images/page/vido-bg.png
INFO: [ app_init ] --START--
INFO: Run Behavior\BuildLiteBehavior [ RunTime:0.000029s ]
INFO: [ app_init ] --END-- [ RunTime:0.000707s ]
ERR: 无法加载模块:Public

[ 2017-03-03T13:38:38+08:00 ] 127.0.0.1 /static/edu/images/c-free-img.png
INFO: [ app_init ] --START--
INFO: Run Behavior\BuildLiteBehavior [ RunTime:0.000025s ]
INFO: [ app_init ] --END-- [ RunTime:0.000795s ]
ERR: 无法加载模块:Static

[ 2017-03-03T13:38:38+08:00 ] 127.0.0.1 /user/loginuser.json
INFO: [ app_init ] --START--
INFO: Run Behavior\BuildLiteBehavior [ RunTime:0.000021s ]
INFO: [ app_init ] --END-- [ RunTime:0.000737s ]
ERR: 无法加载模块:User

[ 2017-03-03T13:38:39+08:00 ] 127.0.0.1 /shopCart/ajax/shopcartnums.json
INFO: [ app_init ] --START--
INFO: Run Behavior\BuildLiteBehavior [ RunTime:0.000021s ]
INFO: [ app_init ] --END-- [ RunTime:0.000584s ]
ERR: 无法加载模块:ShopCart

[ 2017-03-03T13:38:39+08:00 ] 127.0.0.1 /ajax/websiteProfile/online.json
INFO: [ app_init ] --START--
INFO: Run Behavior\BuildLiteBehavior [ RunTime:0.000021s ]
INFO: [ app_init ] --END-- [ RunTime:0.001137s ]
ERR: 无法加载模块:Ajax

[ 2017-03-03T13:38:41+08:00 ] 127.0.0.1 /Public/Webmall/images/page/vido-bg.png
INFO: [ app_init ] --START--
INFO: Run Behavior\BuildLiteBehavior [ RunTime:0.000020s ]
INFO: [ app_init ] --END-- [ RunTime:0.000596s ]
ERR: 无法加载模块:Public

[ 2017-03-03T13:38:50+08:00 ] 127.0.0.1 /user/loginuser.json
INFO: [ app_init ] --START--
INFO: Run Behavior\BuildLiteBehavior [ RunTime:0.000019s ]
INFO: [ app_init ] --END-- [ RunTime:0.000596s ]
ERR: 无法加载模块:User

[ 2017-03-03T13:38:51+08:00 ] 127.0.0.1 /shopCart/ajax/shopcartnums.json
INFO: [ app_init ] --START--
INFO: Run Behavior\BuildLiteBehavior [ RunTime:0.000030s ]
INFO: [ app_init ] --END-- [ RunTime:0.000690s ]
ERR: 无法加载模块:ShopCart

[ 2017-03-03T13:38:51+08:00 ] 127.0.0.1 /ajax/websiteProfile/online.json
INFO: [ app_init ] --START--
INFO: Run Behavior\BuildLiteBehavior [ RunTime:0.000036s ]
INFO: [ app_init ] --END-- [ RunTime:0.000707s ]
ERR: 无法加载模块:Ajax

[ 2017-03-03T13:42:10+08:00 ] 127.0.0.1 /Public/Webmall/images/page/r-kf-ico.jpg
INFO: [ app_init ] --START--
INFO: Run Behavior\BuildLiteBehavior [ RunTime:0.000022s ]
INFO: [ app_init ] --END-- [ RunTime:0.003400s ]
ERR: 无法加载模块:Public

[ 2017-03-03T13:42:13+08:00 ] 127.0.0.1 /Public/Webmall/images/page/vido-bg.png
INFO: [ app_init ] --START--
INFO: Run Behavior\BuildLiteBehavior [ RunTime:0.000027s ]
INFO: [ app_init ] --END-- [ RunTime:0.000668s ]
ERR: 无法加载模块:Public

[ 2017-03-03T13:42:13+08:00 ] 127.0.0.1 /static/edu/images/c-free-img.png
INFO: [ app_init ] --START--
INFO: Run Behavior\BuildLiteBehavior [ RunTime:0.000021s ]
INFO: [ app_init ] --END-- [ RunTime:0.000619s ]
ERR: 无法加载模块:Static

[ 2017-03-03T13:42:14+08:00 ] 127.0.0.1 /user/loginuser.json
INFO: [ app_init ] --START--
INFO: Run Behavior\BuildLiteBehavior [ RunTime:0.000038s ]
INFO: [ app_init ] --END-- [ RunTime:0.000794s ]
ERR: 无法加载模块:User

[ 2017-03-03T13:42:14+08:00 ] 127.0.0.1 /shopCart/ajax/shopcartnums.json
INFO: [ app_init ] --START--
INFO: Run Behavior\BuildLiteBehavior [ RunTime:0.000019s ]
INFO: [ app_init ] --END-- [ RunTime:0.000693s ]
ERR: 无法加载模块:ShopCart

[ 2017-03-03T13:42:14+08:00 ] 127.0.0.1 /ajax/websiteProfile/online.json
INFO: [ app_init ] --START--
INFO: Run Behavior\BuildLiteBehavior [ RunTime:0.000022s ]
INFO: [ app_init ] --END-- [ RunTime:0.000640s ]
ERR: 无法加载模块:Ajax

[ 2017-03-03T13:42:18+08:00 ] 127.0.0.1 /static/edu/images/c-free-img.png
INFO: [ app_init ] --START--
INFO: Run Behavior\BuildLiteBehavior [ RunTime:0.000020s ]
INFO: [ app_init ] --END-- [ RunTime:0.000546s ]
ERR: 无法加载模块:Static

[ 2017-03-03T13:42:18+08:00 ] 127.0.0.1 /Public/Webmall/images/page/vido-bg.png
INFO: [ app_init ] --START--
INFO: Run Behavior\BuildLiteBehavior [ RunTime:0.000019s ]
INFO: [ app_init ] --END-- [ RunTime:0.000645s ]
ERR: 无法加载模块:Public

[ 2017-03-03T13:42:18+08:00 ] 127.0.0.1 /user/loginuser.json
INFO: [ app_init ] --START--
INFO: Run Behavior\BuildLiteBehavior [ RunTime:0.000019s ]
INFO: [ app_init ] --END-- [ RunTime:0.000606s ]
ERR: 无法加载模块:User

[ 2017-03-03T13:42:18+08:00 ] 127.0.0.1 /shopCart/ajax/shopcartnums.json
INFO: [ app_init ] --START--
INFO: Run Behavior\BuildLiteBehavior [ RunTime:0.000022s ]
INFO: [ app_init ] --END-- [ RunTime:0.000743s ]
ERR: 无法加载模块:ShopCart

[ 2017-03-03T13:42:18+08:00 ] 127.0.0.1 /ajax/websiteProfile/online.json
INFO: [ app_init ] --START--
INFO: Run Behavior\BuildLiteBehavior [ RunTime:0.000020s ]
INFO: [ app_init ] --END-- [ RunTime:0.000714s ]
ERR: 无法加载模块:Ajax

[ 2017-03-03T13:42:21+08:00 ] 127.0.0.1 /static/edu/images/c-free-img.png
INFO: [ app_init ] --START--
INFO: Run Behavior\BuildLiteBehavior [ RunTime:0.000027s ]
INFO: [ app_init ] --END-- [ RunTime:0.000865s ]
ERR: 无法加载模块:Static

[ 2017-03-03T13:42:21+08:00 ] 127.0.0.1 /Public/Webmall/images/page/vido-bg.png
INFO: [ app_init ] --START--
INFO: Run Behavior\BuildLiteBehavior [ RunTime:0.000023s ]
INFO: [ app_init ] --END-- [ RunTime:0.000741s ]
ERR: 无法加载模块:Public

[ 2017-03-03T13:42:22+08:00 ] 127.0.0.1 /user/loginuser.json
INFO: [ app_init ] --START--
INFO: Run Behavior\BuildLiteBehavior [ RunTime:0.000023s ]
INFO: [ app_init ] --END-- [ RunTime:0.001342s ]
ERR: 无法加载模块:User

[ 2017-03-03T13:42:22+08:00 ] 127.0.0.1 /shopCart/ajax/shopcartnums.json
INFO: [ app_init ] --START--
INFO: Run Behavior\BuildLiteBehavior [ RunTime:0.000026s ]
INFO: [ app_init ] --END-- [ RunTime:0.000944s ]
ERR: 无法加载模块:ShopCart

[ 2017-03-03T13:42:22+08:00 ] 127.0.0.1 /ajax/websiteProfile/online.json
INFO: [ app_init ] --START--
INFO: Run Behavior\BuildLiteBehavior [ RunTime:0.000027s ]
INFO: [ app_init ] --END-- [ RunTime:0.000834s ]
ERR: 无法加载模块:Ajax

[ 2017-03-03T13:42:27+08:00 ] 127.0.0.1 /static/edu/images/c-free-img.png
INFO: [ app_init ] --START--
INFO: Run Behavior\BuildLiteBehavior [ RunTime:0.000025s ]
INFO: [ app_init ] --END-- [ RunTime:0.000734s ]
ERR: 无法加载模块:Static

[ 2017-03-03T13:42:27+08:00 ] 127.0.0.1 /Public/Webmall/images/page/vido-bg.png
INFO: [ app_init ] --START--
INFO: Run Behavior\BuildLiteBehavior [ RunTime:0.000048s ]
INFO: [ app_init ] --END-- [ RunTime:0.001170s ]
ERR: 无法加载模块:Public

[ 2017-03-03T13:42:28+08:00 ] 127.0.0.1 /user/loginuser.json
INFO: [ app_init ] --START--
INFO: Run Behavior\BuildLiteBehavior [ RunTime:0.000019s ]
INFO: [ app_init ] --END-- [ RunTime:0.000662s ]
ERR: 无法加载模块:User

[ 2017-03-03T13:42:28+08:00 ] 127.0.0.1 /ajax/websiteProfile/online.json
INFO: [ app_init ] --START--
INFO: Run Behavior\BuildLiteBehavior [ RunTime:0.000019s ]
INFO: [ app_init ] --END-- [ RunTime:0.000656s ]
ERR: 无法加载模块:Ajax

[ 2017-03-03T13:42:28+08:00 ] 127.0.0.1 /shopCart/ajax/shopcartnums.json
INFO: [ app_init ] --START--
INFO: Run Behavior\BuildLiteBehavior [ RunTime:0.000022s ]
INFO: [ app_init ] --END-- [ RunTime:0.000994s ]
ERR: 无法加载模块:ShopCart

[ 2017-03-03T13:42:30+08:00 ] 127.0.0.1 /Public/Webmall/images/page/vido-bg.png
INFO: [ app_init ] --START--
INFO: Run Behavior\BuildLiteBehavior [ RunTime:0.000019s ]
INFO: [ app_init ] --END-- [ RunTime:0.000648s ]
ERR: 无法加载模块:Public

[ 2017-03-03T13:42:31+08:00 ] 127.0.0.1 /user/loginuser.json
INFO: [ app_init ] --START--
INFO: Run Behavior\BuildLiteBehavior [ RunTime:0.000024s ]
INFO: [ app_init ] --END-- [ RunTime:0.000801s ]
ERR: 无法加载模块:User

[ 2017-03-03T13:42:32+08:00 ] 127.0.0.1 /ajax/websiteProfile/online.json
INFO: [ app_init ] --START--
INFO: Run Behavior\BuildLiteBehavior [ RunTime:0.000027s ]
INFO: [ app_init ] --END-- [ RunTime:0.000675s ]
ERR: 无法加载模块:Ajax

[ 2017-03-03T13:42:32+08:00 ] 127.0.0.1 /shopCart/ajax/shopcartnums.json
INFO: [ app_init ] --START--
INFO: Run Behavior\BuildLiteBehavior [ RunTime:0.000034s ]
INFO: [ app_init ] --END-- [ RunTime:0.000751s ]
ERR: 无法加载模块:ShopCart

[ 2017-03-03T13:42:34+08:00 ] 127.0.0.1 /Public/Webmall/images/page/vido-bg.png
INFO: [ app_init ] --START--
INFO: Run Behavior\BuildLiteBehavior [ RunTime:0.000023s ]
INFO: [ app_init ] --END-- [ RunTime:0.000700s ]
ERR: 无法加载模块:Public

[ 2017-03-03T13:42:40+08:00 ] 127.0.0.1 /user/loginuser.json
INFO: [ app_init ] --START--
INFO: Run Behavior\BuildLiteBehavior [ RunTime:0.000020s ]
INFO: [ app_init ] --END-- [ RunTime:0.000670s ]
ERR: 无法加载模块:User

[ 2017-03-03T13:42:40+08:00 ] 127.0.0.1 /ajax/websiteProfile/online.json
INFO: [ app_init ] --START--
INFO: Run Behavior\BuildLiteBehavior [ RunTime:0.000020s ]
INFO: [ app_init ] --END-- [ RunTime:0.000559s ]
ERR: 无法加载模块:Ajax

[ 2017-03-03T13:42:40+08:00 ] 127.0.0.1 /shopCart/ajax/shopcartnums.json
INFO: [ app_init ] --START--
INFO: Run Behavior\BuildLiteBehavior [ RunTime:0.000020s ]
INFO: [ app_init ] --END-- [ RunTime:0.000625s ]
ERR: 无法加载模块:ShopCart

[ 2017-03-03T13:42:43+08:00 ] 127.0.0.1 /user/loginuser.json
INFO: [ app_init ] --START--
INFO: Run Behavior\BuildLiteBehavior [ RunTime:0.000022s ]
INFO: [ app_init ] --END-- [ RunTime:0.000678s ]
ERR: 无法加载模块:User

[ 2017-03-03T13:42:43+08:00 ] 127.0.0.1 /ajax/websiteProfile/online.json
INFO: [ app_init ] --START--
INFO: Run Behavior\BuildLiteBehavior [ RunTime:0.000020s ]
INFO: [ app_init ] --END-- [ RunTime:0.000564s ]
ERR: 无法加载模块:Ajax

[ 2017-03-03T13:42:43+08:00 ] 127.0.0.1 /shopCart/ajax/shopcartnums.json
INFO: [ app_init ] --START--
INFO: Run Behavior\BuildLiteBehavior [ RunTime:0.000022s ]
INFO: [ app_init ] --END-- [ RunTime:0.000925s ]
ERR: 无法加载模块:ShopCart

[ 2017-03-03T13:42:44+08:00 ] 127.0.0.1 /static/edu/images/c-free-img.png
INFO: [ app_init ] --START--
INFO: Run Behavior\BuildLiteBehavior [ RunTime:0.000020s ]
INFO: [ app_init ] --END-- [ RunTime:0.000833s ]
ERR: 无法加载模块:Static

[ 2017-03-03T13:42:44+08:00 ] 127.0.0.1 /Public/Webmall/images/page/vido-bg.png
INFO: [ app_init ] --START--
INFO: Run Behavior\BuildLiteBehavior [ RunTime:0.000019s ]
INFO: [ app_init ] --END-- [ RunTime:0.000596s ]
ERR: 无法加载模块:Public

[ 2017-03-03T13:42:45+08:00 ] 127.0.0.1 /user/loginuser.json
INFO: [ app_init ] --START--
INFO: Run Behavior\BuildLiteBehavior [ RunTime:0.000075s ]
INFO: [ app_init ] --END-- [ RunTime:0.000978s ]
ERR: 无法加载模块:User

[ 2017-03-03T13:42:45+08:00 ] 127.0.0.1 /ajax/websiteProfile/online.json
INFO: [ app_init ] --START--
INFO: Run Behavior\BuildLiteBehavior [ RunTime:0.000023s ]
INFO: [ app_init ] --END-- [ RunTime:0.000583s ]
ERR: 无法加载模块:Ajax

[ 2017-03-03T13:42:45+08:00 ] 127.0.0.1 /shopCart/ajax/shopcartnums.json
INFO: [ app_init ] --START--
INFO: Run Behavior\BuildLiteBehavior [ RunTime:0.000053s ]
INFO: [ app_init ] --END-- [ RunTime:0.001371s ]
ERR: 无法加载模块:ShopCart

[ 2017-03-03T13:42:52+08:00 ] 127.0.0.1 /Public/Webmall/images/page/vido-bg.png
INFO: [ app_init ] --START--
INFO: Run Behavior\BuildLiteBehavior [ RunTime:0.000021s ]
INFO: [ app_init ] --END-- [ RunTime:0.000624s ]
ERR: 无法加载模块:Public

[ 2017-03-03T13:42:52+08:00 ] 127.0.0.1 /static/edu/images/c-free-img.png
INFO: [ app_init ] --START--
INFO: Run Behavior\BuildLiteBehavior [ RunTime:0.000019s ]
INFO: [ app_init ] --END-- [ RunTime:0.000649s ]
ERR: 无法加载模块:Static

[ 2017-03-03T13:42:52+08:00 ] 127.0.0.1 /user/loginuser.json
INFO: [ app_init ] --START--
INFO: Run Behavior\BuildLiteBehavior [ RunTime:0.000037s ]
INFO: [ app_init ] --END-- [ RunTime:0.000808s ]
ERR: 无法加载模块:User

[ 2017-03-03T13:42:53+08:00 ] 127.0.0.1 /shopCart/ajax/shopcartnums.json
INFO: [ app_init ] --START--
INFO: Run Behavior\BuildLiteBehavior [ RunTime:0.000020s ]
INFO: [ app_init ] --END-- [ RunTime:0.000573s ]
ERR: 无法加载模块:ShopCart

[ 2017-03-03T13:42:53+08:00 ] 127.0.0.1 /ajax/websiteProfile/online.json
INFO: [ app_init ] --START--
INFO: Run Behavior\BuildLiteBehavior [ RunTime:0.000021s ]
INFO: [ app_init ] --END-- [ RunTime:0.001299s ]
ERR: 无法加载模块:Ajax

[ 2017-03-03T13:42:54+08:00 ] 127.0.0.1 /static/edu/images/c-free-img.png
INFO: [ app_init ] --START--
INFO: Run Behavior\BuildLiteBehavior [ RunTime:0.000066s ]
INFO: [ app_init ] --END-- [ RunTime:0.000984s ]
ERR: 无法加载模块:Static

[ 2017-03-03T13:42:54+08:00 ] 127.0.0.1 /Public/Webmall/images/page/vido-bg.png
INFO: [ app_init ] --START--
INFO: Run Behavior\BuildLiteBehavior [ RunTime:0.000019s ]
INFO: [ app_init ] --END-- [ RunTime:0.000738s ]
ERR: 无法加载模块:Public

[ 2017-03-03T13:42:54+08:00 ] 127.0.0.1 /user/loginuser.json
INFO: [ app_init ] --START--
INFO: Run Behavior\BuildLiteBehavior [ RunTime:0.000020s ]
INFO: [ app_init ] --END-- [ RunTime:0.000722s ]
ERR: 无法加载模块:User

[ 2017-03-03T13:42:55+08:00 ] 127.0.0.1 /shopCart/ajax/shopcartnums.json
INFO: [ app_init ] --START--
INFO: Run Behavior\BuildLiteBehavior [ RunTime:0.000020s ]
INFO: [ app_init ] --END-- [ RunTime:0.000662s ]
ERR: 无法加载模块:ShopCart

[ 2017-03-03T13:42:55+08:00 ] 127.0.0.1 /ajax/websiteProfile/online.json
INFO: [ app_init ] --START--
INFO: Run Behavior\BuildLiteBehavior [ RunTime:0.000019s ]
INFO: [ app_init ] --END-- [ RunTime:0.000688s ]
ERR: 无法加载模块:Ajax

[ 2017-03-03T13:42:57+08:00 ] 127.0.0.1 /static/edu/images/c-free-img.png
INFO: [ app_init ] --START--
INFO: Run Behavior\BuildLiteBehavior [ RunTime:0.000019s ]
INFO: [ app_init ] --END-- [ RunTime:0.000559s ]
ERR: 无法加载模块:Static

[ 2017-03-03T13:42:57+08:00 ] 127.0.0.1 /Public/Webmall/images/page/vido-bg.png
INFO: [ app_init ] --START--
INFO: Run Behavior\BuildLiteBehavior [ RunTime:0.000021s ]
INFO: [ app_init ] --END-- [ RunTime:0.000711s ]
ERR: 无法加载模块:Public

[ 2017-03-03T13:42:58+08:00 ] 127.0.0.1 /user/loginuser.json
INFO: [ app_init ] --START--
INFO: Run Behavior\BuildLiteBehavior [ RunTime:0.000022s ]
INFO: [ app_init ] --END-- [ RunTime:0.000779s ]
ERR: 无法加载模块:User

[ 2017-03-03T13:42:58+08:00 ] 127.0.0.1 /shopCart/ajax/shopcartnums.json
INFO: [ app_init ] --START--
INFO: Run Behavior\BuildLiteBehavior [ RunTime:0.000022s ]
INFO: [ app_init ] --END-- [ RunTime:0.000587s ]
ERR: 无法加载模块:ShopCart

[ 2017-03-03T13:42:58+08:00 ] 127.0.0.1 /ajax/websiteProfile/online.json
INFO: [ app_init ] --START--
INFO: Run Behavior\BuildLiteBehavior [ RunTime:0.000021s ]
INFO: [ app_init ] --END-- [ RunTime:0.000745s ]
ERR: 无法加载模块:Ajax

[ 2017-03-03T13:43:00+08:00 ] 127.0.0.1 /static/edu/images/c-free-img.png
INFO: [ app_init ] --START--
INFO: Run Behavior\BuildLiteBehavior [ RunTime:0.000030s ]
INFO: [ app_init ] --END-- [ RunTime:0.000858s ]
ERR: 无法加载模块:Static

[ 2017-03-03T13:43:00+08:00 ] 127.0.0.1 /Public/Webmall/images/page/vido-bg.png
INFO: [ app_init ] --START--
INFO: Run Behavior\BuildLiteBehavior [ RunTime:0.000021s ]
INFO: [ app_init ] --END-- [ RunTime:0.000813s ]
ERR: 无法加载模块:Public

[ 2017-03-03T13:43:01+08:00 ] 127.0.0.1 /user/loginuser.json
INFO: [ app_init ] --START--
INFO: Run Behavior\BuildLiteBehavior [ RunTime:0.000026s ]
INFO: [ app_init ] --END-- [ RunTime:0.000899s ]
ERR: 无法加载模块:User

[ 2017-03-03T13:43:01+08:00 ] 127.0.0.1 /shopCart/ajax/shopcartnums.json
INFO: [ app_init ] --START--
INFO: Run Behavior\BuildLiteBehavior [ RunTime:0.000023s ]
INFO: [ app_init ] --END-- [ RunTime:0.000764s ]
ERR: 无法加载模块:ShopCart

[ 2017-03-03T13:43:01+08:00 ] 127.0.0.1 /ajax/websiteProfile/online.json
INFO: [ app_init ] --START--
INFO: Run Behavior\BuildLiteBehavior [ RunTime:0.000024s ]
INFO: [ app_init ] --END-- [ RunTime:0.000628s ]
ERR: 无法加载模块:Ajax

[ 2017-03-03T13:43:04+08:00 ] 127.0.0.1 /static/edu/images/c-free-img.png
INFO: [ app_init ] --START--
INFO: Run Behavior\BuildLiteBehavior [ RunTime:0.000026s ]
INFO: [ app_init ] --END-- [ RunTime:0.000893s ]
ERR: 无法加载模块:Static

[ 2017-03-03T13:43:04+08:00 ] 127.0.0.1 /Public/Webmall/images/page/vido-bg.png
INFO: [ app_init ] --START--
INFO: Run Behavior\BuildLiteBehavior [ RunTime:0.000036s ]
INFO: [ app_init ] --END-- [ RunTime:0.000770s ]
ERR: 无法加载模块:Public

[ 2017-03-03T13:43:04+08:00 ] 127.0.0.1 /user/loginuser.json
INFO: [ app_init ] --START--
INFO: Run Behavior\BuildLiteBehavior [ RunTime:0.000025s ]
INFO: [ app_init ] --END-- [ RunTime:0.000915s ]
ERR: 无法加载模块:User

[ 2017-03-03T13:43:04+08:00 ] 127.0.0.1 /shopCart/ajax/shopcartnums.json
INFO: [ app_init ] --START--
INFO: Run Behavior\BuildLiteBehavior [ RunTime:0.000058s ]
INFO: [ app_init ] --END-- [ RunTime:0.000839s ]
ERR: 无法加载模块:ShopCart

[ 2017-03-03T13:43:04+08:00 ] 127.0.0.1 /ajax/websiteProfile/online.json
INFO: [ app_init ] --START--
INFO: Run Behavior\BuildLiteBehavior [ RunTime:0.000020s ]
INFO: [ app_init ] --END-- [ RunTime:0.000704s ]
ERR: 无法加载模块:Ajax

[ 2017-03-03T13:43:39+08:00 ] 127.0.0.1 /Public/Webmall/images/page/r-kf-ico.jpg
INFO: [ app_init ] --START--
INFO: Run Behavior\BuildLiteBehavior [ RunTime:0.000066s ]
INFO: [ app_init ] --END-- [ RunTime:0.001013s ]
ERR: 无法加载模块:Public

[ 2017-03-03T13:43:41+08:00 ] 127.0.0.1 /Public/Webmall/images/page/vido-bg.png
INFO: [ app_init ] --START--
INFO: Run Behavior\BuildLiteBehavior [ RunTime:0.000033s ]
INFO: [ app_init ] --END-- [ RunTime:0.001398s ]
ERR: 无法加载模块:Public

[ 2017-03-03T13:43:41+08:00 ] 127.0.0.1 /static/edu/images/c-free-img.png
INFO: [ app_init ] --START--
INFO: Run Behavior\BuildLiteBehavior [ RunTime:0.000021s ]
INFO: [ app_init ] --END-- [ RunTime:0.000665s ]
ERR: 无法加载模块:Static

[ 2017-03-03T13:43:41+08:00 ] 127.0.0.1 /user/loginuser.json
INFO: [ app_init ] --START--
INFO: Run Behavior\BuildLiteBehavior [ RunTime:0.000021s ]
INFO: [ app_init ] --END-- [ RunTime:0.000663s ]
ERR: 无法加载模块:User

[ 2017-03-03T13:43:42+08:00 ] 127.0.0.1 /ajax/websiteProfile/online.json
INFO: [ app_init ] --START--
INFO: Run Behavior\BuildLiteBehavior [ RunTime:0.000026s ]
INFO: [ app_init ] --END-- [ RunTime:0.000843s ]
ERR: 无法加载模块:Ajax

[ 2017-03-03T13:43:42+08:00 ] 127.0.0.1 /shopCart/ajax/shopcartnums.json
INFO: [ app_init ] --START--
INFO: Run Behavior\BuildLiteBehavior [ RunTime:0.000022s ]
INFO: [ app_init ] --END-- [ RunTime:0.000744s ]
ERR: 无法加载模块:ShopCart

[ 2017-03-03T13:45:52+08:00 ] 127.0.0.1 /Public/Webmall/images/page/r-kf-ico.jpg
INFO: [ app_init ] --START--
INFO: Run Behavior\BuildLiteBehavior [ RunTime:0.000030s ]
INFO: [ app_init ] --END-- [ RunTime:0.000736s ]
ERR: 无法加载模块:Public

[ 2017-03-03T13:46:00+08:00 ] 127.0.0.1 /Public/Webmall/images/page/r-kf-ico.jpg
INFO: [ app_init ] --START--
INFO: Run Behavior\BuildLiteBehavior [ RunTime:0.000055s ]
INFO: [ app_init ] --END-- [ RunTime:0.002318s ]
ERR: 无法加载模块:Public

[ 2017-03-03T13:50:06+08:00 ] 127.0.0.1 /Public/Webmall/images/page/r-kf-ico.jpg
INFO: [ app_init ] --START--
INFO: Run Behavior\BuildLiteBehavior [ RunTime:0.000019s ]
INFO: [ app_init ] --END-- [ RunTime:0.000676s ]
ERR: 无法加载模块:Public

[ 2017-03-03T13:51:13+08:00 ] 127.0.0.1 /static/edu/images/c-free-img.png
INFO: [ app_init ] --START--
INFO: Run Behavior\BuildLiteBehavior [ RunTime:0.000024s ]
INFO: [ app_init ] --END-- [ RunTime:0.000841s ]
ERR: 无法加载模块:Static

[ 2017-03-03T13:51:13+08:00 ] 127.0.0.1 /Public/Webmall/images/page/vido-bg.png
INFO: [ app_init ] --START--
INFO: Run Behavior\BuildLiteBehavior [ RunTime:0.000021s ]
INFO: [ app_init ] --END-- [ RunTime:0.000725s ]
ERR: 无法加载模块:Public

[ 2017-03-03T13:51:13+08:00 ] 127.0.0.1 /user/loginuser.json
INFO: [ app_init ] --START--
INFO: Run Behavior\BuildLiteBehavior [ RunTime:0.000020s ]
INFO: [ app_init ] --END-- [ RunTime:0.000695s ]
ERR: 无法加载模块:User

[ 2017-03-03T13:51:14+08:00 ] 127.0.0.1 /ajax/websiteProfile/online.json
INFO: [ app_init ] --START--
INFO: Run Behavior\BuildLiteBehavior [ RunTime:0.000019s ]
INFO: [ app_init ] --END-- [ RunTime:0.000612s ]
ERR: 无法加载模块:Ajax

[ 2017-03-03T13:51:14+08:00 ] 127.0.0.1 /shopCart/ajax/shopcartnums.json
INFO: [ app_init ] --START--
INFO: Run Behavior\BuildLiteBehavior [ RunTime:0.000025s ]
INFO: [ app_init ] --END-- [ RunTime:0.000625s ]
ERR: 无法加载模块:ShopCart

[ 2017-03-03T14:10:18+08:00 ] 127.0.0.1 /Public/Webmall/images/page/r-kf-ico.jpg
INFO: [ app_init ] --START--
INFO: Run Behavior\BuildLiteBehavior [ RunTime:0.000021s ]
INFO: [ app_init ] --END-- [ RunTime:0.000621s ]
ERR: 无法加载模块:Public

[ 2017-03-03T14:16:30+08:00 ] 127.0.0.1 /Public/Webmall/images/page/r-kf-ico.jpg
INFO: [ app_init ] --START--
INFO: Run Behavior\BuildLiteBehavior [ RunTime:0.000049s ]
INFO: [ app_init ] --END-- [ RunTime:0.000718s ]
ERR: 无法加载模块:Public

[ 2017-03-03T14:18:51+08:00 ] 127.0.0.1 /Public/Webmall/images/page/r-kf-ico.jpg
INFO: [ app_init ] --START--
INFO: Run Behavior\BuildLiteBehavior [ RunTime:0.000030s ]
INFO: [ app_init ] --END-- [ RunTime:0.000674s ]
ERR: 无法加载模块:Public

[ 2017-03-03T14:20:07+08:00 ] 127.0.0.1 /Public/Webmall/images/page/r-kf-ico.jpg
INFO: [ app_init ] --START--
INFO: Run Behavior\BuildLiteBehavior [ RunTime:0.000020s ]
INFO: [ app_init ] --END-- [ RunTime:0.000722s ]
ERR: 无法加载模块:Public

[ 2017-03-03T14:20:42+08:00 ] 127.0.0.1 /Public/Admin/tables/data.json?limit=10&offset=0&sort=name&order=desc
INFO: [ app_init ] --START--
INFO: Run Behavior\BuildLiteBehavior [ RunTime:0.000019s ]
INFO: [ app_init ] --END-- [ RunTime:0.000758s ]
ERR: 无法加载模块:Public

[ 2017-03-03T14:22:11+08:00 ] 127.0.0.1 /Public/Admin/tables/data.json?limit=10&offset=0&sort=name&order=desc
INFO: [ app_init ] --START--
INFO: Run Behavior\BuildLiteBehavior [ RunTime:0.000021s ]
INFO: [ app_init ] --END-- [ RunTime:0.000759s ]
ERR: 无法加载模块:Public

[ 2017-03-03T14:22:41+08:00 ] 127.0.0.1 /Public/Admin/tables/data.json?limit=10&offset=0&sort=name&order=desc
INFO: [ app_init ] --START--
INFO: Run Behavior\BuildLiteBehavior [ RunTime:0.000025s ]
INFO: [ app_init ] --END-- [ RunTime:0.000812s ]
ERR: 无法加载模块:Public

[ 2017-03-03T14:23:46+08:00 ] 127.0.0.1 /Public/Admin/tables/data.json?limit=10&offset=0&sort=name&order=desc
INFO: [ app_init ] --START--
INFO: Run Behavior\BuildLiteBehavior [ RunTime:0.000019s ]
INFO: [ app_init ] --END-- [ RunTime:0.000847s ]
ERR: 无法加载模块:Public

[ 2017-03-03T14:23:56+08:00 ] 127.0.0.1 /Public/Admin/tables/data.json?limit=10&offset=0&sort=name&order=desc
INFO: [ app_init ] --START--
INFO: Run Behavior\BuildLiteBehavior [ RunTime:0.000019s ]
INFO: [ app_init ] --END-- [ RunTime:0.000731s ]
ERR: 无法加载模块:Public

[ 2017-03-03T14:24:40+08:00 ] 127.0.0.1 /Public/Admin/tables/data.json?limit=10&offset=0&sort=name&order=desc
INFO: [ app_init ] --START--
INFO: Run Behavior\BuildLiteBehavior [ RunTime:0.000065s ]
INFO: [ app_init ] --END-- [ RunTime:0.000802s ]
ERR: 无法加载模块:Public

[ 2017-03-03T14:26:23+08:00 ] 127.0.0.1 /Public/Webmall/images/page/r-kf-ico.jpg
INFO: [ app_init ] --START--
INFO: Run Behavior\BuildLiteBehavior [ RunTime:0.000020s ]
INFO: [ app_init ] --END-- [ RunTime:0.000703s ]
ERR: 无法加载模块:Public

[ 2017-03-03T14:29:21+08:00 ] 127.0.0.1 /Public/Admin/tables/data.json?limit=10&offset=0&sort=name&order=desc
INFO: [ app_init ] --START--
INFO: Run Behavior\BuildLiteBehavior [ RunTime:0.000024s ]
INFO: [ app_init ] --END-- [ RunTime:0.000838s ]
ERR: 无法加载模块:Public

[ 2017-03-03T14:30:12+08:00 ] 127.0.0.1 /Public/Admin/tables/data.json?limit=10&offset=0&sort=name&order=desc
INFO: [ app_init ] --START--
INFO: Run Behavior\BuildLiteBehavior [ RunTime:0.000067s ]
INFO: [ app_init ] --END-- [ RunTime:0.001032s ]
ERR: 无法加载模块:Public

[ 2017-03-03T14:31:04+08:00 ] 127.0.0.1 /Public/Admin/tables/data.json?limit=10&offset=0&sort=name&order=desc
INFO: [ app_init ] --START--
INFO: Run Behavior\BuildLiteBehavior [ RunTime:0.000019s ]
INFO: [ app_init ] --END-- [ RunTime:0.000666s ]
ERR: 无法加载模块:Public

[ 2017-03-03T14:33:13+08:00 ] 127.0.0.1 /Public/Webmall/images/page/r-kf-ico.jpg
INFO: [ app_init ] --START--
INFO: Run Behavior\BuildLiteBehavior [ RunTime:0.000020s ]
INFO: [ app_init ] --END-- [ RunTime:0.000633s ]
ERR: 无法加载模块:Public

[ 2017-03-03T14:33:28+08:00 ] 127.0.0.1 /Public/Webmall/images/page/r-kf-ico.jpg
INFO: [ app_init ] --START--
INFO: Run Behavior\BuildLiteBehavior [ RunTime:0.000022s ]
INFO: [ app_init ] --END-- [ RunTime:0.000756s ]
ERR: 无法加载模块:Public

[ 2017-03-03T14:34:56+08:00 ] 127.0.0.1 /Public/Webmall/images/page/r-kf-ico.jpg
INFO: [ app_init ] --START--
INFO: Run Behavior\BuildLiteBehavior [ RunTime:0.000020s ]
INFO: [ app_init ] --END-- [ RunTime:0.000743s ]
ERR: 无法加载模块:Public

[ 2017-03-03T14:35:08+08:00 ] 127.0.0.1 /user/loginuser.json
INFO: [ app_init ] --START--
INFO: Run Behavior\BuildLiteBehavior [ RunTime:0.000018s ]
INFO: [ app_init ] --END-- [ RunTime:0.000741s ]
ERR: 无法加载模块:User

[ 2017-03-03T14:35:09+08:00 ] 127.0.0.1 /ajax/websiteProfile/online.json
INFO: [ app_init ] --START--
INFO: Run Behavior\BuildLiteBehavior [ RunTime:0.000019s ]
INFO: [ app_init ] --END-- [ RunTime:0.000745s ]
ERR: 无法加载模块:Ajax

[ 2017-03-03T14:35:09+08:00 ] 127.0.0.1 /shopCart/ajax/shopcartnums.json
INFO: [ app_init ] --START--
INFO: Run Behavior\BuildLiteBehavior [ RunTime:0.000020s ]
INFO: [ app_init ] --END-- [ RunTime:0.000732s ]
ERR: 无法加载模块:ShopCart

[ 2017-03-03T14:35:09+08:00 ] 127.0.0.1 /Public/Webmall/js//skin/laypage.css
INFO: [ app_init ] --START--
INFO: Run Behavior\BuildLiteBehavior [ RunTime:0.000019s ]
INFO: [ app_init ] --END-- [ RunTime:0.000693s ]
ERR: 无法加载模块:Public

[ 2017-03-03T14:35:49+08:00 ] 127.0.0.1 /Public/Webmall/css/mirror.gif
INFO: [ app_init ] --START--
INFO: Run Behavior\BuildLiteBehavior [ RunTime:0.000018s ]
INFO: [ app_init ] --END-- [ RunTime:0.000639s ]
ERR: 无法加载模块:Public

[ 2017-03-03T14:38:33+08:00 ] 127.0.0.1 /Public/Webmall/images/page/vido-bg.png
INFO: [ app_init ] --START--
INFO: Run Behavior\BuildLiteBehavior [ RunTime:0.000021s ]
INFO: [ app_init ] --END-- [ RunTime:0.000667s ]
ERR: 无法加载模块:Public

[ 2017-03-03T14:38:34+08:00 ] 127.0.0.1 /user/loginuser.json
INFO: [ app_init ] --START--
INFO: Run Behavior\BuildLiteBehavior [ RunTime:0.000034s ]
INFO: [ app_init ] --END-- [ RunTime:0.000674s ]
ERR: 无法加载模块:User

[ 2017-03-03T14:38:34+08:00 ] 127.0.0.1 /ajax/websiteProfile/online.json
INFO: [ app_init ] --START--
INFO: Run Behavior\BuildLiteBehavior [ RunTime:0.000020s ]
INFO: [ app_init ] --END-- [ RunTime:0.000648s ]
ERR: 无法加载模块:Ajax

[ 2017-03-03T14:38:34+08:00 ] 127.0.0.1 /shopCart/ajax/shopcartnums.json
INFO: [ app_init ] --START--
INFO: Run Behavior\BuildLiteBehavior [ RunTime:0.000019s ]
INFO: [ app_init ] --END-- [ RunTime:0.000700s ]
ERR: 无法加载模块:ShopCart

[ 2017-03-03T14:38:36+08:00 ] 127.0.0.1 /Public/Webmall/images/page/vido-bg.png
INFO: [ app_init ] --START--
INFO: Run Behavior\BuildLiteBehavior [ RunTime:0.000019s ]
INFO: [ app_init ] --END-- [ RunTime:0.000642s ]
ERR: 无法加载模块:Public

[ 2017-03-03T14:38:36+08:00 ] 127.0.0.1 /user/loginuser.json
INFO: [ app_init ] --START--
INFO: Run Behavior\BuildLiteBehavior [ RunTime:0.000021s ]
INFO: [ app_init ] --END-- [ RunTime:0.000749s ]
ERR: 无法加载模块:User

[ 2017-03-03T14:38:37+08:00 ] 127.0.0.1 /shopCart/ajax/shopcartnums.json
INFO: [ app_init ] --START--
INFO: Run Behavior\BuildLiteBehavior [ RunTime:0.000054s ]
INFO: [ app_init ] --END-- [ RunTime:0.000764s ]
ERR: 无法加载模块:ShopCart

[ 2017-03-03T14:38:37+08:00 ] 127.0.0.1 /ajax/websiteProfile/online.json
INFO: [ app_init ] --START--
INFO: Run Behavior\BuildLiteBehavior [ RunTime:0.000044s ]
INFO: [ app_init ] --END-- [ RunTime:0.000914s ]
ERR: 无法加载模块:Ajax

[ 2017-03-03T14:38:39+08:00 ] 127.0.0.1 /Public/Webmall/images/page/vido-bg.png
INFO: [ app_init ] --START--
INFO: Run Behavior\BuildLiteBehavior [ RunTime:0.000020s ]
INFO: [ app_init ] --END-- [ RunTime:0.000639s ]
ERR: 无法加载模块:Public

[ 2017-03-03T14:38:39+08:00 ] 127.0.0.1 /static/edu/images/c-free-img.png
INFO: [ app_init ] --START--
INFO: Run Behavior\BuildLiteBehavior [ RunTime:0.000021s ]
INFO: [ app_init ] --END-- [ RunTime:0.000648s ]
ERR: 无法加载模块:Static

[ 2017-03-03T14:38:39+08:00 ] 127.0.0.1 /user/loginuser.json
INFO: [ app_init ] --START--
INFO: Run Behavior\BuildLiteBehavior [ RunTime:0.000020s ]
INFO: [ app_init ] --END-- [ RunTime:0.000682s ]
ERR: 无法加载模块:User

[ 2017-03-03T14:38:39+08:00 ] 127.0.0.1 /shopCart/ajax/shopcartnums.json
INFO: [ app_init ] --START--
INFO: Run Behavior\BuildLiteBehavior [ RunTime:0.000021s ]
INFO: [ app_init ] --END-- [ RunTime:0.000642s ]
ERR: 无法加载模块:ShopCart

[ 2017-03-03T14:38:39+08:00 ] 127.0.0.1 /ajax/websiteProfile/online.json
INFO: [ app_init ] --START--
INFO: Run Behavior\BuildLiteBehavior [ RunTime:0.000020s ]
INFO: [ app_init ] --END-- [ RunTime:0.000630s ]
ERR: 无法加载模块:Ajax

[ 2017-03-03T14:38:42+08:00 ] 127.0.0.1 /static/edu/images/c-free-img.png
INFO: [ app_init ] --START--
INFO: Run Behavior\BuildLiteBehavior [ RunTime:0.000025s ]
INFO: [ app_init ] --END-- [ RunTime:0.000688s ]
ERR: 无法加载模块:Static

[ 2017-03-03T14:38:42+08:00 ] 127.0.0.1 /Public/Webmall/images/page/vido-bg.png
INFO: [ app_init ] --START--
INFO: Run Behavior\BuildLiteBehavior [ RunTime:0.000022s ]
INFO: [ app_init ] --END-- [ RunTime:0.000721s ]
ERR: 无法加载模块:Public

[ 2017-03-03T14:38:42+08:00 ] 127.0.0.1 /user/loginuser.json
INFO: [ app_init ] --START--
INFO: Run Behavior\BuildLiteBehavior [ RunTime:0.000019s ]
INFO: [ app_init ] --END-- [ RunTime:0.000674s ]
ERR: 无法加载模块:User

[ 2017-03-03T14:38:42+08:00 ] 127.0.0.1 /ajax/websiteProfile/online.json
INFO: [ app_init ] --START--
INFO: Run Behavior\BuildLiteBehavior [ RunTime:0.000025s ]
INFO: [ app_init ] --END-- [ RunTime:0.000908s ]
ERR: 无法加载模块:Ajax



[ 2017-03-03T14:38:44+08:00 ] 127.0.0.1 /static/edu/images/c-free-img.png
INFO: [ app_init ] --START--
INFO: Run Behavior\BuildLiteBehavior [ RunTime:0.000020s ]
INFO: [ app_init ] --END-- [ RunTime:0.000670s ]
ERR: 无法加载模块:Static

[ 2017-03-03T14:38:44+08:00 ] 127.0.0.1 /Public/Webmall/images/page/vido-bg.png
INFO: [ app_init ] --START--
INFO: Run Behavior\BuildLiteBehavior [ RunTime:0.000049s ]
INFO: [ app_init ] --END-- [ RunTime:0.000666s ]
ERR: 无法加载模块:Public

[ 2017-03-03T14:38:45+08:00 ] 127.0.0.1 /user/loginuser.json
INFO: [ app_init ] --START--
INFO: Run Behavior\BuildLiteBehavior [ RunTime:0.000022s ]
INFO: [ app_init ] --END-- [ RunTime:0.000982s ]
ERR: 无法加载模块:User

[ 2017-03-03T14:38:45+08:00 ] 127.0.0.1 /shopCart/ajax/shopcartnums.json
INFO: [ app_init ] --START--
INFO: Run Behavior\BuildLiteBehavior [ RunTime:0.000035s ]
INFO: [ app_init ] --END-- [ RunTime:0.000745s ]
ERR: 无法加载模块:ShopCart

[ 2017-03-03T14:38:45+08:00 ] 127.0.0.1 /ajax/websiteProfile/online.json
INFO: [ app_init ] --START--
INFO: Run Behavior\BuildLiteBehavior [ RunTime:0.000020s ]
INFO: [ app_init ] --END-- [ RunTime:0.000693s ]
ERR: 无法加载模块:Ajax

[ 2017-03-03T14:38:48+08:00 ] 127.0.0.1 /static/edu/images/c-free-img.png
INFO: [ app_init ] --START--
INFO: Run Behavior\BuildLiteBehavior [ RunTime:0.000020s ]
INFO: [ app_init ] --END-- [ RunTime:0.000577s ]
ERR: 无法加载模块:Static

[ 2017-03-03T14:38:48+08:00 ] 127.0.0.1 /Public/Webmall/images/page/vido-bg.png
INFO: [ app_init ] --START--
INFO: Run Behavior\BuildLiteBehavior [ RunTime:0.000019s ]
INFO: [ app_init ] --END-- [ RunTime:0.000608s ]
ERR: 无法加载模块:Public

[ 2017-03-03T14:38:48+08:00 ] 127.0.0.1 /user/loginuser.json
INFO: [ app_init ] --START--
INFO: Run Behavior\BuildLiteBehavior [ RunTime:0.000018s ]
INFO: [ app_init ] --END-- [ RunTime:0.000640s ]
ERR: 无法加载模块:User

[ 2017-03-03T14:38:49+08:00 ] 127.0.0.1 /ajax/websiteProfile/online.json
INFO: [ app_init ] --START--
INFO: Run Behavior\BuildLiteBehavior [ RunTime:0.000039s ]
INFO: [ app_init ] --END-- [ RunTime:0.000851s ]
ERR: 无法加载模块:Ajax

[ 2017-03-03T14:38:49+08:00 ] 127.0.0.1 /shopCart/ajax/shopcartnums.json
INFO: [ app_init ] --START--
INFO: Run Behavior\BuildLiteBehavior [ RunTime:0.000029s ]
INFO: [ app_init ] --END-- [ RunTime:0.001080s ]
ERR: 无法加载模块:ShopCart

[ 2017-03-03T14:38:50+08:00 ] 127.0.0.1 /static/edu/images/c-free-img.png
INFO: [ app_init ] --START--
INFO: Run Behavior\BuildLiteBehavior [ RunTime:0.000018s ]
INFO: [ app_init ] --END-- [ RunTime:0.000688s ]
ERR: 无法加载模块:Static

[ 2017-03-03T14:38:50+08:00 ] 127.0.0.1 /Public/Webmall/images/page/vido-bg.png
INFO: [ app_init ] --START--
INFO: Run Behavior\BuildLiteBehavior [ RunTime:0.000021s ]
INFO: [ app_init ] --END-- [ RunTime:0.000773s ]
ERR: 无法加载模块:Public

[ 2017-03-03T14:38:51+08:00 ] 127.0.0.1 /user/loginuser.json
INFO: [ app_init ] --START--
INFO: Run Behavior\BuildLiteBehavior [ RunTime:0.000019s ]
INFO: [ app_init ] --END-- [ RunTime:0.000670s ]
ERR: 无法加载模块:User

[ 2017-03-03T14:38:51+08:00 ] 127.0.0.1 /shopCart/ajax/shopcartnums.json
INFO: [ app_init ] --START--
INFO: Run Behavior\BuildLiteBehavior [ RunTime:0.000019s ]
INFO: [ app_init ] --END-- [ RunTime:0.001005s ]
ERR: 无法加载模块:ShopCart

[ 2017-03-03T14:38:51+08:00 ] 127.0.0.1 /ajax/websiteProfile/online.json
INFO: [ app_init ] --START--
INFO: Run Behavior\BuildLiteBehavior [ RunTime:0.000072s ]
INFO: [ app_init ] --END-- [ RunTime:0.000716s ]
ERR: 无法加载模块:Ajax

[ 2017-03-03T14:39:05+08:00 ] 127.0.0.1 /Public/Webmall/images/page/vido-bg.png
INFO: [ app_init ] --START--
INFO: Run Behavior\BuildLiteBehavior [ RunTime:0.000019s ]
INFO: [ app_init ] --END-- [ RunTime:0.000706s ]
ERR: 无法加载模块:Public

[ 2017-03-03T14:39:05+08:00 ] 127.0.0.1 /user/loginuser.json
INFO: [ app_init ] --START--
INFO: Run Behavior\BuildLiteBehavior [ RunTime:0.000019s ]
INFO: [ app_init ] --END-- [ RunTime:0.000656s ]
ERR: 无法加载模块:User

[ 2017-03-03T14:39:06+08:00 ] 127.0.0.1 /shopCart/ajax/shopcartnums.json
INFO: [ app_init ] --START--
INFO: Run Behavior\BuildLiteBehavior [ RunTime:0.000037s ]
INFO: [ app_init ] --END-- [ RunTime:0.000679s ]
ERR: 无法加载模块:ShopCart

[ 2017-03-03T14:39:06+08:00 ] 127.0.0.1 /ajax/websiteProfile/online.json
INFO: [ app_init ] --START--
INFO: Run Behavior\BuildLiteBehavior [ RunTime:0.000020s ]
INFO: [ app_init ] --END-- [ RunTime:0.000630s ]
ERR: 无法加载模块:Ajax

[ 2017-03-03T14:39:08+08:00 ] 127.0.0.1 /static/edu/images/c-free-img.png
INFO: [ app_init ] --START--
INFO: Run Behavior\BuildLiteBehavior [ RunTime:0.000028s ]
INFO: [ app_init ] --END-- [ RunTime:0.000600s ]
ERR: 无法加载模块:Static

[ 2017-03-03T14:39:08+08:00 ] 127.0.0.1 /Public/Webmall/images/page/vido-bg.png
INFO: [ app_init ] --START--
INFO: Run Behavior\BuildLiteBehavior [ RunTime:0.000024s ]
INFO: [ app_init ] --END-- [ RunTime:0.000627s ]
ERR: 无法加载模块:Public

[ 2017-03-03T14:39:08+08:00 ] 127.0.0.1 /user/loginuser.json
INFO: [ app_init ] --START--
INFO: Run Behavior\BuildLiteBehavior [ RunTime:0.000020s ]
INFO: [ app_init ] --END-- [ RunTime:0.000600s ]
ERR: 无法加载模块:User

[ 2017-03-03T14:39:08+08:00 ] 127.0.0.1 /shopCart/ajax/shopcartnums.json
INFO: [ app_init ] --START--
INFO: Run Behavior\BuildLiteBehavior [ RunTime:0.000023s ]
INFO: [ app_init ] --END-- [ RunTime:0.000697s ]
ERR: 无法加载模块:ShopCart

[ 2017-03-03T14:39:08+08:00 ] 127.0.0.1 /ajax/websiteProfile/online.json
INFO: [ app_init ] --START--
INFO: Run Behavior\BuildLiteBehavior [ RunTime:0.000018s ]
INFO: [ app_init ] --END-- [ RunTime:0.000685s ]
ERR: 无法加载模块:Ajax

[ 2017-03-03T14:39:11+08:00 ] 127.0.0.1 /static/edu/images/c-free-img.png
INFO: [ app_init ] --START--
INFO: Run Behavior\BuildLiteBehavior [ RunTime:0.000020s ]
INFO: [ app_init ] --END-- [ RunTime:0.000610s ]
ERR: 无法加载模块:Static

[ 2017-03-03T14:39:11+08:00 ] 127.0.0.1 /Public/Webmall/images/page/vido-bg.png
INFO: [ app_init ] --START--
INFO: Run Behavior\BuildLiteBehavior [ RunTime:0.000020s ]
INFO: [ app_init ] --END-- [ RunTime:0.000621s ]
ERR: 无法加载模块:Public

[ 2017-03-03T14:39:11+08:00 ] 127.0.0.1 /user/loginuser.json
INFO: [ app_init ] --START--
INFO: Run Behavior\BuildLiteBehavior [ RunTime:0.000019s ]
INFO: [ app_init ] --END-- [ RunTime:0.000661s ]
ERR: 无法加载模块:User

[ 2017-03-03T14:39:12+08:00 ] 127.0.0.1 /shopCart/ajax/shopcartnums.json
INFO: [ app_init ] --START--
INFO: Run Behavior\BuildLiteBehavior [ RunTime:0.000027s ]
INFO: [ app_init ] --END-- [ RunTime:0.000670s ]
ERR: 无法加载模块:ShopCart

[ 2017-03-03T14:39:12+08:00 ] 127.0.0.1 /ajax/websiteProfile/online.json
INFO: [ app_init ] --START--
INFO: Run Behavior\BuildLiteBehavior [ RunTime:0.000033s ]
INFO: [ app_init ] --END-- [ RunTime:0.001174s ]
ERR: 无法加载模块:Ajax

[ 2017-03-03T14:39:13+08:00 ] 127.0.0.1 /static/edu/images/c-free-img.png
INFO: [ app_init ] --START--
INFO: Run Behavior\BuildLiteBehavior [ RunTime:0.000022s ]
INFO: [ app_init ] --END-- [ RunTime:0.000685s ]
ERR: 无法加载模块:Static

[ 2017-03-03T14:39:13+08:00 ] 127.0.0.1 /Public/Webmall/images/page/vido-bg.png
INFO: [ app_init ] --START--
INFO: Run Behavior\BuildLiteBehavior [ RunTime:0.000019s ]
INFO: [ app_init ] --END-- [ RunTime:0.000761s ]
ERR: 无法加载模块:Public

[ 2017-03-03T14:39:13+08:00 ] 127.0.0.1 /user/loginuser.json
INFO: [ app_init ] --START--
INFO: Run Behavior\BuildLiteBehavior [ RunTime:0.000020s ]
INFO: [ app_init ] --END-- [ RunTime:0.000820s ]
ERR: 无法加载模块:User

[ 2017-03-03T14:39:14+08:00 ] 127.0.0.1 /shopCart/ajax/shopcartnums.json
INFO: [ app_init ] --START--
INFO: Run Behavior\BuildLiteBehavior [ RunTime:0.000032s ]
INFO: [ app_init ] --END-- [ RunTime:0.001081s ]
ERR: 无法加载模块:ShopCart

[ 2017-03-03T14:39:14+08:00 ] 127.0.0.1 /ajax/websiteProfile/online.json
INFO: [ app_init ] --START--
INFO: Run Behavior\BuildLiteBehavior [ RunTime:0.000022s ]
INFO: [ app_init ] --END-- [ RunTime:0.000680s ]
ERR: 无法加载模块:Ajax

[ 2017-03-03T14:39:15+08:00 ] 127.0.0.1 /static/edu/images/c-free-img.png
INFO: [ app_init ] --START--
INFO: Run Behavior\BuildLiteBehavior [ RunTime:0.000019s ]
INFO: [ app_init ] --END-- [ RunTime:0.000838s ]
ERR: 无法加载模块:Static

[ 2017-03-03T14:39:15+08:00 ] 127.0.0.1 /Public/Webmall/images/page/vido-bg.png
INFO: [ app_init ] --START--
INFO: Run Behavior\BuildLiteBehavior [ RunTime:0.000018s ]
INFO: [ app_init ] --END-- [ RunTime:0.000674s ]
ERR: 无法加载模块:Public

[ 2017-03-03T14:39:15+08:00 ] 127.0.0.1 /user/loginuser.json
INFO: [ app_init ] --START--
INFO: Run Behavior\BuildLiteBehavior [ RunTime:0.000021s ]
INFO: [ app_init ] --END-- [ RunTime:0.000782s ]
ERR: 无法加载模块:User

[ 2017-03-03T14:39:16+08:00 ] 127.0.0.1 /shopCart/ajax/shopcartnums.json
INFO: [ app_init ] --START--
INFO: Run Behavior\BuildLiteBehavior [ RunTime:0.000022s ]
INFO: [ app_init ] --END-- [ RunTime:0.000695s ]
ERR: 无法加载模块:ShopCart

[ 2017-03-03T14:39:16+08:00 ] 127.0.0.1 /ajax/websiteProfile/online.json
INFO: [ app_init ] --START--
INFO: Run Behavior\BuildLiteBehavior [ RunTime:0.000024s ]
INFO: [ app_init ] --END-- [ RunTime:0.000729s ]
ERR: 无法加载模块:Ajax

[ 2017-03-03T14:39:17+08:00 ] 127.0.0.1 /Public/Webmall/images/page/vido-bg.png
INFO: [ app_init ] --START--
INFO: Run Behavior\BuildLiteBehavior [ RunTime:0.000021s ]
INFO: [ app_init ] --END-- [ RunTime:0.000680s ]
ERR: 无法加载模块:Public

[ 2017-03-03T14:39:17+08:00 ] 127.0.0.1 /static/edu/images/c-free-img.png
INFO: [ app_init ] --START--
INFO: Run Behavior\BuildLiteBehavior [ RunTime:0.000018s ]
INFO: [ app_init ] --END-- [ RunTime:0.000609s ]
ERR: 无法加载模块:Static

[ 2017-03-03T14:39:18+08:00 ] 127.0.0.1 /user/loginuser.json
INFO: [ app_init ] --START--
INFO: Run Behavior\BuildLiteBehavior [ RunTime:0.000020s ]
INFO: [ app_init ] --END-- [ RunTime:0.000675s ]
ERR: 无法加载模块:User

[ 2017-03-03T14:39:18+08:00 ] 127.0.0.1 /shopCart/ajax/shopcartnums.json
INFO: [ app_init ] --START--
INFO: Run Behavior\BuildLiteBehavior [ RunTime:0.000025s ]
INFO: [ app_init ] --END-- [ RunTime:0.000736s ]
ERR: 无法加载模块:ShopCart

[ 2017-03-03T14:39:18+08:00 ] 127.0.0.1 /ajax/websiteProfile/online.json
INFO: [ app_init ] --START--
INFO: Run Behavior\BuildLiteBehavior [ RunTime:0.000019s ]
INFO: [ app_init ] --END-- [ RunTime:0.000728s ]
ERR: 无法加载模块:Ajax

[ 2017-03-03T14:39:21+08:00 ] 127.0.0.1 /static/edu/images/c-free-img.png
INFO: [ app_init ] --START--
INFO: Run Behavior\BuildLiteBehavior [ RunTime:0.000019s ]
INFO: [ app_init ] --END-- [ RunTime:0.000609s ]
ERR: 无法加载模块:Static

[ 2017-03-03T14:39:21+08:00 ] 127.0.0.1 /Public/Webmall/images/page/vido-bg.png
INFO: [ app_init ] --START--
INFO: Run Behavior\BuildLiteBehavior [ RunTime:0.000023s ]
INFO: [ app_init ] --END-- [ RunTime:0.000624s ]
ERR: 无法加载模块:Public

[ 2017-03-03T14:39:21+08:00 ] 127.0.0.1 /user/loginuser.json
INFO: [ app_init ] --START--
INFO: Run Behavior\BuildLiteBehavior [ RunTime:0.000018s ]
INFO: [ app_init ] --END-- [ RunTime:0.000644s ]
ERR: 无法加载模块:User

[ 2017-03-03T14:39:22+08:00 ] 127.0.0.1 /shopCart/ajax/shopcartnums.json
INFO: [ app_init ] --START--
INFO: Run Behavior\BuildLiteBehavior [ RunTime:0.000105s ]
INFO: [ app_init ] --END-- [ RunTime:0.001109s ]
ERR: 无法加载模块:ShopCart

[ 2017-03-03T14:39:22+08:00 ] 127.0.0.1 /ajax/websiteProfile/online.json
INFO: [ app_init ] --START--
INFO: Run Behavior\BuildLiteBehavior [ RunTime:0.000026s ]
INFO: [ app_init ] --END-- [ RunTime:0.001047s ]
ERR: 无法加载模块:Ajax

[ 2017-03-03T14:39:24+08:00 ] 127.0.0.1 /Public/Webmall/images/page/vido-bg.png
INFO: [ app_init ] --START--
INFO: Run Behavior\BuildLiteBehavior [ RunTime:0.000020s ]
INFO: [ app_init ] --END-- [ RunTime:0.001016s ]
ERR: 无法加载模块:Public

[ 2017-03-03T14:39:25+08:00 ] 127.0.0.1 /user/loginuser.json
INFO: [ app_init ] --START--
INFO: Run Behavior\BuildLiteBehavior [ RunTime:0.000021s ]
INFO: [ app_init ] --END-- [ RunTime:0.000739s ]
ERR: 无法加载模块:User

[ 2017-03-03T14:39:25+08:00 ] 127.0.0.1 /shopCart/ajax/shopcartnums.json
INFO: [ app_init ] --START--
INFO: Run Behavior\BuildLiteBehavior [ RunTime:0.000023s ]
INFO: [ app_init ] --END-- [ RunTime:0.000630s ]
ERR: 无法加载模块:ShopCart

[ 2017-03-03T14:39:25+08:00 ] 127.0.0.1 /ajax/websiteProfile/online.json
INFO: [ app_init ] --START--
INFO: Run Behavior\BuildLiteBehavior [ RunTime:0.000019s ]
INFO: [ app_init ] --END-- [ RunTime:0.000649s ]
ERR: 无法加载模块:Ajax

[ 2017-03-03T14:43:40+08:00 ] 127.0.0.1 /Public/uploads/Admin/image/20170303/20170303101137.jpg
INFO: [ app_init ] --START--
INFO: Run Behavior\BuildLiteBehavior [ RunTime:0.000040s ]
INFO: [ app_init ] --END-- [ RunTime:0.002924s ]
ERR: 无法加载模块:Public

[ 2017-03-03T15:30:59+08:00 ] 10.18.11.36 /Public/Webmall/css/flexslider.css
INFO: [ app_init ] --START--
INFO: Run Behavior\BuildLiteBehavior [ RunTime:0.000022s ]
INFO: [ app_init ] --END-- [ RunTime:0.000757s ]
ERR: 无法加载模块:Public

[ 2017-03-03T15:31:00+08:00 ] 10.18.11.36 /favicon.ico
INFO: [ app_init ] --START--
INFO: Run Behavior\BuildLiteBehavior [ RunTime:0.000026s ]
INFO: [ app_init ] --END-- [ RunTime:0.000784s ]
ERR: 无法加载模块:Favicon

[ 2017-03-03T15:34:18+08:00 ] 127.0.0.1 /Public/Webmall/css/flexslider.css
INFO: [ app_init ] --START--
INFO: Run Behavior\BuildLiteBehavior [ RunTime:0.000019s ]
INFO: [ app_init ] --END-- [ RunTime:0.000748s ]
ERR: 无法加载模块:Public

[ 2017-03-03T15:34:19+08:00 ] 127.0.0.1 /favicon.ico
INFO: [ app_init ] --START--
INFO: Run Behavior\BuildLiteBehavior [ RunTime:0.000025s ]
INFO: [ app_init ] --END-- [ RunTime:0.000778s ]
ERR: 无法加载模块:Favicon

[ 2017-03-03T15:34:29+08:00 ] 127.0.0.1 /Public/Webmall/css/flexslider.css
INFO: [ app_init ] --START--
INFO: Run Behavior\BuildLiteBehavior [ RunTime:0.000021s ]
INFO: [ app_init ] --END-- [ RunTime:0.000766s ]
ERR: 无法加载模块:Public

[ 2017-03-03T15:34:33+08:00 ] 127.0.0.1 /Public/Webmall/css/flexslider.css
INFO: [ app_init ] --START--
INFO: Run Behavior\BuildLiteBehavior [ RunTime:0.000018s ]
INFO: [ app_init ] --END-- [ RunTime:0.000534s ]
ERR: 无法加载模块:Public

[ 2017-03-03T15:34:35+08:00 ] 127.0.0.1 /Public/uploads/Admin/image/20170303/20170303101137.jpg
INFO: [ app_init ] --START--
INFO: Run Behavior\BuildLiteBehavior [ RunTime:0.000021s ]
INFO: [ app_init ] --END-- [ RunTime:0.000616s ]
ERR: 无法加载模块:Public

[ 2017-03-03T15:34:35+08:00 ] 127.0.0.1 /Public/Webmall/images/page/r-kf-ico.jpg
INFO: [ app_init ] --START--
INFO: Run Behavior\BuildLiteBehavior [ RunTime:0.000021s ]
INFO: [ app_init ] --END-- [ RunTime:0.000627s ]
ERR: 无法加载模块:Public

[ 2017-03-03T15:34:41+08:00 ] 127.0.0.1 /Public/Webmall/css/mirror.gif
INFO: [ app_init ] --START--
INFO: Run Behavior\BuildLiteBehavior [ RunTime:0.000027s ]
INFO: [ app_init ] --END-- [ RunTime:0.000797s ]
ERR: 无法加载模块:Public

[ 2017-03-03T15:34:43+08:00 ] 127.0.0.1 /Public/Webmall/css/flexslider.css
INFO: [ app_init ] --START--
INFO: Run Behavior\BuildLiteBehavior [ RunTime:0.000020s ]
INFO: [ app_init ] --END-- [ RunTime:0.000728s ]
ERR: 无法加载模块:Public

[ 2017-03-03T15:34:53+08:00 ] 127.0.0.1 /Public/Webmall/css/bootstrap.css.map
INFO: [ app_init ] --START--
INFO: Run Behavior\BuildLiteBehavior [ RunTime:0.000019s ]
INFO: [ app_init ] --END-- [ RunTime:0.000632s ]
ERR: 无法加载模块:Public

[ 2017-03-03T15:36:17+08:00 ] 127.0.0.1 /Public/Webmall/css/flexslider.css
INFO: [ app_init ] --START--
INFO: Run Behavior\BuildLiteBehavior [ RunTime:0.000120s ]
INFO: [ app_init ] --END-- [ RunTime:0.000650s ]
ERR: 无法加载模块:Public

[ 2017-03-03T15:36:17+08:00 ] 127.0.0.1 /Public/Webmall/css/bootstrap.css.map
INFO: [ app_init ] --START--
INFO: Run Behavior\BuildLiteBehavior [ RunTime:0.000018s ]
INFO: [ app_init ] --END-- [ RunTime:0.000626s ]
ERR: 无法加载模块:Public

[ 2017-03-03T15:36:21+08:00 ] 127.0.0.1 /Public/uploads/Admin/image/20170303/20170303101137.jpg
INFO: [ app_init ] --START--
INFO: Run Behavior\BuildLiteBehavior [ RunTime:0.000050s ]
INFO: [ app_init ] --END-- [ RunTime:0.001591s ]
ERR: 无法加载模块:Public

[ 2017-03-03T15:36:21+08:00 ] 127.0.0.1 /Public/Webmall/images/page/r-kf-ico.jpg
INFO: [ app_init ] --START--
INFO: Run Behavior\BuildLiteBehavior [ RunTime:0.000030s ]
INFO: [ app_init ] --END-- [ RunTime:0.000773s ]
ERR: 无法加载模块:Public

[ 2017-03-03T15:36:23+08:00 ] 127.0.0.1 /Public/Webmall/css/flexslider.css
INFO: [ app_init ] --START--
INFO: Run Behavior\BuildLiteBehavior [ RunTime:0.000028s ]
INFO: [ app_init ] --END-- [ RunTime:0.000764s ]
ERR: 无法加载模块:Public

[ 2017-03-03T15:36:23+08:00 ] 127.0.0.1 /Public/Webmall/css/bootstrap.css.map
INFO: [ app_init ] --START--
INFO: Run Behavior\BuildLiteBehavior [ RunTime:0.000019s ]
INFO: [ app_init ] --END-- [ RunTime:0.000619s ]
ERR: 无法加载模块:Public

[ 2017-03-03T15:46:05+08:00 ] 127.0.0.1 /Public/uploads/Admin/image/20170303/20170303101137.jpg
INFO: [ app_init ] --START--
INFO: Run Behavior\BuildLiteBehavior [ RunTime:0.000023s ]
INFO: [ app_init ] --END-- [ RunTime:0.001117s ]
ERR: 无法加载模块:Public

[ 2017-03-03T15:46:05+08:00 ] 127.0.0.1 /Public/Webmall/images/page/r-kf-ico.jpg
INFO: [ app_init ] --START--
INFO: Run Behavior\BuildLiteBehavior [ RunTime:0.000020s ]
INFO: [ app_init ] --END-- [ RunTime:0.000673s ]
ERR: 无法加载模块:Public

[ 2017-03-03T15:46:31+08:00 ] 127.0.0.1 /Public/Webmall/css/flexslider.css
INFO: [ app_init ] --START--
INFO: Run Behavior\BuildLiteBehavior [ RunTime:0.000020s ]
INFO: [ app_init ] --END-- [ RunTime:0.000532s ]
ERR: 无法加载模块:Public

[ 2017-03-03T15:46:51+08:00 ] 127.0.0.1 /Public/Webmall/css/flexslider.css
INFO: [ app_init ] --START--
INFO: Run Behavior\BuildLiteBehavior [ RunTime:0.000019s ]
INFO: [ app_init ] --END-- [ RunTime:0.000589s ]
ERR: 无法加载模块:Public

[ 2017-03-03T15:46:51+08:00 ] 127.0.0.1 /Public/Webmall/css/bootstrap.css.map
INFO: [ app_init ] --START--
INFO: Run Behavior\BuildLiteBehavior [ RunTime:0.000039s ]
INFO: [ app_init ] --END-- [ RunTime:0.000891s ]
ERR: 无法加载模块:Public

[ 2017-03-03T15:47:42+08:00 ] 127.0.0.1 /Public/Webmall/css/flexslider.css
INFO: [ app_init ] --START--
INFO: Run Behavior\BuildLiteBehavior [ RunTime:0.000025s ]
INFO: [ app_init ] --END-- [ RunTime:0.000740s ]
ERR: 无法加载模块:Public

[ 2017-03-03T15:48:18+08:00 ] 127.0.0.1 /Public/Webmall/css/flexslider.css
INFO: [ app_init ] --START--
INFO: Run Behavior\BuildLiteBehavior [ RunTime:0.000021s ]
INFO: [ app_init ] --END-- [ RunTime:0.000600s ]
ERR: 无法加载模块:Public

[ 2017-03-03T15:48:18+08:00 ] 127.0.0.1 /Public/Webmall/css/bootstrap.css.map
INFO: [ app_init ] --START--
INFO: Run Behavior\BuildLiteBehavior [ RunTime:0.000035s ]
INFO: [ app_init ] --END-- [ RunTime:0.001020s ]
ERR: 无法加载模块:Public

[ 2017-03-03T15:48:22+08:00 ] 127.0.0.1 /Public/uploads/Admin/image/20170303/20170303101137.jpg
INFO: [ app_init ] --START--
INFO: Run Behavior\BuildLiteBehavior [ RunTime:0.000022s ]
INFO: [ app_init ] --END-- [ RunTime:0.000635s ]
ERR: 无法加载模块:Public

[ 2017-03-03T15:48:22+08:00 ] 127.0.0.1 /Public/Webmall/images/page/r-kf-ico.jpg
INFO: [ app_init ] --START--
INFO: Run Behavior\BuildLiteBehavior [ RunTime:0.000021s ]
INFO: [ app_init ] --END-- [ RunTime:0.000666s ]
ERR: 无法加载模块:Public

[ 2017-03-03T15:48:23+08:00 ] 127.0.0.1 /Public/Webmall/css/flexslider.css
INFO: [ app_init ] --START--
INFO: Run Behavior\BuildLiteBehavior [ RunTime:0.000026s ]
INFO: [ app_init ] --END-- [ RunTime:0.000713s ]
ERR: 无法加载模块:Public

[ 2017-03-03T15:48:23+08:00 ] 127.0.0.1 /Public/Webmall/css/bootstrap.css.map
INFO: [ app_init ] --START--
INFO: Run Behavior\BuildLiteBehavior [ RunTime:0.000019s ]
INFO: [ app_init ] --END-- [ RunTime:0.000620s ]
ERR: 无法加载模块:Public

[ 2017-03-03T15:48:33+08:00 ] 127.0.0.1 /Public/Webmall/css/flexslider.css
INFO: [ app_init ] --START--
INFO: Run Behavior\BuildLiteBehavior [ RunTime:0.000022s ]
INFO: [ app_init ] --END-- [ RunTime:0.000639s ]
ERR: 无法加载模块:Public

[ 2017-03-03T15:48:33+08:00 ] 127.0.0.1 /Public/Webmall/css/bootstrap.css.map
INFO: [ app_init ] --START--
INFO: Run Behavior\BuildLiteBehavior [ RunTime:0.000020s ]
INFO: [ app_init ] --END-- [ RunTime:0.000551s ]
ERR: 无法加载模块:Public

