[ 2017-02-26T14:19:25+08:00 ] 127.0.0.1 /favicon.ico
INFO: [ app_init ] --START--
INFO: Run Behavior\BuildLiteBehavior [ RunTime:0.000019s ]
INFO: [ app_init ] --END-- [ RunTime:0.000719s ]
ERR: 无法加载模块:Favicon

[ 2017-02-26T14:36:33+08:00 ] 127.0.0.1 /favicon.ico
INFO: [ app_init ] --START--
INFO: Run Behavior\BuildLiteBehavior [ RunTime:0.000024s ]
INFO: [ app_init ] --END-- [ RunTime:0.000712s ]
ERR: 无法加载模块:Favicon

[ 2017-02-26T14:45:50+08:00 ] 127.0.0.1 /favicon.ico
INFO: [ app_init ] --START--
INFO: Run Behavior\BuildLiteBehavior [ RunTime:0.000018s ]
INFO: [ app_init ] --END-- [ RunTime:0.000680s ]
ERR: 无法加载模块:Favicon

[ 2017-02-26T14:49:18+08:00 ] 127.0.0.1 /Public/Admin/images/loginbg.png
INFO: [ app_init ] --START--
INFO: Run Behavior\BuildLiteBehavior [ RunTime:0.000022s ]
INFO: [ app_init ] --END-- [ RunTime:0.000648s ]
ERR: 无法加载模块:Public

[ 2017-02-26T14:51:16+08:00 ] 127.0.0.1 /Public/Admin/images/loginbg.png
INFO: [ app_init ] --START--
INFO: Run Behavior\BuildLiteBehavior [ RunTime:0.000020s ]
INFO: [ app_init ] --END-- [ RunTime:0.000594s ]
ERR: 无法加载模块:Public

