[ 2017-02-28T08:58:09+08:00 ] 127.0.0.1 /static/edu/images/page/avatar-boy.gif?v=1486141236265
INFO: [ app_init ] --START--
INFO: Run Behavior\BuildLiteBehavior [ RunTime:0.000029s ]
INFO: [ app_init ] --END-- [ RunTime:0.000875s ]
ERR: 无法加载模块:Static

[ 2017-02-28T08:59:28+08:00 ] 127.0.0.1 /static/edu/images/page/avatar-boy.gif?v=1486141236265
INFO: [ app_init ] --START--
INFO: Run Behavior\BuildLiteBehavior [ RunTime:0.000039s ]
INFO: [ app_init ] --END-- [ RunTime:0.001104s ]
ERR: 无法加载模块:Static

[ 2017-02-28T14:55:09+08:00 ] 127.0.0.1 /Public/Webmall/css/flexslider.css
INFO: [ app_init ] --START--
INFO: Run Behavior\BuildLiteBehavior [ RunTime:0.000029s ]
INFO: [ app_init ] --END-- [ RunTime:0.000992s ]
ERR: 无法加载模块:Public

[ 2017-02-28T14:55:14+08:00 ] 127.0.0.1 /Public/Webmall/images/page/r-kf-ico.jpg
INFO: [ app_init ] --START--
INFO: Run Behavior\BuildLiteBehavior [ RunTime:0.000021s ]
INFO: [ app_init ] --END-- [ RunTime:0.000717s ]
ERR: 无法加载模块:Public

[ 2017-02-28T14:55:14+08:00 ] 127.0.0.1 /static/edu/images/page/avatar-boy.gif?v=1486141236265
INFO: [ app_init ] --START--
INFO: Run Behavior\BuildLiteBehavior [ RunTime:0.000025s ]
INFO: [ app_init ] --END-- [ RunTime:0.001064s ]
ERR: 无法加载模块:Static

[ 2017-02-28T15:01:44+08:00 ] 127.0.0.1 /static/edu/images/c-free-img.png
INFO: [ app_init ] --START--
INFO: Run Behavior\BuildLiteBehavior [ RunTime:0.000021s ]
INFO: [ app_init ] --END-- [ RunTime:0.000715s ]
ERR: 无法加载模块:Static

[ 2017-02-28T15:01:44+08:00 ] 127.0.0.1 /user/loginuser.json
INFO: [ app_init ] --START--
INFO: Run Behavior\BuildLiteBehavior [ RunTime:0.000019s ]
INFO: [ app_init ] --END-- [ RunTime:0.000717s ]
ERR: 无法加载模块:User

[ 2017-02-28T15:01:44+08:00 ] 127.0.0.1 /Public/Webmall/images/page/vido-bg.png
INFO: [ app_init ] --START--
INFO: Run Behavior\BuildLiteBehavior [ RunTime:0.000019s ]
INFO: [ app_init ] --END-- [ RunTime:0.000682s ]
ERR: 无法加载模块:Public

[ 2017-02-28T15:01:44+08:00 ] 127.0.0.1 /ajax/websiteProfile/online.json
INFO: [ app_init ] --START--
INFO: Run Behavior\BuildLiteBehavior [ RunTime:0.000021s ]
INFO: [ app_init ] --END-- [ RunTime:0.000745s ]
ERR: 无法加载模块:Ajax

[ 2017-02-28T15:01:44+08:00 ] 127.0.0.1 /shopCart/ajax/shopcartnums.json
INFO: [ app_init ] --START--
INFO: Run Behavior\BuildLiteBehavior [ RunTime:0.000019s ]
INFO: [ app_init ] --END-- [ RunTime:0.000804s ]
ERR: 无法加载模块:ShopCart

[ 2017-02-28T15:02:44+08:00 ] 127.0.0.1 /Public/Webmall/images/page/vido-bg.png
INFO: [ app_init ] --START--
INFO: Run Behavior\BuildLiteBehavior [ RunTime:0.000035s ]
INFO: [ app_init ] --END-- [ RunTime:0.000633s ]
ERR: 无法加载模块:Public

[ 2017-02-28T15:02:48+08:00 ] 127.0.0.1 /user/loginuser.json
INFO: [ app_init ] --START--
INFO: Run Behavior\BuildLiteBehavior [ RunTime:0.000020s ]
INFO: [ app_init ] --END-- [ RunTime:0.000655s ]
ERR: 无法加载模块:User

[ 2017-02-28T15:02:48+08:00 ] 127.0.0.1 /shopCart/ajax/shopcartnums.json
INFO: [ app_init ] --START--
INFO: Run Behavior\BuildLiteBehavior [ RunTime:0.000019s ]
INFO: [ app_init ] --END-- [ RunTime:0.000617s ]
ERR: 无法加载模块:ShopCart

[ 2017-02-28T15:02:48+08:00 ] 127.0.0.1 /ajax/websiteProfile/online.json
INFO: [ app_init ] --START--
INFO: Run Behavior\BuildLiteBehavior [ RunTime:0.000019s ]
INFO: [ app_init ] --END-- [ RunTime:0.000711s ]
ERR: 无法加载模块:Ajax

[ 2017-02-28T15:15:32+08:00 ] 127.0.0.1 /Public/Webmall/images/page/vido-bg.png
INFO: [ app_init ] --START--
INFO: Run Behavior\BuildLiteBehavior [ RunTime:0.000020s ]
INFO: [ app_init ] --END-- [ RunTime:0.000695s ]
ERR: 无法加载模块:Public

[ 2017-02-28T15:15:32+08:00 ] 127.0.0.1 /static/edu/images/c-free-img.png
INFO: [ app_init ] --START--
INFO: Run Behavior\BuildLiteBehavior [ RunTime:0.000039s ]
INFO: [ app_init ] --END-- [ RunTime:0.000780s ]
ERR: 无法加载模块:Static

[ 2017-02-28T15:15:33+08:00 ] 127.0.0.1 /user/loginuser.json
INFO: [ app_init ] --START--
INFO: Run Behavior\BuildLiteBehavior [ RunTime:0.000023s ]
INFO: [ app_init ] --END-- [ RunTime:0.000766s ]
ERR: 无法加载模块:User

[ 2017-02-28T15:15:33+08:00 ] 127.0.0.1 /shopCart/ajax/shopcartnums.json
INFO: [ app_init ] --START--
INFO: Run Behavior\BuildLiteBehavior [ RunTime:0.000019s ]
INFO: [ app_init ] --END-- [ RunTime:0.000659s ]
ERR: 无法加载模块:ShopCart

[ 2017-02-28T15:15:33+08:00 ] 127.0.0.1 /ajax/websiteProfile/online.json
INFO: [ app_init ] --START--
INFO: Run Behavior\BuildLiteBehavior [ RunTime:0.000018s ]
INFO: [ app_init ] --END-- [ RunTime:0.000638s ]
ERR: 无法加载模块:Ajax

[ 2017-02-28T15:24:19+08:00 ] 127.0.0.1 /static/common/images/user_default.jpg?v=1488214838562
INFO: [ app_init ] --START--
INFO: Run Behavior\BuildLiteBehavior [ RunTime:0.000022s ]
INFO: [ app_init ] --END-- [ RunTime:0.000736s ]
ERR: 无法加载模块:Static

[ 2017-02-28T15:24:19+08:00 ] 127.0.0.1 /Public/Webmall/images/page/vido-bg.png
INFO: [ app_init ] --START--
INFO: Run Behavior\BuildLiteBehavior [ RunTime:0.000027s ]
INFO: [ app_init ] --END-- [ RunTime:0.000634s ]
ERR: 无法加载模块:Public

[ 2017-02-28T15:24:19+08:00 ] 127.0.0.1 /static/edu/images/c-free-img.png
INFO: [ app_init ] --START--
INFO: Run Behavior\BuildLiteBehavior [ RunTime:0.000019s ]
INFO: [ app_init ] --END-- [ RunTime:0.000737s ]
ERR: 无法加载模块:Static

[ 2017-02-28T15:24:19+08:00 ] 127.0.0.1 /user/loginuser.json
INFO: [ app_init ] --START--
INFO: Run Behavior\BuildLiteBehavior [ RunTime:0.000019s ]
INFO: [ app_init ] --END-- [ RunTime:0.000688s ]
ERR: 无法加载模块:User

[ 2017-02-28T15:24:20+08:00 ] 127.0.0.1 /shopCart/ajax/shopcartnums.json
INFO: [ app_init ] --START--
INFO: Run Behavior\BuildLiteBehavior [ RunTime:0.000019s ]
INFO: [ app_init ] --END-- [ RunTime:0.001256s ]
ERR: 无法加载模块:ShopCart

[ 2017-02-28T15:24:20+08:00 ] 127.0.0.1 /ajax/websiteProfile/online.json
INFO: [ app_init ] --START--
INFO: Run Behavior\BuildLiteBehavior [ RunTime:0.000017s ]
INFO: [ app_init ] --END-- [ RunTime:0.000674s ]
ERR: 无法加载模块:Ajax

[ 2017-02-28T15:24:42+08:00 ] 127.0.0.1 /static/common/images/user_default.jpg?v=1488214838562
INFO: [ app_init ] --START--
INFO: Run Behavior\BuildLiteBehavior [ RunTime:0.000021s ]
INFO: [ app_init ] --END-- [ RunTime:0.000793s ]
ERR: 无法加载模块:Static

[ 2017-02-28T15:24:42+08:00 ] 127.0.0.1 /Public/Webmall/images/page/vido-bg.png
INFO: [ app_init ] --START--
INFO: Run Behavior\BuildLiteBehavior [ RunTime:0.000023s ]
INFO: [ app_init ] --END-- [ RunTime:0.000628s ]
ERR: 无法加载模块:Public

[ 2017-02-28T15:24:42+08:00 ] 127.0.0.1 /static/edu/images/c-free-img.png
INFO: [ app_init ] --START--
INFO: Run Behavior\BuildLiteBehavior [ RunTime:0.000019s ]
INFO: [ app_init ] --END-- [ RunTime:0.000640s ]
ERR: 无法加载模块:Static

[ 2017-02-28T15:24:42+08:00 ] 127.0.0.1 /user/loginuser.json
INFO: [ app_init ] --START--
INFO: Run Behavior\BuildLiteBehavior [ RunTime:0.000029s ]
INFO: [ app_init ] --END-- [ RunTime:0.000897s ]
ERR: 无法加载模块:User

[ 2017-02-28T15:24:43+08:00 ] 127.0.0.1 /shopCart/ajax/shopcartnums.json
INFO: [ app_init ] --START--
INFO: Run Behavior\BuildLiteBehavior [ RunTime:0.000018s ]
INFO: [ app_init ] --END-- [ RunTime:0.000589s ]
ERR: 无法加载模块:ShopCart

[ 2017-02-28T15:24:43+08:00 ] 127.0.0.1 /ajax/websiteProfile/online.json
INFO: [ app_init ] --START--
INFO: Run Behavior\BuildLiteBehavior [ RunTime:0.000018s ]
INFO: [ app_init ] --END-- [ RunTime:0.000649s ]
ERR: 无法加载模块:Ajax

[ 2017-02-28T15:27:33+08:00 ] 127.0.0.1 /static/common/images/user_default.jpg?v=1488214838562
INFO: [ app_init ] --START--
INFO: Run Behavior\BuildLiteBehavior [ RunTime:0.000019s ]
INFO: [ app_init ] --END-- [ RunTime:0.000605s ]
ERR: 无法加载模块:Static

[ 2017-02-28T15:27:33+08:00 ] 127.0.0.1 /Public/Webmall/images/page/vido-bg.png
INFO: [ app_init ] --START--
INFO: Run Behavior\BuildLiteBehavior [ RunTime:0.000037s ]
INFO: [ app_init ] --END-- [ RunTime:0.000790s ]
ERR: 无法加载模块:Public

[ 2017-02-28T15:27:33+08:00 ] 127.0.0.1 /static/edu/images/c-free-img.png
INFO: [ app_init ] --START--
INFO: Run Behavior\BuildLiteBehavior [ RunTime:0.000020s ]
INFO: [ app_init ] --END-- [ RunTime:0.000662s ]
ERR: 无法加载模块:Static

[ 2017-02-28T15:27:33+08:00 ] 127.0.0.1 /user/loginuser.json
INFO: [ app_init ] --START--
INFO: Run Behavior\BuildLiteBehavior [ RunTime:0.000053s ]
INFO: [ app_init ] --END-- [ RunTime:0.001340s ]
ERR: 无法加载模块:User

[ 2017-02-28T15:27:34+08:00 ] 127.0.0.1 /shopCart/ajax/shopcartnums.json
INFO: [ app_init ] --START--
INFO: Run Behavior\BuildLiteBehavior [ RunTime:0.000022s ]
INFO: [ app_init ] --END-- [ RunTime:0.000681s ]
ERR: 无法加载模块:ShopCart

[ 2017-02-28T15:27:34+08:00 ] 127.0.0.1 /ajax/websiteProfile/online.json
INFO: [ app_init ] --START--
INFO: Run Behavior\BuildLiteBehavior [ RunTime:0.000022s ]
INFO: [ app_init ] --END-- [ RunTime:0.000628s ]
ERR: 无法加载模块:Ajax

[ 2017-02-28T15:28:46+08:00 ] 127.0.0.1 /Public/Webmall/images/page/vido-bg.png
INFO: [ app_init ] --START--
INFO: Run Behavior\BuildLiteBehavior [ RunTime:0.000025s ]
INFO: [ app_init ] --END-- [ RunTime:0.000590s ]
ERR: 无法加载模块:Public

[ 2017-02-28T15:28:46+08:00 ] 127.0.0.1 /static/edu/images/c-free-img.png
INFO: [ app_init ] --START--
INFO: Run Behavior\BuildLiteBehavior [ RunTime:0.000021s ]
INFO: [ app_init ] --END-- [ RunTime:0.000634s ]
ERR: 无法加载模块:Static

[ 2017-02-28T15:28:46+08:00 ] 127.0.0.1 /user/loginuser.json
INFO: [ app_init ] --START--
INFO: Run Behavior\BuildLiteBehavior [ RunTime:0.000033s ]
INFO: [ app_init ] --END-- [ RunTime:0.001035s ]
ERR: 无法加载模块:User

[ 2017-02-28T15:28:47+08:00 ] 127.0.0.1 /shopCart/ajax/shopcartnums.json
INFO: [ app_init ] --START--
INFO: Run Behavior\BuildLiteBehavior [ RunTime:0.000055s ]
INFO: [ app_init ] --END-- [ RunTime:0.000755s ]
ERR: 无法加载模块:ShopCart

[ 2017-02-28T15:28:47+08:00 ] 127.0.0.1 /ajax/websiteProfile/online.json
INFO: [ app_init ] --START--
INFO: Run Behavior\BuildLiteBehavior [ RunTime:0.000025s ]
INFO: [ app_init ] --END-- [ RunTime:0.000817s ]
ERR: 无法加载模块:Ajax

[ 2017-02-28T15:30:21+08:00 ] 127.0.0.1 /static/edu/images/c-free-img.png
INFO: [ app_init ] --START--
INFO: Run Behavior\BuildLiteBehavior [ RunTime:0.000024s ]
INFO: [ app_init ] --END-- [ RunTime:0.000793s ]
ERR: 无法加载模块:Static

[ 2017-02-28T15:30:21+08:00 ] 127.0.0.1 /Public/Webmall/images/page/vido-bg.png
INFO: [ app_init ] --START--
INFO: Run Behavior\BuildLiteBehavior [ RunTime:0.000023s ]
INFO: [ app_init ] --END-- [ RunTime:0.000843s ]
ERR: 无法加载模块:Public

[ 2017-02-28T15:30:21+08:00 ] 127.0.0.1 /user/loginuser.json
INFO: [ app_init ] --START--
INFO: Run Behavior\BuildLiteBehavior [ RunTime:0.000023s ]
INFO: [ app_init ] --END-- [ RunTime:0.000773s ]
ERR: 无法加载模块:User

[ 2017-02-28T15:30:21+08:00 ] 127.0.0.1 /shopCart/ajax/shopcartnums.json
INFO: [ app_init ] --START--
INFO: Run Behavior\BuildLiteBehavior [ RunTime:0.000035s ]
INFO: [ app_init ] --END-- [ RunTime:0.000745s ]
ERR: 无法加载模块:ShopCart

[ 2017-02-28T15:30:21+08:00 ] 127.0.0.1 /ajax/websiteProfile/online.json
INFO: [ app_init ] --START--
INFO: Run Behavior\BuildLiteBehavior [ RunTime:0.000073s ]
INFO: [ app_init ] --END-- [ RunTime:0.002078s ]
ERR: 无法加载模块:Ajax

[ 2017-02-28T15:30:42+08:00 ] 127.0.0.1 /Public/Webmall/images/page/vido-bg.png
INFO: [ app_init ] --START--
INFO: Run Behavior\BuildLiteBehavior [ RunTime:0.000022s ]
INFO: [ app_init ] --END-- [ RunTime:0.000690s ]
ERR: 无法加载模块:Public

[ 2017-02-28T15:30:42+08:00 ] 127.0.0.1 /static/edu/images/c-free-img.png
INFO: [ app_init ] --START--
INFO: Run Behavior\BuildLiteBehavior [ RunTime:0.000045s ]
INFO: [ app_init ] --END-- [ RunTime:0.000676s ]
ERR: 无法加载模块:Static

[ 2017-02-28T15:30:43+08:00 ] 127.0.0.1 /user/loginuser.json
INFO: [ app_init ] --START--
INFO: Run Behavior\BuildLiteBehavior [ RunTime:0.000024s ]
INFO: [ app_init ] --END-- [ RunTime:0.000641s ]
ERR: 无法加载模块:User

[ 2017-02-28T15:30:43+08:00 ] 127.0.0.1 /shopCart/ajax/shopcartnums.json
INFO: [ app_init ] --START--
INFO: Run Behavior\BuildLiteBehavior [ RunTime:0.000101s ]
INFO: [ app_init ] --END-- [ RunTime:0.001311s ]
ERR: 无法加载模块:ShopCart

[ 2017-02-28T15:30:43+08:00 ] 127.0.0.1 /ajax/websiteProfile/online.json
INFO: [ app_init ] --START--
INFO: Run Behavior\BuildLiteBehavior [ RunTime:0.000020s ]
INFO: [ app_init ] --END-- [ RunTime:0.000614s ]
ERR: 无法加载模块:Ajax

[ 2017-02-28T15:30:58+08:00 ] 127.0.0.1 /Public/Webmall/images/page/vido-bg.png
INFO: [ app_init ] --START--
INFO: Run Behavior\BuildLiteBehavior [ RunTime:0.000021s ]
INFO: [ app_init ] --END-- [ RunTime:0.000978s ]
ERR: 无法加载模块:Public

[ 2017-02-28T15:30:58+08:00 ] 127.0.0.1 /static/edu/images/c-free-img.png
INFO: [ app_init ] --START--
INFO: Run Behavior\BuildLiteBehavior [ RunTime:0.000051s ]
INFO: [ app_init ] --END-- [ RunTime:0.000951s ]
ERR: 无法加载模块:Static

[ 2017-02-28T15:30:59+08:00 ] 127.0.0.1 /user/loginuser.json
INFO: [ app_init ] --START--
INFO: Run Behavior\BuildLiteBehavior [ RunTime:0.000023s ]
INFO: [ app_init ] --END-- [ RunTime:0.000819s ]
ERR: 无法加载模块:User

[ 2017-02-28T15:30:59+08:00 ] 127.0.0.1 /shopCart/ajax/shopcartnums.json
INFO: [ app_init ] --START--
INFO: Run Behavior\BuildLiteBehavior [ RunTime:0.000020s ]
INFO: [ app_init ] --END-- [ RunTime:0.000728s ]
ERR: 无法加载模块:ShopCart

[ 2017-02-28T15:30:59+08:00 ] 127.0.0.1 /ajax/websiteProfile/online.json
INFO: [ app_init ] --START--
INFO: Run Behavior\BuildLiteBehavior [ RunTime:0.000020s ]
INFO: [ app_init ] --END-- [ RunTime:0.000641s ]
ERR: 无法加载模块:Ajax

[ 2017-02-28T15:31:21+08:00 ] 127.0.0.1 /Public/Webmall/images/page/vido-bg.png
INFO: [ app_init ] --START--
INFO: Run Behavior\BuildLiteBehavior [ RunTime:0.000020s ]
INFO: [ app_init ] --END-- [ RunTime:0.000853s ]
ERR: 无法加载模块:Public

[ 2017-02-28T15:31:21+08:00 ] 127.0.0.1 /static/edu/images/c-free-img.png
INFO: [ app_init ] --START--
INFO: Run Behavior\BuildLiteBehavior [ RunTime:0.000023s ]
INFO: [ app_init ] --END-- [ RunTime:0.001033s ]
ERR: 无法加载模块:Static

[ 2017-02-28T15:31:22+08:00 ] 127.0.0.1 /user/loginuser.json
INFO: [ app_init ] --START--
INFO: Run Behavior\BuildLiteBehavior [ RunTime:0.000045s ]
INFO: [ app_init ] --END-- [ RunTime:0.001280s ]
ERR: 无法加载模块:User

[ 2017-02-28T15:31:22+08:00 ] 127.0.0.1 /shopCart/ajax/shopcartnums.json
INFO: [ app_init ] --START--
INFO: Run Behavior\BuildLiteBehavior [ RunTime:0.000056s ]
INFO: [ app_init ] --END-- [ RunTime:0.000797s ]
ERR: 无法加载模块:ShopCart

[ 2017-02-28T15:31:22+08:00 ] 127.0.0.1 /ajax/websiteProfile/online.json
INFO: [ app_init ] --START--
INFO: Run Behavior\BuildLiteBehavior [ RunTime:0.000019s ]
INFO: [ app_init ] --END-- [ RunTime:0.000679s ]
ERR: 无法加载模块:Ajax

[ 2017-02-28T15:42:49+08:00 ] 127.0.0.1 /Public/Webmall/images/page/vido-bg.png
INFO: [ app_init ] --START--
INFO: Run Behavior\BuildLiteBehavior [ RunTime:0.000025s ]
INFO: [ app_init ] --END-- [ RunTime:0.000705s ]
ERR: 无法加载模块:Public

[ 2017-02-28T15:42:49+08:00 ] 127.0.0.1 /static/edu/images/c-free-img.png
INFO: [ app_init ] --START--
INFO: Run Behavior\BuildLiteBehavior [ RunTime:0.000025s ]
INFO: [ app_init ] --END-- [ RunTime:0.000816s ]
ERR: 无法加载模块:Static

[ 2017-02-28T15:42:50+08:00 ] 127.0.0.1 /user/loginuser.json
INFO: [ app_init ] --START--
INFO: Run Behavior\BuildLiteBehavior [ RunTime:0.000027s ]
INFO: [ app_init ] --END-- [ RunTime:0.000719s ]
ERR: 无法加载模块:User

[ 2017-02-28T15:42:50+08:00 ] 127.0.0.1 /shopCart/ajax/shopcartnums.json
INFO: [ app_init ] --START--
INFO: Run Behavior\BuildLiteBehavior [ RunTime:0.000020s ]
INFO: [ app_init ] --END-- [ RunTime:0.000642s ]
ERR: 无法加载模块:ShopCart

[ 2017-02-28T15:42:50+08:00 ] 127.0.0.1 /ajax/websiteProfile/online.json
INFO: [ app_init ] --START--
INFO: Run Behavior\BuildLiteBehavior [ RunTime:0.000022s ]
INFO: [ app_init ] --END-- [ RunTime:0.000691s ]
ERR: 无法加载模块:Ajax

[ 2017-02-28T15:45:29+08:00 ] 127.0.0.1 /Public/Webmall/images/page/vido-bg.png
INFO: [ app_init ] --START--
INFO: Run Behavior\BuildLiteBehavior [ RunTime:0.000022s ]
INFO: [ app_init ] --END-- [ RunTime:0.000639s ]
ERR: 无法加载模块:Public

[ 2017-02-28T15:45:29+08:00 ] 127.0.0.1 /static/edu/images/c-free-img.png
INFO: [ app_init ] --START--
INFO: Run Behavior\BuildLiteBehavior [ RunTime:0.000022s ]
INFO: [ app_init ] --END-- [ RunTime:0.000620s ]
ERR: 无法加载模块:Static

[ 2017-02-28T15:45:29+08:00 ] 127.0.0.1 /user/loginuser.json
INFO: [ app_init ] --START--
INFO: Run Behavior\BuildLiteBehavior [ RunTime:0.000020s ]
INFO: [ app_init ] --END-- [ RunTime:0.000573s ]
ERR: 无法加载模块:User

[ 2017-02-28T15:45:30+08:00 ] 127.0.0.1 /shopCart/ajax/shopcartnums.json
INFO: [ app_init ] --START--
INFO: Run Behavior\BuildLiteBehavior [ RunTime:0.000026s ]
INFO: [ app_init ] --END-- [ RunTime:0.000669s ]
ERR: 无法加载模块:ShopCart

[ 2017-02-28T15:45:30+08:00 ] 127.0.0.1 /ajax/websiteProfile/online.json
INFO: [ app_init ] --START--
INFO: Run Behavior\BuildLiteBehavior [ RunTime:0.000024s ]
INFO: [ app_init ] --END-- [ RunTime:0.000676s ]
ERR: 无法加载模块:Ajax

[ 2017-02-28T15:46:21+08:00 ] 127.0.0.1 /Public/Webmall/images/page/vido-bg.png
INFO: [ app_init ] --START--
INFO: Run Behavior\BuildLiteBehavior [ RunTime:0.000022s ]
INFO: [ app_init ] --END-- [ RunTime:0.000692s ]
ERR: 无法加载模块:Public

[ 2017-02-28T15:46:21+08:00 ] 127.0.0.1 /static/edu/images/c-free-img.png
INFO: [ app_init ] --START--
INFO: Run Behavior\BuildLiteBehavior [ RunTime:0.000022s ]
INFO: [ app_init ] --END-- [ RunTime:0.000607s ]
ERR: 无法加载模块:Static

[ 2017-02-28T15:46:21+08:00 ] 127.0.0.1 /user/loginuser.json
INFO: [ app_init ] --START--
INFO: Run Behavior\BuildLiteBehavior [ RunTime:0.000022s ]
INFO: [ app_init ] --END-- [ RunTime:0.000679s ]
ERR: 无法加载模块:User

[ 2017-02-28T15:46:21+08:00 ] 127.0.0.1 /shopCart/ajax/shopcartnums.json
INFO: [ app_init ] --START--
INFO: Run Behavior\BuildLiteBehavior [ RunTime:0.000022s ]
INFO: [ app_init ] --END-- [ RunTime:0.000638s ]
ERR: 无法加载模块:ShopCart

[ 2017-02-28T15:46:21+08:00 ] 127.0.0.1 /ajax/websiteProfile/online.json
INFO: [ app_init ] --START--
INFO: Run Behavior\BuildLiteBehavior [ RunTime:0.000020s ]
INFO: [ app_init ] --END-- [ RunTime:0.000590s ]
ERR: 无法加载模块:Ajax

[ 2017-02-28T15:47:27+08:00 ] 127.0.0.1 /Public/Webmall/images/page/vido-bg.png
INFO: [ app_init ] --START--
INFO: Run Behavior\BuildLiteBehavior [ RunTime:0.000032s ]
INFO: [ app_init ] --END-- [ RunTime:0.000675s ]
ERR: 无法加载模块:Public

[ 2017-02-28T15:47:27+08:00 ] 127.0.0.1 /static/edu/images/c-free-img.png
INFO: [ app_init ] --START--
INFO: Run Behavior\BuildLiteBehavior [ RunTime:0.000062s ]
INFO: [ app_init ] --END-- [ RunTime:0.001232s ]
ERR: 无法加载模块:Static

[ 2017-02-28T15:47:28+08:00 ] 127.0.0.1 /user/loginuser.json
INFO: [ app_init ] --START--
INFO: Run Behavior\BuildLiteBehavior [ RunTime:0.000029s ]
INFO: [ app_init ] --END-- [ RunTime:0.001017s ]
ERR: 无法加载模块:User

[ 2017-02-28T15:47:28+08:00 ] 127.0.0.1 /shopCart/ajax/shopcartnums.json
INFO: [ app_init ] --START--
INFO: Run Behavior\BuildLiteBehavior [ RunTime:0.000025s ]
INFO: [ app_init ] --END-- [ RunTime:0.000804s ]
ERR: 无法加载模块:ShopCart

[ 2017-02-28T15:47:28+08:00 ] 127.0.0.1 /ajax/websiteProfile/online.json
INFO: [ app_init ] --START--
INFO: Run Behavior\BuildLiteBehavior [ RunTime:0.000023s ]
INFO: [ app_init ] --END-- [ RunTime:0.000711s ]
ERR: 无法加载模块:Ajax

[ 2017-02-28T15:52:35+08:00 ] 127.0.0.1 /static/edu/images/c-free-img.png
INFO: [ app_init ] --START--
INFO: Run Behavior\BuildLiteBehavior [ RunTime:0.000020s ]
INFO: [ app_init ] --END-- [ RunTime:0.000647s ]
ERR: 无法加载模块:Static

[ 2017-02-28T15:52:35+08:00 ] 127.0.0.1 /Public/Webmall/images/page/vido-bg.png
INFO: [ app_init ] --START--
INFO: Run Behavior\BuildLiteBehavior [ RunTime:0.000035s ]
INFO: [ app_init ] --END-- [ RunTime:0.000608s ]
ERR: 无法加载模块:Public

[ 2017-02-28T15:52:36+08:00 ] 127.0.0.1 /user/loginuser.json
INFO: [ app_init ] --START--
INFO: Run Behavior\BuildLiteBehavior [ RunTime:0.000116s ]
INFO: [ app_init ] --END-- [ RunTime:0.001355s ]
ERR: 无法加载模块:User

[ 2017-02-28T15:52:36+08:00 ] 127.0.0.1 /ajax/websiteProfile/online.json
INFO: [ app_init ] --START--
INFO: Run Behavior\BuildLiteBehavior [ RunTime:0.000034s ]
INFO: [ app_init ] --END-- [ RunTime:0.001132s ]
ERR: 无法加载模块:Ajax

[ 2017-02-28T15:52:36+08:00 ] 127.0.0.1 /shopCart/ajax/shopcartnums.json
INFO: [ app_init ] --START--
INFO: Run Behavior\BuildLiteBehavior [ RunTime:0.000027s ]
INFO: [ app_init ] --END-- [ RunTime:0.000770s ]
ERR: 无法加载模块:ShopCart

[ 2017-02-28T15:52:53+08:00 ] 127.0.0.1 /Public/Webmall/images/page/vido-bg.png
INFO: [ app_init ] --START--
INFO: Run Behavior\BuildLiteBehavior [ RunTime:0.000019s ]
INFO: [ app_init ] --END-- [ RunTime:0.000606s ]
ERR: 无法加载模块:Public

[ 2017-02-28T15:52:53+08:00 ] 127.0.0.1 /static/edu/images/c-free-img.png
INFO: [ app_init ] --START--
INFO: Run Behavior\BuildLiteBehavior [ RunTime:0.000020s ]
INFO: [ app_init ] --END-- [ RunTime:0.000661s ]
ERR: 无法加载模块:Static

[ 2017-02-28T15:52:54+08:00 ] 127.0.0.1 /user/loginuser.json
INFO: [ app_init ] --START--
INFO: Run Behavior\BuildLiteBehavior [ RunTime:0.000019s ]
INFO: [ app_init ] --END-- [ RunTime:0.000609s ]
ERR: 无法加载模块:User

[ 2017-02-28T15:52:54+08:00 ] 127.0.0.1 /shopCart/ajax/shopcartnums.json
INFO: [ app_init ] --START--
INFO: Run Behavior\BuildLiteBehavior [ RunTime:0.000022s ]
INFO: [ app_init ] --END-- [ RunTime:0.000622s ]
ERR: 无法加载模块:ShopCart

[ 2017-02-28T15:52:54+08:00 ] 127.0.0.1 /ajax/websiteProfile/online.json
INFO: [ app_init ] --START--
INFO: Run Behavior\BuildLiteBehavior [ RunTime:0.000022s ]
INFO: [ app_init ] --END-- [ RunTime:0.000594s ]
ERR: 无法加载模块:Ajax

[ 2017-02-28T15:57:36+08:00 ] 127.0.0.1 /Public/Webmall/images/page/vido-bg.png
INFO: [ app_init ] --START--
INFO: Run Behavior\BuildLiteBehavior [ RunTime:0.000019s ]
INFO: [ app_init ] --END-- [ RunTime:0.000693s ]
ERR: 无法加载模块:Public

[ 2017-02-28T15:57:36+08:00 ] 127.0.0.1 /static/edu/images/c-free-img.png
INFO: [ app_init ] --START--
INFO: Run Behavior\BuildLiteBehavior [ RunTime:0.000020s ]
INFO: [ app_init ] --END-- [ RunTime:0.000683s ]
ERR: 无法加载模块:Static

[ 2017-02-28T15:57:37+08:00 ] 127.0.0.1 /user/loginuser.json
INFO: [ app_init ] --START--
INFO: Run Behavior\BuildLiteBehavior [ RunTime:0.000020s ]
INFO: [ app_init ] --END-- [ RunTime:0.000771s ]
ERR: 无法加载模块:User

[ 2017-02-28T15:57:37+08:00 ] 127.0.0.1 /shopCart/ajax/shopcartnums.json
INFO: [ app_init ] --START--
INFO: Run Behavior\BuildLiteBehavior [ RunTime:0.000023s ]
INFO: [ app_init ] --END-- [ RunTime:0.001150s ]
ERR: 无法加载模块:ShopCart

[ 2017-02-28T15:57:37+08:00 ] 127.0.0.1 /ajax/websiteProfile/online.json
INFO: [ app_init ] --START--
INFO: Run Behavior\BuildLiteBehavior [ RunTime:0.000023s ]
INFO: [ app_init ] --END-- [ RunTime:0.000712s ]
ERR: 无法加载模块:Ajax

[ 2017-02-28T15:58:03+08:00 ] 127.0.0.1 /static/edu/images/c-free-img.png
INFO: [ app_init ] --START--
INFO: Run Behavior\BuildLiteBehavior [ RunTime:0.000026s ]
INFO: [ app_init ] --END-- [ RunTime:0.000634s ]
ERR: 无法加载模块:Static

[ 2017-02-28T15:58:03+08:00 ] 127.0.0.1 /Public/Webmall/images/page/vido-bg.png
INFO: [ app_init ] --START--
INFO: Run Behavior\BuildLiteBehavior [ RunTime:0.000022s ]
INFO: [ app_init ] --END-- [ RunTime:0.000613s ]
ERR: 无法加载模块:Public

[ 2017-02-28T15:58:03+08:00 ] 127.0.0.1 /user/loginuser.json
INFO: [ app_init ] --START--
INFO: Run Behavior\BuildLiteBehavior [ RunTime:0.000021s ]
INFO: [ app_init ] --END-- [ RunTime:0.000588s ]
ERR: 无法加载模块:User

[ 2017-02-28T15:58:04+08:00 ] 127.0.0.1 /shopCart/ajax/shopcartnums.json
INFO: [ app_init ] --START--
INFO: Run Behavior\BuildLiteBehavior [ RunTime:0.000027s ]
INFO: [ app_init ] --END-- [ RunTime:0.000940s ]
ERR: 无法加载模块:ShopCart

[ 2017-02-28T15:58:04+08:00 ] 127.0.0.1 /ajax/websiteProfile/online.json
INFO: [ app_init ] --START--
INFO: Run Behavior\BuildLiteBehavior [ RunTime:0.000022s ]
INFO: [ app_init ] --END-- [ RunTime:0.000704s ]
ERR: 无法加载模块:Ajax

[ 2017-02-28T15:58:55+08:00 ] 127.0.0.1 /Public/Webmall/images/page/vido-bg.png
INFO: [ app_init ] --START--
INFO: Run Behavior\BuildLiteBehavior [ RunTime:0.000020s ]
INFO: [ app_init ] --END-- [ RunTime:0.000616s ]
ERR: 无法加载模块:Public

[ 2017-02-28T15:58:55+08:00 ] 127.0.0.1 /static/edu/images/c-free-img.png
INFO: [ app_init ] --START--
INFO: Run Behavior\BuildLiteBehavior [ RunTime:0.000020s ]
INFO: [ app_init ] --END-- [ RunTime:0.000809s ]
ERR: 无法加载模块:Static

[ 2017-02-28T15:58:56+08:00 ] 127.0.0.1 /user/loginuser.json
INFO: [ app_init ] --START--
INFO: Run Behavior\BuildLiteBehavior [ RunTime:0.000019s ]
INFO: [ app_init ] --END-- [ RunTime:0.000635s ]
ERR: 无法加载模块:User

[ 2017-02-28T15:58:56+08:00 ] 127.0.0.1 /shopCart/ajax/shopcartnums.json
INFO: [ app_init ] --START--
INFO: Run Behavior\BuildLiteBehavior [ RunTime:0.000046s ]
INFO: [ app_init ] --END-- [ RunTime:0.000735s ]
ERR: 无法加载模块:ShopCart

[ 2017-02-28T15:58:56+08:00 ] 127.0.0.1 /ajax/websiteProfile/online.json
INFO: [ app_init ] --START--
INFO: Run Behavior\BuildLiteBehavior [ RunTime:0.000018s ]
INFO: [ app_init ] --END-- [ RunTime:0.000715s ]
ERR: 无法加载模块:Ajax

[ 2017-02-28T15:59:17+08:00 ] 127.0.0.1 /Public/Webmall/images/page/vido-bg.png
INFO: [ app_init ] --START--
INFO: Run Behavior\BuildLiteBehavior [ RunTime:0.000020s ]
INFO: [ app_init ] --END-- [ RunTime:0.000697s ]
ERR: 无法加载模块:Public

[ 2017-02-28T15:59:17+08:00 ] 127.0.0.1 /static/edu/images/c-free-img.png
INFO: [ app_init ] --START--
INFO: Run Behavior\BuildLiteBehavior [ RunTime:0.000020s ]
INFO: [ app_init ] --END-- [ RunTime:0.000700s ]
ERR: 无法加载模块:Static

[ 2017-02-28T15:59:17+08:00 ] 127.0.0.1 /user/loginuser.json
INFO: [ app_init ] --START--
INFO: Run Behavior\BuildLiteBehavior [ RunTime:0.000025s ]
INFO: [ app_init ] --END-- [ RunTime:0.000878s ]
ERR: 无法加载模块:User

[ 2017-02-28T15:59:18+08:00 ] 127.0.0.1 /ajax/websiteProfile/online.json
INFO: [ app_init ] --START--
INFO: Run Behavior\BuildLiteBehavior [ RunTime:0.000021s ]
INFO: [ app_init ] --END-- [ RunTime:0.000583s ]
ERR: 无法加载模块:Ajax

[ 2017-02-28T15:59:18+08:00 ] 127.0.0.1 /shopCart/ajax/shopcartnums.json
INFO: [ app_init ] --START--
INFO: Run Behavior\BuildLiteBehavior [ RunTime:0.000020s ]
INFO: [ app_init ] --END-- [ RunTime:0.000594s ]
ERR: 无法加载模块:ShopCart

[ 2017-02-28T16:07:57+08:00 ] 127.0.0.1 /Public/Webmall/images/page/vido-bg.png
INFO: [ app_init ] --START--
INFO: Run Behavior\BuildLiteBehavior [ RunTime:0.000021s ]
INFO: [ app_init ] --END-- [ RunTime:0.000564s ]
ERR: 无法加载模块:Public

[ 2017-02-28T16:07:57+08:00 ] 127.0.0.1 /static/edu/images/c-free-img.png
INFO: [ app_init ] --START--
INFO: Run Behavior\BuildLiteBehavior [ RunTime:0.000022s ]
INFO: [ app_init ] --END-- [ RunTime:0.000586s ]
ERR: 无法加载模块:Static

[ 2017-02-28T16:07:57+08:00 ] 127.0.0.1 /user/loginuser.json
INFO: [ app_init ] --START--
INFO: Run Behavior\BuildLiteBehavior [ RunTime:0.000025s ]
INFO: [ app_init ] --END-- [ RunTime:0.000708s ]
ERR: 无法加载模块:User

[ 2017-02-28T16:07:58+08:00 ] 127.0.0.1 /shopCart/ajax/shopcartnums.json
INFO: [ app_init ] --START--
INFO: Run Behavior\BuildLiteBehavior [ RunTime:0.000032s ]
INFO: [ app_init ] --END-- [ RunTime:0.001429s ]
ERR: 无法加载模块:ShopCart

[ 2017-02-28T16:07:58+08:00 ] 127.0.0.1 /ajax/websiteProfile/online.json
INFO: [ app_init ] --START--
INFO: Run Behavior\BuildLiteBehavior [ RunTime:0.000054s ]
INFO: [ app_init ] --END-- [ RunTime:0.001087s ]
ERR: 无法加载模块:Ajax

[ 2017-02-28T16:13:13+08:00 ] 127.0.0.1 /Public/Webmall/images/page/vido-bg.png
INFO: [ app_init ] --START--
INFO: Run Behavior\BuildLiteBehavior [ RunTime:0.000025s ]
INFO: [ app_init ] --END-- [ RunTime:0.000648s ]
ERR: 无法加载模块:Public

[ 2017-02-28T16:13:13+08:00 ] 127.0.0.1 /static/edu/images/c-free-img.png
INFO: [ app_init ] --START--
INFO: Run Behavior\BuildLiteBehavior [ RunTime:0.000020s ]
INFO: [ app_init ] --END-- [ RunTime:0.000680s ]
ERR: 无法加载模块:Static

[ 2017-02-28T16:13:14+08:00 ] 127.0.0.1 /user/loginuser.json
INFO: [ app_init ] --START--
INFO: Run Behavior\BuildLiteBehavior [ RunTime:0.000023s ]
INFO: [ app_init ] --END-- [ RunTime:0.000971s ]
ERR: 无法加载模块:User

[ 2017-02-28T16:13:14+08:00 ] 127.0.0.1 /shopCart/ajax/shopcartnums.json
INFO: [ app_init ] --START--
INFO: Run Behavior\BuildLiteBehavior [ RunTime:0.000021s ]
INFO: [ app_init ] --END-- [ RunTime:0.000734s ]
ERR: 无法加载模块:ShopCart

[ 2017-02-28T16:13:14+08:00 ] 127.0.0.1 /ajax/websiteProfile/online.json
INFO: [ app_init ] --START--
INFO: Run Behavior\BuildLiteBehavior [ RunTime:0.000019s ]
INFO: [ app_init ] --END-- [ RunTime:0.000688s ]
ERR: 无法加载模块:Ajax

[ 2017-02-28T16:20:20+08:00 ] 127.0.0.1 /Public/Webmall/images/page/vido-bg.png
INFO: [ app_init ] --START--
INFO: Run Behavior\BuildLiteBehavior [ RunTime:0.000021s ]
INFO: [ app_init ] --END-- [ RunTime:0.000680s ]
ERR: 无法加载模块:Public

[ 2017-02-28T16:20:20+08:00 ] 127.0.0.1 /static/edu/images/c-free-img.png
INFO: [ app_init ] --START--
INFO: Run Behavior\BuildLiteBehavior [ RunTime:0.000022s ]
INFO: [ app_init ] --END-- [ RunTime:0.000620s ]
ERR: 无法加载模块:Static

[ 2017-02-28T16:20:20+08:00 ] 127.0.0.1 /user/loginuser.json
INFO: [ app_init ] --START--
INFO: Run Behavior\BuildLiteBehavior [ RunTime:0.000029s ]
INFO: [ app_init ] --END-- [ RunTime:0.000869s ]
ERR: 无法加载模块:User

[ 2017-02-28T16:20:20+08:00 ] 127.0.0.1 /shopCart/ajax/shopcartnums.json
INFO: [ app_init ] --START--
INFO: Run Behavior\BuildLiteBehavior [ RunTime:0.000033s ]
INFO: [ app_init ] --END-- [ RunTime:0.001007s ]
ERR: 无法加载模块:ShopCart

[ 2017-02-28T16:20:20+08:00 ] 127.0.0.1 /ajax/websiteProfile/online.json
INFO: [ app_init ] --START--
INFO: Run Behavior\BuildLiteBehavior [ RunTime:0.000024s ]
INFO: [ app_init ] --END-- [ RunTime:0.000662s ]
ERR: 无法加载模块:Ajax

[ 2017-02-28T16:21:18+08:00 ] 127.0.0.1 /Public/Webmall/images/page/vido-bg.png
INFO: [ app_init ] --START--
INFO: Run Behavior\BuildLiteBehavior [ RunTime:0.000021s ]
INFO: [ app_init ] --END-- [ RunTime:0.000821s ]
ERR: 无法加载模块:Public

[ 2017-02-28T16:21:18+08:00 ] 127.0.0.1 /static/edu/images/c-free-img.png
INFO: [ app_init ] --START--
INFO: Run Behavior\BuildLiteBehavior [ RunTime:0.000044s ]
INFO: [ app_init ] --END-- [ RunTime:0.000731s ]
ERR: 无法加载模块:Static

[ 2017-02-28T16:21:18+08:00 ] 127.0.0.1 /user/loginuser.json
INFO: [ app_init ] --START--
INFO: Run Behavior\BuildLiteBehavior [ RunTime:0.000028s ]
INFO: [ app_init ] --END-- [ RunTime:0.000671s ]
ERR: 无法加载模块:User

[ 2017-02-28T16:21:19+08:00 ] 127.0.0.1 /shopCart/ajax/shopcartnums.json
INFO: [ app_init ] --START--
INFO: Run Behavior\BuildLiteBehavior [ RunTime:0.000035s ]
INFO: [ app_init ] --END-- [ RunTime:0.000760s ]
ERR: 无法加载模块:ShopCart

[ 2017-02-28T16:21:19+08:00 ] 127.0.0.1 /ajax/websiteProfile/online.json
INFO: [ app_init ] --START--
INFO: Run Behavior\BuildLiteBehavior [ RunTime:0.000022s ]
INFO: [ app_init ] --END-- [ RunTime:0.000748s ]
ERR: 无法加载模块:Ajax

[ 2017-02-28T16:21:24+08:00 ] 127.0.0.1 /static/edu/images/c-free-img.png
INFO: [ app_init ] --START--
INFO: Run Behavior\BuildLiteBehavior [ RunTime:0.000055s ]
INFO: [ app_init ] --END-- [ RunTime:0.000690s ]
ERR: 无法加载模块:Static

[ 2017-02-28T16:21:24+08:00 ] 127.0.0.1 /Public/Webmall/images/page/vido-bg.png
INFO: [ app_init ] --START--
INFO: Run Behavior\BuildLiteBehavior [ RunTime:0.000022s ]
INFO: [ app_init ] --END-- [ RunTime:0.001820s ]
ERR: 无法加载模块:Public

[ 2017-02-28T16:21:24+08:00 ] 127.0.0.1 /user/loginuser.json
INFO: [ app_init ] --START--
INFO: Run Behavior\BuildLiteBehavior [ RunTime:0.000018s ]
INFO: [ app_init ] --END-- [ RunTime:0.000671s ]
ERR: 无法加载模块:User

[ 2017-02-28T16:21:25+08:00 ] 127.0.0.1 /shopCart/ajax/shopcartnums.json
INFO: [ app_init ] --START--
INFO: Run Behavior\BuildLiteBehavior [ RunTime:0.000022s ]
INFO: [ app_init ] --END-- [ RunTime:0.000750s ]
ERR: 无法加载模块:ShopCart

[ 2017-02-28T16:21:25+08:00 ] 127.0.0.1 /ajax/websiteProfile/online.json
INFO: [ app_init ] --START--
INFO: Run Behavior\BuildLiteBehavior [ RunTime:0.000031s ]
INFO: [ app_init ] --END-- [ RunTime:0.000814s ]
ERR: 无法加载模块:Ajax

[ 2017-02-28T16:22:00+08:00 ] 127.0.0.1 /Public/Webmall/images/page/vido-bg.png
INFO: [ app_init ] --START--
INFO: Run Behavior\BuildLiteBehavior [ RunTime:0.000021s ]
INFO: [ app_init ] --END-- [ RunTime:0.000585s ]
ERR: 无法加载模块:Public

[ 2017-02-28T16:22:00+08:00 ] 127.0.0.1 /static/edu/images/c-free-img.png
INFO: [ app_init ] --START--
INFO: Run Behavior\BuildLiteBehavior [ RunTime:0.000022s ]
INFO: [ app_init ] --END-- [ RunTime:0.000621s ]
ERR: 无法加载模块:Static

[ 2017-02-28T16:22:00+08:00 ] 127.0.0.1 /user/loginuser.json
INFO: [ app_init ] --START--
INFO: Run Behavior\BuildLiteBehavior [ RunTime:0.000027s ]
INFO: [ app_init ] --END-- [ RunTime:0.000723s ]
ERR: 无法加载模块:User

[ 2017-02-28T16:22:01+08:00 ] 127.0.0.1 /shopCart/ajax/shopcartnums.json
INFO: [ app_init ] --START--
INFO: Run Behavior\BuildLiteBehavior [ RunTime:0.000030s ]
INFO: [ app_init ] --END-- [ RunTime:0.000761s ]
ERR: 无法加载模块:ShopCart

[ 2017-02-28T16:22:01+08:00 ] 127.0.0.1 /ajax/websiteProfile/online.json
INFO: [ app_init ] --START--
INFO: Run Behavior\BuildLiteBehavior [ RunTime:0.000020s ]
INFO: [ app_init ] --END-- [ RunTime:0.000693s ]
ERR: 无法加载模块:Ajax

[ 2017-02-28T16:22:43+08:00 ] 127.0.0.1 /static/edu/images/c-free-img.png
INFO: [ app_init ] --START--
INFO: Run Behavior\BuildLiteBehavior [ RunTime:0.000020s ]
INFO: [ app_init ] --END-- [ RunTime:0.000601s ]
ERR: 无法加载模块:Static

[ 2017-02-28T16:22:43+08:00 ] 127.0.0.1 /Public/Webmall/images/page/vido-bg.png
INFO: [ app_init ] --START--
INFO: Run Behavior\BuildLiteBehavior [ RunTime:0.000020s ]
INFO: [ app_init ] --END-- [ RunTime:0.001365s ]
ERR: 无法加载模块:Public

[ 2017-02-28T16:22:43+08:00 ] 127.0.0.1 /user/loginuser.json
INFO: [ app_init ] --START--
INFO: Run Behavior\BuildLiteBehavior [ RunTime:0.000034s ]
INFO: [ app_init ] --END-- [ RunTime:0.000825s ]
ERR: 无法加载模块:User

[ 2017-02-28T16:22:43+08:00 ] 127.0.0.1 /ajax/websiteProfile/online.json
INFO: [ app_init ] --START--
INFO: Run Behavior\BuildLiteBehavior [ RunTime:0.000020s ]
INFO: [ app_init ] --END-- [ RunTime:0.000681s ]
ERR: 无法加载模块:Ajax

[ 2017-02-28T16:22:43+08:00 ] 127.0.0.1 /shopCart/ajax/shopcartnums.json
INFO: [ app_init ] --START--
INFO: Run Behavior\BuildLiteBehavior [ RunTime:0.000028s ]
INFO: [ app_init ] --END-- [ RunTime:0.000761s ]
ERR: 无法加载模块:ShopCart

[ 2017-02-28T16:23:42+08:00 ] 127.0.0.1 /static/edu/images/c-free-img.png
INFO: [ app_init ] --START--
INFO: Run Behavior\BuildLiteBehavior [ RunTime:0.000024s ]
INFO: [ app_init ] --END-- [ RunTime:0.000703s ]
ERR: 无法加载模块:Static

[ 2017-02-28T16:23:42+08:00 ] 127.0.0.1 /Public/Webmall/images/page/vido-bg.png
INFO: [ app_init ] --START--
INFO: Run Behavior\BuildLiteBehavior [ RunTime:0.000019s ]
INFO: [ app_init ] --END-- [ RunTime:0.000688s ]
ERR: 无法加载模块:Public

[ 2017-02-28T16:23:43+08:00 ] 127.0.0.1 /user/loginuser.json
INFO: [ app_init ] --START--
INFO: Run Behavior\BuildLiteBehavior [ RunTime:0.000027s ]
INFO: [ app_init ] --END-- [ RunTime:0.000763s ]
ERR: 无法加载模块:User

[ 2017-02-28T16:23:43+08:00 ] 127.0.0.1 /shopCart/ajax/shopcartnums.json
INFO: [ app_init ] --START--
INFO: Run Behavior\BuildLiteBehavior [ RunTime:0.000035s ]
INFO: [ app_init ] --END-- [ RunTime:0.000862s ]
ERR: 无法加载模块:ShopCart

[ 2017-02-28T16:23:43+08:00 ] 127.0.0.1 /ajax/websiteProfile/online.json
INFO: [ app_init ] --START--
INFO: Run Behavior\BuildLiteBehavior [ RunTime:0.000034s ]
INFO: [ app_init ] --END-- [ RunTime:0.000772s ]
ERR: 无法加载模块:Ajax

[ 2017-02-28T16:24:15+08:00 ] 127.0.0.1 /Public/Webmall/images/page/vido-bg.png
INFO: [ app_init ] --START--
INFO: Run Behavior\BuildLiteBehavior [ RunTime:0.000022s ]
INFO: [ app_init ] --END-- [ RunTime:0.000599s ]
ERR: 无法加载模块:Public

[ 2017-02-28T16:24:15+08:00 ] 127.0.0.1 /static/edu/images/c-free-img.png
INFO: [ app_init ] --START--
INFO: Run Behavior\BuildLiteBehavior [ RunTime:0.000022s ]
INFO: [ app_init ] --END-- [ RunTime:0.000695s ]
ERR: 无法加载模块:Static

[ 2017-02-28T16:24:16+08:00 ] 127.0.0.1 /user/loginuser.json
INFO: [ app_init ] --START--
INFO: Run Behavior\BuildLiteBehavior [ RunTime:0.000031s ]
INFO: [ app_init ] --END-- [ RunTime:0.000744s ]
ERR: 无法加载模块:User

[ 2017-02-28T16:24:16+08:00 ] 127.0.0.1 /shopCart/ajax/shopcartnums.json
INFO: [ app_init ] --START--
INFO: Run Behavior\BuildLiteBehavior [ RunTime:0.000032s ]
INFO: [ app_init ] --END-- [ RunTime:0.001325s ]
ERR: 无法加载模块:ShopCart

[ 2017-02-28T16:24:16+08:00 ] 127.0.0.1 /ajax/websiteProfile/online.json
INFO: [ app_init ] --START--
INFO: Run Behavior\BuildLiteBehavior [ RunTime:0.000023s ]
INFO: [ app_init ] --END-- [ RunTime:0.000706s ]
ERR: 无法加载模块:Ajax

[ 2017-02-28T16:25:43+08:00 ] 127.0.0.1 /Public/Webmall/images/page/vido-bg.png
INFO: [ app_init ] --START--
INFO: Run Behavior\BuildLiteBehavior [ RunTime:0.000028s ]
INFO: [ app_init ] --END-- [ RunTime:0.000639s ]
ERR: 无法加载模块:Public

[ 2017-02-28T16:25:43+08:00 ] 127.0.0.1 /static/edu/images/c-free-img.png
INFO: [ app_init ] --START--
INFO: Run Behavior\BuildLiteBehavior [ RunTime:0.000025s ]
INFO: [ app_init ] --END-- [ RunTime:0.000655s ]
ERR: 无法加载模块:Static

[ 2017-02-28T16:25:43+08:00 ] 127.0.0.1 /user/loginuser.json
INFO: [ app_init ] --START--
INFO: Run Behavior\BuildLiteBehavior [ RunTime:0.000019s ]
INFO: [ app_init ] --END-- [ RunTime:0.000607s ]
ERR: 无法加载模块:User

[ 2017-02-28T16:25:44+08:00 ] 127.0.0.1 /shopCart/ajax/shopcartnums.json
INFO: [ app_init ] --START--
INFO: Run Behavior\BuildLiteBehavior [ RunTime:0.000024s ]
INFO: [ app_init ] --END-- [ RunTime:0.000792s ]
ERR: 无法加载模块:ShopCart

[ 2017-02-28T16:25:44+08:00 ] 127.0.0.1 /ajax/websiteProfile/online.json
INFO: [ app_init ] --START--
INFO: Run Behavior\BuildLiteBehavior [ RunTime:0.000022s ]
INFO: [ app_init ] --END-- [ RunTime:0.000736s ]
ERR: 无法加载模块:Ajax

[ 2017-02-28T16:25:53+08:00 ] 127.0.0.1 /Public/Webmall/images/page/vido-bg.png
INFO: [ app_init ] --START--
INFO: Run Behavior\BuildLiteBehavior [ RunTime:0.000023s ]
INFO: [ app_init ] --END-- [ RunTime:0.000824s ]
ERR: 无法加载模块:Public

[ 2017-02-28T16:25:53+08:00 ] 127.0.0.1 /static/edu/images/c-free-img.png
INFO: [ app_init ] --START--
INFO: Run Behavior\BuildLiteBehavior [ RunTime:0.000031s ]
INFO: [ app_init ] --END-- [ RunTime:0.000722s ]
ERR: 无法加载模块:Static

[ 2017-02-28T16:25:53+08:00 ] 127.0.0.1 /user/loginuser.json
INFO: [ app_init ] --START--
INFO: Run Behavior\BuildLiteBehavior [ RunTime:0.000019s ]
INFO: [ app_init ] --END-- [ RunTime:0.000640s ]
ERR: 无法加载模块:User

[ 2017-02-28T16:25:54+08:00 ] 127.0.0.1 /shopCart/ajax/shopcartnums.json
INFO: [ app_init ] --START--
INFO: Run Behavior\BuildLiteBehavior [ RunTime:0.000023s ]
INFO: [ app_init ] --END-- [ RunTime:0.000749s ]
ERR: 无法加载模块:ShopCart

[ 2017-02-28T16:25:54+08:00 ] 127.0.0.1 /ajax/websiteProfile/online.json
INFO: [ app_init ] --START--
INFO: Run Behavior\BuildLiteBehavior [ RunTime:0.000027s ]
INFO: [ app_init ] --END-- [ RunTime:0.000730s ]
ERR: 无法加载模块:Ajax

[ 2017-02-28T16:27:54+08:00 ] 127.0.0.1 /Public/Webmall/images/page/vido-bg.png
INFO: [ app_init ] --START--
INFO: Run Behavior\BuildLiteBehavior [ RunTime:0.000027s ]
INFO: [ app_init ] --END-- [ RunTime:0.001234s ]
ERR: 无法加载模块:Public

[ 2017-02-28T16:27:54+08:00 ] 127.0.0.1 /static/edu/images/c-free-img.png
INFO: [ app_init ] --START--
INFO: Run Behavior\BuildLiteBehavior [ RunTime:0.000022s ]
INFO: [ app_init ] --END-- [ RunTime:0.001161s ]
ERR: 无法加载模块:Static

[ 2017-02-28T16:27:55+08:00 ] 127.0.0.1 /user/loginuser.json
INFO: [ app_init ] --START--
INFO: Run Behavior\BuildLiteBehavior [ RunTime:0.000027s ]
INFO: [ app_init ] --END-- [ RunTime:0.000723s ]
ERR: 无法加载模块:User

[ 2017-02-28T16:27:55+08:00 ] 127.0.0.1 /shopCart/ajax/shopcartnums.json
INFO: [ app_init ] --START--
INFO: Run Behavior\BuildLiteBehavior [ RunTime:0.000029s ]
INFO: [ app_init ] --END-- [ RunTime:0.000794s ]
ERR: 无法加载模块:ShopCart

[ 2017-02-28T16:27:55+08:00 ] 127.0.0.1 /ajax/websiteProfile/online.json
INFO: [ app_init ] --START--
INFO: Run Behavior\BuildLiteBehavior [ RunTime:0.000018s ]
INFO: [ app_init ] --END-- [ RunTime:0.000711s ]
ERR: 无法加载模块:Ajax

[ 2017-02-28T16:30:27+08:00 ] 127.0.0.1 /static/edu/images/page/avatar-boy.gif?v=1486141236265
INFO: [ app_init ] --START--
INFO: Run Behavior\BuildLiteBehavior [ RunTime:0.000048s ]
INFO: [ app_init ] --END-- [ RunTime:0.001495s ]
ERR: 无法加载模块:Static

[ 2017-02-28T16:30:49+08:00 ] 127.0.0.1 /Public/Webmall/images/page/vido-bg.png
INFO: [ app_init ] --START--
INFO: Run Behavior\BuildLiteBehavior [ RunTime:0.000023s ]
INFO: [ app_init ] --END-- [ RunTime:0.000692s ]
ERR: 无法加载模块:Public

[ 2017-02-28T16:30:49+08:00 ] 127.0.0.1 /static/edu/images/c-free-img.png
INFO: [ app_init ] --START--
INFO: Run Behavior\BuildLiteBehavior [ RunTime:0.000028s ]
INFO: [ app_init ] --END-- [ RunTime:0.000764s ]
ERR: 无法加载模块:Static

[ 2017-02-28T16:30:49+08:00 ] 127.0.0.1 /user/loginuser.json
INFO: [ app_init ] --START--
INFO: Run Behavior\BuildLiteBehavior [ RunTime:0.000020s ]
INFO: [ app_init ] --END-- [ RunTime:0.000705s ]
ERR: 无法加载模块:User

[ 2017-02-28T16:30:55+08:00 ] 127.0.0.1 /shopCart/ajax/shopcartnums.json
INFO: [ app_init ] --START--
INFO: Run Behavior\BuildLiteBehavior [ RunTime:0.000022s ]
INFO: [ app_init ] --END-- [ RunTime:0.000709s ]
ERR: 无法加载模块:ShopCart

[ 2017-02-28T16:30:55+08:00 ] 127.0.0.1 /ajax/websiteProfile/online.json
INFO: [ app_init ] --START--
INFO: Run Behavior\BuildLiteBehavior [ RunTime:0.000022s ]
INFO: [ app_init ] --END-- [ RunTime:0.000693s ]
ERR: 无法加载模块:Ajax

[ 2017-02-28T16:31:14+08:00 ] 127.0.0.1 /user/loginuser.json
INFO: [ app_init ] --START--
INFO: Run Behavior\BuildLiteBehavior [ RunTime:0.000018s ]
INFO: [ app_init ] --END-- [ RunTime:0.000643s ]
ERR: 无法加载模块:User

[ 2017-02-28T16:31:20+08:00 ] 127.0.0.1 /shopCart/ajax/shopcartnums.json
INFO: [ app_init ] --START--
INFO: Run Behavior\BuildLiteBehavior [ RunTime:0.000019s ]
INFO: [ app_init ] --END-- [ RunTime:0.000737s ]
ERR: 无法加载模块:ShopCart

[ 2017-02-28T16:31:20+08:00 ] 127.0.0.1 /ajax/websiteProfile/online.json
INFO: [ app_init ] --START--
INFO: Run Behavior\BuildLiteBehavior [ RunTime:0.000047s ]
INFO: [ app_init ] --END-- [ RunTime:0.000758s ]
ERR: 无法加载模块:Ajax

[ 2017-02-28T16:31:35+08:00 ] 127.0.0.1 /user/loginuser.json
INFO: [ app_init ] --START--
INFO: Run Behavior\BuildLiteBehavior [ RunTime:0.000022s ]
INFO: [ app_init ] --END-- [ RunTime:0.000732s ]
ERR: 无法加载模块:User

[ 2017-02-28T16:31:35+08:00 ] 127.0.0.1 /shopCart/ajax/shopcartnums.json
INFO: [ app_init ] --START--
INFO: Run Behavior\BuildLiteBehavior [ RunTime:0.000023s ]
INFO: [ app_init ] --END-- [ RunTime:0.000601s ]
ERR: 无法加载模块:ShopCart

[ 2017-02-28T16:31:35+08:00 ] 127.0.0.1 /ajax/websiteProfile/online.json
INFO: [ app_init ] --START--
INFO: Run Behavior\BuildLiteBehavior [ RunTime:0.000021s ]
INFO: [ app_init ] --END-- [ RunTime:0.000938s ]
ERR: 无法加载模块:Ajax

[ 2017-02-28T16:31:37+08:00 ] 127.0.0.1 /shopCart/ajax/queryUserShopCart.json
INFO: [ app_init ] --START--
INFO: Run Behavior\BuildLiteBehavior [ RunTime:0.000019s ]
INFO: [ app_init ] --END-- [ RunTime:0.000696s ]
ERR: 无法加载模块:ShopCart

[ 2017-02-28T16:31:37+08:00 ] 127.0.0.1 /shopCart/ajax/queryUserShopCart.json
INFO: [ app_init ] --START--
INFO: Run Behavior\BuildLiteBehavior [ RunTime:0.000020s ]
INFO: [ app_init ] --END-- [ RunTime:0.000789s ]
ERR: 无法加载模块:ShopCart

[ 2017-02-28T16:31:41+08:00 ] 127.0.0.1 /user/loginuser.json
INFO: [ app_init ] --START--
INFO: Run Behavior\BuildLiteBehavior [ RunTime:0.000021s ]
INFO: [ app_init ] --END-- [ RunTime:0.000697s ]
ERR: 无法加载模块:User

[ 2017-02-28T16:31:41+08:00 ] 127.0.0.1 /shopCart/ajax/shopcartnums.json
INFO: [ app_init ] --START--
INFO: Run Behavior\BuildLiteBehavior [ RunTime:0.000021s ]
INFO: [ app_init ] --END-- [ RunTime:0.000756s ]
ERR: 无法加载模块:ShopCart

[ 2017-02-28T16:31:41+08:00 ] 127.0.0.1 /ajax/websiteProfile/online.json
INFO: [ app_init ] --START--
INFO: Run Behavior\BuildLiteBehavior [ RunTime:0.000020s ]
INFO: [ app_init ] --END-- [ RunTime:0.000611s ]
ERR: 无法加载模块:Ajax

[ 2017-02-28T16:31:42+08:00 ] 127.0.0.1 /shopCart/ajax/queryUserShopCart.json
INFO: [ app_init ] --START--
INFO: Run Behavior\BuildLiteBehavior [ RunTime:0.000019s ]
INFO: [ app_init ] --END-- [ RunTime:0.000655s ]
ERR: 无法加载模块:ShopCart

[ 2017-02-28T16:31:43+08:00 ] 127.0.0.1 /shopCart/ajax/queryUserShopCart.json
INFO: [ app_init ] --START--
INFO: Run Behavior\BuildLiteBehavior [ RunTime:0.000019s ]
INFO: [ app_init ] --END-- [ RunTime:0.000686s ]
ERR: 无法加载模块:ShopCart

[ 2017-02-28T16:31:43+08:00 ] 127.0.0.1 /shopCart/ajax/queryUserShopCart.json
INFO: [ app_init ] --START--
INFO: Run Behavior\BuildLiteBehavior [ RunTime:0.000018s ]
INFO: [ app_init ] --END-- [ RunTime:0.000656s ]
ERR: 无法加载模块:ShopCart

[ 2017-02-28T16:31:44+08:00 ] 127.0.0.1 /shopCart/ajax/queryUserShopCart.json
INFO: [ app_init ] --START--
INFO: Run Behavior\BuildLiteBehavior [ RunTime:0.000019s ]
INFO: [ app_init ] --END-- [ RunTime:0.000655s ]
ERR: 无法加载模块:ShopCart

[ 2017-02-28T16:31:45+08:00 ] 127.0.0.1 /user/loginuser.json
INFO: [ app_init ] --START--
INFO: Run Behavior\BuildLiteBehavior [ RunTime:0.000037s ]
INFO: [ app_init ] --END-- [ RunTime:0.000868s ]
ERR: 无法加载模块:User

[ 2017-02-28T16:31:46+08:00 ] 127.0.0.1 /shopCart/ajax/shopcartnums.json
INFO: [ app_init ] --START--
INFO: Run Behavior\BuildLiteBehavior [ RunTime:0.000019s ]
INFO: [ app_init ] --END-- [ RunTime:0.000761s ]
ERR: 无法加载模块:ShopCart

[ 2017-02-28T16:31:46+08:00 ] 127.0.0.1 /ajax/websiteProfile/online.json
INFO: [ app_init ] --START--
INFO: Run Behavior\BuildLiteBehavior [ RunTime:0.000018s ]
INFO: [ app_init ] --END-- [ RunTime:0.000670s ]
ERR: 无法加载模块:Ajax

[ 2017-02-28T16:31:55+08:00 ] 127.0.0.1 /static/edu/images/page/avatar-boy.gif?v=1486141236265
INFO: [ app_init ] --START--
INFO: Run Behavior\BuildLiteBehavior [ RunTime:0.000031s ]
INFO: [ app_init ] --END-- [ RunTime:0.000647s ]
ERR: 无法加载模块:Static

[ 2017-02-28T16:31:55+08:00 ] 127.0.0.1 /Public/Webmall/images/page/r-kf-ico.jpg
INFO: [ app_init ] --START--
INFO: Run Behavior\BuildLiteBehavior [ RunTime:0.000020s ]
INFO: [ app_init ] --END-- [ RunTime:0.000667s ]
ERR: 无法加载模块:Public

[ 2017-02-28T16:31:57+08:00 ] 127.0.0.1 /static/edu/images/c-free-img.png
INFO: [ app_init ] --START--
INFO: Run Behavior\BuildLiteBehavior [ RunTime:0.000023s ]
INFO: [ app_init ] --END-- [ RunTime:0.000719s ]
ERR: 无法加载模块:Static

[ 2017-02-28T16:31:57+08:00 ] 127.0.0.1 /Public/Webmall/images/page/vido-bg.png
INFO: [ app_init ] --START--
INFO: Run Behavior\BuildLiteBehavior [ RunTime:0.000027s ]
INFO: [ app_init ] --END-- [ RunTime:0.000720s ]
ERR: 无法加载模块:Public

[ 2017-02-28T16:31:58+08:00 ] 127.0.0.1 /user/loginuser.json
INFO: [ app_init ] --START--
INFO: Run Behavior\BuildLiteBehavior [ RunTime:0.000027s ]
INFO: [ app_init ] --END-- [ RunTime:0.001498s ]
ERR: 无法加载模块:User

[ 2017-02-28T16:31:58+08:00 ] 127.0.0.1 /shopCart/ajax/shopcartnums.json
INFO: [ app_init ] --START--
INFO: Run Behavior\BuildLiteBehavior [ RunTime:0.000019s ]
INFO: [ app_init ] --END-- [ RunTime:0.000725s ]
ERR: 无法加载模块:ShopCart

[ 2017-02-28T16:31:58+08:00 ] 127.0.0.1 /ajax/websiteProfile/online.json
INFO: [ app_init ] --START--
INFO: Run Behavior\BuildLiteBehavior [ RunTime:0.000018s ]
INFO: [ app_init ] --END-- [ RunTime:0.000626s ]
ERR: 无法加载模块:Ajax

[ 2017-02-28T16:34:21+08:00 ] 127.0.0.1 /static/edu/images/c-free-img.png
INFO: [ app_init ] --START--
INFO: Run Behavior\BuildLiteBehavior [ RunTime:0.000020s ]
INFO: [ app_init ] --END-- [ RunTime:0.000606s ]
ERR: 无法加载模块:Static

[ 2017-02-28T16:34:21+08:00 ] 127.0.0.1 /Public/Webmall/images/page/vido-bg.png
INFO: [ app_init ] --START--
INFO: Run Behavior\BuildLiteBehavior [ RunTime:0.000021s ]
INFO: [ app_init ] --END-- [ RunTime:0.000725s ]
ERR: 无法加载模块:Public

[ 2017-02-28T16:34:21+08:00 ] 127.0.0.1 /user/loginuser.json
INFO: [ app_init ] --START--
INFO: Run Behavior\BuildLiteBehavior [ RunTime:0.000020s ]
INFO: [ app_init ] --END-- [ RunTime:0.000731s ]
ERR: 无法加载模块:User

[ 2017-02-28T16:34:22+08:00 ] 127.0.0.1 /shopCart/ajax/shopcartnums.json
INFO: [ app_init ] --START--
INFO: Run Behavior\BuildLiteBehavior [ RunTime:0.000022s ]
INFO: [ app_init ] --END-- [ RunTime:0.000591s ]
ERR: 无法加载模块:ShopCart

[ 2017-02-28T16:34:22+08:00 ] 127.0.0.1 /ajax/websiteProfile/online.json
INFO: [ app_init ] --START--
INFO: Run Behavior\BuildLiteBehavior [ RunTime:0.000022s ]
INFO: [ app_init ] --END-- [ RunTime:0.000605s ]
ERR: 无法加载模块:Ajax

[ 2017-02-28T16:36:54+08:00 ] 127.0.0.1 /Public/Webmall/images/page/vido-bg.png
INFO: [ app_init ] --START--
INFO: Run Behavior\BuildLiteBehavior [ RunTime:0.000022s ]
INFO: [ app_init ] --END-- [ RunTime:0.000667s ]
ERR: 无法加载模块:Public

[ 2017-02-28T16:36:54+08:00 ] 127.0.0.1 /static/edu/images/c-free-img.png
INFO: [ app_init ] --START--
INFO: Run Behavior\BuildLiteBehavior [ RunTime:0.000021s ]
INFO: [ app_init ] --END-- [ RunTime:0.000605s ]
ERR: 无法加载模块:Static

[ 2017-02-28T16:36:54+08:00 ] 127.0.0.1 /user/loginuser.json
INFO: [ app_init ] --START--
INFO: Run Behavior\BuildLiteBehavior [ RunTime:0.000023s ]
INFO: [ app_init ] --END-- [ RunTime:0.000693s ]
ERR: 无法加载模块:User

[ 2017-02-28T16:36:54+08:00 ] 127.0.0.1 /shopCart/ajax/shopcartnums.json
INFO: [ app_init ] --START--
INFO: Run Behavior\BuildLiteBehavior [ RunTime:0.000023s ]
INFO: [ app_init ] --END-- [ RunTime:0.000618s ]
ERR: 无法加载模块:ShopCart

[ 2017-02-28T16:36:54+08:00 ] 127.0.0.1 /ajax/websiteProfile/online.json
INFO: [ app_init ] --START--
INFO: Run Behavior\BuildLiteBehavior [ RunTime:0.000021s ]
INFO: [ app_init ] --END-- [ RunTime:0.000628s ]
ERR: 无法加载模块:Ajax

[ 2017-02-28T16:37:56+08:00 ] 127.0.0.1 /static/edu/images/c-free-img.png
INFO: [ app_init ] --START--
INFO: Run Behavior\BuildLiteBehavior [ RunTime:0.000021s ]
INFO: [ app_init ] --END-- [ RunTime:0.000589s ]
ERR: 无法加载模块:Static

[ 2017-02-28T16:37:56+08:00 ] 127.0.0.1 /Public/Webmall/images/page/vido-bg.png
INFO: [ app_init ] --START--
INFO: Run Behavior\BuildLiteBehavior [ RunTime:0.000021s ]
INFO: [ app_init ] --END-- [ RunTime:0.000620s ]
ERR: 无法加载模块:Public

[ 2017-02-28T16:37:57+08:00 ] 127.0.0.1 /user/loginuser.json
INFO: [ app_init ] --START--
INFO: Run Behavior\BuildLiteBehavior [ RunTime:0.000026s ]
INFO: [ app_init ] --END-- [ RunTime:0.000638s ]
ERR: 无法加载模块:User

[ 2017-02-28T16:37:57+08:00 ] 127.0.0.1 /shopCart/ajax/shopcartnums.json
INFO: [ app_init ] --START--
INFO: Run Behavior\BuildLiteBehavior [ RunTime:0.000021s ]
INFO: [ app_init ] --END-- [ RunTime:0.000689s ]
ERR: 无法加载模块:ShopCart

[ 2017-02-28T16:37:57+08:00 ] 127.0.0.1 /ajax/websiteProfile/online.json
INFO: [ app_init ] --START--
INFO: Run Behavior\BuildLiteBehavior [ RunTime:0.000030s ]
INFO: [ app_init ] --END-- [ RunTime:0.000655s ]
ERR: 无法加载模块:Ajax

[ 2017-02-28T16:41:26+08:00 ] 127.0.0.1 /Public/Webmall/images/page/vido-bg.png
INFO: [ app_init ] --START--
INFO: Run Behavior\BuildLiteBehavior [ RunTime:0.000019s ]
INFO: [ app_init ] --END-- [ RunTime:0.000609s ]
ERR: 无法加载模块:Public

[ 2017-02-28T16:41:26+08:00 ] 127.0.0.1 /static/edu/images/c-free-img.png
INFO: [ app_init ] --START--
INFO: Run Behavior\BuildLiteBehavior [ RunTime:0.000024s ]
INFO: [ app_init ] --END-- [ RunTime:0.000618s ]
ERR: 无法加载模块:Static

[ 2017-02-28T16:41:27+08:00 ] 127.0.0.1 /user/loginuser.json
INFO: [ app_init ] --START--
INFO: Run Behavior\BuildLiteBehavior [ RunTime:0.000039s ]
INFO: [ app_init ] --END-- [ RunTime:0.000946s ]
ERR: 无法加载模块:User

[ 2017-02-28T16:41:27+08:00 ] 127.0.0.1 /shopCart/ajax/shopcartnums.json
INFO: [ app_init ] --START--
INFO: Run Behavior\BuildLiteBehavior [ RunTime:0.000022s ]
INFO: [ app_init ] --END-- [ RunTime:0.000894s ]
ERR: 无法加载模块:ShopCart

[ 2017-02-28T16:41:27+08:00 ] 127.0.0.1 /ajax/websiteProfile/online.json
INFO: [ app_init ] --START--
INFO: Run Behavior\BuildLiteBehavior [ RunTime:0.000037s ]
INFO: [ app_init ] --END-- [ RunTime:0.001044s ]
ERR: 无法加载模块:Ajax

[ 2017-02-28T16:42:29+08:00 ] 127.0.0.1 /static/edu/images/c-free-img.png
INFO: [ app_init ] --START--
INFO: Run Behavior\BuildLiteBehavior [ RunTime:0.000048s ]
INFO: [ app_init ] --END-- [ RunTime:0.000971s ]
ERR: 无法加载模块:Static

[ 2017-02-28T16:42:29+08:00 ] 127.0.0.1 /Public/Webmall/images/page/vido-bg.png
INFO: [ app_init ] --START--
INFO: Run Behavior\BuildLiteBehavior [ RunTime:0.000019s ]
INFO: [ app_init ] --END-- [ RunTime:0.000899s ]
ERR: 无法加载模块:Public

[ 2017-02-28T16:42:29+08:00 ] 127.0.0.1 /user/loginuser.json
INFO: [ app_init ] --START--
INFO: Run Behavior\BuildLiteBehavior [ RunTime:0.000018s ]
INFO: [ app_init ] --END-- [ RunTime:0.000662s ]
ERR: 无法加载模块:User

[ 2017-02-28T16:42:30+08:00 ] 127.0.0.1 /shopCart/ajax/shopcartnums.json
INFO: [ app_init ] --START--
INFO: Run Behavior\BuildLiteBehavior [ RunTime:0.000024s ]
INFO: [ app_init ] --END-- [ RunTime:0.001028s ]
ERR: 无法加载模块:ShopCart

[ 2017-02-28T16:42:30+08:00 ] 127.0.0.1 /ajax/websiteProfile/online.json
INFO: [ app_init ] --START--
INFO: Run Behavior\BuildLiteBehavior [ RunTime:0.000020s ]
INFO: [ app_init ] --END-- [ RunTime:0.000724s ]
ERR: 无法加载模块:Ajax

[ 2017-02-28T16:44:18+08:00 ] 127.0.0.1 /static/edu/images/c-free-img.png
INFO: [ app_init ] --START--
INFO: Run Behavior\BuildLiteBehavior [ RunTime:0.000037s ]
INFO: [ app_init ] --END-- [ RunTime:0.000735s ]
ERR: 无法加载模块:Static

[ 2017-02-28T16:44:18+08:00 ] 127.0.0.1 /Public/Webmall/images/page/vido-bg.png
INFO: [ app_init ] --START--
INFO: Run Behavior\BuildLiteBehavior [ RunTime:0.000019s ]
INFO: [ app_init ] --END-- [ RunTime:0.000673s ]
ERR: 无法加载模块:Public

[ 2017-02-28T16:44:18+08:00 ] 127.0.0.1 /user/loginuser.json
INFO: [ app_init ] --START--
INFO: Run Behavior\BuildLiteBehavior [ RunTime:0.000019s ]
INFO: [ app_init ] --END-- [ RunTime:0.000645s ]
ERR: 无法加载模块:User

[ 2017-02-28T16:44:19+08:00 ] 127.0.0.1 /ajax/websiteProfile/online.json
INFO: [ app_init ] --START--
INFO: Run Behavior\BuildLiteBehavior [ RunTime:0.000018s ]
INFO: [ app_init ] --END-- [ RunTime:0.000626s ]
ERR: 无法加载模块:Ajax

[ 2017-02-28T16:44:19+08:00 ] 127.0.0.1 /shopCart/ajax/shopcartnums.json
INFO: [ app_init ] --START--
INFO: Run Behavior\BuildLiteBehavior [ RunTime:0.000020s ]
INFO: [ app_init ] --END-- [ RunTime:0.000675s ]
ERR: 无法加载模块:ShopCart

[ 2017-02-28T16:44:23+08:00 ] 127.0.0.1 /Public/Webmall/images/page/vido-bg.png
INFO: [ app_init ] --START--
INFO: Run Behavior\BuildLiteBehavior [ RunTime:0.000019s ]
INFO: [ app_init ] --END-- [ RunTime:0.000644s ]
ERR: 无法加载模块:Public

[ 2017-02-28T16:46:32+08:00 ] 127.0.0.1 /Public/Webmall/images/page/vido-bg.png
INFO: [ app_init ] --START--
INFO: Run Behavior\BuildLiteBehavior [ RunTime:0.000035s ]
INFO: [ app_init ] --END-- [ RunTime:0.000777s ]
ERR: 无法加载模块:Public

[ 2017-02-28T16:46:55+08:00 ] 127.0.0.1 /Public/Webmall/images/page/vido-bg.png
INFO: [ app_init ] --START--
INFO: Run Behavior\BuildLiteBehavior [ RunTime:0.000027s ]
INFO: [ app_init ] --END-- [ RunTime:0.000732s ]
ERR: 无法加载模块:Public

[ 2017-02-28T16:47:13+08:00 ] 127.0.0.1 /Public/Webmall/images/page/vido-bg.png
INFO: [ app_init ] --START--
INFO: Run Behavior\BuildLiteBehavior [ RunTime:0.000037s ]
INFO: [ app_init ] --END-- [ RunTime:0.000791s ]
ERR: 无法加载模块:Public

[ 2017-02-28T16:47:26+08:00 ] 127.0.0.1 /Public/Webmall/images/page/vido-bg.png
INFO: [ app_init ] --START--
INFO: Run Behavior\BuildLiteBehavior [ RunTime:0.000019s ]
INFO: [ app_init ] --END-- [ RunTime:0.000620s ]
ERR: 无法加载模块:Public

[ 2017-02-28T16:48:45+08:00 ] 127.0.0.1 /Public/Webmall/images/page/vido-bg.png
INFO: [ app_init ] --START--
INFO: Run Behavior\BuildLiteBehavior [ RunTime:0.000023s ]
INFO: [ app_init ] --END-- [ RunTime:0.000752s ]
ERR: 无法加载模块:Public

[ 2017-02-28T16:50:42+08:00 ] 127.0.0.1 /user/loginuser.json
INFO: [ app_init ] --START--
INFO: Run Behavior\BuildLiteBehavior [ RunTime:0.000021s ]
INFO: [ app_init ] --END-- [ RunTime:0.000657s ]
ERR: 无法加载模块:User

[ 2017-02-28T16:50:43+08:00 ] 127.0.0.1 /uc/rantech.json
INFO: [ app_init ] --START--
INFO: Run Behavior\BuildLiteBehavior [ RunTime:0.000023s ]
INFO: [ app_init ] --END-- [ RunTime:0.000814s ]
ERR: 无法加载模块:Uc

[ 2017-02-28T16:50:43+08:00 ] 127.0.0.1 /static/edu/images/u-center/u-banner/u-b-1.jpg
INFO: [ app_init ] --START--
INFO: Run Behavior\BuildLiteBehavior [ RunTime:0.000033s ]
INFO: [ app_init ] --END-- [ RunTime:0.000912s ]
ERR: 无法加载模块:Static

[ 2017-02-28T16:50:44+08:00 ] 127.0.0.1 /Public/Webmall/images/page/vido-bg.png
INFO: [ app_init ] --START--
INFO: Run Behavior\BuildLiteBehavior [ RunTime:0.000021s ]
INFO: [ app_init ] --END-- [ RunTime:0.000585s ]
ERR: 无法加载模块:Public

[ 2017-02-28T16:50:45+08:00 ] 127.0.0.1 /user/loginuser.json
INFO: [ app_init ] --START--
INFO: Run Behavior\BuildLiteBehavior [ RunTime:0.000051s ]
INFO: [ app_init ] --END-- [ RunTime:0.001011s ]
ERR: 无法加载模块:User

[ 2017-02-28T16:50:46+08:00 ] 127.0.0.1 /uc/rantech.json
INFO: [ app_init ] --START--
INFO: Run Behavior\BuildLiteBehavior [ RunTime:0.000026s ]
INFO: [ app_init ] --END-- [ RunTime:0.000837s ]
ERR: 无法加载模块:Uc

[ 2017-02-28T16:50:58+08:00 ] 127.0.0.1 /user/loginuser.json
INFO: [ app_init ] --START--
INFO: Run Behavior\BuildLiteBehavior [ RunTime:0.000019s ]
INFO: [ app_init ] --END-- [ RunTime:0.000583s ]
ERR: 无法加载模块:User

[ 2017-02-28T16:50:59+08:00 ] 127.0.0.1 /static/edu/images/u-center/u-banner/u-b-1.jpg
INFO: [ app_init ] --START--
INFO: Run Behavior\BuildLiteBehavior [ RunTime:0.000020s ]
INFO: [ app_init ] --END-- [ RunTime:0.000562s ]
ERR: 无法加载模块:Static

[ 2017-02-28T16:50:59+08:00 ] 127.0.0.1 /uc/rantech.json
INFO: [ app_init ] --START--
INFO: Run Behavior\BuildLiteBehavior [ RunTime:0.000034s ]
INFO: [ app_init ] --END-- [ RunTime:0.000764s ]
ERR: 无法加载模块:Uc

[ 2017-02-28T16:52:01+08:00 ] 127.0.0.1 /user/loginuser.json
INFO: [ app_init ] --START--
INFO: Run Behavior\BuildLiteBehavior [ RunTime:0.000018s ]
INFO: [ app_init ] --END-- [ RunTime:0.000592s ]
ERR: 无法加载模块:User

[ 2017-02-28T16:52:02+08:00 ] 127.0.0.1 /static/edu/images/u-center/u-banner/u-b-1.jpg
INFO: [ app_init ] --START--
INFO: Run Behavior\BuildLiteBehavior [ RunTime:0.000022s ]
INFO: [ app_init ] --END-- [ RunTime:0.000640s ]
ERR: 无法加载模块:Static

[ 2017-02-28T16:52:02+08:00 ] 127.0.0.1 /uc/rantech.json
INFO: [ app_init ] --START--
INFO: Run Behavior\BuildLiteBehavior [ RunTime:0.000020s ]
INFO: [ app_init ] --END-- [ RunTime:0.000695s ]
ERR: 无法加载模块:Uc

[ 2017-02-28T16:52:50+08:00 ] 127.0.0.1 /user/loginuser.json
INFO: [ app_init ] --START--
INFO: Run Behavior\BuildLiteBehavior [ RunTime:0.000022s ]
INFO: [ app_init ] --END-- [ RunTime:0.000728s ]
ERR: 无法加载模块:User

[ 2017-02-28T16:52:50+08:00 ] 127.0.0.1 /static/edu/images/u-center/u-banner/u-b-1.jpg
INFO: [ app_init ] --START--
INFO: Run Behavior\BuildLiteBehavior [ RunTime:0.000021s ]
INFO: [ app_init ] --END-- [ RunTime:0.000559s ]
ERR: 无法加载模块:Static

[ 2017-02-28T16:52:50+08:00 ] 127.0.0.1 /uc/rantech.json
INFO: [ app_init ] --START--
INFO: Run Behavior\BuildLiteBehavior [ RunTime:0.000022s ]
INFO: [ app_init ] --END-- [ RunTime:0.000634s ]
ERR: 无法加载模块:Uc

[ 2017-02-28T16:52:56+08:00 ] 127.0.0.1 /ajax/websiteProfile/online.json
INFO: [ app_init ] --START--
INFO: Run Behavior\BuildLiteBehavior [ RunTime:0.000019s ]
INFO: [ app_init ] --END-- [ RunTime:0.000577s ]
ERR: 无法加载模块:Ajax

[ 2017-02-28T16:53:03+08:00 ] 127.0.0.1 /user/loginuser.json
INFO: [ app_init ] --START--
INFO: Run Behavior\BuildLiteBehavior [ RunTime:0.000019s ]
INFO: [ app_init ] --END-- [ RunTime:0.000589s ]
ERR: 无法加载模块:User

[ 2017-02-28T16:53:04+08:00 ] 127.0.0.1 /static/edu/images/u-center/u-banner/u-b-1.jpg
INFO: [ app_init ] --START--
INFO: Run Behavior\BuildLiteBehavior [ RunTime:0.000025s ]
INFO: [ app_init ] --END-- [ RunTime:0.000941s ]
ERR: 无法加载模块:Static

[ 2017-02-28T16:53:04+08:00 ] 127.0.0.1 /uc/rantech.json
INFO: [ app_init ] --START--
INFO: Run Behavior\BuildLiteBehavior [ RunTime:0.000030s ]
INFO: [ app_init ] --END-- [ RunTime:0.000809s ]
ERR: 无法加载模块:Uc

[ 2017-02-28T16:54:17+08:00 ] 127.0.0.1 /user/loginuser.json
INFO: [ app_init ] --START--
INFO: Run Behavior\BuildLiteBehavior [ RunTime:0.000024s ]
INFO: [ app_init ] --END-- [ RunTime:0.000721s ]
ERR: 无法加载模块:User

[ 2017-02-28T16:54:17+08:00 ] 127.0.0.1 /static/edu/images/u-center/u-banner/u-b-1.jpg
INFO: [ app_init ] --START--
INFO: Run Behavior\BuildLiteBehavior [ RunTime:0.000040s ]
INFO: [ app_init ] --END-- [ RunTime:0.000828s ]
ERR: 无法加载模块:Static

[ 2017-02-28T16:54:31+08:00 ] 127.0.0.1 /user/loginuser.json
INFO: [ app_init ] --START--
INFO: Run Behavior\BuildLiteBehavior [ RunTime:0.000020s ]
INFO: [ app_init ] --END-- [ RunTime:0.000567s ]
ERR: 无法加载模块:User

[ 2017-02-28T16:54:32+08:00 ] 127.0.0.1 /uc/rantech.json
INFO: [ app_init ] --START--
INFO: Run Behavior\BuildLiteBehavior [ RunTime:0.000019s ]
INFO: [ app_init ] --END-- [ RunTime:0.000640s ]
ERR: 无法加载模块:Uc

[ 2017-02-28T16:55:55+08:00 ] 127.0.0.1 /user/loginuser.json
INFO: [ app_init ] --START--
INFO: Run Behavior\BuildLiteBehavior [ RunTime:0.000058s ]
INFO: [ app_init ] --END-- [ RunTime:0.000913s ]
ERR: 无法加载模块:User

[ 2017-02-28T16:55:55+08:00 ] 127.0.0.1 /uc/rantech.json
INFO: [ app_init ] --START--
INFO: Run Behavior\BuildLiteBehavior [ RunTime:0.000033s ]
INFO: [ app_init ] --END-- [ RunTime:0.000631s ]
ERR: 无法加载模块:Uc

[ 2017-02-28T16:56:58+08:00 ] 127.0.0.1 /user/loginuser.json
INFO: [ app_init ] --START--
INFO: Run Behavior\BuildLiteBehavior [ RunTime:0.000054s ]
INFO: [ app_init ] --END-- [ RunTime:0.001434s ]
ERR: 无法加载模块:User

[ 2017-02-28T16:56:59+08:00 ] 127.0.0.1 /uc/rantech.json
INFO: [ app_init ] --START--
INFO: Run Behavior\BuildLiteBehavior [ RunTime:0.000019s ]
INFO: [ app_init ] --END-- [ RunTime:0.000638s ]
ERR: 无法加载模块:Uc

[ 2017-02-28T16:57:00+08:00 ] 127.0.0.1 /user/loginuser.json
INFO: [ app_init ] --START--
INFO: Run Behavior\BuildLiteBehavior [ RunTime:0.000020s ]
INFO: [ app_init ] --END-- [ RunTime:0.000556s ]
ERR: 无法加载模块:User

[ 2017-02-28T16:57:00+08:00 ] 127.0.0.1 /static/edu/images/u-center/u-banner/u-b-1.jpg
INFO: [ app_init ] --START--
INFO: Run Behavior\BuildLiteBehavior [ RunTime:0.000021s ]
INFO: [ app_init ] --END-- [ RunTime:0.000555s ]
ERR: 无法加载模块:Static

[ 2017-02-28T16:57:00+08:00 ] 127.0.0.1 /uc/rantech.json
INFO: [ app_init ] --START--
INFO: Run Behavior\BuildLiteBehavior [ RunTime:0.000025s ]
INFO: [ app_init ] --END-- [ RunTime:0.000704s ]
ERR: 无法加载模块:Uc

[ 2017-02-28T16:58:38+08:00 ] 127.0.0.1 /user/loginuser.json
INFO: [ app_init ] --START--
INFO: Run Behavior\BuildLiteBehavior [ RunTime:0.000034s ]
INFO: [ app_init ] --END-- [ RunTime:0.000720s ]
ERR: 无法加载模块:User

[ 2017-02-28T16:58:38+08:00 ] 127.0.0.1 /uc/rantech.json
INFO: [ app_init ] --START--
INFO: Run Behavior\BuildLiteBehavior [ RunTime:0.000022s ]
INFO: [ app_init ] --END-- [ RunTime:0.000616s ]
ERR: 无法加载模块:Uc

[ 2017-02-28T16:58:38+08:00 ] 127.0.0.1 /static/edu/images/u-center/u-banner/u-b-1.jpg
INFO: [ app_init ] --START--
INFO: Run Behavior\BuildLiteBehavior [ RunTime:0.000042s ]
INFO: [ app_init ] --END-- [ RunTime:0.000925s ]
ERR: 无法加载模块:Static

[ 2017-02-28T17:05:46+08:00 ] 127.0.0.1 /Public/Webmall/images/page/vido-bg.png
INFO: [ app_init ] --START--
INFO: Run Behavior\BuildLiteBehavior [ RunTime:0.000044s ]
INFO: [ app_init ] --END-- [ RunTime:0.000784s ]
ERR: 无法加载模块:Public

[ 2017-02-28T17:05:51+08:00 ] 127.0.0.1 /ajax/websiteProfile/online.json
INFO: [ app_init ] --START--
INFO: Run Behavior\BuildLiteBehavior [ RunTime:0.000019s ]
INFO: [ app_init ] --END-- [ RunTime:0.000707s ]
ERR: 无法加载模块:Ajax

[ 2017-02-28T17:06:40+08:00 ] 127.0.0.1 /ajax/websiteProfile/online.json
INFO: [ app_init ] --START--
INFO: Run Behavior\BuildLiteBehavior [ RunTime:0.000033s ]
INFO: [ app_init ] --END-- [ RunTime:0.000744s ]
ERR: 无法加载模块:Ajax

[ 2017-02-28T17:06:45+08:00 ] 127.0.0.1 /Public/Webmall/images/page/r-kf-ico.jpg
INFO: [ app_init ] --START--
INFO: Run Behavior\BuildLiteBehavior [ RunTime:0.000022s ]
INFO: [ app_init ] --END-- [ RunTime:0.001035s ]
ERR: 无法加载模块:Public

[ 2017-02-28T17:06:46+08:00 ] 127.0.0.1 /static/edu/images/page/avatar-boy.gif?v=1486141236265
INFO: [ app_init ] --START--
INFO: Run Behavior\BuildLiteBehavior [ RunTime:0.000019s ]
INFO: [ app_init ] --END-- [ RunTime:0.000652s ]
ERR: 无法加载模块:Static

[ 2017-02-28T17:11:58+08:00 ] 127.0.0.1 /static/edu/images/page/avatar-boy.gif?v=1486141236265
INFO: [ app_init ] --START--
INFO: Run Behavior\BuildLiteBehavior [ RunTime:0.000035s ]
INFO: [ app_init ] --END-- [ RunTime:0.000751s ]
ERR: 无法加载模块:Static

[ 2017-02-28T17:11:58+08:00 ] 127.0.0.1 /Public/Webmall/images/page/r-kf-ico.jpg
INFO: [ app_init ] --START--
INFO: Run Behavior\BuildLiteBehavior [ RunTime:0.000022s ]
INFO: [ app_init ] --END-- [ RunTime:0.000600s ]
ERR: 无法加载模块:Public

[ 2017-02-28T17:16:32+08:00 ] 127.0.0.1 /static/edu/images/page/avatar-boy.gif?v=1486141236265
INFO: [ app_init ] --START--
INFO: Run Behavior\BuildLiteBehavior [ RunTime:0.000019s ]
INFO: [ app_init ] --END-- [ RunTime:0.000600s ]
ERR: 无法加载模块:Static

[ 2017-02-28T17:18:02+08:00 ] 127.0.0.1 /static/edu/images/page/avatar-boy.gif?v=1486141236265
INFO: [ app_init ] --START--
INFO: Run Behavior\BuildLiteBehavior [ RunTime:0.000019s ]
INFO: [ app_init ] --END-- [ RunTime:0.000653s ]
ERR: 无法加载模块:Static

[ 2017-02-28T17:18:12+08:00 ] 127.0.0.1 /static/edu/images/page/avatar-boy.gif?v=1486141236265
INFO: [ app_init ] --START--
INFO: Run Behavior\BuildLiteBehavior [ RunTime:0.000019s ]
INFO: [ app_init ] --END-- [ RunTime:0.000745s ]
ERR: 无法加载模块:Static

[ 2017-02-28T17:18:17+08:00 ] 127.0.0.1 /static/edu/images/page/avatar-boy.gif?v=1486141236265
INFO: [ app_init ] --START--
INFO: Run Behavior\BuildLiteBehavior [ RunTime:0.000020s ]
INFO: [ app_init ] --END-- [ RunTime:0.000641s ]
ERR: 无法加载模块:Static

[ 2017-02-28T17:50:31+08:00 ] 127.0.0.1 /static/edu/images/page/avatar-boy.gif?v=1486141236265
INFO: [ app_init ] --START--
INFO: Run Behavior\BuildLiteBehavior [ RunTime:0.000019s ]
INFO: [ app_init ] --END-- [ RunTime:0.000690s ]
ERR: 无法加载模块:Static

[ 2017-02-28T17:52:05+08:00 ] 127.0.0.1 /static/edu/images/page/avatar-boy.gif?v=1486141236265
INFO: [ app_init ] --START--
INFO: Run Behavior\BuildLiteBehavior [ RunTime:0.000021s ]
INFO: [ app_init ] --END-- [ RunTime:0.000625s ]
ERR: 无法加载模块:Static

[ 2017-02-28T17:52:06+08:00 ] 127.0.0.1 /Public/uploads/Admin/video/20170228/avatar1.jpg
INFO: [ app_init ] --START--
INFO: Run Behavior\BuildLiteBehavior [ RunTime:0.000026s ]
INFO: [ app_init ] --END-- [ RunTime:0.000597s ]
ERR: 无法加载模块:Public

[ 2017-02-28T17:52:06+08:00 ] 127.0.0.1 /Public/uploads/Admin/video/20170228/avatar5.jpg
INFO: [ app_init ] --START--
INFO: Run Behavior\BuildLiteBehavior [ RunTime:0.000019s ]
INFO: [ app_init ] --END-- [ RunTime:0.000740s ]
ERR: 无法加载模块:Public

[ 2017-02-28T17:52:06+08:00 ] 127.0.0.1 /Public/uploads/Admin/video/20170228/avatar3.jpg
INFO: [ app_init ] --START--
INFO: Run Behavior\BuildLiteBehavior [ RunTime:0.000019s ]
INFO: [ app_init ] --END-- [ RunTime:0.000630s ]
ERR: 无法加载模块:Public

[ 2017-02-28T17:52:06+08:00 ] 127.0.0.1 /Public/uploads/Admin/video/20170228/avatar4.jpg
INFO: [ app_init ] --START--
INFO: Run Behavior\BuildLiteBehavior [ RunTime:0.000023s ]
INFO: [ app_init ] --END-- [ RunTime:0.000731s ]
ERR: 无法加载模块:Public

[ 2017-02-28T17:52:06+08:00 ] 127.0.0.1 /Public/uploads/Admin/video/20170228/avatar2.jpg
INFO: [ app_init ] --START--
INFO: Run Behavior\BuildLiteBehavior [ RunTime:0.000020s ]
INFO: [ app_init ] --END-- [ RunTime:0.000574s ]
ERR: 无法加载模块:Public

[ 2017-02-28T17:52:57+08:00 ] 127.0.0.1 /static/edu/images/page/avatar-boy.gif?v=1486141236265
INFO: [ app_init ] --START--
INFO: Run Behavior\BuildLiteBehavior [ RunTime:0.000028s ]
INFO: [ app_init ] --END-- [ RunTime:0.000710s ]
ERR: 无法加载模块:Static

[ 2017-02-28T17:55:57+08:00 ] 127.0.0.1 /Public/Webmall/images/page/r-kf-ico.jpg
INFO: [ app_init ] --START--
INFO: Run Behavior\BuildLiteBehavior [ RunTime:0.000025s ]
INFO: [ app_init ] --END-- [ RunTime:0.000655s ]
ERR: 无法加载模块:Public

[ 2017-02-28T17:56:18+08:00 ] 127.0.0.1 /Public/Webmall/images/page/r-kf-ico.jpg
INFO: [ app_init ] --START--
INFO: Run Behavior\BuildLiteBehavior [ RunTime:0.000021s ]
INFO: [ app_init ] --END-- [ RunTime:0.000601s ]
ERR: 无法加载模块:Public

[ 2017-02-28T17:56:49+08:00 ] 127.0.0.1 /Public/Webmall/images/page/r-kf-ico.jpg
INFO: [ app_init ] --START--
INFO: Run Behavior\BuildLiteBehavior [ RunTime:0.000020s ]
INFO: [ app_init ] --END-- [ RunTime:0.000628s ]
ERR: 无法加载模块:Public

[ 2017-02-28T17:57:10+08:00 ] 127.0.0.1 /Public/Webmall/images/page/r-kf-ico.jpg
INFO: [ app_init ] --START--
INFO: Run Behavior\BuildLiteBehavior [ RunTime:0.000021s ]
INFO: [ app_init ] --END-- [ RunTime:0.000658s ]
ERR: 无法加载模块:Public

[ 2017-02-28T17:57:26+08:00 ] 127.0.0.1 /Public/Webmall/images/page/r-kf-ico.jpg
INFO: [ app_init ] --START--
INFO: Run Behavior\BuildLiteBehavior [ RunTime:0.000021s ]
INFO: [ app_init ] --END-- [ RunTime:0.000676s ]
ERR: 无法加载模块:Public

[ 2017-02-28T17:57:48+08:00 ] 127.0.0.1 /Public/Webmall/images/page/r-kf-ico.jpg
INFO: [ app_init ] --START--
INFO: Run Behavior\BuildLiteBehavior [ RunTime:0.000061s ]
INFO: [ app_init ] --END-- [ RunTime:0.001108s ]
ERR: 无法加载模块:Public

[ 2017-02-28T18:00:29+08:00 ] 127.0.0.1 /Public/Webmall/images/page/vido-bg.png
INFO: [ app_init ] --START--
INFO: Run Behavior\BuildLiteBehavior [ RunTime:0.000036s ]
INFO: [ app_init ] --END-- [ RunTime:0.001305s ]
ERR: 无法加载模块:Public

[ 2017-02-28T18:00:29+08:00 ] 127.0.0.1 /static/edu/images/c-free-img.png
INFO: [ app_init ] --START--
INFO: Run Behavior\BuildLiteBehavior [ RunTime:0.000019s ]
INFO: [ app_init ] --END-- [ RunTime:0.000659s ]
ERR: 无法加载模块:Static

[ 2017-02-28T18:00:29+08:00 ] 127.0.0.1 /user/loginuser.json
INFO: [ app_init ] --START--
INFO: Run Behavior\BuildLiteBehavior [ RunTime:0.000020s ]
INFO: [ app_init ] --END-- [ RunTime:0.000640s ]
ERR: 无法加载模块:User

[ 2017-02-28T18:00:30+08:00 ] 127.0.0.1 /shopCart/ajax/shopcartnums.json
INFO: [ app_init ] --START--
INFO: Run Behavior\BuildLiteBehavior [ RunTime:0.000019s ]
INFO: [ app_init ] --END-- [ RunTime:0.000690s ]
ERR: 无法加载模块:ShopCart

[ 2017-02-28T18:00:30+08:00 ] 127.0.0.1 /ajax/websiteProfile/online.json
INFO: [ app_init ] --START--
INFO: Run Behavior\BuildLiteBehavior [ RunTime:0.000019s ]
INFO: [ app_init ] --END-- [ RunTime:0.000590s ]
ERR: 无法加载模块:Ajax

[ 2017-02-28T18:00:31+08:00 ] 127.0.0.1 /user/loginuser.json
INFO: [ app_init ] --START--
INFO: Run Behavior\BuildLiteBehavior [ RunTime:0.000021s ]
INFO: [ app_init ] --END-- [ RunTime:0.000684s ]
ERR: 无法加载模块:User

[ 2017-02-28T18:00:32+08:00 ] 127.0.0.1 /shopCart/ajax/shopcartnums.json
INFO: [ app_init ] --START--
INFO: Run Behavior\BuildLiteBehavior [ RunTime:0.000018s ]
INFO: [ app_init ] --END-- [ RunTime:0.000708s ]
ERR: 无法加载模块:ShopCart

[ 2017-02-28T18:00:32+08:00 ] 127.0.0.1 /ajax/websiteProfile/online.json
INFO: [ app_init ] --START--
INFO: Run Behavior\BuildLiteBehavior [ RunTime:0.000023s ]
INFO: [ app_init ] --END-- [ RunTime:0.000699s ]
ERR: 无法加载模块:Ajax

[ 2017-02-28T18:01:10+08:00 ] 127.0.0.1 /Public/Webmall/images/page/vido-bg.png
INFO: [ app_init ] --START--
INFO: Run Behavior\BuildLiteBehavior [ RunTime:0.000037s ]
INFO: [ app_init ] --END-- [ RunTime:0.000691s ]
ERR: 无法加载模块:Public

[ 2017-02-28T18:01:34+08:00 ] 127.0.0.1 /Public/Webmall/images/page/r-kf-ico.jpg
INFO: [ app_init ] --START--
INFO: Run Behavior\BuildLiteBehavior [ RunTime:0.000021s ]
INFO: [ app_init ] --END-- [ RunTime:0.000729s ]
ERR: 无法加载模块:Public

[ 2017-02-28T18:01:39+08:00 ] 127.0.0.1 /Public/Webmall/images/page/vido-bg.png
INFO: [ app_init ] --START--
INFO: Run Behavior\BuildLiteBehavior [ RunTime:0.000018s ]
INFO: [ app_init ] --END-- [ RunTime:0.000875s ]
ERR: 无法加载模块:Public

[ 2017-02-28T18:01:39+08:00 ] 127.0.0.1 /static/edu/images/c-free-img.png
INFO: [ app_init ] --START--
INFO: Run Behavior\BuildLiteBehavior [ RunTime:0.000019s ]
INFO: [ app_init ] --END-- [ RunTime:0.000657s ]
ERR: 无法加载模块:Static

[ 2017-02-28T18:01:39+08:00 ] 127.0.0.1 /user/loginuser.json
INFO: [ app_init ] --START--
INFO: Run Behavior\BuildLiteBehavior [ RunTime:0.000025s ]
INFO: [ app_init ] --END-- [ RunTime:0.000859s ]
ERR: 无法加载模块:User

[ 2017-02-28T18:01:40+08:00 ] 127.0.0.1 /shopCart/ajax/shopcartnums.json
INFO: [ app_init ] --START--
INFO: Run Behavior\BuildLiteBehavior [ RunTime:0.000019s ]
INFO: [ app_init ] --END-- [ RunTime:0.000737s ]
ERR: 无法加载模块:ShopCart

[ 2017-02-28T18:01:40+08:00 ] 127.0.0.1 /ajax/websiteProfile/online.json
INFO: [ app_init ] --START--
INFO: Run Behavior\BuildLiteBehavior [ RunTime:0.000019s ]
INFO: [ app_init ] --END-- [ RunTime:0.000622s ]
ERR: 无法加载模块:Ajax

[ 2017-02-28T18:01:41+08:00 ] 127.0.0.1 /user/loginuser.json
INFO: [ app_init ] --START--
INFO: Run Behavior\BuildLiteBehavior [ RunTime:0.000028s ]
INFO: [ app_init ] --END-- [ RunTime:0.000701s ]
ERR: 无法加载模块:User

[ 2017-02-28T18:01:42+08:00 ] 127.0.0.1 /ajax/websiteProfile/online.json
INFO: [ app_init ] --START--
INFO: Run Behavior\BuildLiteBehavior [ RunTime:0.000019s ]
INFO: [ app_init ] --END-- [ RunTime:0.000641s ]
ERR: 无法加载模块:Ajax

[ 2017-02-28T18:01:42+08:00 ] 127.0.0.1 /shopCart/ajax/shopcartnums.json
INFO: [ app_init ] --START--
INFO: Run Behavior\BuildLiteBehavior [ RunTime:0.000019s ]
INFO: [ app_init ] --END-- [ RunTime:0.000629s ]
ERR: 无法加载模块:ShopCart

[ 2017-02-28T18:01:42+08:00 ] 127.0.0.1 /user/loginuser.json
INFO: [ app_init ] --START--
INFO: Run Behavior\BuildLiteBehavior [ RunTime:0.000019s ]
INFO: [ app_init ] --END-- [ RunTime:0.000996s ]
ERR: 无法加载模块:User

[ 2017-02-28T18:01:42+08:00 ] 127.0.0.1 /shopCart/ajax/shopcartnums.json
INFO: [ app_init ] --START--
INFO: Run Behavior\BuildLiteBehavior [ RunTime:0.000038s ]
INFO: [ app_init ] --END-- [ RunTime:0.000849s ]
ERR: 无法加载模块:ShopCart

[ 2017-02-28T18:01:42+08:00 ] 127.0.0.1 /ajax/websiteProfile/online.json
INFO: [ app_init ] --START--
INFO: Run Behavior\BuildLiteBehavior [ RunTime:0.000022s ]
INFO: [ app_init ] --END-- [ RunTime:0.000588s ]
ERR: 无法加载模块:Ajax

[ 2017-02-28T18:01:46+08:00 ] 127.0.0.1 /user/loginuser.json
INFO: [ app_init ] --START--
INFO: Run Behavior\BuildLiteBehavior [ RunTime:0.000033s ]
INFO: [ app_init ] --END-- [ RunTime:0.000806s ]
ERR: 无法加载模块:User

[ 2017-02-28T18:01:47+08:00 ] 127.0.0.1 /shopCart/ajax/shopcartnums.json
INFO: [ app_init ] --START--
INFO: Run Behavior\BuildLiteBehavior [ RunTime:0.000023s ]
INFO: [ app_init ] --END-- [ RunTime:0.000717s ]
ERR: 无法加载模块:ShopCart

[ 2017-02-28T18:01:47+08:00 ] 127.0.0.1 /ajax/websiteProfile/online.json
INFO: [ app_init ] --START--
INFO: Run Behavior\BuildLiteBehavior [ RunTime:0.000022s ]
INFO: [ app_init ] --END-- [ RunTime:0.000716s ]
ERR: 无法加载模块:Ajax

[ 2017-02-28T18:02:05+08:00 ] 127.0.0.1 /Public/Webmall/images/page/r-kf-ico.jpg
INFO: [ app_init ] --START--
INFO: Run Behavior\BuildLiteBehavior [ RunTime:0.000020s ]
INFO: [ app_init ] --END-- [ RunTime:0.000561s ]
ERR: 无法加载模块:Public

[ 2017-02-28T18:02:06+08:00 ] 127.0.0.1 /static/edu/images/c-free-img.png
INFO: [ app_init ] --START--
INFO: Run Behavior\BuildLiteBehavior [ RunTime:0.000026s ]
INFO: [ app_init ] --END-- [ RunTime:0.000700s ]
ERR: 无法加载模块:Static

[ 2017-02-28T18:02:06+08:00 ] 127.0.0.1 /Public/Webmall/images/page/vido-bg.png
INFO: [ app_init ] --START--
INFO: Run Behavior\BuildLiteBehavior [ RunTime:0.000020s ]
INFO: [ app_init ] --END-- [ RunTime:0.000655s ]
ERR: 无法加载模块:Public

[ 2017-02-28T18:02:06+08:00 ] 127.0.0.1 /user/loginuser.json
INFO: [ app_init ] --START--
INFO: Run Behavior\BuildLiteBehavior [ RunTime:0.000019s ]
INFO: [ app_init ] --END-- [ RunTime:0.000664s ]
ERR: 无法加载模块:User

[ 2017-02-28T18:02:07+08:00 ] 127.0.0.1 /ajax/websiteProfile/online.json
INFO: [ app_init ] --START--
INFO: Run Behavior\BuildLiteBehavior [ RunTime:0.000026s ]
INFO: [ app_init ] --END-- [ RunTime:0.000655s ]
ERR: 无法加载模块:Ajax

[ 2017-02-28T18:02:07+08:00 ] 127.0.0.1 /shopCart/ajax/shopcartnums.json
INFO: [ app_init ] --START--
INFO: Run Behavior\BuildLiteBehavior [ RunTime:0.000035s ]
INFO: [ app_init ] --END-- [ RunTime:0.000735s ]
ERR: 无法加载模块:ShopCart

