[ 2017-03-03T09:17:20+08:00 ] 127.0.0.1 /Admin/Index/index.html
INFO: [ app_init ] --START--
INFO: Run Behavior\BuildLiteBehavior [ RunTime:0.000072s ]
INFO: [ app_init ] --END-- [ RunTime:0.146126s ]

[ 2017-03-03T09:19:03+08:00 ] 127.0.0.1 /Admin/Index/index.html
INFO: [ app_init ] --START--
INFO: Run Behavior\BuildLiteBehavior [ RunTime:0.000018s ]
INFO: [ app_init ] --END-- [ RunTime:0.000585s ]

[ 2017-03-03T09:19:06+08:00 ] 127.0.0.1 /Admin/public/index.html
INFO: [ app_init ] --START--
INFO: Run Behavior\BuildLiteBehavior [ RunTime:0.000019s ]
INFO: [ app_init ] --END-- [ RunTime:0.000605s ]

[ 2017-03-03T09:19:08+08:00 ] 127.0.0.1 /Admin/Public/login.html
INFO: [ app_init ] --START--
INFO: Run Behavior\BuildLiteBehavior [ RunTime:0.000019s ]
INFO: [ app_init ] --END-- [ RunTime:0.000530s ]

[ 2017-03-03T09:19:09+08:00 ] 127.0.0.1 /Admin/Index/index.html
INFO: [ app_init ] --START--
INFO: Run Behavior\BuildLiteBehavior [ RunTime:0.000019s ]
INFO: [ app_init ] --END-- [ RunTime:0.000633s ]

[ 2017-03-03T09:19:10+08:00 ] 127.0.0.1 /Admin/Index/main.html
INFO: [ app_init ] --START--
INFO: Run Behavior\BuildLiteBehavior [ RunTime:0.000037s ]
INFO: [ app_init ] --END-- [ RunTime:0.000785s ]

[ 2017-03-03T09:19:13+08:00 ] 127.0.0.1 /Admin/Source/index.html
INFO: [ app_init ] --START--
INFO: Run Behavior\BuildLiteBehavior [ RunTime:0.000022s ]
INFO: [ app_init ] --END-- [ RunTime:0.000701s ]

[ 2017-03-03T09:19:49+08:00 ] 127.0.0.1 /Admin/Source/edit/id/1.html
INFO: [ app_init ] --START--
INFO: Run Behavior\BuildLiteBehavior [ RunTime:0.000019s ]
INFO: [ app_init ] --END-- [ RunTime:0.000658s ]

[ 2017-03-03T09:20:15+08:00 ] 127.0.0.1 /Admin/Source/edit/id/
INFO: [ app_init ] --START--
INFO: Run Behavior\BuildLiteBehavior [ RunTime:0.000023s ]
INFO: [ app_init ] --END-- [ RunTime:0.000669s ]
ERR: 参数错误或者未定义:id

[ 2017-03-03T09:20:16+08:00 ] 127.0.0.1 /Admin/Source/edit/id/
INFO: [ app_init ] --START--
INFO: Run Behavior\BuildLiteBehavior [ RunTime:0.000020s ]
INFO: [ app_init ] --END-- [ RunTime:0.000609s ]
ERR: 参数错误或者未定义:id

[ 2017-03-03T09:20:31+08:00 ] 127.0.0.1 /Admin/Image/uploadImage.html
INFO: [ app_init ] --START--
INFO: Run Behavior\BuildLiteBehavior [ RunTime:0.000021s ]
INFO: [ app_init ] --END-- [ RunTime:0.000570s ]

[ 2017-03-03T09:20:38+08:00 ] 127.0.0.1 /Admin/Image/uploadImage.html
INFO: [ app_init ] --START--
INFO: Run Behavior\BuildLiteBehavior [ RunTime:0.000031s ]
INFO: [ app_init ] --END-- [ RunTime:0.000777s ]

[ 2017-03-03T09:21:05+08:00 ] 127.0.0.1 /Admin/source/do_edit.html
INFO: [ app_init ] --START--
INFO: Run Behavior\BuildLiteBehavior [ RunTime:0.000018s ]
INFO: [ app_init ] --END-- [ RunTime:0.000729s ]

[ 2017-03-03T09:21:08+08:00 ] 127.0.0.1 /Admin/source/index.html
INFO: [ app_init ] --START--
INFO: Run Behavior\BuildLiteBehavior [ RunTime:0.000019s ]
INFO: [ app_init ] --END-- [ RunTime:0.000691s ]

[ 2017-03-03T09:34:16+08:00 ] 127.0.0.1 /Admin/Source/edit/id/1.html
INFO: [ app_init ] --START--
INFO: Run Behavior\BuildLiteBehavior [ RunTime:0.000020s ]
INFO: [ app_init ] --END-- [ RunTime:0.000673s ]

[ 2017-03-03T09:34:17+08:00 ] 127.0.0.1 /Admin/Source/edit/id/
INFO: [ app_init ] --START--
INFO: Run Behavior\BuildLiteBehavior [ RunTime:0.000019s ]
INFO: [ app_init ] --END-- [ RunTime:0.000581s ]
ERR: 参数错误或者未定义:id

[ 2017-03-03T09:34:17+08:00 ] 127.0.0.1 /Admin/Source/edit/id/
INFO: [ app_init ] --START--
INFO: Run Behavior\BuildLiteBehavior [ RunTime:0.000022s ]
INFO: [ app_init ] --END-- [ RunTime:0.000660s ]
ERR: 参数错误或者未定义:id

[ 2017-03-03T09:34:27+08:00 ] 127.0.0.1 /Admin/Image/uploadImage.html
INFO: [ app_init ] --START--
INFO: Run Behavior\BuildLiteBehavior [ RunTime:0.000019s ]
INFO: [ app_init ] --END-- [ RunTime:0.000607s ]

[ 2017-03-03T09:34:31+08:00 ] 127.0.0.1 /Admin/source/do_edit.html
INFO: [ app_init ] --START--
INFO: Run Behavior\BuildLiteBehavior [ RunTime:0.000020s ]
INFO: [ app_init ] --END-- [ RunTime:0.000895s ]

[ 2017-03-03T09:34:33+08:00 ] 127.0.0.1 /Admin/source/index.html
INFO: [ app_init ] --START--
INFO: Run Behavior\BuildLiteBehavior [ RunTime:0.000018s ]
INFO: [ app_init ] --END-- [ RunTime:0.000909s ]

[ 2017-03-03T09:34:35+08:00 ] 127.0.0.1 /Admin/Source/edit/id/2.html
INFO: [ app_init ] --START--
INFO: Run Behavior\BuildLiteBehavior [ RunTime:0.000019s ]
INFO: [ app_init ] --END-- [ RunTime:0.000948s ]

[ 2017-03-03T09:34:36+08:00 ] 127.0.0.1 /Admin/Source/edit/id/
INFO: [ app_init ] --START--
INFO: Run Behavior\BuildLiteBehavior [ RunTime:0.000019s ]
INFO: [ app_init ] --END-- [ RunTime:0.000894s ]
ERR: 参数错误或者未定义:id

[ 2017-03-03T09:34:37+08:00 ] 127.0.0.1 /Admin/Source/edit/id/
INFO: [ app_init ] --START--
INFO: Run Behavior\BuildLiteBehavior [ RunTime:0.000020s ]
INFO: [ app_init ] --END-- [ RunTime:0.000889s ]
ERR: 参数错误或者未定义:id

[ 2017-03-03T09:35:05+08:00 ] 127.0.0.1 /Admin/Image/uploadImage.html
INFO: [ app_init ] --START--
INFO: Run Behavior\BuildLiteBehavior [ RunTime:0.000018s ]
INFO: [ app_init ] --END-- [ RunTime:0.000916s ]

[ 2017-03-03T09:35:14+08:00 ] 127.0.0.1 /Admin/Image/uploadImage.html
INFO: [ app_init ] --START--
INFO: Run Behavior\BuildLiteBehavior [ RunTime:0.000019s ]
INFO: [ app_init ] --END-- [ RunTime:0.000875s ]

[ 2017-03-03T09:35:16+08:00 ] 127.0.0.1 /Admin/source/do_edit.html
INFO: [ app_init ] --START--
INFO: Run Behavior\BuildLiteBehavior [ RunTime:0.000020s ]
INFO: [ app_init ] --END-- [ RunTime:0.000915s ]

[ 2017-03-03T09:35:17+08:00 ] 127.0.0.1 /Admin/source/index.html
INFO: [ app_init ] --START--
INFO: Run Behavior\BuildLiteBehavior [ RunTime:0.000018s ]
INFO: [ app_init ] --END-- [ RunTime:0.000955s ]

[ 2017-03-03T09:35:20+08:00 ] 127.0.0.1 /Admin/Source/edit/id/3.html
INFO: [ app_init ] --START--
INFO: Run Behavior\BuildLiteBehavior [ RunTime:0.000020s ]
INFO: [ app_init ] --END-- [ RunTime:0.000939s ]

[ 2017-03-03T09:35:21+08:00 ] 127.0.0.1 /Admin/Source/edit/id/
INFO: [ app_init ] --START--
INFO: Run Behavior\BuildLiteBehavior [ RunTime:0.000019s ]
INFO: [ app_init ] --END-- [ RunTime:0.000892s ]
ERR: 参数错误或者未定义:id

[ 2017-03-03T09:35:22+08:00 ] 127.0.0.1 /Admin/Source/edit/id/
INFO: [ app_init ] --START--
INFO: Run Behavior\BuildLiteBehavior [ RunTime:0.000026s ]
INFO: [ app_init ] --END-- [ RunTime:0.001086s ]
ERR: 参数错误或者未定义:id

[ 2017-03-03T09:35:54+08:00 ] 127.0.0.1 /Admin/Image/uploadImage.html
INFO: [ app_init ] --START--
INFO: Run Behavior\BuildLiteBehavior [ RunTime:0.000020s ]
INFO: [ app_init ] --END-- [ RunTime:0.001192s ]

[ 2017-03-03T09:35:59+08:00 ] 127.0.0.1 /Admin/Image/uploadImage.html
INFO: [ app_init ] --START--
INFO: Run Behavior\BuildLiteBehavior [ RunTime:0.000018s ]
INFO: [ app_init ] --END-- [ RunTime:0.001031s ]

[ 2017-03-03T09:36:01+08:00 ] 127.0.0.1 /Admin/source/do_edit.html
INFO: [ app_init ] --START--
INFO: Run Behavior\BuildLiteBehavior [ RunTime:0.000049s ]
INFO: [ app_init ] --END-- [ RunTime:0.001218s ]

[ 2017-03-03T09:36:02+08:00 ] 127.0.0.1 /Admin/source/index.html
INFO: [ app_init ] --START--
INFO: Run Behavior\BuildLiteBehavior [ RunTime:0.000019s ]
INFO: [ app_init ] --END-- [ RunTime:0.000891s ]

[ 2017-03-03T09:36:05+08:00 ] 127.0.0.1 /Admin/Source/add.html
INFO: [ app_init ] --START--
INFO: Run Behavior\BuildLiteBehavior [ RunTime:0.000020s ]
INFO: [ app_init ] --END-- [ RunTime:0.000852s ]

[ 2017-03-03T09:36:06+08:00 ] 127.0.0.1 /Admin/Source/
INFO: [ app_init ] --START--
INFO: Run Behavior\BuildLiteBehavior [ RunTime:0.000019s ]
INFO: [ app_init ] --END-- [ RunTime:0.000863s ]

[ 2017-03-03T09:36:07+08:00 ] 127.0.0.1 /Admin/Source/
INFO: [ app_init ] --START--
INFO: Run Behavior\BuildLiteBehavior [ RunTime:0.000019s ]
INFO: [ app_init ] --END-- [ RunTime:0.000899s ]

[ 2017-03-03T09:36:28+08:00 ] 127.0.0.1 /Admin/Image/uploadImage.html
INFO: [ app_init ] --START--
INFO: Run Behavior\BuildLiteBehavior [ RunTime:0.000019s ]
INFO: [ app_init ] --END-- [ RunTime:0.000781s ]

[ 2017-03-03T09:36:36+08:00 ] 127.0.0.1 /Admin/Image/uploadImage.html
INFO: [ app_init ] --START--
INFO: Run Behavior\BuildLiteBehavior [ RunTime:0.000022s ]
INFO: [ app_init ] --END-- [ RunTime:0.000788s ]

[ 2017-03-03T09:36:38+08:00 ] 127.0.0.1 /Admin/source/do_add.html
INFO: [ app_init ] --START--
INFO: Run Behavior\BuildLiteBehavior [ RunTime:0.000019s ]
INFO: [ app_init ] --END-- [ RunTime:0.000661s ]

[ 2017-03-03T09:36:39+08:00 ] 127.0.0.1 /Admin/Source/index.html
INFO: [ app_init ] --START--
INFO: Run Behavior\BuildLiteBehavior [ RunTime:0.000019s ]
INFO: [ app_init ] --END-- [ RunTime:0.000692s ]

[ 2017-03-03T09:36:41+08:00 ] 127.0.0.1 /Admin/Source/add.html
INFO: [ app_init ] --START--
INFO: Run Behavior\BuildLiteBehavior [ RunTime:0.000019s ]
INFO: [ app_init ] --END-- [ RunTime:0.000625s ]

[ 2017-03-03T09:36:42+08:00 ] 127.0.0.1 /Admin/Source/
INFO: [ app_init ] --START--
INFO: Run Behavior\BuildLiteBehavior [ RunTime:0.000048s ]
INFO: [ app_init ] --END-- [ RunTime:0.000976s ]

[ 2017-03-03T09:36:42+08:00 ] 127.0.0.1 /Admin/Source/
INFO: [ app_init ] --START--
INFO: Run Behavior\BuildLiteBehavior [ RunTime:0.000028s ]
INFO: [ app_init ] --END-- [ RunTime:0.000997s ]

[ 2017-03-03T09:36:49+08:00 ] 127.0.0.1 /Admin/Image/uploadImage.html
INFO: [ app_init ] --START--
INFO: Run Behavior\BuildLiteBehavior [ RunTime:0.000018s ]
INFO: [ app_init ] --END-- [ RunTime:0.000637s ]

[ 2017-03-03T09:37:20+08:00 ] 127.0.0.1 /Admin/Image/uploadImage.html
INFO: [ app_init ] --START--
INFO: Run Behavior\BuildLiteBehavior [ RunTime:0.000019s ]
INFO: [ app_init ] --END-- [ RunTime:0.000616s ]

[ 2017-03-03T09:37:22+08:00 ] 127.0.0.1 /Admin/source/do_add.html
INFO: [ app_init ] --START--
INFO: Run Behavior\BuildLiteBehavior [ RunTime:0.000020s ]
INFO: [ app_init ] --END-- [ RunTime:0.000665s ]

[ 2017-03-03T09:37:23+08:00 ] 127.0.0.1 /Admin/Source/index.html
INFO: [ app_init ] --START--
INFO: Run Behavior\BuildLiteBehavior [ RunTime:0.000022s ]
INFO: [ app_init ] --END-- [ RunTime:0.000685s ]

[ 2017-03-03T09:37:26+08:00 ] 127.0.0.1 /Admin/Source/add.html
INFO: [ app_init ] --START--
INFO: Run Behavior\BuildLiteBehavior [ RunTime:0.000018s ]
INFO: [ app_init ] --END-- [ RunTime:0.000669s ]

[ 2017-03-03T09:37:27+08:00 ] 127.0.0.1 /Admin/Source/
INFO: [ app_init ] --START--
INFO: Run Behavior\BuildLiteBehavior [ RunTime:0.000021s ]
INFO: [ app_init ] --END-- [ RunTime:0.000669s ]

[ 2017-03-03T09:37:27+08:00 ] 127.0.0.1 /Admin/Source/
INFO: [ app_init ] --START--
INFO: Run Behavior\BuildLiteBehavior [ RunTime:0.000020s ]
INFO: [ app_init ] --END-- [ RunTime:0.000676s ]

[ 2017-03-03T09:37:37+08:00 ] 127.0.0.1 /Admin/Image/uploadImage.html
INFO: [ app_init ] --START--
INFO: Run Behavior\BuildLiteBehavior [ RunTime:0.000018s ]
INFO: [ app_init ] --END-- [ RunTime:0.000639s ]

[ 2017-03-03T09:37:54+08:00 ] 127.0.0.1 /Admin/Image/uploadImage.html
INFO: [ app_init ] --START--
INFO: Run Behavior\BuildLiteBehavior [ RunTime:0.000018s ]
INFO: [ app_init ] --END-- [ RunTime:0.000644s ]

[ 2017-03-03T09:37:56+08:00 ] 127.0.0.1 /Admin/source/do_add.html
INFO: [ app_init ] --START--
INFO: Run Behavior\BuildLiteBehavior [ RunTime:0.000020s ]
INFO: [ app_init ] --END-- [ RunTime:0.000651s ]

[ 2017-03-03T09:37:57+08:00 ] 127.0.0.1 /Admin/Source/index.html
INFO: [ app_init ] --START--
INFO: Run Behavior\BuildLiteBehavior [ RunTime:0.000026s ]
INFO: [ app_init ] --END-- [ RunTime:0.000835s ]

[ 2017-03-03T09:37:59+08:00 ] 127.0.0.1 /Admin/Source/add.html
INFO: [ app_init ] --START--
INFO: Run Behavior\BuildLiteBehavior [ RunTime:0.000019s ]
INFO: [ app_init ] --END-- [ RunTime:0.000663s ]

[ 2017-03-03T09:38:00+08:00 ] 127.0.0.1 /Admin/Source/
INFO: [ app_init ] --START--
INFO: Run Behavior\BuildLiteBehavior [ RunTime:0.000019s ]
INFO: [ app_init ] --END-- [ RunTime:0.000641s ]

[ 2017-03-03T09:38:01+08:00 ] 127.0.0.1 /Admin/Source/
INFO: [ app_init ] --START--
INFO: Run Behavior\BuildLiteBehavior [ RunTime:0.000022s ]
INFO: [ app_init ] --END-- [ RunTime:0.000745s ]

[ 2017-03-03T09:38:20+08:00 ] 127.0.0.1 /Admin/Image/uploadImage.html
INFO: [ app_init ] --START--
INFO: Run Behavior\BuildLiteBehavior [ RunTime:0.000019s ]
INFO: [ app_init ] --END-- [ RunTime:0.000739s ]

[ 2017-03-03T09:38:38+08:00 ] 127.0.0.1 /Admin/Image/uploadImage.html
INFO: [ app_init ] --START--
INFO: Run Behavior\BuildLiteBehavior [ RunTime:0.000019s ]
INFO: [ app_init ] --END-- [ RunTime:0.000657s ]

[ 2017-03-03T09:38:40+08:00 ] 127.0.0.1 /Admin/source/do_add.html
INFO: [ app_init ] --START--
INFO: Run Behavior\BuildLiteBehavior [ RunTime:0.000020s ]
INFO: [ app_init ] --END-- [ RunTime:0.000637s ]

[ 2017-03-03T09:38:42+08:00 ] 127.0.0.1 /Admin/Source/index.html
INFO: [ app_init ] --START--
INFO: Run Behavior\BuildLiteBehavior [ RunTime:0.000020s ]
INFO: [ app_init ] --END-- [ RunTime:0.000662s ]

[ 2017-03-03T09:38:44+08:00 ] 127.0.0.1 /Admin/Source/add.html
INFO: [ app_init ] --START--
INFO: Run Behavior\BuildLiteBehavior [ RunTime:0.000021s ]
INFO: [ app_init ] --END-- [ RunTime:0.000699s ]

[ 2017-03-03T09:38:45+08:00 ] 127.0.0.1 /Admin/Source/
INFO: [ app_init ] --START--
INFO: Run Behavior\BuildLiteBehavior [ RunTime:0.000020s ]
INFO: [ app_init ] --END-- [ RunTime:0.000631s ]

[ 2017-03-03T09:38:46+08:00 ] 127.0.0.1 /Admin/Source/
INFO: [ app_init ] --START--
INFO: Run Behavior\BuildLiteBehavior [ RunTime:0.000020s ]
INFO: [ app_init ] --END-- [ RunTime:0.000733s ]

[ 2017-03-03T09:38:52+08:00 ] 127.0.0.1 /Admin/Image/uploadImage.html
INFO: [ app_init ] --START--
INFO: Run Behavior\BuildLiteBehavior [ RunTime:0.000019s ]
INFO: [ app_init ] --END-- [ RunTime:0.000627s ]

[ 2017-03-03T09:39:07+08:00 ] 127.0.0.1 /Admin/Image/uploadImage.html
INFO: [ app_init ] --START--
INFO: Run Behavior\BuildLiteBehavior [ RunTime:0.000018s ]
INFO: [ app_init ] --END-- [ RunTime:0.000622s ]

[ 2017-03-03T09:39:08+08:00 ] 127.0.0.1 /Admin/source/do_add.html
INFO: [ app_init ] --START--
INFO: Run Behavior\BuildLiteBehavior [ RunTime:0.000021s ]
INFO: [ app_init ] --END-- [ RunTime:0.000789s ]

[ 2017-03-03T09:39:10+08:00 ] 127.0.0.1 /Admin/Source/index.html
INFO: [ app_init ] --START--
INFO: Run Behavior\BuildLiteBehavior [ RunTime:0.000020s ]
INFO: [ app_init ] --END-- [ RunTime:0.000628s ]

[ 2017-03-03T09:48:54+08:00 ] 127.0.0.1 /Admin/Course/index.html
INFO: [ app_init ] --START--
INFO: Run Behavior\BuildLiteBehavior [ RunTime:0.000020s ]
INFO: [ app_init ] --END-- [ RunTime:0.000693s ]

[ 2017-03-03T09:49:01+08:00 ] 127.0.0.1 /Admin/Course/edit/id/5.html
INFO: [ app_init ] --START--
INFO: Run Behavior\BuildLiteBehavior [ RunTime:0.000019s ]
INFO: [ app_init ] --END-- [ RunTime:0.000661s ]
ERR: SQLSTATE[42S02]: Base table or view not found: 1146 Table 'nongben.st_common_category' doesn't exist

[ 2017-03-03T09:50:23+08:00 ] 127.0.0.1 /Admin/Index/index.html
INFO: [ app_init ] --START--
INFO: Run Behavior\BuildLiteBehavior [ RunTime:0.000019s ]
INFO: [ app_init ] --END-- [ RunTime:0.000643s ]

[ 2017-03-03T09:50:23+08:00 ] 127.0.0.1 /Admin/Index/main.html
INFO: [ app_init ] --START--
INFO: Run Behavior\BuildLiteBehavior [ RunTime:0.000018s ]
INFO: [ app_init ] --END-- [ RunTime:0.000671s ]

[ 2017-03-03T09:50:28+08:00 ] 127.0.0.1 /Admin/Course/index.html
INFO: [ app_init ] --START--
INFO: Run Behavior\BuildLiteBehavior [ RunTime:0.000026s ]
INFO: [ app_init ] --END-- [ RunTime:0.000660s ]

[ 2017-03-03T09:50:30+08:00 ] 127.0.0.1 /Admin/Course/edit/id/5.html
INFO: [ app_init ] --START--
INFO: Run Behavior\BuildLiteBehavior [ RunTime:0.000018s ]
INFO: [ app_init ] --END-- [ RunTime:0.000628s ]
ERR: SQLSTATE[42S02]: Base table or view not found: 1146 Table 'nongben.st_common_category' doesn't exist

[ 2017-03-03T09:51:20+08:00 ] 127.0.0.1 /Admin/Index/index.html
INFO: [ app_init ] --START--
INFO: Run Behavior\BuildLiteBehavior [ RunTime:0.000030s ]
INFO: [ app_init ] --END-- [ RunTime:0.000962s ]

[ 2017-03-03T09:51:20+08:00 ] 127.0.0.1 /Admin/Index/main.html
INFO: [ app_init ] --START--
INFO: Run Behavior\BuildLiteBehavior [ RunTime:0.000039s ]
INFO: [ app_init ] --END-- [ RunTime:0.001035s ]

[ 2017-03-03T09:51:23+08:00 ] 127.0.0.1 /Admin/Advertisement/index.html
INFO: [ app_init ] --START--
INFO: Run Behavior\BuildLiteBehavior [ RunTime:0.000035s ]
INFO: [ app_init ] --END-- [ RunTime:0.000765s ]

[ 2017-03-03T09:51:24+08:00 ] 127.0.0.1 /Admin/Course/index.html
INFO: [ app_init ] --START--
INFO: Run Behavior\BuildLiteBehavior [ RunTime:0.000018s ]
INFO: [ app_init ] --END-- [ RunTime:0.000692s ]

[ 2017-03-03T09:51:27+08:00 ] 127.0.0.1 /Admin/Course/edit/id/5.html
INFO: [ app_init ] --START--
INFO: Run Behavior\BuildLiteBehavior [ RunTime:0.000019s ]
INFO: [ app_init ] --END-- [ RunTime:0.000609s ]

[ 2017-03-03T09:51:27+08:00 ] 127.0.0.1 /Admin/category/get_category_list.html
INFO: [ app_init ] --START--
INFO: Run Behavior\BuildLiteBehavior [ RunTime:0.000018s ]
INFO: [ app_init ] --END-- [ RunTime:0.000581s ]

[ 2017-03-03T09:51:28+08:00 ] 127.0.0.1 /Admin/category/get_category_list.html?id=1
INFO: [ app_init ] --START--
INFO: Run Behavior\BuildLiteBehavior [ RunTime:0.000021s ]
INFO: [ app_init ] --END-- [ RunTime:0.000690s ]

[ 2017-03-03T09:51:28+08:00 ] 127.0.0.1 /Admin/Course/edit/id/
INFO: [ app_init ] --START--
INFO: Run Behavior\BuildLiteBehavior [ RunTime:0.000026s ]
INFO: [ app_init ] --END-- [ RunTime:0.000791s ]
ERR: 参数错误或者未定义:id

[ 2017-03-03T09:51:28+08:00 ] 127.0.0.1 /Admin/category/get_category_list.html?id=12
INFO: [ app_init ] --START--
INFO: Run Behavior\BuildLiteBehavior [ RunTime:0.000018s ]
INFO: [ app_init ] --END-- [ RunTime:0.000581s ]

[ 2017-03-03T09:51:29+08:00 ] 127.0.0.1 /Admin/Course/edit/id/
INFO: [ app_init ] --START--
INFO: Run Behavior\BuildLiteBehavior [ RunTime:0.000020s ]
INFO: [ app_init ] --END-- [ RunTime:0.000754s ]
ERR: 参数错误或者未定义:id

[ 2017-03-03T09:53:51+08:00 ] 127.0.0.1 /Admin/Course/edit/id/5.html
INFO: [ app_init ] --START--
INFO: Run Behavior\BuildLiteBehavior [ RunTime:0.000022s ]
INFO: [ app_init ] --END-- [ RunTime:0.000946s ]

[ 2017-03-03T09:53:52+08:00 ] 127.0.0.1 /Admin/category/get_category_list.html
INFO: [ app_init ] --START--
INFO: Run Behavior\BuildLiteBehavior [ RunTime:0.000021s ]
INFO: [ app_init ] --END-- [ RunTime:0.001242s ]

[ 2017-03-03T09:53:52+08:00 ] 127.0.0.1 /Admin/category/get_category_list.html?id=1
INFO: [ app_init ] --START--
INFO: Run Behavior\BuildLiteBehavior [ RunTime:0.000018s ]
INFO: [ app_init ] --END-- [ RunTime:0.000709s ]

[ 2017-03-03T09:53:52+08:00 ] 127.0.0.1 /Admin/Course/edit/id/
INFO: [ app_init ] --START--
INFO: Run Behavior\BuildLiteBehavior [ RunTime:0.000019s ]
INFO: [ app_init ] --END-- [ RunTime:0.000650s ]
ERR: 参数错误或者未定义:id

[ 2017-03-03T09:53:53+08:00 ] 127.0.0.1 /Admin/category/get_category_list.html?id=12
INFO: [ app_init ] --START--
INFO: Run Behavior\BuildLiteBehavior [ RunTime:0.000023s ]
INFO: [ app_init ] --END-- [ RunTime:0.011552s ]

[ 2017-03-03T09:53:53+08:00 ] 127.0.0.1 /Admin/Course/edit/id/
INFO: [ app_init ] --START--
INFO: Run Behavior\BuildLiteBehavior [ RunTime:0.000019s ]
INFO: [ app_init ] --END-- [ RunTime:0.000610s ]
ERR: 参数错误或者未定义:id

[ 2017-03-03T09:54:12+08:00 ] 127.0.0.1 /Admin/Index/index.html
INFO: [ app_init ] --START--
INFO: Run Behavior\BuildLiteBehavior [ RunTime:0.000018s ]
INFO: [ app_init ] --END-- [ RunTime:0.000647s ]

[ 2017-03-03T09:54:12+08:00 ] 127.0.0.1 /Admin/Index/main.html
INFO: [ app_init ] --START--
INFO: Run Behavior\BuildLiteBehavior [ RunTime:0.000023s ]
INFO: [ app_init ] --END-- [ RunTime:0.000544s ]

[ 2017-03-03T09:54:16+08:00 ] 127.0.0.1 /Admin/Advertisement/index.html
INFO: [ app_init ] --START--
INFO: Run Behavior\BuildLiteBehavior [ RunTime:0.000053s ]
INFO: [ app_init ] --END-- [ RunTime:0.000912s ]

[ 2017-03-03T09:54:19+08:00 ] 127.0.0.1 /Admin/Course/index.html
INFO: [ app_init ] --START--
INFO: Run Behavior\BuildLiteBehavior [ RunTime:0.000018s ]
INFO: [ app_init ] --END-- [ RunTime:0.000599s ]

[ 2017-03-03T09:54:21+08:00 ] 127.0.0.1 /Admin/Course/edit/id/5.html
INFO: [ app_init ] --START--
INFO: Run Behavior\BuildLiteBehavior [ RunTime:0.000018s ]
INFO: [ app_init ] --END-- [ RunTime:0.000593s ]

[ 2017-03-03T09:54:21+08:00 ] 127.0.0.1 /Admin/category/get_category_list.html
INFO: [ app_init ] --START--
INFO: Run Behavior\BuildLiteBehavior [ RunTime:0.000020s ]
INFO: [ app_init ] --END-- [ RunTime:0.000646s ]

[ 2017-03-03T09:54:21+08:00 ] 127.0.0.1 /Admin/category/get_category_list.html?id=1
INFO: [ app_init ] --START--
INFO: Run Behavior\BuildLiteBehavior [ RunTime:0.000019s ]
INFO: [ app_init ] --END-- [ RunTime:0.000556s ]

[ 2017-03-03T09:54:22+08:00 ] 127.0.0.1 /Admin/category/get_category_list.html?id=12
INFO: [ app_init ] --START--
INFO: Run Behavior\BuildLiteBehavior [ RunTime:0.000018s ]
INFO: [ app_init ] --END-- [ RunTime:0.000606s ]

[ 2017-03-03T09:54:22+08:00 ] 127.0.0.1 /Admin/Course/edit/id/
INFO: [ app_init ] --START--
INFO: Run Behavior\BuildLiteBehavior [ RunTime:0.000019s ]
INFO: [ app_init ] --END-- [ RunTime:0.000575s ]
ERR: 参数错误或者未定义:id

[ 2017-03-03T09:54:22+08:00 ] 127.0.0.1 /Admin/Course/edit/id/
INFO: [ app_init ] --START--
INFO: Run Behavior\BuildLiteBehavior [ RunTime:0.000037s ]
INFO: [ app_init ] --END-- [ RunTime:0.000869s ]
ERR: 参数错误或者未定义:id

[ 2017-03-03T09:54:41+08:00 ] 127.0.0.1 /Admin/Course/edit/id/5.html
INFO: [ app_init ] --START--
INFO: Run Behavior\BuildLiteBehavior [ RunTime:0.000020s ]
INFO: [ app_init ] --END-- [ RunTime:0.000583s ]

[ 2017-03-03T09:54:43+08:00 ] 127.0.0.1 /Admin/public/index.html
INFO: [ app_init ] --START--
INFO: Run Behavior\BuildLiteBehavior [ RunTime:0.000020s ]
INFO: [ app_init ] --END-- [ RunTime:0.000677s ]

[ 2017-03-03T09:54:44+08:00 ] 127.0.0.1 /Admin/Public/login.html
INFO: [ app_init ] --START--
INFO: Run Behavior\BuildLiteBehavior [ RunTime:0.000020s ]
INFO: [ app_init ] --END-- [ RunTime:0.000630s ]

[ 2017-03-03T09:54:45+08:00 ] 127.0.0.1 /Admin/Index/index.html
INFO: [ app_init ] --START--
INFO: Run Behavior\BuildLiteBehavior [ RunTime:0.000022s ]
INFO: [ app_init ] --END-- [ RunTime:0.000653s ]

[ 2017-03-03T09:54:45+08:00 ] 127.0.0.1 /Admin/Index/main.html
INFO: [ app_init ] --START--
INFO: Run Behavior\BuildLiteBehavior [ RunTime:0.000035s ]
INFO: [ app_init ] --END-- [ RunTime:0.000623s ]

[ 2017-03-03T09:54:48+08:00 ] 127.0.0.1 /Admin/Advertisement/index.html
INFO: [ app_init ] --START--
INFO: Run Behavior\BuildLiteBehavior [ RunTime:0.000023s ]
INFO: [ app_init ] --END-- [ RunTime:0.000762s ]

[ 2017-03-03T09:54:49+08:00 ] 127.0.0.1 /Admin/Course/index.html
INFO: [ app_init ] --START--
INFO: Run Behavior\BuildLiteBehavior [ RunTime:0.000019s ]
INFO: [ app_init ] --END-- [ RunTime:0.000626s ]

[ 2017-03-03T09:54:51+08:00 ] 127.0.0.1 /Admin/Course/edit/id/5.html
INFO: [ app_init ] --START--
INFO: Run Behavior\BuildLiteBehavior [ RunTime:0.000020s ]
INFO: [ app_init ] --END-- [ RunTime:0.000595s ]

[ 2017-03-03T09:54:51+08:00 ] 127.0.0.1 /Admin/category/get_category_list.html
INFO: [ app_init ] --START--
INFO: Run Behavior\BuildLiteBehavior [ RunTime:0.000019s ]
INFO: [ app_init ] --END-- [ RunTime:0.000703s ]

[ 2017-03-03T09:54:52+08:00 ] 127.0.0.1 /Admin/category/get_category_list.html?id=1
INFO: [ app_init ] --START--
INFO: Run Behavior\BuildLiteBehavior [ RunTime:0.000020s ]
INFO: [ app_init ] --END-- [ RunTime:0.000816s ]

[ 2017-03-03T09:54:52+08:00 ] 127.0.0.1 /Admin/category/get_category_list.html?id=12
INFO: [ app_init ] --START--
INFO: Run Behavior\BuildLiteBehavior [ RunTime:0.000019s ]
INFO: [ app_init ] --END-- [ RunTime:0.000658s ]

[ 2017-03-03T09:54:52+08:00 ] 127.0.0.1 /Admin/Course/edit/id/
INFO: [ app_init ] --START--
INFO: Run Behavior\BuildLiteBehavior [ RunTime:0.000036s ]
INFO: [ app_init ] --END-- [ RunTime:0.000834s ]
ERR: 参数错误或者未定义:id

[ 2017-03-03T09:54:53+08:00 ] 127.0.0.1 /Admin/Course/edit/id/
INFO: [ app_init ] --START--
INFO: Run Behavior\BuildLiteBehavior [ RunTime:0.000022s ]
INFO: [ app_init ] --END-- [ RunTime:0.000726s ]
ERR: 参数错误或者未定义:id

[ 2017-03-03T09:56:07+08:00 ] 127.0.0.1 /Admin/Course/edit/id/5.html
INFO: [ app_init ] --START--
INFO: Run Behavior\BuildLiteBehavior [ RunTime:0.000019s ]
INFO: [ app_init ] --END-- [ RunTime:0.000758s ]

[ 2017-03-03T09:56:08+08:00 ] 127.0.0.1 /Admin/category/get_category_list.html
INFO: [ app_init ] --START--
INFO: Run Behavior\BuildLiteBehavior [ RunTime:0.000023s ]
INFO: [ app_init ] --END-- [ RunTime:0.000740s ]

[ 2017-03-03T09:56:08+08:00 ] 127.0.0.1 /Admin/category/get_category_list.html?id=1
INFO: [ app_init ] --START--
INFO: Run Behavior\BuildLiteBehavior [ RunTime:0.000020s ]
INFO: [ app_init ] --END-- [ RunTime:0.000637s ]

[ 2017-03-03T09:56:08+08:00 ] 127.0.0.1 /Admin/Course/edit/id/
INFO: [ app_init ] --START--
INFO: Run Behavior\BuildLiteBehavior [ RunTime:0.000024s ]
INFO: [ app_init ] --END-- [ RunTime:0.000762s ]
ERR: 参数错误或者未定义:id

[ 2017-03-03T09:56:09+08:00 ] 127.0.0.1 /Admin/category/get_category_list.html?id=12
INFO: [ app_init ] --START--
INFO: Run Behavior\BuildLiteBehavior [ RunTime:0.000047s ]
INFO: [ app_init ] --END-- [ RunTime:0.000578s ]

[ 2017-03-03T09:56:09+08:00 ] 127.0.0.1 /Admin/Course/edit/id/
INFO: [ app_init ] --START--
INFO: Run Behavior\BuildLiteBehavior [ RunTime:0.000022s ]
INFO: [ app_init ] --END-- [ RunTime:0.000586s ]
ERR: 参数错误或者未定义:id

[ 2017-03-03T09:57:42+08:00 ] 127.0.0.1 /Admin/Image/uploadVideo.html
INFO: [ app_init ] --START--
INFO: Run Behavior\BuildLiteBehavior [ RunTime:0.000018s ]
INFO: [ app_init ] --END-- [ RunTime:0.000622s ]

[ 2017-03-03T09:59:28+08:00 ] 127.0.0.1 /Admin/course/do_edit.html
INFO: [ app_init ] --START--
INFO: Run Behavior\BuildLiteBehavior [ RunTime:0.000045s ]
INFO: [ app_init ] --END-- [ RunTime:0.001046s ]

[ 2017-03-03T09:59:29+08:00 ] 127.0.0.1 /Admin/Course/index.html
INFO: [ app_init ] --START--
INFO: Run Behavior\BuildLiteBehavior [ RunTime:0.000019s ]
INFO: [ app_init ] --END-- [ RunTime:0.000524s ]

[ 2017-03-03T10:01:40+08:00 ] 127.0.0.1 /Admin/Course/index.html
INFO: [ app_init ] --START--
INFO: Run Behavior\BuildLiteBehavior [ RunTime:0.000026s ]
INFO: [ app_init ] --END-- [ RunTime:0.000727s ]

[ 2017-03-03T10:02:14+08:00 ] 127.0.0.1 /Admin/Course/edit/id/4.html
INFO: [ app_init ] --START--
INFO: Run Behavior\BuildLiteBehavior [ RunTime:0.000019s ]
INFO: [ app_init ] --END-- [ RunTime:0.000618s ]

[ 2017-03-03T10:02:14+08:00 ] 127.0.0.1 /Admin/category/get_category_list.html
INFO: [ app_init ] --START--
INFO: Run Behavior\BuildLiteBehavior [ RunTime:0.000028s ]
INFO: [ app_init ] --END-- [ RunTime:0.000817s ]

[ 2017-03-03T10:02:14+08:00 ] 127.0.0.1 /Admin/category/get_category_list.html?id=1
INFO: [ app_init ] --START--
INFO: Run Behavior\BuildLiteBehavior [ RunTime:0.000021s ]
INFO: [ app_init ] --END-- [ RunTime:0.000559s ]

[ 2017-03-03T10:02:15+08:00 ] 127.0.0.1 /Admin/category/get_category_list.html?id=12
INFO: [ app_init ] --START--
INFO: Run Behavior\BuildLiteBehavior [ RunTime:0.000040s ]
INFO: [ app_init ] --END-- [ RunTime:0.000597s ]

[ 2017-03-03T10:02:15+08:00 ] 127.0.0.1 /Admin/Course/edit/id/
INFO: [ app_init ] --START--
INFO: Run Behavior\BuildLiteBehavior [ RunTime:0.000025s ]
INFO: [ app_init ] --END-- [ RunTime:0.001164s ]
ERR: 参数错误或者未定义:id

[ 2017-03-03T10:02:16+08:00 ] 127.0.0.1 /Admin/Course/edit/id/
INFO: [ app_init ] --START--
INFO: Run Behavior\BuildLiteBehavior [ RunTime:0.000019s ]
INFO: [ app_init ] --END-- [ RunTime:0.000606s ]
ERR: 参数错误或者未定义:id

[ 2017-03-03T10:04:44+08:00 ] 127.0.0.1 /Admin/Image/uploadImage.html
INFO: [ app_init ] --START--
INFO: Run Behavior\BuildLiteBehavior [ RunTime:0.000019s ]
INFO: [ app_init ] --END-- [ RunTime:0.000640s ]

[ 2017-03-03T10:04:51+08:00 ] 127.0.0.1 /Admin/Image/uploadVideo.html
INFO: [ app_init ] --START--
INFO: Run Behavior\BuildLiteBehavior [ RunTime:0.000021s ]
INFO: [ app_init ] --END-- [ RunTime:0.000861s ]

[ 2017-03-03T10:05:14+08:00 ] 127.0.0.1 /Admin/course/do_edit.html
INFO: [ app_init ] --START--
INFO: Run Behavior\BuildLiteBehavior [ RunTime:0.000020s ]
INFO: [ app_init ] --END-- [ RunTime:0.000697s ]

[ 2017-03-03T10:05:16+08:00 ] 127.0.0.1 /Admin/Course/index.html
INFO: [ app_init ] --START--
INFO: Run Behavior\BuildLiteBehavior [ RunTime:0.000019s ]
INFO: [ app_init ] --END-- [ RunTime:0.000557s ]

[ 2017-03-03T10:05:19+08:00 ] 127.0.0.1 /Admin/Course/edit/id/5.html
INFO: [ app_init ] --START--
INFO: Run Behavior\BuildLiteBehavior [ RunTime:0.000023s ]
INFO: [ app_init ] --END-- [ RunTime:0.000711s ]

[ 2017-03-03T10:05:19+08:00 ] 127.0.0.1 /Admin/category/get_category_list.html
INFO: [ app_init ] --START--
INFO: Run Behavior\BuildLiteBehavior [ RunTime:0.000026s ]
INFO: [ app_init ] --END-- [ RunTime:0.000884s ]

[ 2017-03-03T10:05:20+08:00 ] 127.0.0.1 /Admin/category/get_category_list.html?id=1
INFO: [ app_init ] --START--
INFO: Run Behavior\BuildLiteBehavior [ RunTime:0.000041s ]
INFO: [ app_init ] --END-- [ RunTime:0.001094s ]

[ 2017-03-03T10:05:20+08:00 ] 127.0.0.1 /Admin/Course/edit/id/
INFO: [ app_init ] --START--
INFO: Run Behavior\BuildLiteBehavior [ RunTime:0.000022s ]
INFO: [ app_init ] --END-- [ RunTime:0.000695s ]
ERR: 参数错误或者未定义:id

[ 2017-03-03T10:05:20+08:00 ] 127.0.0.1 /Admin/category/get_category_list.html?id=12
INFO: [ app_init ] --START--
INFO: Run Behavior\BuildLiteBehavior [ RunTime:0.000078s ]
INFO: [ app_init ] --END-- [ RunTime:0.001129s ]

[ 2017-03-03T10:05:21+08:00 ] 127.0.0.1 /Admin/Course/edit/id/
INFO: [ app_init ] --START--
INFO: Run Behavior\BuildLiteBehavior [ RunTime:0.000026s ]
INFO: [ app_init ] --END-- [ RunTime:0.000680s ]
ERR: 参数错误或者未定义:id

[ 2017-03-03T10:05:22+08:00 ] 127.0.0.1 /Admin/course/do_edit.html
INFO: [ app_init ] --START--
INFO: Run Behavior\BuildLiteBehavior [ RunTime:0.000021s ]
INFO: [ app_init ] --END-- [ RunTime:0.000633s ]

[ 2017-03-03T10:05:23+08:00 ] 127.0.0.1 /Admin/Course/index.html
INFO: [ app_init ] --START--
INFO: Run Behavior\BuildLiteBehavior [ RunTime:0.000021s ]
INFO: [ app_init ] --END-- [ RunTime:0.000625s ]

[ 2017-03-03T10:05:33+08:00 ] 127.0.0.1 /Admin/Course/edit/id/3.html
INFO: [ app_init ] --START--
INFO: Run Behavior\BuildLiteBehavior [ RunTime:0.000022s ]
INFO: [ app_init ] --END-- [ RunTime:0.000564s ]

[ 2017-03-03T10:05:33+08:00 ] 127.0.0.1 /Admin/category/get_category_list.html
INFO: [ app_init ] --START--
INFO: Run Behavior\BuildLiteBehavior [ RunTime:0.000023s ]
INFO: [ app_init ] --END-- [ RunTime:0.000614s ]

[ 2017-03-03T10:05:33+08:00 ] 127.0.0.1 /Admin/category/get_category_list.html?id=1
INFO: [ app_init ] --START--
INFO: Run Behavior\BuildLiteBehavior [ RunTime:0.000021s ]
INFO: [ app_init ] --END-- [ RunTime:0.000679s ]

[ 2017-03-03T10:05:34+08:00 ] 127.0.0.1 /Admin/Course/edit/id/
INFO: [ app_init ] --START--
INFO: Run Behavior\BuildLiteBehavior [ RunTime:0.000019s ]
INFO: [ app_init ] --END-- [ RunTime:0.000670s ]
ERR: 参数错误或者未定义:id

[ 2017-03-03T10:05:34+08:00 ] 127.0.0.1 /Admin/category/get_category_list.html?id=12
INFO: [ app_init ] --START--
INFO: Run Behavior\BuildLiteBehavior [ RunTime:0.000037s ]
INFO: [ app_init ] --END-- [ RunTime:0.000580s ]

[ 2017-03-03T10:05:34+08:00 ] 127.0.0.1 /Admin/Course/edit/id/
INFO: [ app_init ] --START--
INFO: Run Behavior\BuildLiteBehavior [ RunTime:0.000022s ]
INFO: [ app_init ] --END-- [ RunTime:0.000720s ]
ERR: 参数错误或者未定义:id

[ 2017-03-03T10:05:49+08:00 ] 127.0.0.1 /Admin/Image/uploadImage.html
INFO: [ app_init ] --START--
INFO: Run Behavior\BuildLiteBehavior [ RunTime:0.000040s ]
INFO: [ app_init ] --END-- [ RunTime:0.000650s ]

[ 2017-03-03T10:05:52+08:00 ] 127.0.0.1 /Admin/Image/uploadVideo.html
INFO: [ app_init ] --START--
INFO: Run Behavior\BuildLiteBehavior [ RunTime:0.000033s ]
INFO: [ app_init ] --END-- [ RunTime:0.000968s ]

[ 2017-03-03T10:05:54+08:00 ] 127.0.0.1 /Admin/category/get_category_list.html?id=11
INFO: [ app_init ] --START--
INFO: Run Behavior\BuildLiteBehavior [ RunTime:0.000054s ]
INFO: [ app_init ] --END-- [ RunTime:0.000625s ]

[ 2017-03-03T10:06:50+08:00 ] 127.0.0.1 /Admin/course/do_edit.html
INFO: [ app_init ] --START--
INFO: Run Behavior\BuildLiteBehavior [ RunTime:0.000023s ]
INFO: [ app_init ] --END-- [ RunTime:0.000709s ]

[ 2017-03-03T10:06:51+08:00 ] 127.0.0.1 /Admin/Course/index.html
INFO: [ app_init ] --START--
INFO: Run Behavior\BuildLiteBehavior [ RunTime:0.000019s ]
INFO: [ app_init ] --END-- [ RunTime:0.000582s ]

[ 2017-03-03T10:06:54+08:00 ] 127.0.0.1 /Admin/Course/edit/id/2.html
INFO: [ app_init ] --START--
INFO: Run Behavior\BuildLiteBehavior [ RunTime:0.000020s ]
INFO: [ app_init ] --END-- [ RunTime:0.000563s ]

[ 2017-03-03T10:06:54+08:00 ] 127.0.0.1 /Admin/category/get_category_list.html
INFO: [ app_init ] --START--
INFO: Run Behavior\BuildLiteBehavior [ RunTime:0.000022s ]
INFO: [ app_init ] --END-- [ RunTime:0.000621s ]

[ 2017-03-03T10:06:55+08:00 ] 127.0.0.1 /Admin/category/get_category_list.html?id=1
INFO: [ app_init ] --START--
INFO: Run Behavior\BuildLiteBehavior [ RunTime:0.000020s ]
INFO: [ app_init ] --END-- [ RunTime:0.000608s ]

[ 2017-03-03T10:06:55+08:00 ] 127.0.0.1 /Admin/category/get_category_list.html?id=12
INFO: [ app_init ] --START--
INFO: Run Behavior\BuildLiteBehavior [ RunTime:0.000038s ]
INFO: [ app_init ] --END-- [ RunTime:0.000773s ]

[ 2017-03-03T10:06:55+08:00 ] 127.0.0.1 /Admin/Course/edit/id/
INFO: [ app_init ] --START--
INFO: Run Behavior\BuildLiteBehavior [ RunTime:0.000022s ]
INFO: [ app_init ] --END-- [ RunTime:0.000566s ]
ERR: 参数错误或者未定义:id

[ 2017-03-03T10:06:56+08:00 ] 127.0.0.1 /Admin/Course/edit/id/
INFO: [ app_init ] --START--
INFO: Run Behavior\BuildLiteBehavior [ RunTime:0.000020s ]
INFO: [ app_init ] --END-- [ RunTime:0.000653s ]
ERR: 参数错误或者未定义:id

[ 2017-03-03T10:07:32+08:00 ] 127.0.0.1 /Admin/category/get_category_list.html?id=6
INFO: [ app_init ] --START--
INFO: Run Behavior\BuildLiteBehavior [ RunTime:0.000037s ]
INFO: [ app_init ] --END-- [ RunTime:0.000746s ]

[ 2017-03-03T10:07:33+08:00 ] 127.0.0.1 /Admin/category/get_category_list.html?id=37
INFO: [ app_init ] --START--
INFO: Run Behavior\BuildLiteBehavior [ RunTime:0.000020s ]
INFO: [ app_init ] --END-- [ RunTime:0.000616s ]

[ 2017-03-03T10:08:03+08:00 ] 127.0.0.1 /Admin/Image/uploadImage.html
INFO: [ app_init ] --START--
INFO: Run Behavior\BuildLiteBehavior [ RunTime:0.000022s ]
INFO: [ app_init ] --END-- [ RunTime:0.000730s ]

[ 2017-03-03T10:08:06+08:00 ] 127.0.0.1 /Admin/Image/uploadVideo.html
INFO: [ app_init ] --START--
INFO: Run Behavior\BuildLiteBehavior [ RunTime:0.000020s ]
INFO: [ app_init ] --END-- [ RunTime:0.001068s ]

[ 2017-03-03T10:08:12+08:00 ] 127.0.0.1 /Admin/course/do_edit.html
INFO: [ app_init ] --START--
INFO: Run Behavior\BuildLiteBehavior [ RunTime:0.000020s ]
INFO: [ app_init ] --END-- [ RunTime:0.000677s ]

[ 2017-03-03T10:08:13+08:00 ] 127.0.0.1 /Admin/Course/index.html
INFO: [ app_init ] --START--
INFO: Run Behavior\BuildLiteBehavior [ RunTime:0.000023s ]
INFO: [ app_init ] --END-- [ RunTime:0.000807s ]

[ 2017-03-03T10:08:17+08:00 ] 127.0.0.1 /Admin/Index/index.html
INFO: [ app_init ] --START--
INFO: Run Behavior\BuildLiteBehavior [ RunTime:0.000018s ]
INFO: [ app_init ] --END-- [ RunTime:0.000670s ]

[ 2017-03-03T10:08:18+08:00 ] 127.0.0.1 /Admin/Index/main.html
INFO: [ app_init ] --START--
INFO: Run Behavior\BuildLiteBehavior [ RunTime:0.000021s ]
INFO: [ app_init ] --END-- [ RunTime:0.000776s ]

[ 2017-03-03T10:08:33+08:00 ] 127.0.0.1 /Admin/Index/index.html
INFO: [ app_init ] --START--
INFO: Run Behavior\BuildLiteBehavior [ RunTime:0.000022s ]
INFO: [ app_init ] --END-- [ RunTime:0.001080s ]

[ 2017-03-03T10:08:34+08:00 ] 127.0.0.1 /Admin/Index/main.html
INFO: [ app_init ] --START--
INFO: Run Behavior\BuildLiteBehavior [ RunTime:0.000023s ]
INFO: [ app_init ] --END-- [ RunTime:0.000863s ]

[ 2017-03-03T10:09:00+08:00 ] 127.0.0.1 /Admin/Index/index.html
INFO: [ app_init ] --START--
INFO: Run Behavior\BuildLiteBehavior [ RunTime:0.000019s ]
INFO: [ app_init ] --END-- [ RunTime:0.000590s ]

[ 2017-03-03T10:09:00+08:00 ] 127.0.0.1 /Admin/Index/main.html
INFO: [ app_init ] --START--
INFO: Run Behavior\BuildLiteBehavior [ RunTime:0.000019s ]
INFO: [ app_init ] --END-- [ RunTime:0.000657s ]

[ 2017-03-03T10:09:15+08:00 ] 127.0.0.1 /Admin/Index/index.html
INFO: [ app_init ] --START--
INFO: Run Behavior\BuildLiteBehavior [ RunTime:0.000020s ]
INFO: [ app_init ] --END-- [ RunTime:0.000635s ]

[ 2017-03-03T10:09:17+08:00 ] 127.0.0.1 /Admin/public/index.html
INFO: [ app_init ] --START--
INFO: Run Behavior\BuildLiteBehavior [ RunTime:0.000019s ]
INFO: [ app_init ] --END-- [ RunTime:0.000790s ]

[ 2017-03-03T10:09:19+08:00 ] 127.0.0.1 /Admin/Public/login.html
INFO: [ app_init ] --START--
INFO: Run Behavior\BuildLiteBehavior [ RunTime:0.000021s ]
INFO: [ app_init ] --END-- [ RunTime:0.000732s ]

[ 2017-03-03T10:09:26+08:00 ] 127.0.0.1 /Admin/Public/login.html
INFO: [ app_init ] --START--
INFO: Run Behavior\BuildLiteBehavior [ RunTime:0.000019s ]
INFO: [ app_init ] --END-- [ RunTime:0.000775s ]

[ 2017-03-03T10:09:26+08:00 ] 127.0.0.1 /Admin/Index/index.html
INFO: [ app_init ] --START--
INFO: Run Behavior\BuildLiteBehavior [ RunTime:0.000020s ]
INFO: [ app_init ] --END-- [ RunTime:0.000703s ]

[ 2017-03-03T10:09:27+08:00 ] 127.0.0.1 /Admin/Index/main.html
INFO: [ app_init ] --START--
INFO: Run Behavior\BuildLiteBehavior [ RunTime:0.000020s ]
INFO: [ app_init ] --END-- [ RunTime:0.000587s ]

[ 2017-03-03T10:09:47+08:00 ] 127.0.0.1 /Admin/Advertisement/index.html
INFO: [ app_init ] --START--
INFO: Run Behavior\BuildLiteBehavior [ RunTime:0.000020s ]
INFO: [ app_init ] --END-- [ RunTime:0.000735s ]

[ 2017-03-03T10:09:50+08:00 ] 127.0.0.1 /Admin/Course/index.html
INFO: [ app_init ] --START--
INFO: Run Behavior\BuildLiteBehavior [ RunTime:0.000020s ]
INFO: [ app_init ] --END-- [ RunTime:0.000688s ]

[ 2017-03-03T10:10:54+08:00 ] 127.0.0.1 /Admin/Course/edit/id/1.html
INFO: [ app_init ] --START--
INFO: Run Behavior\BuildLiteBehavior [ RunTime:0.000021s ]
INFO: [ app_init ] --END-- [ RunTime:0.000768s ]

[ 2017-03-03T10:10:55+08:00 ] 127.0.0.1 /Admin/category/get_category_list.html
INFO: [ app_init ] --START--
INFO: Run Behavior\BuildLiteBehavior [ RunTime:0.000047s ]
INFO: [ app_init ] --END-- [ RunTime:0.000720s ]

[ 2017-03-03T10:10:55+08:00 ] 127.0.0.1 /Admin/category/get_category_list.html?id=1
INFO: [ app_init ] --START--
INFO: Run Behavior\BuildLiteBehavior [ RunTime:0.000019s ]
INFO: [ app_init ] --END-- [ RunTime:0.000635s ]

[ 2017-03-03T10:10:56+08:00 ] 127.0.0.1 /Admin/Course/edit/id/
INFO: [ app_init ] --START--
INFO: Run Behavior\BuildLiteBehavior [ RunTime:0.000020s ]
INFO: [ app_init ] --END-- [ RunTime:0.000676s ]
ERR: 参数错误或者未定义:id

[ 2017-03-03T10:10:56+08:00 ] 127.0.0.1 /Admin/category/get_category_list.html?id=12
INFO: [ app_init ] --START--
INFO: Run Behavior\BuildLiteBehavior [ RunTime:0.000052s ]
INFO: [ app_init ] --END-- [ RunTime:0.000652s ]

[ 2017-03-03T10:10:56+08:00 ] 127.0.0.1 /Admin/Course/edit/id/
INFO: [ app_init ] --START--
INFO: Run Behavior\BuildLiteBehavior [ RunTime:0.000020s ]
INFO: [ app_init ] --END-- [ RunTime:0.000844s ]
ERR: 参数错误或者未定义:id

[ 2017-03-03T10:11:37+08:00 ] 127.0.0.1 /Admin/Image/uploadImage.html
INFO: [ app_init ] --START--
INFO: Run Behavior\BuildLiteBehavior [ RunTime:0.000034s ]
INFO: [ app_init ] --END-- [ RunTime:0.000683s ]

[ 2017-03-03T10:11:43+08:00 ] 127.0.0.1 /Admin/Image/uploadVideo.html
INFO: [ app_init ] --START--
INFO: Run Behavior\BuildLiteBehavior [ RunTime:0.000019s ]
INFO: [ app_init ] --END-- [ RunTime:0.000880s ]

[ 2017-03-03T10:11:46+08:00 ] 127.0.0.1 /Admin/category/get_category_list.html?id=3
INFO: [ app_init ] --START--
INFO: Run Behavior\BuildLiteBehavior [ RunTime:0.000018s ]
INFO: [ app_init ] --END-- [ RunTime:0.000748s ]

[ 2017-03-03T10:11:53+08:00 ] 127.0.0.1 /Admin/category/get_category_list.html?id=2
INFO: [ app_init ] --START--
INFO: Run Behavior\BuildLiteBehavior [ RunTime:0.000018s ]
INFO: [ app_init ] --END-- [ RunTime:0.000752s ]

[ 2017-03-03T10:12:38+08:00 ] 127.0.0.1 /Admin/category/get_category_list.html?id=3
INFO: [ app_init ] --START--
INFO: Run Behavior\BuildLiteBehavior [ RunTime:0.000019s ]
INFO: [ app_init ] --END-- [ RunTime:0.000829s ]

[ 2017-03-03T10:12:42+08:00 ] 127.0.0.1 /Admin/category/get_category_list.html?id=4
INFO: [ app_init ] --START--
INFO: Run Behavior\BuildLiteBehavior [ RunTime:0.000019s ]
INFO: [ app_init ] --END-- [ RunTime:0.000810s ]

[ 2017-03-03T10:12:44+08:00 ] 127.0.0.1 /Admin/category/get_category_list.html?id=27
INFO: [ app_init ] --START--
INFO: Run Behavior\BuildLiteBehavior [ RunTime:0.000019s ]
INFO: [ app_init ] --END-- [ RunTime:0.000778s ]

[ 2017-03-03T10:12:48+08:00 ] 127.0.0.1 /Admin/course/do_edit.html
INFO: [ app_init ] --START--
INFO: Run Behavior\BuildLiteBehavior [ RunTime:0.000023s ]
INFO: [ app_init ] --END-- [ RunTime:0.000817s ]

[ 2017-03-03T10:12:49+08:00 ] 127.0.0.1 /Admin/Course/index.html
INFO: [ app_init ] --START--
INFO: Run Behavior\BuildLiteBehavior [ RunTime:0.000021s ]
INFO: [ app_init ] --END-- [ RunTime:0.000809s ]

[ 2017-03-03T10:12:54+08:00 ] 127.0.0.1 /Admin/Course/add.html
INFO: [ app_init ] --START--
INFO: Run Behavior\BuildLiteBehavior [ RunTime:0.000021s ]
INFO: [ app_init ] --END-- [ RunTime:0.000895s ]

[ 2017-03-03T10:12:54+08:00 ] 127.0.0.1 /Admin/category/get_category_list.html
INFO: [ app_init ] --START--
INFO: Run Behavior\BuildLiteBehavior [ RunTime:0.000022s ]
INFO: [ app_init ] --END-- [ RunTime:0.000839s ]

[ 2017-03-03T10:12:55+08:00 ] 127.0.0.1 /Admin/Course/
INFO: [ app_init ] --START--
INFO: Run Behavior\BuildLiteBehavior [ RunTime:0.000054s ]
INFO: [ app_init ] --END-- [ RunTime:0.000863s ]

[ 2017-03-03T10:12:56+08:00 ] 127.0.0.1 /Admin/Course/
INFO: [ app_init ] --START--
INFO: Run Behavior\BuildLiteBehavior [ RunTime:0.000019s ]
INFO: [ app_init ] --END-- [ RunTime:0.000693s ]

[ 2017-03-03T10:13:28+08:00 ] 127.0.0.1 /Admin/category/get_category_list.html?id=2
INFO: [ app_init ] --START--
INFO: Run Behavior\BuildLiteBehavior [ RunTime:0.000044s ]
INFO: [ app_init ] --END-- [ RunTime:0.000766s ]

[ 2017-03-03T10:13:33+08:00 ] 127.0.0.1 /Admin/category/get_category_list.html?id=19
INFO: [ app_init ] --START--
INFO: Run Behavior\BuildLiteBehavior [ RunTime:0.000019s ]
INFO: [ app_init ] --END-- [ RunTime:0.000716s ]

[ 2017-03-03T10:13:37+08:00 ] 127.0.0.1 /Admin/Image/uploadImage.html
INFO: [ app_init ] --START--
INFO: Run Behavior\BuildLiteBehavior [ RunTime:0.000020s ]
INFO: [ app_init ] --END-- [ RunTime:0.000852s ]

[ 2017-03-03T10:13:40+08:00 ] 127.0.0.1 /Admin/Image/uploadVideo.html
INFO: [ app_init ] --START--
INFO: Run Behavior\BuildLiteBehavior [ RunTime:0.000019s ]
INFO: [ app_init ] --END-- [ RunTime:0.000651s ]

[ 2017-03-03T10:13:43+08:00 ] 127.0.0.1 /Admin/course/do_add.html
INFO: [ app_init ] --START--
INFO: Run Behavior\BuildLiteBehavior [ RunTime:0.000025s ]
INFO: [ app_init ] --END-- [ RunTime:0.000577s ]

[ 2017-03-03T10:13:44+08:00 ] 127.0.0.1 /Admin/Course/index.html
INFO: [ app_init ] --START--
INFO: Run Behavior\BuildLiteBehavior [ RunTime:0.000020s ]
INFO: [ app_init ] --END-- [ RunTime:0.000827s ]

[ 2017-03-03T10:13:53+08:00 ] 127.0.0.1 /Admin/Course/add.html
INFO: [ app_init ] --START--
INFO: Run Behavior\BuildLiteBehavior [ RunTime:0.000018s ]
INFO: [ app_init ] --END-- [ RunTime:0.000643s ]

[ 2017-03-03T10:13:53+08:00 ] 127.0.0.1 /Admin/category/get_category_list.html
INFO: [ app_init ] --START--
INFO: Run Behavior\BuildLiteBehavior [ RunTime:0.000026s ]
INFO: [ app_init ] --END-- [ RunTime:0.000870s ]

[ 2017-03-03T10:13:54+08:00 ] 127.0.0.1 /Admin/Course/
INFO: [ app_init ] --START--
INFO: Run Behavior\BuildLiteBehavior [ RunTime:0.000018s ]
INFO: [ app_init ] --END-- [ RunTime:0.000649s ]

[ 2017-03-03T10:13:55+08:00 ] 127.0.0.1 /Admin/Course/
INFO: [ app_init ] --START--
INFO: Run Behavior\BuildLiteBehavior [ RunTime:0.000020s ]
INFO: [ app_init ] --END-- [ RunTime:0.000698s ]

[ 2017-03-03T10:14:04+08:00 ] 127.0.0.1 /Admin/Image/uploadImage.html
INFO: [ app_init ] --START--
INFO: Run Behavior\BuildLiteBehavior [ RunTime:0.000025s ]
INFO: [ app_init ] --END-- [ RunTime:0.000825s ]

[ 2017-03-03T10:14:13+08:00 ] 127.0.0.1 /Admin/Image/uploadVideo.html
INFO: [ app_init ] --START--
INFO: Run Behavior\BuildLiteBehavior [ RunTime:0.000021s ]
INFO: [ app_init ] --END-- [ RunTime:0.000654s ]

[ 2017-03-03T10:14:23+08:00 ] 127.0.0.1 /Admin/category/get_category_list.html?id=3
INFO: [ app_init ] --START--
INFO: Run Behavior\BuildLiteBehavior [ RunTime:0.000019s ]
INFO: [ app_init ] --END-- [ RunTime:0.000781s ]

[ 2017-03-03T10:14:46+08:00 ] 127.0.0.1 /Admin/category/get_category_list.html?id=21
INFO: [ app_init ] --START--
INFO: Run Behavior\BuildLiteBehavior [ RunTime:0.000022s ]
INFO: [ app_init ] --END-- [ RunTime:0.001055s ]

[ 2017-03-03T10:14:48+08:00 ] 127.0.0.1 /Admin/category/get_category_list.html?id=6
INFO: [ app_init ] --START--
INFO: Run Behavior\BuildLiteBehavior [ RunTime:0.000019s ]
INFO: [ app_init ] --END-- [ RunTime:0.000596s ]

[ 2017-03-03T10:14:59+08:00 ] 127.0.0.1 /Admin/category/get_category_list.html?id=3
INFO: [ app_init ] --START--
INFO: Run Behavior\BuildLiteBehavior [ RunTime:0.000020s ]
INFO: [ app_init ] --END-- [ RunTime:0.000648s ]

[ 2017-03-03T10:15:07+08:00 ] 127.0.0.1 /Admin/category/get_category_list.html?id=21
INFO: [ app_init ] --START--
INFO: Run Behavior\BuildLiteBehavior [ RunTime:0.000018s ]
INFO: [ app_init ] --END-- [ RunTime:0.000638s ]

[ 2017-03-03T10:15:24+08:00 ] 127.0.0.1 /Admin/course/do_add.html
INFO: [ app_init ] --START--
INFO: Run Behavior\BuildLiteBehavior [ RunTime:0.000044s ]
INFO: [ app_init ] --END-- [ RunTime:0.000863s ]

[ 2017-03-03T10:15:30+08:00 ] 127.0.0.1 /Admin/Course/index.html
INFO: [ app_init ] --START--
INFO: Run Behavior\BuildLiteBehavior [ RunTime:0.000023s ]
INFO: [ app_init ] --END-- [ RunTime:0.000712s ]

[ 2017-03-03T10:15:43+08:00 ] 127.0.0.1 /Admin/Course/add.html
INFO: [ app_init ] --START--
INFO: Run Behavior\BuildLiteBehavior [ RunTime:0.000019s ]
INFO: [ app_init ] --END-- [ RunTime:0.000687s ]

[ 2017-03-03T10:15:44+08:00 ] 127.0.0.1 /Admin/category/get_category_list.html
INFO: [ app_init ] --START--
INFO: Run Behavior\BuildLiteBehavior [ RunTime:0.000019s ]
INFO: [ app_init ] --END-- [ RunTime:0.000567s ]

[ 2017-03-03T10:15:44+08:00 ] 127.0.0.1 /Admin/Course/
INFO: [ app_init ] --START--
INFO: Run Behavior\BuildLiteBehavior [ RunTime:0.000020s ]
INFO: [ app_init ] --END-- [ RunTime:0.000824s ]

[ 2017-03-03T10:15:45+08:00 ] 127.0.0.1 /Admin/Course/
INFO: [ app_init ] --START--
INFO: Run Behavior\BuildLiteBehavior [ RunTime:0.000019s ]
INFO: [ app_init ] --END-- [ RunTime:0.000682s ]

[ 2017-03-03T10:16:19+08:00 ] 127.0.0.1 /Admin/Course/add.html
INFO: [ app_init ] --START--
INFO: Run Behavior\BuildLiteBehavior [ RunTime:0.000020s ]
INFO: [ app_init ] --END-- [ RunTime:0.000913s ]

[ 2017-03-03T10:16:19+08:00 ] 127.0.0.1 /Admin/category/get_category_list.html
INFO: [ app_init ] --START--
INFO: Run Behavior\BuildLiteBehavior [ RunTime:0.000019s ]
INFO: [ app_init ] --END-- [ RunTime:0.000754s ]

[ 2017-03-03T10:16:20+08:00 ] 127.0.0.1 /Admin/Course/
INFO: [ app_init ] --START--
INFO: Run Behavior\BuildLiteBehavior [ RunTime:0.000018s ]
INFO: [ app_init ] --END-- [ RunTime:0.000640s ]

[ 2017-03-03T10:16:20+08:00 ] 127.0.0.1 /Admin/Course/
INFO: [ app_init ] --START--
INFO: Run Behavior\BuildLiteBehavior [ RunTime:0.000019s ]
INFO: [ app_init ] --END-- [ RunTime:0.000607s ]

[ 2017-03-03T10:16:27+08:00 ] 127.0.0.1 /Admin/category/get_category_list.html?id=2
INFO: [ app_init ] --START--
INFO: Run Behavior\BuildLiteBehavior [ RunTime:0.000019s ]
INFO: [ app_init ] --END-- [ RunTime:0.000800s ]

[ 2017-03-03T10:16:53+08:00 ] 127.0.0.1 /Admin/category/get_category_list.html?id=18
INFO: [ app_init ] --START--
INFO: Run Behavior\BuildLiteBehavior [ RunTime:0.000018s ]
INFO: [ app_init ] --END-- [ RunTime:0.000699s ]

[ 2017-03-03T10:18:21+08:00 ] 127.0.0.1 /Admin/Image/uploadImage.html
INFO: [ app_init ] --START--
INFO: Run Behavior\BuildLiteBehavior [ RunTime:0.000019s ]
INFO: [ app_init ] --END-- [ RunTime:0.000720s ]

[ 2017-03-03T10:18:27+08:00 ] 127.0.0.1 /Admin/Image/uploadVideo.html
INFO: [ app_init ] --START--
INFO: Run Behavior\BuildLiteBehavior [ RunTime:0.000019s ]
INFO: [ app_init ] --END-- [ RunTime:0.000623s ]

[ 2017-03-03T10:18:30+08:00 ] 127.0.0.1 /Admin/course/do_add.html
INFO: [ app_init ] --START--
INFO: Run Behavior\BuildLiteBehavior [ RunTime:0.000021s ]
INFO: [ app_init ] --END-- [ RunTime:0.000647s ]

[ 2017-03-03T10:18:31+08:00 ] 127.0.0.1 /Admin/Course/index.html
INFO: [ app_init ] --START--
INFO: Run Behavior\BuildLiteBehavior [ RunTime:0.000019s ]
INFO: [ app_init ] --END-- [ RunTime:0.000647s ]

[ 2017-03-03T10:18:35+08:00 ] 127.0.0.1 /Admin/Course/add.html
INFO: [ app_init ] --START--
INFO: Run Behavior\BuildLiteBehavior [ RunTime:0.000021s ]
INFO: [ app_init ] --END-- [ RunTime:0.000747s ]

[ 2017-03-03T10:18:35+08:00 ] 127.0.0.1 /Admin/category/get_category_list.html
INFO: [ app_init ] --START--
INFO: Run Behavior\BuildLiteBehavior [ RunTime:0.000023s ]
INFO: [ app_init ] --END-- [ RunTime:0.000775s ]

[ 2017-03-03T10:18:36+08:00 ] 127.0.0.1 /Admin/Course/
INFO: [ app_init ] --START--
INFO: Run Behavior\BuildLiteBehavior [ RunTime:0.000036s ]
INFO: [ app_init ] --END-- [ RunTime:0.000896s ]

[ 2017-03-03T10:18:37+08:00 ] 127.0.0.1 /Admin/Course/
INFO: [ app_init ] --START--
INFO: Run Behavior\BuildLiteBehavior [ RunTime:0.000059s ]
INFO: [ app_init ] --END-- [ RunTime:0.001252s ]

[ 2017-03-03T10:18:48+08:00 ] 127.0.0.1 /Admin/Course/add.html
INFO: [ app_init ] --START--
INFO: Run Behavior\BuildLiteBehavior [ RunTime:0.000021s ]
INFO: [ app_init ] --END-- [ RunTime:0.000670s ]

[ 2017-03-03T10:18:49+08:00 ] 127.0.0.1 /Admin/category/get_category_list.html
INFO: [ app_init ] --START--
INFO: Run Behavior\BuildLiteBehavior [ RunTime:0.000020s ]
INFO: [ app_init ] --END-- [ RunTime:0.000731s ]

[ 2017-03-03T10:18:49+08:00 ] 127.0.0.1 /Admin/Course/
INFO: [ app_init ] --START--
INFO: Run Behavior\BuildLiteBehavior [ RunTime:0.000018s ]
INFO: [ app_init ] --END-- [ RunTime:0.000718s ]

[ 2017-03-03T10:18:50+08:00 ] 127.0.0.1 /Admin/Course/
INFO: [ app_init ] --START--
INFO: Run Behavior\BuildLiteBehavior [ RunTime:0.000040s ]
INFO: [ app_init ] --END-- [ RunTime:0.001210s ]

[ 2017-03-03T10:19:37+08:00 ] 127.0.0.1 /Admin/category/get_category_list.html?id=1
INFO: [ app_init ] --START--
INFO: Run Behavior\BuildLiteBehavior [ RunTime:0.000018s ]
INFO: [ app_init ] --END-- [ RunTime:0.000640s ]

[ 2017-03-03T10:19:39+08:00 ] 127.0.0.1 /Admin/category/get_category_list.html?id=11
INFO: [ app_init ] --START--
INFO: Run Behavior\BuildLiteBehavior [ RunTime:0.000038s ]
INFO: [ app_init ] --END-- [ RunTime:0.000684s ]

[ 2017-03-03T10:19:44+08:00 ] 127.0.0.1 /Admin/Image/uploadImage.html
INFO: [ app_init ] --START--
INFO: Run Behavior\BuildLiteBehavior [ RunTime:0.000060s ]
INFO: [ app_init ] --END-- [ RunTime:0.000886s ]

[ 2017-03-03T10:19:47+08:00 ] 127.0.0.1 /Admin/Image/uploadVideo.html
INFO: [ app_init ] --START--
INFO: Run Behavior\BuildLiteBehavior [ RunTime:0.000021s ]
INFO: [ app_init ] --END-- [ RunTime:0.000724s ]

[ 2017-03-03T10:19:54+08:00 ] 127.0.0.1 /Admin/course/do_add.html
INFO: [ app_init ] --START--
INFO: Run Behavior\BuildLiteBehavior [ RunTime:0.000024s ]
INFO: [ app_init ] --END-- [ RunTime:0.000908s ]

[ 2017-03-03T10:19:56+08:00 ] 127.0.0.1 /Admin/Course/index.html
INFO: [ app_init ] --START--
INFO: Run Behavior\BuildLiteBehavior [ RunTime:0.000020s ]
INFO: [ app_init ] --END-- [ RunTime:0.000572s ]

[ 2017-03-03T10:19:59+08:00 ] 127.0.0.1 /Admin/Course/add.html
INFO: [ app_init ] --START--
INFO: Run Behavior\BuildLiteBehavior [ RunTime:0.000019s ]
INFO: [ app_init ] --END-- [ RunTime:0.000644s ]

[ 2017-03-03T10:20:00+08:00 ] 127.0.0.1 /Admin/category/get_category_list.html
INFO: [ app_init ] --START--
INFO: Run Behavior\BuildLiteBehavior [ RunTime:0.000024s ]
INFO: [ app_init ] --END-- [ RunTime:0.001043s ]

[ 2017-03-03T10:20:01+08:00 ] 127.0.0.1 /Admin/Course/
INFO: [ app_init ] --START--
INFO: Run Behavior\BuildLiteBehavior [ RunTime:0.000020s ]
INFO: [ app_init ] --END-- [ RunTime:0.000649s ]

[ 2017-03-03T10:20:01+08:00 ] 127.0.0.1 /Admin/Course/
INFO: [ app_init ] --START--
INFO: Run Behavior\BuildLiteBehavior [ RunTime:0.000019s ]
INFO: [ app_init ] --END-- [ RunTime:0.000700s ]

[ 2017-03-03T10:21:03+08:00 ] 127.0.0.1 /Admin/category/get_category_list.html?id=3
INFO: [ app_init ] --START--
INFO: Run Behavior\BuildLiteBehavior [ RunTime:0.000019s ]
INFO: [ app_init ] --END-- [ RunTime:0.000708s ]

[ 2017-03-03T10:21:13+08:00 ] 127.0.0.1 /Admin/category/get_category_list.html?id=1
INFO: [ app_init ] --START--
INFO: Run Behavior\BuildLiteBehavior [ RunTime:0.000019s ]
INFO: [ app_init ] --END-- [ RunTime:0.000698s ]

[ 2017-03-03T10:21:15+08:00 ] 127.0.0.1 /Admin/category/get_category_list.html?id=3
INFO: [ app_init ] --START--
INFO: Run Behavior\BuildLiteBehavior [ RunTime:0.000040s ]
INFO: [ app_init ] --END-- [ RunTime:0.000984s ]

[ 2017-03-03T10:21:21+08:00 ] 127.0.0.1 /Admin/category/get_category_list.html?id=20
INFO: [ app_init ] --START--
INFO: Run Behavior\BuildLiteBehavior [ RunTime:0.000019s ]
INFO: [ app_init ] --END-- [ RunTime:0.000655s ]

[ 2017-03-03T10:21:41+08:00 ] 127.0.0.1 /Admin/category/get_category_list.html?id=24
INFO: [ app_init ] --START--
INFO: Run Behavior\BuildLiteBehavior [ RunTime:0.000019s ]
INFO: [ app_init ] --END-- [ RunTime:0.000715s ]

[ 2017-03-03T10:21:45+08:00 ] 127.0.0.1 /Admin/Image/uploadImage.html
INFO: [ app_init ] --START--
INFO: Run Behavior\BuildLiteBehavior [ RunTime:0.000025s ]
INFO: [ app_init ] --END-- [ RunTime:0.000742s ]

[ 2017-03-03T10:21:47+08:00 ] 127.0.0.1 /Admin/Image/uploadVideo.html
INFO: [ app_init ] --START--
INFO: Run Behavior\BuildLiteBehavior [ RunTime:0.000022s ]
INFO: [ app_init ] --END-- [ RunTime:0.000797s ]

[ 2017-03-03T10:21:50+08:00 ] 127.0.0.1 /Admin/course/do_add.html
INFO: [ app_init ] --START--
INFO: Run Behavior\BuildLiteBehavior [ RunTime:0.000020s ]
INFO: [ app_init ] --END-- [ RunTime:0.000653s ]

[ 2017-03-03T10:21:51+08:00 ] 127.0.0.1 /Admin/Course/index.html
INFO: [ app_init ] --START--
INFO: Run Behavior\BuildLiteBehavior [ RunTime:0.000023s ]
INFO: [ app_init ] --END-- [ RunTime:0.000673s ]

[ 2017-03-03T10:21:58+08:00 ] 127.0.0.1 /Admin/Course/add.html
INFO: [ app_init ] --START--
INFO: Run Behavior\BuildLiteBehavior [ RunTime:0.000021s ]
INFO: [ app_init ] --END-- [ RunTime:0.000710s ]

[ 2017-03-03T10:21:58+08:00 ] 127.0.0.1 /Admin/category/get_category_list.html
INFO: [ app_init ] --START--
INFO: Run Behavior\BuildLiteBehavior [ RunTime:0.000019s ]
INFO: [ app_init ] --END-- [ RunTime:0.000688s ]

[ 2017-03-03T10:21:59+08:00 ] 127.0.0.1 /Admin/Course/
INFO: [ app_init ] --START--
INFO: Run Behavior\BuildLiteBehavior [ RunTime:0.000018s ]
INFO: [ app_init ] --END-- [ RunTime:0.000623s ]

[ 2017-03-03T10:22:00+08:00 ] 127.0.0.1 /Admin/Course/
INFO: [ app_init ] --START--
INFO: Run Behavior\BuildLiteBehavior [ RunTime:0.000019s ]
INFO: [ app_init ] --END-- [ RunTime:0.000703s ]

[ 2017-03-03T13:09:03+08:00 ] 127.0.0.1 /Admin/Course/add.html
INFO: [ app_init ] --START--
INFO: Run Behavior\BuildLiteBehavior [ RunTime:0.000019s ]
INFO: [ app_init ] --END-- [ RunTime:0.000778s ]

[ 2017-03-03T13:09:04+08:00 ] 127.0.0.1 /Admin/category/get_category_list.html
INFO: [ app_init ] --START--
INFO: Run Behavior\BuildLiteBehavior [ RunTime:0.000021s ]
INFO: [ app_init ] --END-- [ RunTime:0.000798s ]

[ 2017-03-03T13:09:06+08:00 ] 127.0.0.1 /Admin/Course/
INFO: [ app_init ] --START--
INFO: Run Behavior\BuildLiteBehavior [ RunTime:0.000018s ]
INFO: [ app_init ] --END-- [ RunTime:0.000638s ]

[ 2017-03-03T13:09:07+08:00 ] 127.0.0.1 /Admin/Course/
INFO: [ app_init ] --START--
INFO: Run Behavior\BuildLiteBehavior [ RunTime:0.000019s ]
INFO: [ app_init ] --END-- [ RunTime:0.000671s ]

[ 2017-03-03T13:10:02+08:00 ] 127.0.0.1 /Admin/category/get_category_list.html?id=1
INFO: [ app_init ] --START--
INFO: Run Behavior\BuildLiteBehavior [ RunTime:0.000021s ]
INFO: [ app_init ] --END-- [ RunTime:0.000730s ]

[ 2017-03-03T13:10:04+08:00 ] 127.0.0.1 /Admin/category/get_category_list.html?id=12
INFO: [ app_init ] --START--
INFO: Run Behavior\BuildLiteBehavior [ RunTime:0.000019s ]
INFO: [ app_init ] --END-- [ RunTime:0.000636s ]

[ 2017-03-03T13:10:16+08:00 ] 127.0.0.1 /Admin/Image/uploadVideo.html
INFO: [ app_init ] --START--
INFO: Run Behavior\BuildLiteBehavior [ RunTime:0.000019s ]
INFO: [ app_init ] --END-- [ RunTime:0.000643s ]

[ 2017-03-03T13:10:26+08:00 ] 127.0.0.1 /Admin/Image/uploadImage.html
INFO: [ app_init ] --START--
INFO: Run Behavior\BuildLiteBehavior [ RunTime:0.000019s ]
INFO: [ app_init ] --END-- [ RunTime:0.000694s ]

[ 2017-03-03T13:10:30+08:00 ] 127.0.0.1 /Admin/course/do_add.html
INFO: [ app_init ] --START--
INFO: Run Behavior\BuildLiteBehavior [ RunTime:0.000019s ]
INFO: [ app_init ] --END-- [ RunTime:0.000669s ]

[ 2017-03-03T13:10:31+08:00 ] 127.0.0.1 /Admin/Course/index.html
INFO: [ app_init ] --START--
INFO: Run Behavior\BuildLiteBehavior [ RunTime:0.000019s ]
INFO: [ app_init ] --END-- [ RunTime:0.000701s ]

[ 2017-03-03T13:10:33+08:00 ] 127.0.0.1 /Admin/Course/add.html
INFO: [ app_init ] --START--
INFO: Run Behavior\BuildLiteBehavior [ RunTime:0.000020s ]
INFO: [ app_init ] --END-- [ RunTime:0.000654s ]

[ 2017-03-03T13:10:33+08:00 ] 127.0.0.1 /Admin/category/get_category_list.html
INFO: [ app_init ] --START--
INFO: Run Behavior\BuildLiteBehavior [ RunTime:0.000021s ]
INFO: [ app_init ] --END-- [ RunTime:0.000732s ]

[ 2017-03-03T13:10:34+08:00 ] 127.0.0.1 /Admin/Course/
INFO: [ app_init ] --START--
INFO: Run Behavior\BuildLiteBehavior [ RunTime:0.000028s ]
INFO: [ app_init ] --END-- [ RunTime:0.000845s ]

[ 2017-03-03T13:10:35+08:00 ] 127.0.0.1 /Admin/Course/
INFO: [ app_init ] --START--
INFO: Run Behavior\BuildLiteBehavior [ RunTime:0.000019s ]
INFO: [ app_init ] --END-- [ RunTime:0.000640s ]

[ 2017-03-03T13:11:01+08:00 ] 127.0.0.1 /Admin/category/get_category_list.html?id=1
INFO: [ app_init ] --START--
INFO: Run Behavior\BuildLiteBehavior [ RunTime:0.000019s ]
INFO: [ app_init ] --END-- [ RunTime:0.000601s ]

[ 2017-03-03T13:11:03+08:00 ] 127.0.0.1 /Admin/category/get_category_list.html?id=11
INFO: [ app_init ] --START--
INFO: Run Behavior\BuildLiteBehavior [ RunTime:0.000034s ]
INFO: [ app_init ] --END-- [ RunTime:0.000756s ]

[ 2017-03-03T13:11:07+08:00 ] 127.0.0.1 /Admin/Image/uploadImage.html
INFO: [ app_init ] --START--
INFO: Run Behavior\BuildLiteBehavior [ RunTime:0.000019s ]
INFO: [ app_init ] --END-- [ RunTime:0.000638s ]

[ 2017-03-03T13:11:37+08:00 ] 127.0.0.1 /Admin/Image/uploadVideo.html
INFO: [ app_init ] --START--
INFO: Run Behavior\BuildLiteBehavior [ RunTime:0.000021s ]
INFO: [ app_init ] --END-- [ RunTime:0.000709s ]

[ 2017-03-03T13:11:41+08:00 ] 127.0.0.1 /Admin/course/do_add.html
INFO: [ app_init ] --START--
INFO: Run Behavior\BuildLiteBehavior [ RunTime:0.000019s ]
INFO: [ app_init ] --END-- [ RunTime:0.000676s ]

[ 2017-03-03T13:11:42+08:00 ] 127.0.0.1 /Admin/Course/index.html
INFO: [ app_init ] --START--
INFO: Run Behavior\BuildLiteBehavior [ RunTime:0.000019s ]
INFO: [ app_init ] --END-- [ RunTime:0.000691s ]

[ 2017-03-03T13:11:43+08:00 ] 127.0.0.1 /Admin/Course/add.html
INFO: [ app_init ] --START--
INFO: Run Behavior\BuildLiteBehavior [ RunTime:0.000020s ]
INFO: [ app_init ] --END-- [ RunTime:0.000724s ]

[ 2017-03-03T13:11:44+08:00 ] 127.0.0.1 /Admin/category/get_category_list.html
INFO: [ app_init ] --START--
INFO: Run Behavior\BuildLiteBehavior [ RunTime:0.000020s ]
INFO: [ app_init ] --END-- [ RunTime:0.000695s ]

[ 2017-03-03T13:11:44+08:00 ] 127.0.0.1 /Admin/Course/
INFO: [ app_init ] --START--
INFO: Run Behavior\BuildLiteBehavior [ RunTime:0.000019s ]
INFO: [ app_init ] --END-- [ RunTime:0.000653s ]

[ 2017-03-03T13:11:45+08:00 ] 127.0.0.1 /Admin/Course/
INFO: [ app_init ] --START--
INFO: Run Behavior\BuildLiteBehavior [ RunTime:0.000019s ]
INFO: [ app_init ] --END-- [ RunTime:0.000711s ]

[ 2017-03-03T13:12:03+08:00 ] 127.0.0.1 /Admin/category/get_category_list.html?id=1
INFO: [ app_init ] --START--
INFO: Run Behavior\BuildLiteBehavior [ RunTime:0.000018s ]
INFO: [ app_init ] --END-- [ RunTime:0.000628s ]

[ 2017-03-03T13:12:04+08:00 ] 127.0.0.1 /Admin/category/get_category_list.html?id=14
INFO: [ app_init ] --START--
INFO: Run Behavior\BuildLiteBehavior [ RunTime:0.000018s ]
INFO: [ app_init ] --END-- [ RunTime:0.000646s ]

[ 2017-03-03T13:12:34+08:00 ] 127.0.0.1 /Admin/Image/uploadImage.html
INFO: [ app_init ] --START--
INFO: Run Behavior\BuildLiteBehavior [ RunTime:0.000020s ]
INFO: [ app_init ] --END-- [ RunTime:0.000700s ]

[ 2017-03-03T13:12:37+08:00 ] 127.0.0.1 /Admin/Image/uploadVideo.html
INFO: [ app_init ] --START--
INFO: Run Behavior\BuildLiteBehavior [ RunTime:0.000020s ]
INFO: [ app_init ] --END-- [ RunTime:0.000657s ]

[ 2017-03-03T13:13:50+08:00 ] 127.0.0.1 /Admin/course/do_add.html
INFO: [ app_init ] --START--
INFO: Run Behavior\BuildLiteBehavior [ RunTime:0.000020s ]
INFO: [ app_init ] --END-- [ RunTime:0.000615s ]

[ 2017-03-03T13:13:52+08:00 ] 127.0.0.1 /Admin/Course/index.html
INFO: [ app_init ] --START--
INFO: Run Behavior\BuildLiteBehavior [ RunTime:0.000023s ]
INFO: [ app_init ] --END-- [ RunTime:0.000838s ]

[ 2017-03-03T13:13:54+08:00 ] 127.0.0.1 /Admin/Course/add.html
INFO: [ app_init ] --START--
INFO: Run Behavior\BuildLiteBehavior [ RunTime:0.000019s ]
INFO: [ app_init ] --END-- [ RunTime:0.000695s ]

[ 2017-03-03T13:13:54+08:00 ] 127.0.0.1 /Admin/category/get_category_list.html
INFO: [ app_init ] --START--
INFO: Run Behavior\BuildLiteBehavior [ RunTime:0.000020s ]
INFO: [ app_init ] --END-- [ RunTime:0.000715s ]

[ 2017-03-03T13:13:55+08:00 ] 127.0.0.1 /Admin/Course/
INFO: [ app_init ] --START--
INFO: Run Behavior\BuildLiteBehavior [ RunTime:0.000032s ]
INFO: [ app_init ] --END-- [ RunTime:0.000739s ]

[ 2017-03-03T13:13:56+08:00 ] 127.0.0.1 /Admin/Course/
INFO: [ app_init ] --START--
INFO: Run Behavior\BuildLiteBehavior [ RunTime:0.000023s ]
INFO: [ app_init ] --END-- [ RunTime:0.000772s ]

[ 2017-03-03T13:14:14+08:00 ] 127.0.0.1 /Admin/category/get_category_list.html?id=2
INFO: [ app_init ] --START--
INFO: Run Behavior\BuildLiteBehavior [ RunTime:0.000022s ]
INFO: [ app_init ] --END-- [ RunTime:0.000736s ]

[ 2017-03-03T13:14:16+08:00 ] 127.0.0.1 /Admin/category/get_category_list.html?id=16
INFO: [ app_init ] --START--
INFO: Run Behavior\BuildLiteBehavior [ RunTime:0.000019s ]
INFO: [ app_init ] --END-- [ RunTime:0.000614s ]

[ 2017-03-03T13:14:23+08:00 ] 127.0.0.1 /Admin/Image/uploadImage.html
INFO: [ app_init ] --START--
INFO: Run Behavior\BuildLiteBehavior [ RunTime:0.000024s ]
INFO: [ app_init ] --END-- [ RunTime:0.000727s ]

[ 2017-03-03T13:14:26+08:00 ] 127.0.0.1 /Admin/Image/uploadVideo.html
INFO: [ app_init ] --START--
INFO: Run Behavior\BuildLiteBehavior [ RunTime:0.000032s ]
INFO: [ app_init ] --END-- [ RunTime:0.001029s ]

[ 2017-03-03T13:15:28+08:00 ] 127.0.0.1 /Admin/course/do_add.html
INFO: [ app_init ] --START--
INFO: Run Behavior\BuildLiteBehavior [ RunTime:0.000021s ]
INFO: [ app_init ] --END-- [ RunTime:0.000705s ]

[ 2017-03-03T13:15:29+08:00 ] 127.0.0.1 /Admin/Course/index.html
INFO: [ app_init ] --START--
INFO: Run Behavior\BuildLiteBehavior [ RunTime:0.000023s ]
INFO: [ app_init ] --END-- [ RunTime:0.000757s ]

[ 2017-03-03T13:15:31+08:00 ] 127.0.0.1 /Admin/Course/add.html
INFO: [ app_init ] --START--
INFO: Run Behavior\BuildLiteBehavior [ RunTime:0.000022s ]
INFO: [ app_init ] --END-- [ RunTime:0.000688s ]

[ 2017-03-03T13:15:31+08:00 ] 127.0.0.1 /Admin/category/get_category_list.html
INFO: [ app_init ] --START--
INFO: Run Behavior\BuildLiteBehavior [ RunTime:0.000021s ]
INFO: [ app_init ] --END-- [ RunTime:0.000669s ]

[ 2017-03-03T13:15:32+08:00 ] 127.0.0.1 /Admin/Course/
INFO: [ app_init ] --START--
INFO: Run Behavior\BuildLiteBehavior [ RunTime:0.000028s ]
INFO: [ app_init ] --END-- [ RunTime:0.001886s ]

[ 2017-03-03T13:15:33+08:00 ] 127.0.0.1 /Admin/Course/
INFO: [ app_init ] --START--
INFO: Run Behavior\BuildLiteBehavior [ RunTime:0.000034s ]
INFO: [ app_init ] --END-- [ RunTime:0.000913s ]

[ 2017-03-03T13:15:51+08:00 ] 127.0.0.1 /Admin/category/get_category_list.html?id=5
INFO: [ app_init ] --START--
INFO: Run Behavior\BuildLiteBehavior [ RunTime:0.000020s ]
INFO: [ app_init ] --END-- [ RunTime:0.000657s ]

[ 2017-03-03T13:15:54+08:00 ] 127.0.0.1 /Admin/category/get_category_list.html?id=31
INFO: [ app_init ] --START--
INFO: Run Behavior\BuildLiteBehavior [ RunTime:0.000023s ]
INFO: [ app_init ] --END-- [ RunTime:0.000713s ]

[ 2017-03-03T13:16:14+08:00 ] 127.0.0.1 /Admin/Image/uploadImage.html
INFO: [ app_init ] --START--
INFO: Run Behavior\BuildLiteBehavior [ RunTime:0.000022s ]
INFO: [ app_init ] --END-- [ RunTime:0.000737s ]

[ 2017-03-03T13:16:19+08:00 ] 127.0.0.1 /Admin/Image/uploadVideo.html
INFO: [ app_init ] --START--
INFO: Run Behavior\BuildLiteBehavior [ RunTime:0.000023s ]
INFO: [ app_init ] --END-- [ RunTime:0.000838s ]

[ 2017-03-03T13:16:22+08:00 ] 127.0.0.1 /Admin/course/do_add.html
INFO: [ app_init ] --START--
INFO: Run Behavior\BuildLiteBehavior [ RunTime:0.000019s ]
INFO: [ app_init ] --END-- [ RunTime:0.000654s ]

[ 2017-03-03T13:16:24+08:00 ] 127.0.0.1 /Admin/Course/index.html
INFO: [ app_init ] --START--
INFO: Run Behavior\BuildLiteBehavior [ RunTime:0.000019s ]
INFO: [ app_init ] --END-- [ RunTime:0.000667s ]

[ 2017-03-03T13:16:25+08:00 ] 127.0.0.1 /Admin/Course/add.html
INFO: [ app_init ] --START--
INFO: Run Behavior\BuildLiteBehavior [ RunTime:0.000020s ]
INFO: [ app_init ] --END-- [ RunTime:0.000690s ]

[ 2017-03-03T13:16:26+08:00 ] 127.0.0.1 /Admin/category/get_category_list.html
INFO: [ app_init ] --START--
INFO: Run Behavior\BuildLiteBehavior [ RunTime:0.000024s ]
INFO: [ app_init ] --END-- [ RunTime:0.000772s ]

[ 2017-03-03T13:16:26+08:00 ] 127.0.0.1 /Admin/Course/
INFO: [ app_init ] --START--
INFO: Run Behavior\BuildLiteBehavior [ RunTime:0.000019s ]
INFO: [ app_init ] --END-- [ RunTime:0.000691s ]

[ 2017-03-03T13:16:27+08:00 ] 127.0.0.1 /Admin/Course/
INFO: [ app_init ] --START--
INFO: Run Behavior\BuildLiteBehavior [ RunTime:0.000024s ]
INFO: [ app_init ] --END-- [ RunTime:0.000677s ]

[ 2017-03-03T13:17:47+08:00 ] 127.0.0.1 /Admin/category/get_category_list.html?id=2
INFO: [ app_init ] --START--
INFO: Run Behavior\BuildLiteBehavior [ RunTime:0.000018s ]
INFO: [ app_init ] --END-- [ RunTime:0.000557s ]

[ 2017-03-03T13:17:49+08:00 ] 127.0.0.1 /Admin/category/get_category_list.html?id=17
INFO: [ app_init ] --START--
INFO: Run Behavior\BuildLiteBehavior [ RunTime:0.000021s ]
INFO: [ app_init ] --END-- [ RunTime:0.000607s ]

[ 2017-03-03T13:17:53+08:00 ] 127.0.0.1 /Admin/Image/uploadImage.html
INFO: [ app_init ] --START--
INFO: Run Behavior\BuildLiteBehavior [ RunTime:0.000035s ]
INFO: [ app_init ] --END-- [ RunTime:0.000937s ]

[ 2017-03-03T13:17:56+08:00 ] 127.0.0.1 /Admin/Image/uploadVideo.html
INFO: [ app_init ] --START--
INFO: Run Behavior\BuildLiteBehavior [ RunTime:0.000025s ]
INFO: [ app_init ] --END-- [ RunTime:0.000712s ]

[ 2017-03-03T13:18:33+08:00 ] 127.0.0.1 /Admin/course/do_add.html
INFO: [ app_init ] --START--
INFO: Run Behavior\BuildLiteBehavior [ RunTime:0.000019s ]
INFO: [ app_init ] --END-- [ RunTime:0.000671s ]

[ 2017-03-03T13:18:35+08:00 ] 127.0.0.1 /Admin/Course/index.html
INFO: [ app_init ] --START--
INFO: Run Behavior\BuildLiteBehavior [ RunTime:0.000029s ]
INFO: [ app_init ] --END-- [ RunTime:0.000933s ]

[ 2017-03-03T13:18:37+08:00 ] 127.0.0.1 /Admin/Course/add.html
INFO: [ app_init ] --START--
INFO: Run Behavior\BuildLiteBehavior [ RunTime:0.000020s ]
INFO: [ app_init ] --END-- [ RunTime:0.000682s ]

[ 2017-03-03T13:18:37+08:00 ] 127.0.0.1 /Admin/category/get_category_list.html
INFO: [ app_init ] --START--
INFO: Run Behavior\BuildLiteBehavior [ RunTime:0.000059s ]
INFO: [ app_init ] --END-- [ RunTime:0.000818s ]

[ 2017-03-03T13:18:38+08:00 ] 127.0.0.1 /Admin/Course/
INFO: [ app_init ] --START--
INFO: Run Behavior\BuildLiteBehavior [ RunTime:0.000023s ]
INFO: [ app_init ] --END-- [ RunTime:0.000752s ]

[ 2017-03-03T13:18:39+08:00 ] 127.0.0.1 /Admin/Course/
INFO: [ app_init ] --START--
INFO: Run Behavior\BuildLiteBehavior [ RunTime:0.000025s ]
INFO: [ app_init ] --END-- [ RunTime:0.001102s ]

[ 2017-03-03T13:18:49+08:00 ] 127.0.0.1 /Admin/category/get_category_list.html?id=1
INFO: [ app_init ] --START--
INFO: Run Behavior\BuildLiteBehavior [ RunTime:0.000020s ]
INFO: [ app_init ] --END-- [ RunTime:0.000645s ]

[ 2017-03-03T13:18:51+08:00 ] 127.0.0.1 /Admin/category/get_category_list.html?id=12
INFO: [ app_init ] --START--
INFO: Run Behavior\BuildLiteBehavior [ RunTime:0.000020s ]
INFO: [ app_init ] --END-- [ RunTime:0.000701s ]

[ 2017-03-03T13:22:50+08:00 ] 127.0.0.1 /Admin/Image/uploadImage.html
INFO: [ app_init ] --START--
INFO: Run Behavior\BuildLiteBehavior [ RunTime:0.000019s ]
INFO: [ app_init ] --END-- [ RunTime:0.000644s ]

[ 2017-03-03T13:22:57+08:00 ] 127.0.0.1 /Admin/Image/uploadVideo.html
INFO: [ app_init ] --START--
INFO: Run Behavior\BuildLiteBehavior [ RunTime:0.000023s ]
INFO: [ app_init ] --END-- [ RunTime:0.000819s ]

[ 2017-03-03T13:23:09+08:00 ] 127.0.0.1 /Admin/course/do_add.html
INFO: [ app_init ] --START--
INFO: Run Behavior\BuildLiteBehavior [ RunTime:0.000023s ]
INFO: [ app_init ] --END-- [ RunTime:0.000749s ]

[ 2017-03-03T13:23:15+08:00 ] 127.0.0.1 /Admin/Course/index.html
INFO: [ app_init ] --START--
INFO: Run Behavior\BuildLiteBehavior [ RunTime:0.000020s ]
INFO: [ app_init ] --END-- [ RunTime:0.000634s ]

[ 2017-03-03T13:23:25+08:00 ] 127.0.0.1 /Admin/Course/add.html
INFO: [ app_init ] --START--
INFO: Run Behavior\BuildLiteBehavior [ RunTime:0.000035s ]
INFO: [ app_init ] --END-- [ RunTime:0.001130s ]

[ 2017-03-03T13:23:30+08:00 ] 127.0.0.1 /Admin/category/get_category_list.html
INFO: [ app_init ] --START--
INFO: Run Behavior\BuildLiteBehavior [ RunTime:0.000020s ]
INFO: [ app_init ] --END-- [ RunTime:0.000763s ]

[ 2017-03-03T13:23:36+08:00 ] 127.0.0.1 /Admin/Course/
INFO: [ app_init ] --START--
INFO: Run Behavior\BuildLiteBehavior [ RunTime:0.000026s ]
INFO: [ app_init ] --END-- [ RunTime:0.000865s ]

[ 2017-03-03T13:23:37+08:00 ] 127.0.0.1 /Admin/Course/
INFO: [ app_init ] --START--
INFO: Run Behavior\BuildLiteBehavior [ RunTime:0.000021s ]
INFO: [ app_init ] --END-- [ RunTime:0.000633s ]

[ 2017-03-03T13:23:53+08:00 ] 127.0.0.1 /Admin/category/get_category_list.html?id=1
INFO: [ app_init ] --START--
INFO: Run Behavior\BuildLiteBehavior [ RunTime:0.000021s ]
INFO: [ app_init ] --END-- [ RunTime:0.000754s ]

[ 2017-03-03T13:24:03+08:00 ] 127.0.0.1 /Admin/Image/uploadImage.html
INFO: [ app_init ] --START--
INFO: Run Behavior\BuildLiteBehavior [ RunTime:0.000019s ]
INFO: [ app_init ] --END-- [ RunTime:0.000675s ]

[ 2017-03-03T13:24:05+08:00 ] 127.0.0.1 /Admin/category/get_category_list.html?id=12
INFO: [ app_init ] --START--
INFO: Run Behavior\BuildLiteBehavior [ RunTime:0.000023s ]
INFO: [ app_init ] --END-- [ RunTime:0.000766s ]

[ 2017-03-03T13:24:12+08:00 ] 127.0.0.1 /Admin/Image/uploadVideo.html
INFO: [ app_init ] --START--
INFO: Run Behavior\BuildLiteBehavior [ RunTime:0.000064s ]
INFO: [ app_init ] --END-- [ RunTime:0.004953s ]

[ 2017-03-03T13:24:31+08:00 ] 127.0.0.1 /Admin/course/do_add.html
INFO: [ app_init ] --START--
INFO: Run Behavior\BuildLiteBehavior [ RunTime:0.000019s ]
INFO: [ app_init ] --END-- [ RunTime:0.000712s ]

[ 2017-03-03T13:24:37+08:00 ] 127.0.0.1 /Admin/Course/index.html
INFO: [ app_init ] --START--
INFO: Run Behavior\BuildLiteBehavior [ RunTime:0.000019s ]
INFO: [ app_init ] --END-- [ RunTime:0.000671s ]

[ 2017-03-03T13:24:52+08:00 ] 127.0.0.1 /Admin/Course/add.html
INFO: [ app_init ] --START--
INFO: Run Behavior\BuildLiteBehavior [ RunTime:0.000022s ]
INFO: [ app_init ] --END-- [ RunTime:0.000749s ]

[ 2017-03-03T13:24:57+08:00 ] 127.0.0.1 /Admin/category/get_category_list.html
INFO: [ app_init ] --START--
INFO: Run Behavior\BuildLiteBehavior [ RunTime:0.000022s ]
INFO: [ app_init ] --END-- [ RunTime:0.000842s ]

[ 2017-03-03T13:25:03+08:00 ] 127.0.0.1 /Admin/Course/
INFO: [ app_init ] --START--
INFO: Run Behavior\BuildLiteBehavior [ RunTime:0.000019s ]
INFO: [ app_init ] --END-- [ RunTime:0.000642s ]

[ 2017-03-03T13:25:03+08:00 ] 127.0.0.1 /Admin/Course/
INFO: [ app_init ] --START--
INFO: Run Behavior\BuildLiteBehavior [ RunTime:0.000019s ]
INFO: [ app_init ] --END-- [ RunTime:0.000590s ]

[ 2017-03-03T13:25:21+08:00 ] 127.0.0.1 /Admin/category/get_category_list.html?id=1
INFO: [ app_init ] --START--
INFO: Run Behavior\BuildLiteBehavior [ RunTime:0.000019s ]
INFO: [ app_init ] --END-- [ RunTime:0.000583s ]

[ 2017-03-03T13:25:30+08:00 ] 127.0.0.1 /Admin/Image/uploadImage.html
INFO: [ app_init ] --START--
INFO: Run Behavior\BuildLiteBehavior [ RunTime:0.000020s ]
INFO: [ app_init ] --END-- [ RunTime:0.000660s ]

[ 2017-03-03T13:25:42+08:00 ] 127.0.0.1 /Admin/Image/uploadVideo.html
INFO: [ app_init ] --START--
INFO: Run Behavior\BuildLiteBehavior [ RunTime:0.000018s ]
INFO: [ app_init ] --END-- [ RunTime:0.000677s ]

[ 2017-03-03T13:25:47+08:00 ] 127.0.0.1 /Admin/category/get_category_list.html?id=12
INFO: [ app_init ] --START--
INFO: Run Behavior\BuildLiteBehavior [ RunTime:0.000020s ]
INFO: [ app_init ] --END-- [ RunTime:0.000844s ]

[ 2017-03-03T13:25:59+08:00 ] 127.0.0.1 /Admin/course/do_add.html
INFO: [ app_init ] --START--
INFO: Run Behavior\BuildLiteBehavior [ RunTime:0.000020s ]
INFO: [ app_init ] --END-- [ RunTime:0.000673s ]

[ 2017-03-03T13:26:06+08:00 ] 127.0.0.1 /Admin/Course/index.html
INFO: [ app_init ] --START--
INFO: Run Behavior\BuildLiteBehavior [ RunTime:0.000021s ]
INFO: [ app_init ] --END-- [ RunTime:0.000713s ]

[ 2017-03-03T13:26:16+08:00 ] 127.0.0.1 /Admin/Course/add.html
INFO: [ app_init ] --START--
INFO: Run Behavior\BuildLiteBehavior [ RunTime:0.000060s ]
INFO: [ app_init ] --END-- [ RunTime:0.000830s ]

[ 2017-03-03T13:26:21+08:00 ] 127.0.0.1 /Admin/category/get_category_list.html
INFO: [ app_init ] --START--
INFO: Run Behavior\BuildLiteBehavior [ RunTime:0.000031s ]
INFO: [ app_init ] --END-- [ RunTime:0.001045s ]

[ 2017-03-03T13:26:27+08:00 ] 127.0.0.1 /Admin/Course/
INFO: [ app_init ] --START--
INFO: Run Behavior\BuildLiteBehavior [ RunTime:0.000026s ]
INFO: [ app_init ] --END-- [ RunTime:0.000870s ]

[ 2017-03-03T13:26:28+08:00 ] 127.0.0.1 /Admin/Course/
INFO: [ app_init ] --START--
INFO: Run Behavior\BuildLiteBehavior [ RunTime:0.000019s ]
INFO: [ app_init ] --END-- [ RunTime:0.000698s ]

[ 2017-03-03T13:26:28+08:00 ] 127.0.0.1 /Admin/category/get_category_list.html?id=1
INFO: [ app_init ] --START--
INFO: Run Behavior\BuildLiteBehavior [ RunTime:0.000019s ]
INFO: [ app_init ] --END-- [ RunTime:0.000735s ]

[ 2017-03-03T13:26:54+08:00 ] 127.0.0.1 /Admin/category/get_category_list.html?id=11
INFO: [ app_init ] --START--
INFO: Run Behavior\BuildLiteBehavior [ RunTime:0.000022s ]
INFO: [ app_init ] --END-- [ RunTime:0.000694s ]

[ 2017-03-03T13:27:00+08:00 ] 127.0.0.1 /Admin/Image/uploadVideo.html
INFO: [ app_init ] --START--
INFO: Run Behavior\BuildLiteBehavior [ RunTime:0.000018s ]
INFO: [ app_init ] --END-- [ RunTime:0.000583s ]

[ 2017-03-03T13:27:05+08:00 ] 127.0.0.1 /Admin/Image/uploadVideo.html
INFO: [ app_init ] --START--
INFO: Run Behavior\BuildLiteBehavior [ RunTime:0.000023s ]
INFO: [ app_init ] --END-- [ RunTime:0.000860s ]

[ 2017-03-03T13:27:12+08:00 ] 127.0.0.1 /Admin/Image/uploadImage.html
INFO: [ app_init ] --START--
INFO: Run Behavior\BuildLiteBehavior [ RunTime:0.000019s ]
INFO: [ app_init ] --END-- [ RunTime:0.000700s ]

[ 2017-03-03T13:27:16+08:00 ] 127.0.0.1 /Admin/course/do_add.html
INFO: [ app_init ] --START--
INFO: Run Behavior\BuildLiteBehavior [ RunTime:0.000021s ]
INFO: [ app_init ] --END-- [ RunTime:0.000710s ]

[ 2017-03-03T13:27:17+08:00 ] 127.0.0.1 /Admin/Course/index.html
INFO: [ app_init ] --START--
INFO: Run Behavior\BuildLiteBehavior [ RunTime:0.000019s ]
INFO: [ app_init ] --END-- [ RunTime:0.000648s ]

[ 2017-03-03T13:35:40+08:00 ] 127.0.0.1 /Admin/Course/edit/id/9.html
INFO: [ app_init ] --START--
INFO: Run Behavior\BuildLiteBehavior [ RunTime:0.000020s ]
INFO: [ app_init ] --END-- [ RunTime:0.000691s ]

[ 2017-03-03T13:35:41+08:00 ] 127.0.0.1 /Admin/category/get_category_list.html
INFO: [ app_init ] --START--
INFO: Run Behavior\BuildLiteBehavior [ RunTime:0.000018s ]
INFO: [ app_init ] --END-- [ RunTime:0.000651s ]

[ 2017-03-03T13:35:43+08:00 ] 127.0.0.1 /Admin/category/get_category_list.html?id=1
INFO: [ app_init ] --START--
INFO: Run Behavior\BuildLiteBehavior [ RunTime:0.000022s ]
INFO: [ app_init ] --END-- [ RunTime:0.000723s ]

[ 2017-03-03T13:35:43+08:00 ] 127.0.0.1 /Admin/category/get_category_list.html?id=11
INFO: [ app_init ] --START--
INFO: Run Behavior\BuildLiteBehavior [ RunTime:0.000018s ]
INFO: [ app_init ] --END-- [ RunTime:0.001296s ]

[ 2017-03-03T13:35:43+08:00 ] 127.0.0.1 /Admin/Course/edit/id/
INFO: [ app_init ] --START--
INFO: Run Behavior\BuildLiteBehavior [ RunTime:0.000023s ]
INFO: [ app_init ] --END-- [ RunTime:0.000718s ]
ERR: 参数错误或者未定义:id

[ 2017-03-03T13:35:44+08:00 ] 127.0.0.1 /Admin/Course/edit/id/
INFO: [ app_init ] --START--
INFO: Run Behavior\BuildLiteBehavior [ RunTime:0.000019s ]
INFO: [ app_init ] --END-- [ RunTime:0.000755s ]
ERR: 参数错误或者未定义:id

[ 2017-03-03T14:20:41+08:00 ] 127.0.0.1 /Admin/Advertisement/index.html
INFO: [ app_init ] --START--
INFO: Run Behavior\BuildLiteBehavior [ RunTime:0.000021s ]
INFO: [ app_init ] --END-- [ RunTime:0.000738s ]

[ 2017-03-03T14:20:44+08:00 ] 127.0.0.1 /Admin/Advertisement/edit/id/1.html
INFO: [ app_init ] --START--
INFO: Run Behavior\BuildLiteBehavior [ RunTime:0.000022s ]
INFO: [ app_init ] --END-- [ RunTime:0.000839s ]

[ 2017-03-03T14:20:45+08:00 ] 127.0.0.1 /Admin/Advertisement/edit/id/
INFO: [ app_init ] --START--
INFO: Run Behavior\BuildLiteBehavior [ RunTime:0.000020s ]
INFO: [ app_init ] --END-- [ RunTime:0.000660s ]
ERR: 参数错误或者未定义:id

[ 2017-03-03T14:22:05+08:00 ] 127.0.0.1 /Admin/Image/uploadImage.html
INFO: [ app_init ] --START--
INFO: Run Behavior\BuildLiteBehavior [ RunTime:0.000018s ]
INFO: [ app_init ] --END-- [ RunTime:0.000658s ]

[ 2017-03-03T14:22:09+08:00 ] 127.0.0.1 /Admin/advertisement/do_edit.html
INFO: [ app_init ] --START--
INFO: Run Behavior\BuildLiteBehavior [ RunTime:0.000019s ]
INFO: [ app_init ] --END-- [ RunTime:0.000631s ]

[ 2017-03-03T14:22:10+08:00 ] 127.0.0.1 /Admin/advertisement/index.html
INFO: [ app_init ] --START--
INFO: Run Behavior\BuildLiteBehavior [ RunTime:0.000019s ]
INFO: [ app_init ] --END-- [ RunTime:0.000672s ]

[ 2017-03-03T14:22:40+08:00 ] 127.0.0.1 /Admin/advertisement/index.html
INFO: [ app_init ] --START--
INFO: Run Behavior\BuildLiteBehavior [ RunTime:0.000019s ]
INFO: [ app_init ] --END-- [ RunTime:0.000647s ]

[ 2017-03-03T14:22:41+08:00 ] 127.0.0.1 /Admin/Advertisement/edit/id/1.html
INFO: [ app_init ] --START--
INFO: Run Behavior\BuildLiteBehavior [ RunTime:0.000026s ]
INFO: [ app_init ] --END-- [ RunTime:0.000645s ]

[ 2017-03-03T14:22:43+08:00 ] 127.0.0.1 /Admin/Advertisement/edit/id/
INFO: [ app_init ] --START--
INFO: Run Behavior\BuildLiteBehavior [ RunTime:0.000019s ]
INFO: [ app_init ] --END-- [ RunTime:0.000577s ]
ERR: 参数错误或者未定义:id

[ 2017-03-03T14:22:58+08:00 ] 127.0.0.1 /Admin/Image/uploadImage.html
INFO: [ app_init ] --START--
INFO: Run Behavior\BuildLiteBehavior [ RunTime:0.000028s ]
INFO: [ app_init ] --END-- [ RunTime:0.000849s ]

[ 2017-03-03T14:23:41+08:00 ] 127.0.0.1 /Admin/Index/index.html
INFO: [ app_init ] --START--
INFO: Run Behavior\BuildLiteBehavior [ RunTime:0.000021s ]
INFO: [ app_init ] --END-- [ RunTime:0.000767s ]

[ 2017-03-03T14:23:42+08:00 ] 127.0.0.1 /Admin/Index/main.html
INFO: [ app_init ] --START--
INFO: Run Behavior\BuildLiteBehavior [ RunTime:0.000019s ]
INFO: [ app_init ] --END-- [ RunTime:0.000728s ]

[ 2017-03-03T14:23:45+08:00 ] 127.0.0.1 /Admin/Advertisement/index.html
INFO: [ app_init ] --START--
INFO: Run Behavior\BuildLiteBehavior [ RunTime:0.000020s ]
INFO: [ app_init ] --END-- [ RunTime:0.001057s ]

[ 2017-03-03T14:23:47+08:00 ] 127.0.0.1 /Admin/Advertisement/edit/id/1.html
INFO: [ app_init ] --START--
INFO: Run Behavior\BuildLiteBehavior [ RunTime:0.000044s ]
INFO: [ app_init ] --END-- [ RunTime:0.001228s ]

[ 2017-03-03T14:23:48+08:00 ] 127.0.0.1 /Admin/Advertisement/edit/id/
INFO: [ app_init ] --START--
INFO: Run Behavior\BuildLiteBehavior [ RunTime:0.000037s ]
INFO: [ app_init ] --END-- [ RunTime:0.001393s ]
ERR: 参数错误或者未定义:id

[ 2017-03-03T14:23:50+08:00 ] 127.0.0.1 /Admin/Image/uploadImage.html
INFO: [ app_init ] --START--
INFO: Run Behavior\BuildLiteBehavior [ RunTime:0.000019s ]
INFO: [ app_init ] --END-- [ RunTime:0.001001s ]

[ 2017-03-03T14:23:54+08:00 ] 127.0.0.1 /Admin/advertisement/do_edit.html
INFO: [ app_init ] --START--
INFO: Run Behavior\BuildLiteBehavior [ RunTime:0.000068s ]
INFO: [ app_init ] --END-- [ RunTime:0.001304s ]

[ 2017-03-03T14:23:55+08:00 ] 127.0.0.1 /Admin/advertisement/index.html
INFO: [ app_init ] --START--
INFO: Run Behavior\BuildLiteBehavior [ RunTime:0.000023s ]
INFO: [ app_init ] --END-- [ RunTime:0.000886s ]

[ 2017-03-03T14:24:23+08:00 ] 127.0.0.1 /Admin/Advertisement/edit/id/1.html
INFO: [ app_init ] --START--
INFO: Run Behavior\BuildLiteBehavior [ RunTime:0.000020s ]
INFO: [ app_init ] --END-- [ RunTime:0.000764s ]

[ 2017-03-03T14:24:24+08:00 ] 127.0.0.1 /Admin/Advertisement/edit/id/
INFO: [ app_init ] --START--
INFO: Run Behavior\BuildLiteBehavior [ RunTime:0.000020s ]
INFO: [ app_init ] --END-- [ RunTime:0.000946s ]
ERR: 参数错误或者未定义:id

[ 2017-03-03T14:24:30+08:00 ] 127.0.0.1 /Admin/Image/uploadImage.html
INFO: [ app_init ] --START--
INFO: Run Behavior\BuildLiteBehavior [ RunTime:0.000025s ]
INFO: [ app_init ] --END-- [ RunTime:0.000881s ]

[ 2017-03-03T14:24:37+08:00 ] 127.0.0.1 /Admin/advertisement/do_edit.html
INFO: [ app_init ] --START--
INFO: Run Behavior\BuildLiteBehavior [ RunTime:0.000025s ]
INFO: [ app_init ] --END-- [ RunTime:0.000780s ]

[ 2017-03-03T14:24:39+08:00 ] 127.0.0.1 /Admin/advertisement/index.html
INFO: [ app_init ] --START--
INFO: Run Behavior\BuildLiteBehavior [ RunTime:0.000022s ]
INFO: [ app_init ] --END-- [ RunTime:0.000709s ]

[ 2017-03-03T14:24:42+08:00 ] 127.0.0.1 /Admin/Advertisement/edit/id/1.html
INFO: [ app_init ] --START--
INFO: Run Behavior\BuildLiteBehavior [ RunTime:0.000019s ]
INFO: [ app_init ] --END-- [ RunTime:0.000717s ]

[ 2017-03-03T14:24:43+08:00 ] 127.0.0.1 /Admin/Advertisement/edit/id/
INFO: [ app_init ] --START--
INFO: Run Behavior\BuildLiteBehavior [ RunTime:0.000020s ]
INFO: [ app_init ] --END-- [ RunTime:0.000682s ]
ERR: 参数错误或者未定义:id

[ 2017-03-03T14:25:17+08:00 ] 127.0.0.1 /Admin/Advertisement/edit/id/1.html
INFO: [ app_init ] --START--
INFO: Run Behavior\BuildLiteBehavior [ RunTime:0.000018s ]
INFO: [ app_init ] --END-- [ RunTime:0.000655s ]

[ 2017-03-03T14:25:18+08:00 ] 127.0.0.1 /Admin/Advertisement/edit/id/
INFO: [ app_init ] --START--
INFO: Run Behavior\BuildLiteBehavior [ RunTime:0.000022s ]
INFO: [ app_init ] --END-- [ RunTime:0.000698s ]
ERR: 参数错误或者未定义:id

[ 2017-03-03T14:25:23+08:00 ] 127.0.0.1 /Admin/Image/uploadImage.html
INFO: [ app_init ] --START--
INFO: Run Behavior\BuildLiteBehavior [ RunTime:0.000020s ]
INFO: [ app_init ] --END-- [ RunTime:0.000740s ]

[ 2017-03-03T14:25:26+08:00 ] 127.0.0.1 /Admin/advertisement/do_edit.html
INFO: [ app_init ] --START--
INFO: Run Behavior\BuildLiteBehavior [ RunTime:0.000025s ]
INFO: [ app_init ] --END-- [ RunTime:0.000842s ]

[ 2017-03-03T14:27:03+08:00 ] 127.0.0.1 /Admin/Advertisement/edit/id/2.html
INFO: [ app_init ] --START--
INFO: Run Behavior\BuildLiteBehavior [ RunTime:0.000018s ]
INFO: [ app_init ] --END-- [ RunTime:0.000657s ]

[ 2017-03-03T14:27:04+08:00 ] 127.0.0.1 /Admin/Advertisement/edit/id/
INFO: [ app_init ] --START--
INFO: Run Behavior\BuildLiteBehavior [ RunTime:0.000024s ]
INFO: [ app_init ] --END-- [ RunTime:0.000781s ]
ERR: 参数错误或者未定义:id

[ 2017-03-03T14:27:16+08:00 ] 127.0.0.1 /Admin/Image/uploadImage.html
INFO: [ app_init ] --START--
INFO: Run Behavior\BuildLiteBehavior [ RunTime:0.000019s ]
INFO: [ app_init ] --END-- [ RunTime:0.000622s ]

[ 2017-03-03T14:28:13+08:00 ] 127.0.0.1 /Admin/Advertisement/edit/id/2.html
INFO: [ app_init ] --START--
INFO: Run Behavior\BuildLiteBehavior [ RunTime:0.000024s ]
INFO: [ app_init ] --END-- [ RunTime:0.000841s ]

[ 2017-03-03T14:28:14+08:00 ] 127.0.0.1 /Admin/Advertisement/edit/id/
INFO: [ app_init ] --START--
INFO: Run Behavior\BuildLiteBehavior [ RunTime:0.000021s ]
INFO: [ app_init ] --END-- [ RunTime:0.000714s ]
ERR: 参数错误或者未定义:id

[ 2017-03-03T14:28:19+08:00 ] 127.0.0.1 /Admin/Image/uploadImage.html
INFO: [ app_init ] --START--
INFO: Run Behavior\BuildLiteBehavior [ RunTime:0.000019s ]
INFO: [ app_init ] --END-- [ RunTime:0.000596s ]

[ 2017-03-03T14:29:19+08:00 ] 127.0.0.1 /Admin/advertisement/do_edit.html
INFO: [ app_init ] --START--
INFO: Run Behavior\BuildLiteBehavior [ RunTime:0.000017s ]
INFO: [ app_init ] --END-- [ RunTime:0.000646s ]

[ 2017-03-03T14:29:20+08:00 ] 127.0.0.1 /Admin/advertisement/index.html
INFO: [ app_init ] --START--
INFO: Run Behavior\BuildLiteBehavior [ RunTime:0.000019s ]
INFO: [ app_init ] --END-- [ RunTime:0.000642s ]

[ 2017-03-03T14:30:06+08:00 ] 127.0.0.1 /Admin/Advertisement/edit/id/1.html
INFO: [ app_init ] --START--
INFO: Run Behavior\BuildLiteBehavior [ RunTime:0.000020s ]
INFO: [ app_init ] --END-- [ RunTime:0.000652s ]

[ 2017-03-03T14:30:08+08:00 ] 127.0.0.1 /Admin/Advertisement/edit/id/
INFO: [ app_init ] --START--
INFO: Run Behavior\BuildLiteBehavior [ RunTime:0.000026s ]
INFO: [ app_init ] --END-- [ RunTime:0.000736s ]
ERR: 参数错误或者未定义:id

[ 2017-03-03T14:30:10+08:00 ] 127.0.0.1 /Admin/advertisement/do_edit.html
INFO: [ app_init ] --START--
INFO: Run Behavior\BuildLiteBehavior [ RunTime:0.000019s ]
INFO: [ app_init ] --END-- [ RunTime:0.000682s ]

[ 2017-03-03T14:30:11+08:00 ] 127.0.0.1 /Admin/advertisement/index.html
INFO: [ app_init ] --START--
INFO: Run Behavior\BuildLiteBehavior [ RunTime:0.000028s ]
INFO: [ app_init ] --END-- [ RunTime:0.000821s ]

[ 2017-03-03T14:30:14+08:00 ] 127.0.0.1 /Admin/Advertisement/edit/id/3.html
INFO: [ app_init ] --START--
INFO: Run Behavior\BuildLiteBehavior [ RunTime:0.000031s ]
INFO: [ app_init ] --END-- [ RunTime:0.001243s ]

[ 2017-03-03T14:30:15+08:00 ] 127.0.0.1 /Admin/Advertisement/edit/id/
INFO: [ app_init ] --START--
INFO: Run Behavior\BuildLiteBehavior [ RunTime:0.000029s ]
INFO: [ app_init ] --END-- [ RunTime:0.000798s ]
ERR: 参数错误或者未定义:id

[ 2017-03-03T14:30:18+08:00 ] 127.0.0.1 /Admin/Image/uploadImage.html
INFO: [ app_init ] --START--
INFO: Run Behavior\BuildLiteBehavior [ RunTime:0.000038s ]
INFO: [ app_init ] --END-- [ RunTime:0.000915s ]

[ 2017-03-03T14:31:02+08:00 ] 127.0.0.1 /Admin/advertisement/do_edit.html
INFO: [ app_init ] --START--
INFO: Run Behavior\BuildLiteBehavior [ RunTime:0.000025s ]
INFO: [ app_init ] --END-- [ RunTime:0.000750s ]

[ 2017-03-03T14:31:04+08:00 ] 127.0.0.1 /Admin/advertisement/index.html
INFO: [ app_init ] --START--
INFO: Run Behavior\BuildLiteBehavior [ RunTime:0.000035s ]
INFO: [ app_init ] --END-- [ RunTime:0.000882s ]

[ 2017-03-03T15:46:41+08:00 ] 127.0.0.1 /Admin/Index/index
INFO: [ app_init ] --START--
INFO: Run Behavior\BuildLiteBehavior [ RunTime:0.000019s ]
INFO: [ app_init ] --END-- [ RunTime:0.000598s ]

[ 2017-03-03T15:46:43+08:00 ] 127.0.0.1 /Admin/public/index.html
INFO: [ app_init ] --START--
INFO: Run Behavior\BuildLiteBehavior [ RunTime:0.000019s ]
INFO: [ app_init ] --END-- [ RunTime:0.000712s ]

[ 2017-03-03T15:47:47+08:00 ] 127.0.0.1 /Admin/Index/index
INFO: [ app_init ] --START--
INFO: Run Behavior\BuildLiteBehavior [ RunTime:0.000019s ]
INFO: [ app_init ] --END-- [ RunTime:0.000598s ]

[ 2017-03-03T15:47:49+08:00 ] 127.0.0.1 /Admin/public/index.html
INFO: [ app_init ] --START--
INFO: Run Behavior\BuildLiteBehavior [ RunTime:0.000019s ]
INFO: [ app_init ] --END-- [ RunTime:0.000641s ]

[ 2017-03-03T15:48:02+08:00 ] 127.0.0.1 /Admin/Public/login.html
INFO: [ app_init ] --START--
INFO: Run Behavior\BuildLiteBehavior [ RunTime:0.000023s ]
INFO: [ app_init ] --END-- [ RunTime:0.000699s ]

[ 2017-03-03T15:48:07+08:00 ] 127.0.0.1 /Admin/Public/login.html
INFO: [ app_init ] --START--
INFO: Run Behavior\BuildLiteBehavior [ RunTime:0.000022s ]
INFO: [ app_init ] --END-- [ RunTime:0.000745s ]

[ 2017-03-03T15:48:07+08:00 ] 127.0.0.1 /Admin/Index/index.html
INFO: [ app_init ] --START--
INFO: Run Behavior\BuildLiteBehavior [ RunTime:0.000018s ]
INFO: [ app_init ] --END-- [ RunTime:0.000587s ]

[ 2017-03-03T15:48:09+08:00 ] 127.0.0.1 /Admin/Index/main.html
INFO: [ app_init ] --START--
INFO: Run Behavior\BuildLiteBehavior [ RunTime:0.000022s ]
INFO: [ app_init ] --END-- [ RunTime:0.000612s ]

[ 2017-03-03T15:49:34+08:00 ] 127.0.0.1 /Admin/Public/login.html
INFO: [ app_init ] --START--
INFO: Run Behavior\BuildLiteBehavior [ RunTime:0.000021s ]
INFO: [ app_init ] --END-- [ RunTime:0.000773s ]

[ 2017-03-03T15:49:40+08:00 ] 127.0.0.1 /Admin/Public/login.html
INFO: [ app_init ] --START--
INFO: Run Behavior\BuildLiteBehavior [ RunTime:0.000026s ]
INFO: [ app_init ] --END-- [ RunTime:0.000848s ]

[ 2017-03-03T15:49:41+08:00 ] 127.0.0.1 /Admin/Public/login.html
INFO: [ app_init ] --START--
INFO: Run Behavior\BuildLiteBehavior [ RunTime:0.000020s ]
INFO: [ app_init ] --END-- [ RunTime:0.000639s ]

[ 2017-03-03T15:54:05+08:00 ] 127.0.0.1 /Admin/public/index.html
INFO: [ app_init ] --START--
INFO: Run Behavior\BuildLiteBehavior [ RunTime:0.000018s ]
INFO: [ app_init ] --END-- [ RunTime:0.000583s ]

[ 2017-03-03T15:54:07+08:00 ] 127.0.0.1 /Admin/Public/login.html
INFO: [ app_init ] --START--
INFO: Run Behavior\BuildLiteBehavior [ RunTime:0.000019s ]
INFO: [ app_init ] --END-- [ RunTime:0.000711s ]

[ 2017-03-03T15:54:08+08:00 ] 127.0.0.1 /Admin/Index/index.html
INFO: [ app_init ] --START--
INFO: Run Behavior\BuildLiteBehavior [ RunTime:0.000019s ]
INFO: [ app_init ] --END-- [ RunTime:0.000581s ]

[ 2017-03-03T15:54:09+08:00 ] 127.0.0.1 /Admin/Index/main.html
INFO: [ app_init ] --START--
INFO: Run Behavior\BuildLiteBehavior [ RunTime:0.000023s ]
INFO: [ app_init ] --END-- [ RunTime:0.000614s ]

[ 2017-03-03T15:54:11+08:00 ] 127.0.0.1 /Admin/Public/login.html
INFO: [ app_init ] --START--
INFO: Run Behavior\BuildLiteBehavior [ RunTime:0.000019s ]
INFO: [ app_init ] --END-- [ RunTime:0.000826s ]

[ 2017-03-03T15:54:32+08:00 ] 127.0.0.1 /Admin/public/index.html
INFO: [ app_init ] --START--
INFO: Run Behavior\BuildLiteBehavior [ RunTime:0.000022s ]
INFO: [ app_init ] --END-- [ RunTime:0.000629s ]

[ 2017-03-03T15:54:34+08:00 ] 127.0.0.1 /Admin/Public/login.html
INFO: [ app_init ] --START--
INFO: Run Behavior\BuildLiteBehavior [ RunTime:0.000018s ]
INFO: [ app_init ] --END-- [ RunTime:0.000597s ]

[ 2017-03-03T15:59:16+08:00 ] 127.0.0.1 /Admin/public/index.html
INFO: [ app_init ] --START--
INFO: Run Behavior\BuildLiteBehavior [ RunTime:0.000019s ]
INFO: [ app_init ] --END-- [ RunTime:0.000647s ]

[ 2017-03-03T15:59:19+08:00 ] 127.0.0.1 /Admin/Public/login.html
INFO: [ app_init ] --START--
INFO: Run Behavior\BuildLiteBehavior [ RunTime:0.000019s ]
INFO: [ app_init ] --END-- [ RunTime:0.000643s ]

[ 2017-03-03T15:59:22+08:00 ] 127.0.0.1 /Admin/Public/login.html
INFO: [ app_init ] --START--
INFO: Run Behavior\BuildLiteBehavior [ RunTime:0.000018s ]
INFO: [ app_init ] --END-- [ RunTime:0.000584s ]

