[ 2017-03-02T15:16:34+08:00 ] 127.0.0.1 /Admin/Index/index.html
INFO: [ app_init ] --START--
INFO: Run Behavior\BuildLiteBehavior [ RunTime:0.000022s ]
INFO: [ app_init ] --END-- [ RunTime:0.000758s ]

[ 2017-03-02T15:16:34+08:00 ] 127.0.0.1 /Admin/Index/index.html
INFO: [ app_init ] --START--
INFO: Run Behavior\BuildLiteBehavior [ RunTime:0.000022s ]
INFO: [ app_init ] --END-- [ RunTime:0.000604s ]

[ 2017-03-02T15:16:36+08:00 ] 127.0.0.1 /Admin/public/index.html
INFO: [ app_init ] --START--
INFO: Run Behavior\BuildLiteBehavior [ RunTime:0.000021s ]
INFO: [ app_init ] --END-- [ RunTime:0.000742s ]

[ 2017-03-02T15:16:37+08:00 ] 127.0.0.1 /Admin/Public/login.html
INFO: [ app_init ] --START--
INFO: Run Behavior\BuildLiteBehavior [ RunTime:0.000020s ]
INFO: [ app_init ] --END-- [ RunTime:0.000681s ]

[ 2017-03-02T15:16:38+08:00 ] 127.0.0.1 /Admin/Index/index.html
INFO: [ app_init ] --START--
INFO: Run Behavior\BuildLiteBehavior [ RunTime:0.000049s ]
INFO: [ app_init ] --END-- [ RunTime:0.000831s ]

[ 2017-03-02T15:16:39+08:00 ] 127.0.0.1 /Admin/Index/main.html
INFO: [ app_init ] --START--
INFO: Run Behavior\BuildLiteBehavior [ RunTime:0.000025s ]
INFO: [ app_init ] --END-- [ RunTime:0.000672s ]

[ 2017-03-02T15:16:43+08:00 ] 127.0.0.1 /Admin/Info/index.html
INFO: [ app_init ] --START--
INFO: Run Behavior\BuildLiteBehavior [ RunTime:0.000020s ]
INFO: [ app_init ] --END-- [ RunTime:0.000576s ]

[ 2017-03-02T15:17:06+08:00 ] 127.0.0.1 /Admin/Info/edit/id/80.html
INFO: [ app_init ] --START--
INFO: Run Behavior\BuildLiteBehavior [ RunTime:0.000019s ]
INFO: [ app_init ] --END-- [ RunTime:0.000593s ]

[ 2017-03-02T15:17:10+08:00 ] 127.0.0.1 /Admin/Info/edit/id/
INFO: [ app_init ] --START--
INFO: Run Behavior\BuildLiteBehavior [ RunTime:0.000018s ]
INFO: [ app_init ] --END-- [ RunTime:0.000701s ]
ERR: 参数错误或者未定义:id

[ 2017-03-02T15:18:09+08:00 ] 127.0.0.1 /Admin/Image/uploadImage.html
INFO: [ app_init ] --START--
INFO: Run Behavior\BuildLiteBehavior [ RunTime:0.000018s ]
INFO: [ app_init ] --END-- [ RunTime:0.000724s ]

[ 2017-03-02T15:20:55+08:00 ] 127.0.0.1 /Admin/info/do_edit.html
INFO: [ app_init ] --START--
INFO: Run Behavior\BuildLiteBehavior [ RunTime:0.000022s ]
INFO: [ app_init ] --END-- [ RunTime:0.000737s ]

[ 2017-03-02T15:20:56+08:00 ] 127.0.0.1 /Admin/info/index.html
INFO: [ app_init ] --START--
INFO: Run Behavior\BuildLiteBehavior [ RunTime:0.000019s ]
INFO: [ app_init ] --END-- [ RunTime:0.000664s ]

[ 2017-03-02T15:21:35+08:00 ] 127.0.0.1 /Admin/Info/edit/id/80.html
INFO: [ app_init ] --START--
INFO: Run Behavior\BuildLiteBehavior [ RunTime:0.000047s ]
INFO: [ app_init ] --END-- [ RunTime:0.000890s ]

[ 2017-03-02T15:21:37+08:00 ] 127.0.0.1 /Admin/Info/edit/id/
INFO: [ app_init ] --START--
INFO: Run Behavior\BuildLiteBehavior [ RunTime:0.000018s ]
INFO: [ app_init ] --END-- [ RunTime:0.000652s ]
ERR: 参数错误或者未定义:id

[ 2017-03-02T15:21:45+08:00 ] 127.0.0.1 /Admin/info/do_edit.html
INFO: [ app_init ] --START--
INFO: Run Behavior\BuildLiteBehavior [ RunTime:0.000019s ]
INFO: [ app_init ] --END-- [ RunTime:0.000654s ]

[ 2017-03-02T15:21:46+08:00 ] 127.0.0.1 /Admin/info/index.html
INFO: [ app_init ] --START--
INFO: Run Behavior\BuildLiteBehavior [ RunTime:0.000018s ]
INFO: [ app_init ] --END-- [ RunTime:0.000710s ]

[ 2017-03-02T15:25:05+08:00 ] 127.0.0.1 /Admin/Info/add.html
INFO: [ app_init ] --START--
INFO: Run Behavior\BuildLiteBehavior [ RunTime:0.000019s ]
INFO: [ app_init ] --END-- [ RunTime:0.000658s ]

[ 2017-03-02T15:25:07+08:00 ] 127.0.0.1 /Admin/Info/
INFO: [ app_init ] --START--
INFO: Run Behavior\BuildLiteBehavior [ RunTime:0.000018s ]
INFO: [ app_init ] --END-- [ RunTime:0.000639s ]

[ 2017-03-02T15:26:33+08:00 ] 127.0.0.1 /Admin/Image/uploadImage.html
INFO: [ app_init ] --START--
INFO: Run Behavior\BuildLiteBehavior [ RunTime:0.000019s ]
INFO: [ app_init ] --END-- [ RunTime:0.000555s ]

[ 2017-03-02T15:26:36+08:00 ] 127.0.0.1 /Admin/info/do_add.html
INFO: [ app_init ] --START--
INFO: Run Behavior\BuildLiteBehavior [ RunTime:0.000018s ]
INFO: [ app_init ] --END-- [ RunTime:0.000631s ]

[ 2017-03-02T15:26:38+08:00 ] 127.0.0.1 /Admin/info/index.html
INFO: [ app_init ] --START--
INFO: Run Behavior\BuildLiteBehavior [ RunTime:0.000018s ]
INFO: [ app_init ] --END-- [ RunTime:0.000588s ]

[ 2017-03-02T15:26:40+08:00 ] 127.0.0.1 /Admin/Info/edit/id/81.html
INFO: [ app_init ] --START--
INFO: Run Behavior\BuildLiteBehavior [ RunTime:0.000019s ]
INFO: [ app_init ] --END-- [ RunTime:0.000600s ]

[ 2017-03-02T15:26:41+08:00 ] 127.0.0.1 /Admin/Info/edit/id/
INFO: [ app_init ] --START--
INFO: Run Behavior\BuildLiteBehavior [ RunTime:0.000018s ]
INFO: [ app_init ] --END-- [ RunTime:0.000624s ]
ERR: 参数错误或者未定义:id

[ 2017-03-02T15:28:48+08:00 ] 127.0.0.1 /Admin/info/do_edit.html
INFO: [ app_init ] --START--
INFO: Run Behavior\BuildLiteBehavior [ RunTime:0.000021s ]
INFO: [ app_init ] --END-- [ RunTime:0.000739s ]

[ 2017-03-02T15:28:49+08:00 ] 127.0.0.1 /Admin/info/index.html
INFO: [ app_init ] --START--
INFO: Run Behavior\BuildLiteBehavior [ RunTime:0.000019s ]
INFO: [ app_init ] --END-- [ RunTime:0.000597s ]

[ 2017-03-02T15:29:41+08:00 ] 127.0.0.1 /Admin/Info/edit/id/81.html
INFO: [ app_init ] --START--
INFO: Run Behavior\BuildLiteBehavior [ RunTime:0.000018s ]
INFO: [ app_init ] --END-- [ RunTime:0.000596s ]

[ 2017-03-02T15:29:43+08:00 ] 127.0.0.1 /Admin/Info/edit/id/
INFO: [ app_init ] --START--
INFO: Run Behavior\BuildLiteBehavior [ RunTime:0.000018s ]
INFO: [ app_init ] --END-- [ RunTime:0.000645s ]
ERR: 参数错误或者未定义:id

[ 2017-03-02T15:31:33+08:00 ] 127.0.0.1 /Admin/info/do_edit.html
INFO: [ app_init ] --START--
INFO: Run Behavior\BuildLiteBehavior [ RunTime:0.000018s ]
INFO: [ app_init ] --END-- [ RunTime:0.000709s ]

[ 2017-03-02T15:31:34+08:00 ] 127.0.0.1 /Admin/info/index.html
INFO: [ app_init ] --START--
INFO: Run Behavior\BuildLiteBehavior [ RunTime:0.000019s ]
INFO: [ app_init ] --END-- [ RunTime:0.000654s ]

[ 2017-03-02T15:31:49+08:00 ] 127.0.0.1 /Admin/Info/edit/id/81.html
INFO: [ app_init ] --START--
INFO: Run Behavior\BuildLiteBehavior [ RunTime:0.000020s ]
INFO: [ app_init ] --END-- [ RunTime:0.000783s ]

[ 2017-03-02T15:31:50+08:00 ] 127.0.0.1 /Admin/Info/edit/id/
INFO: [ app_init ] --START--
INFO: Run Behavior\BuildLiteBehavior [ RunTime:0.000019s ]
INFO: [ app_init ] --END-- [ RunTime:0.000777s ]
ERR: 参数错误或者未定义:id

[ 2017-03-02T15:33:42+08:00 ] 127.0.0.1 /Admin/info/do_edit.html
INFO: [ app_init ] --START--
INFO: Run Behavior\BuildLiteBehavior [ RunTime:0.000018s ]
INFO: [ app_init ] --END-- [ RunTime:0.000655s ]

[ 2017-03-02T15:33:43+08:00 ] 127.0.0.1 /Admin/info/index.html
INFO: [ app_init ] --START--
INFO: Run Behavior\BuildLiteBehavior [ RunTime:0.000019s ]
INFO: [ app_init ] --END-- [ RunTime:0.000660s ]

[ 2017-03-02T15:34:00+08:00 ] 127.0.0.1 /Admin/Info/edit/id/81.html
INFO: [ app_init ] --START--
INFO: Run Behavior\BuildLiteBehavior [ RunTime:0.000019s ]
INFO: [ app_init ] --END-- [ RunTime:0.000667s ]

[ 2017-03-02T15:34:01+08:00 ] 127.0.0.1 /Admin/Info/edit/id/
INFO: [ app_init ] --START--
INFO: Run Behavior\BuildLiteBehavior [ RunTime:0.000025s ]
INFO: [ app_init ] --END-- [ RunTime:0.000836s ]
ERR: 参数错误或者未定义:id

[ 2017-03-02T15:35:20+08:00 ] 127.0.0.1 /Admin/info/do_edit.html
INFO: [ app_init ] --START--
INFO: Run Behavior\BuildLiteBehavior [ RunTime:0.000020s ]
INFO: [ app_init ] --END-- [ RunTime:0.000704s ]

[ 2017-03-02T15:35:22+08:00 ] 127.0.0.1 /Admin/info/index.html
INFO: [ app_init ] --START--
INFO: Run Behavior\BuildLiteBehavior [ RunTime:0.000019s ]
INFO: [ app_init ] --END-- [ RunTime:0.000668s ]

[ 2017-03-02T15:35:49+08:00 ] 127.0.0.1 /Admin/Info/edit/id/81.html
INFO: [ app_init ] --START--
INFO: Run Behavior\BuildLiteBehavior [ RunTime:0.000031s ]
INFO: [ app_init ] --END-- [ RunTime:0.000714s ]

[ 2017-03-02T15:35:50+08:00 ] 127.0.0.1 /Admin/Info/edit/id/
INFO: [ app_init ] --START--
INFO: Run Behavior\BuildLiteBehavior [ RunTime:0.000022s ]
INFO: [ app_init ] --END-- [ RunTime:0.000824s ]
ERR: 参数错误或者未定义:id

[ 2017-03-02T15:35:57+08:00 ] 127.0.0.1 /Admin/info/do_edit.html
INFO: [ app_init ] --START--
INFO: Run Behavior\BuildLiteBehavior [ RunTime:0.000023s ]
INFO: [ app_init ] --END-- [ RunTime:0.000766s ]

[ 2017-03-02T15:35:59+08:00 ] 127.0.0.1 /Admin/info/index.html
INFO: [ app_init ] --START--
INFO: Run Behavior\BuildLiteBehavior [ RunTime:0.000018s ]
INFO: [ app_init ] --END-- [ RunTime:0.000650s ]

[ 2017-03-02T15:36:18+08:00 ] 127.0.0.1 /Admin/Info/edit/id/80.html
INFO: [ app_init ] --START--
INFO: Run Behavior\BuildLiteBehavior [ RunTime:0.000026s ]
INFO: [ app_init ] --END-- [ RunTime:0.000725s ]

[ 2017-03-02T15:36:19+08:00 ] 127.0.0.1 /Admin/Info/edit/id/
INFO: [ app_init ] --START--
INFO: Run Behavior\BuildLiteBehavior [ RunTime:0.000027s ]
INFO: [ app_init ] --END-- [ RunTime:0.000763s ]
ERR: 参数错误或者未定义:id

[ 2017-03-02T15:37:22+08:00 ] 127.0.0.1 /Admin/Info/edit/id/81.html
INFO: [ app_init ] --START--
INFO: Run Behavior\BuildLiteBehavior [ RunTime:0.000020s ]
INFO: [ app_init ] --END-- [ RunTime:0.000734s ]

[ 2017-03-02T15:37:23+08:00 ] 127.0.0.1 /Admin/Info/edit/id/
INFO: [ app_init ] --START--
INFO: Run Behavior\BuildLiteBehavior [ RunTime:0.000019s ]
INFO: [ app_init ] --END-- [ RunTime:0.000720s ]
ERR: 参数错误或者未定义:id

[ 2017-03-02T15:37:34+08:00 ] 127.0.0.1 /Admin/info/do_edit.html
INFO: [ app_init ] --START--
INFO: Run Behavior\BuildLiteBehavior [ RunTime:0.000019s ]
INFO: [ app_init ] --END-- [ RunTime:0.000650s ]

[ 2017-03-02T15:37:35+08:00 ] 127.0.0.1 /Admin/info/index.html
INFO: [ app_init ] --START--
INFO: Run Behavior\BuildLiteBehavior [ RunTime:0.000018s ]
INFO: [ app_init ] --END-- [ RunTime:0.000657s ]

[ 2017-03-02T15:37:37+08:00 ] 127.0.0.1 /Admin/Info/edit/id/81.html
INFO: [ app_init ] --START--
INFO: Run Behavior\BuildLiteBehavior [ RunTime:0.000020s ]
INFO: [ app_init ] --END-- [ RunTime:0.000677s ]

[ 2017-03-02T15:37:38+08:00 ] 127.0.0.1 /Admin/Info/edit/id/
INFO: [ app_init ] --START--
INFO: Run Behavior\BuildLiteBehavior [ RunTime:0.000021s ]
INFO: [ app_init ] --END-- [ RunTime:0.000659s ]
ERR: 参数错误或者未定义:id

[ 2017-03-02T15:40:47+08:00 ] 127.0.0.1 /Admin/Info/add.html
INFO: [ app_init ] --START--
INFO: Run Behavior\BuildLiteBehavior [ RunTime:0.000019s ]
INFO: [ app_init ] --END-- [ RunTime:0.000642s ]

[ 2017-03-02T15:40:49+08:00 ] 127.0.0.1 /Admin/Info/
INFO: [ app_init ] --START--
INFO: Run Behavior\BuildLiteBehavior [ RunTime:0.000021s ]
INFO: [ app_init ] --END-- [ RunTime:0.000752s ]

[ 2017-03-02T15:41:05+08:00 ] 127.0.0.1 /Admin/Image/uploadImage.html
INFO: [ app_init ] --START--
INFO: Run Behavior\BuildLiteBehavior [ RunTime:0.000018s ]
INFO: [ app_init ] --END-- [ RunTime:0.000647s ]

[ 2017-03-02T15:41:20+08:00 ] 127.0.0.1 /Admin/info/do_add.html
INFO: [ app_init ] --START--
INFO: Run Behavior\BuildLiteBehavior [ RunTime:0.000019s ]
INFO: [ app_init ] --END-- [ RunTime:0.000646s ]

[ 2017-03-02T15:41:22+08:00 ] 127.0.0.1 /Admin/info/index.html
INFO: [ app_init ] --START--
INFO: Run Behavior\BuildLiteBehavior [ RunTime:0.000017s ]
INFO: [ app_init ] --END-- [ RunTime:0.000639s ]

[ 2017-03-02T15:41:25+08:00 ] 127.0.0.1 /Admin/Info/add.html
INFO: [ app_init ] --START--
INFO: Run Behavior\BuildLiteBehavior [ RunTime:0.000019s ]
INFO: [ app_init ] --END-- [ RunTime:0.000651s ]

[ 2017-03-02T15:41:26+08:00 ] 127.0.0.1 /Admin/Info/
INFO: [ app_init ] --START--
INFO: Run Behavior\BuildLiteBehavior [ RunTime:0.000019s ]
INFO: [ app_init ] --END-- [ RunTime:0.000637s ]

[ 2017-03-02T15:42:20+08:00 ] 127.0.0.1 /Admin/Image/uploadImage.html
INFO: [ app_init ] --START--
INFO: Run Behavior\BuildLiteBehavior [ RunTime:0.000048s ]
INFO: [ app_init ] --END-- [ RunTime:0.000694s ]

[ 2017-03-02T15:42:35+08:00 ] 127.0.0.1 /Admin/info/do_add.html
INFO: [ app_init ] --START--
INFO: Run Behavior\BuildLiteBehavior [ RunTime:0.000018s ]
INFO: [ app_init ] --END-- [ RunTime:0.000669s ]

[ 2017-03-02T15:42:37+08:00 ] 127.0.0.1 /Admin/info/index.html
INFO: [ app_init ] --START--
INFO: Run Behavior\BuildLiteBehavior [ RunTime:0.000017s ]
INFO: [ app_init ] --END-- [ RunTime:0.000630s ]

[ 2017-03-02T15:43:01+08:00 ] 127.0.0.1 /Admin/Info/edit/id/83.html
INFO: [ app_init ] --START--
INFO: Run Behavior\BuildLiteBehavior [ RunTime:0.000019s ]
INFO: [ app_init ] --END-- [ RunTime:0.000636s ]

[ 2017-03-02T15:43:02+08:00 ] 127.0.0.1 /Admin/Info/edit/id/
INFO: [ app_init ] --START--
INFO: Run Behavior\BuildLiteBehavior [ RunTime:0.000020s ]
INFO: [ app_init ] --END-- [ RunTime:0.000675s ]
ERR: 参数错误或者未定义:id

[ 2017-03-02T15:43:07+08:00 ] 127.0.0.1 /Admin/info/do_edit.html
INFO: [ app_init ] --START--
INFO: Run Behavior\BuildLiteBehavior [ RunTime:0.000024s ]
INFO: [ app_init ] --END-- [ RunTime:0.000841s ]

[ 2017-03-02T15:43:08+08:00 ] 127.0.0.1 /Admin/info/index.html
INFO: [ app_init ] --START--
INFO: Run Behavior\BuildLiteBehavior [ RunTime:0.000019s ]
INFO: [ app_init ] --END-- [ RunTime:0.000682s ]

[ 2017-03-02T15:43:10+08:00 ] 127.0.0.1 /Admin/Info/edit/id/82.html
INFO: [ app_init ] --START--
INFO: Run Behavior\BuildLiteBehavior [ RunTime:0.000047s ]
INFO: [ app_init ] --END-- [ RunTime:0.000796s ]

[ 2017-03-02T15:43:11+08:00 ] 127.0.0.1 /Admin/Info/edit/id/
INFO: [ app_init ] --START--
INFO: Run Behavior\BuildLiteBehavior [ RunTime:0.000019s ]
INFO: [ app_init ] --END-- [ RunTime:0.000661s ]
ERR: 参数错误或者未定义:id

[ 2017-03-02T15:43:30+08:00 ] 127.0.0.1 /Admin/info/do_edit.html
INFO: [ app_init ] --START--
INFO: Run Behavior\BuildLiteBehavior [ RunTime:0.000022s ]
INFO: [ app_init ] --END-- [ RunTime:0.000831s ]

[ 2017-03-02T15:43:32+08:00 ] 127.0.0.1 /Admin/info/index.html
INFO: [ app_init ] --START--
INFO: Run Behavior\BuildLiteBehavior [ RunTime:0.000018s ]
INFO: [ app_init ] --END-- [ RunTime:0.000631s ]

[ 2017-03-02T15:43:34+08:00 ] 127.0.0.1 /Admin/Info/edit/id/81.html
INFO: [ app_init ] --START--
INFO: Run Behavior\BuildLiteBehavior [ RunTime:0.000020s ]
INFO: [ app_init ] --END-- [ RunTime:0.000699s ]

[ 2017-03-02T15:43:35+08:00 ] 127.0.0.1 /Admin/Info/edit/id/
INFO: [ app_init ] --START--
INFO: Run Behavior\BuildLiteBehavior [ RunTime:0.000032s ]
INFO: [ app_init ] --END-- [ RunTime:0.000829s ]
ERR: 参数错误或者未定义:id

[ 2017-03-02T15:43:38+08:00 ] 127.0.0.1 /Admin/info/do_edit.html
INFO: [ app_init ] --START--
INFO: Run Behavior\BuildLiteBehavior [ RunTime:0.000021s ]
INFO: [ app_init ] --END-- [ RunTime:0.000710s ]

[ 2017-03-02T15:43:39+08:00 ] 127.0.0.1 /Admin/info/index.html
INFO: [ app_init ] --START--
INFO: Run Behavior\BuildLiteBehavior [ RunTime:0.000024s ]
INFO: [ app_init ] --END-- [ RunTime:0.000787s ]

[ 2017-03-02T15:43:42+08:00 ] 127.0.0.1 /Admin/Info/edit/id/80.html
INFO: [ app_init ] --START--
INFO: Run Behavior\BuildLiteBehavior [ RunTime:0.000022s ]
INFO: [ app_init ] --END-- [ RunTime:0.000772s ]

[ 2017-03-02T15:43:43+08:00 ] 127.0.0.1 /Admin/Info/edit/id/
INFO: [ app_init ] --START--
INFO: Run Behavior\BuildLiteBehavior [ RunTime:0.000019s ]
INFO: [ app_init ] --END-- [ RunTime:0.000654s ]
ERR: 参数错误或者未定义:id

[ 2017-03-02T15:44:29+08:00 ] 127.0.0.1 /Admin/Info/edit/id/80.html
INFO: [ app_init ] --START--
INFO: Run Behavior\BuildLiteBehavior [ RunTime:0.000019s ]
INFO: [ app_init ] --END-- [ RunTime:0.000675s ]

[ 2017-03-02T15:44:30+08:00 ] 127.0.0.1 /Admin/Info/edit/id/
INFO: [ app_init ] --START--
INFO: Run Behavior\BuildLiteBehavior [ RunTime:0.000022s ]
INFO: [ app_init ] --END-- [ RunTime:0.000770s ]
ERR: 参数错误或者未定义:id

[ 2017-03-02T15:44:41+08:00 ] 127.0.0.1 /Admin/info/do_edit.html
INFO: [ app_init ] --START--
INFO: Run Behavior\BuildLiteBehavior [ RunTime:0.000048s ]
INFO: [ app_init ] --END-- [ RunTime:0.000774s ]

[ 2017-03-02T15:44:42+08:00 ] 127.0.0.1 /Admin/info/index.html
INFO: [ app_init ] --START--
INFO: Run Behavior\BuildLiteBehavior [ RunTime:0.000019s ]
INFO: [ app_init ] --END-- [ RunTime:0.000690s ]

[ 2017-03-02T15:45:29+08:00 ] 127.0.0.1 /Admin/Info/edit/id/80.html
INFO: [ app_init ] --START--
INFO: Run Behavior\BuildLiteBehavior [ RunTime:0.000021s ]
INFO: [ app_init ] --END-- [ RunTime:0.000847s ]

[ 2017-03-02T15:45:30+08:00 ] 127.0.0.1 /Admin/Info/edit/id/
INFO: [ app_init ] --START--
INFO: Run Behavior\BuildLiteBehavior [ RunTime:0.000019s ]
INFO: [ app_init ] --END-- [ RunTime:0.000646s ]
ERR: 参数错误或者未定义:id

[ 2017-03-02T15:45:32+08:00 ] 127.0.0.1 /Admin/info/do_edit.html
INFO: [ app_init ] --START--
INFO: Run Behavior\BuildLiteBehavior [ RunTime:0.000021s ]
INFO: [ app_init ] --END-- [ RunTime:0.000784s ]

[ 2017-03-02T15:45:34+08:00 ] 127.0.0.1 /Admin/info/index.html
INFO: [ app_init ] --START--
INFO: Run Behavior\BuildLiteBehavior [ RunTime:0.000018s ]
INFO: [ app_init ] --END-- [ RunTime:0.000639s ]

[ 2017-03-02T15:45:46+08:00 ] 127.0.0.1 /Admin/Info/add.html
INFO: [ app_init ] --START--
INFO: Run Behavior\BuildLiteBehavior [ RunTime:0.000018s ]
INFO: [ app_init ] --END-- [ RunTime:0.000663s ]

[ 2017-03-02T15:45:47+08:00 ] 127.0.0.1 /Admin/Info/
INFO: [ app_init ] --START--
INFO: Run Behavior\BuildLiteBehavior [ RunTime:0.000018s ]
INFO: [ app_init ] --END-- [ RunTime:0.000673s ]

[ 2017-03-02T15:46:07+08:00 ] 127.0.0.1 /Admin/Image/uploadImage.html
INFO: [ app_init ] --START--
INFO: Run Behavior\BuildLiteBehavior [ RunTime:0.000018s ]
INFO: [ app_init ] --END-- [ RunTime:0.000632s ]

[ 2017-03-02T15:48:02+08:00 ] 127.0.0.1 /Admin/info/do_add.html
INFO: [ app_init ] --START--
INFO: Run Behavior\BuildLiteBehavior [ RunTime:0.000020s ]
INFO: [ app_init ] --END-- [ RunTime:0.000666s ]

[ 2017-03-02T15:48:03+08:00 ] 127.0.0.1 /Admin/info/index.html
INFO: [ app_init ] --START--
INFO: Run Behavior\BuildLiteBehavior [ RunTime:0.000019s ]
INFO: [ app_init ] --END-- [ RunTime:0.000601s ]

[ 2017-03-02T15:48:08+08:00 ] 127.0.0.1 /Admin/Info/add.html
INFO: [ app_init ] --START--
INFO: Run Behavior\BuildLiteBehavior [ RunTime:0.000018s ]
INFO: [ app_init ] --END-- [ RunTime:0.000579s ]

[ 2017-03-02T15:48:09+08:00 ] 127.0.0.1 /Admin/Info/
INFO: [ app_init ] --START--
INFO: Run Behavior\BuildLiteBehavior [ RunTime:0.000018s ]
INFO: [ app_init ] --END-- [ RunTime:0.000561s ]

[ 2017-03-02T15:49:29+08:00 ] 127.0.0.1 /Admin/Image/uploadImage.html
INFO: [ app_init ] --START--
INFO: Run Behavior\BuildLiteBehavior [ RunTime:0.000018s ]
INFO: [ app_init ] --END-- [ RunTime:0.000598s ]

[ 2017-03-02T15:49:40+08:00 ] 127.0.0.1 /Admin/info/do_add.html
INFO: [ app_init ] --START--
INFO: Run Behavior\BuildLiteBehavior [ RunTime:0.000019s ]
INFO: [ app_init ] --END-- [ RunTime:0.000681s ]

[ 2017-03-02T15:49:42+08:00 ] 127.0.0.1 /Admin/info/index.html
INFO: [ app_init ] --START--
INFO: Run Behavior\BuildLiteBehavior [ RunTime:0.000018s ]
INFO: [ app_init ] --END-- [ RunTime:0.000574s ]

[ 2017-03-02T15:50:59+08:00 ] 127.0.0.1 /Admin/Info/add.html
INFO: [ app_init ] --START--
INFO: Run Behavior\BuildLiteBehavior [ RunTime:0.000024s ]
INFO: [ app_init ] --END-- [ RunTime:0.000685s ]

[ 2017-03-02T15:51:00+08:00 ] 127.0.0.1 /Admin/Info/
INFO: [ app_init ] --START--
INFO: Run Behavior\BuildLiteBehavior [ RunTime:0.000018s ]
INFO: [ app_init ] --END-- [ RunTime:0.000597s ]

[ 2017-03-02T15:51:57+08:00 ] 127.0.0.1 /Admin/Image/uploadImage.html
INFO: [ app_init ] --START--
INFO: Run Behavior\BuildLiteBehavior [ RunTime:0.000020s ]
INFO: [ app_init ] --END-- [ RunTime:0.000560s ]

[ 2017-03-02T15:52:00+08:00 ] 127.0.0.1 /Admin/info/do_add.html
INFO: [ app_init ] --START--
INFO: Run Behavior\BuildLiteBehavior [ RunTime:0.000018s ]
INFO: [ app_init ] --END-- [ RunTime:0.000606s ]

[ 2017-03-02T15:52:02+08:00 ] 127.0.0.1 /Admin/info/index.html
INFO: [ app_init ] --START--
INFO: Run Behavior\BuildLiteBehavior [ RunTime:0.000018s ]
INFO: [ app_init ] --END-- [ RunTime:0.000582s ]

[ 2017-03-02T15:52:06+08:00 ] 127.0.0.1 /Admin/Info/edit/id/80.html
INFO: [ app_init ] --START--
INFO: Run Behavior\BuildLiteBehavior [ RunTime:0.000038s ]
INFO: [ app_init ] --END-- [ RunTime:0.000674s ]

[ 2017-03-02T15:52:07+08:00 ] 127.0.0.1 /Admin/Info/edit/id/
INFO: [ app_init ] --START--
INFO: Run Behavior\BuildLiteBehavior [ RunTime:0.000022s ]
INFO: [ app_init ] --END-- [ RunTime:0.000698s ]
ERR: 参数错误或者未定义:id

[ 2017-03-02T15:53:31+08:00 ] 127.0.0.1 /Admin/Image/uploadImage.html
INFO: [ app_init ] --START--
INFO: Run Behavior\BuildLiteBehavior [ RunTime:0.000019s ]
INFO: [ app_init ] --END-- [ RunTime:0.000608s ]

[ 2017-03-02T15:53:34+08:00 ] 127.0.0.1 /Admin/info/do_edit.html
INFO: [ app_init ] --START--
INFO: Run Behavior\BuildLiteBehavior [ RunTime:0.000020s ]
INFO: [ app_init ] --END-- [ RunTime:0.000623s ]

[ 2017-03-02T15:53:36+08:00 ] 127.0.0.1 /Admin/info/index.html
INFO: [ app_init ] --START--
INFO: Run Behavior\BuildLiteBehavior [ RunTime:0.000022s ]
INFO: [ app_init ] --END-- [ RunTime:0.000719s ]

[ 2017-03-02T15:56:49+08:00 ] 127.0.0.1 /Admin/Info/edit/id/79.html
INFO: [ app_init ] --START--
INFO: Run Behavior\BuildLiteBehavior [ RunTime:0.000022s ]
INFO: [ app_init ] --END-- [ RunTime:0.000885s ]

[ 2017-03-02T15:56:51+08:00 ] 127.0.0.1 /Admin/Info/edit/id/
INFO: [ app_init ] --START--
INFO: Run Behavior\BuildLiteBehavior [ RunTime:0.000023s ]
INFO: [ app_init ] --END-- [ RunTime:0.000789s ]
ERR: 参数错误或者未定义:id

[ 2017-03-02T15:57:09+08:00 ] 127.0.0.1 /Admin/Image/uploadImage.html
INFO: [ app_init ] --START--
INFO: Run Behavior\BuildLiteBehavior [ RunTime:0.000018s ]
INFO: [ app_init ] --END-- [ RunTime:0.000681s ]

[ 2017-03-02T15:58:52+08:00 ] 127.0.0.1 /Admin/info/do_edit.html
INFO: [ app_init ] --START--
INFO: Run Behavior\BuildLiteBehavior [ RunTime:0.000019s ]
INFO: [ app_init ] --END-- [ RunTime:0.000638s ]

[ 2017-03-02T15:58:54+08:00 ] 127.0.0.1 /Admin/info/index.html
INFO: [ app_init ] --START--
INFO: Run Behavior\BuildLiteBehavior [ RunTime:0.000023s ]
INFO: [ app_init ] --END-- [ RunTime:0.000662s ]

[ 2017-03-02T16:00:13+08:00 ] 127.0.0.1 /Admin/Info/edit/id/86.html
INFO: [ app_init ] --START--
INFO: Run Behavior\BuildLiteBehavior [ RunTime:0.000019s ]
INFO: [ app_init ] --END-- [ RunTime:0.000624s ]

[ 2017-03-02T16:00:15+08:00 ] 127.0.0.1 /Admin/Info/edit/id/
INFO: [ app_init ] --START--
INFO: Run Behavior\BuildLiteBehavior [ RunTime:0.000019s ]
INFO: [ app_init ] --END-- [ RunTime:0.000535s ]
ERR: 参数错误或者未定义:id

[ 2017-03-02T16:00:17+08:00 ] 127.0.0.1 /Admin/info/do_edit.html
INFO: [ app_init ] --START--
INFO: Run Behavior\BuildLiteBehavior [ RunTime:0.000021s ]
INFO: [ app_init ] --END-- [ RunTime:0.000748s ]

[ 2017-03-02T16:00:18+08:00 ] 127.0.0.1 /Admin/info/index.html
INFO: [ app_init ] --START--
INFO: Run Behavior\BuildLiteBehavior [ RunTime:0.000020s ]
INFO: [ app_init ] --END-- [ RunTime:0.000689s ]

[ 2017-03-02T16:00:35+08:00 ] 127.0.0.1 /Admin/Info/add.html
INFO: [ app_init ] --START--
INFO: Run Behavior\BuildLiteBehavior [ RunTime:0.000022s ]
INFO: [ app_init ] --END-- [ RunTime:0.000688s ]

[ 2017-03-02T16:00:36+08:00 ] 127.0.0.1 /Admin/Info/
INFO: [ app_init ] --START--
INFO: Run Behavior\BuildLiteBehavior [ RunTime:0.000021s ]
INFO: [ app_init ] --END-- [ RunTime:0.000827s ]

[ 2017-03-02T16:00:47+08:00 ] 127.0.0.1 /Admin/Image/uploadImage.html
INFO: [ app_init ] --START--
INFO: Run Behavior\BuildLiteBehavior [ RunTime:0.000021s ]
INFO: [ app_init ] --END-- [ RunTime:0.000748s ]

[ 2017-03-02T16:01:57+08:00 ] 127.0.0.1 /Admin/info/do_add.html
INFO: [ app_init ] --START--
INFO: Run Behavior\BuildLiteBehavior [ RunTime:0.000018s ]
INFO: [ app_init ] --END-- [ RunTime:0.000683s ]

[ 2017-03-02T16:01:59+08:00 ] 127.0.0.1 /Admin/info/index.html
INFO: [ app_init ] --START--
INFO: Run Behavior\BuildLiteBehavior [ RunTime:0.000026s ]
INFO: [ app_init ] --END-- [ RunTime:0.000868s ]

[ 2017-03-02T16:02:13+08:00 ] 127.0.0.1 /Admin/Info/edit/id/86.html
INFO: [ app_init ] --START--
INFO: Run Behavior\BuildLiteBehavior [ RunTime:0.000018s ]
INFO: [ app_init ] --END-- [ RunTime:0.000674s ]

[ 2017-03-02T16:02:14+08:00 ] 127.0.0.1 /Admin/Info/edit/id/
INFO: [ app_init ] --START--
INFO: Run Behavior\BuildLiteBehavior [ RunTime:0.000021s ]
INFO: [ app_init ] --END-- [ RunTime:0.000752s ]
ERR: 参数错误或者未定义:id

[ 2017-03-02T16:02:24+08:00 ] 127.0.0.1 /Admin/Index/index.html
INFO: [ app_init ] --START--
INFO: Run Behavior\BuildLiteBehavior [ RunTime:0.000020s ]
INFO: [ app_init ] --END-- [ RunTime:0.000672s ]

[ 2017-03-02T16:02:25+08:00 ] 127.0.0.1 /Admin/Index/main.html
INFO: [ app_init ] --START--
INFO: Run Behavior\BuildLiteBehavior [ RunTime:0.000026s ]
INFO: [ app_init ] --END-- [ RunTime:0.000892s ]

[ 2017-03-02T16:02:28+08:00 ] 127.0.0.1 /Admin/Info/index.html
INFO: [ app_init ] --START--
INFO: Run Behavior\BuildLiteBehavior [ RunTime:0.000036s ]
INFO: [ app_init ] --END-- [ RunTime:0.001208s ]

[ 2017-03-02T16:02:39+08:00 ] 127.0.0.1 /Admin/Info/add.html
INFO: [ app_init ] --START--
INFO: Run Behavior\BuildLiteBehavior [ RunTime:0.000024s ]
INFO: [ app_init ] --END-- [ RunTime:0.000890s ]

[ 2017-03-02T16:02:40+08:00 ] 127.0.0.1 /Admin/Info/
INFO: [ app_init ] --START--
INFO: Run Behavior\BuildLiteBehavior [ RunTime:0.000018s ]
INFO: [ app_init ] --END-- [ RunTime:0.000652s ]

[ 2017-03-02T16:03:17+08:00 ] 127.0.0.1 /Admin/Image/uploadImage.html
INFO: [ app_init ] --START--
INFO: Run Behavior\BuildLiteBehavior [ RunTime:0.000021s ]
INFO: [ app_init ] --END-- [ RunTime:0.000745s ]

[ 2017-03-02T16:05:02+08:00 ] 127.0.0.1 /Admin/info/do_add.html
INFO: [ app_init ] --START--
INFO: Run Behavior\BuildLiteBehavior [ RunTime:0.000018s ]
INFO: [ app_init ] --END-- [ RunTime:0.000636s ]

[ 2017-03-02T16:05:03+08:00 ] 127.0.0.1 /Admin/info/index.html
INFO: [ app_init ] --START--
INFO: Run Behavior\BuildLiteBehavior [ RunTime:0.000019s ]
INFO: [ app_init ] --END-- [ RunTime:0.000653s ]

[ 2017-03-02T16:05:06+08:00 ] 127.0.0.1 /Admin/Info/add.html
INFO: [ app_init ] --START--
INFO: Run Behavior\BuildLiteBehavior [ RunTime:0.000032s ]
INFO: [ app_init ] --END-- [ RunTime:0.000685s ]

[ 2017-03-02T16:05:07+08:00 ] 127.0.0.1 /Admin/Info/
INFO: [ app_init ] --START--
INFO: Run Behavior\BuildLiteBehavior [ RunTime:0.000019s ]
INFO: [ app_init ] --END-- [ RunTime:0.000631s ]

[ 2017-03-02T16:05:58+08:00 ] 127.0.0.1 /Admin/Image/uploadImage.html
INFO: [ app_init ] --START--
INFO: Run Behavior\BuildLiteBehavior [ RunTime:0.000017s ]
INFO: [ app_init ] --END-- [ RunTime:0.000628s ]

[ 2017-03-02T16:06:11+08:00 ] 127.0.0.1 /Admin/info/do_add.html
INFO: [ app_init ] --START--
INFO: Run Behavior\BuildLiteBehavior [ RunTime:0.000018s ]
INFO: [ app_init ] --END-- [ RunTime:0.000645s ]

[ 2017-03-02T16:06:13+08:00 ] 127.0.0.1 /Admin/info/index.html
INFO: [ app_init ] --START--
INFO: Run Behavior\BuildLiteBehavior [ RunTime:0.000026s ]
INFO: [ app_init ] --END-- [ RunTime:0.000898s ]

[ 2017-03-02T16:06:16+08:00 ] 127.0.0.1 /Admin/Info/add.html
INFO: [ app_init ] --START--
INFO: Run Behavior\BuildLiteBehavior [ RunTime:0.000025s ]
INFO: [ app_init ] --END-- [ RunTime:0.000857s ]

[ 2017-03-02T16:06:17+08:00 ] 127.0.0.1 /Admin/Info/
INFO: [ app_init ] --START--
INFO: Run Behavior\BuildLiteBehavior [ RunTime:0.000018s ]
INFO: [ app_init ] --END-- [ RunTime:0.000768s ]

[ 2017-03-02T16:07:56+08:00 ] 127.0.0.1 /Admin/Image/uploadImage.html
INFO: [ app_init ] --START--
INFO: Run Behavior\BuildLiteBehavior [ RunTime:0.000018s ]
INFO: [ app_init ] --END-- [ RunTime:0.000659s ]

[ 2017-03-02T16:08:26+08:00 ] 127.0.0.1 /Admin/info/do_add.html
INFO: [ app_init ] --START--
INFO: Run Behavior\BuildLiteBehavior [ RunTime:0.000018s ]
INFO: [ app_init ] --END-- [ RunTime:0.000642s ]

[ 2017-03-02T16:08:32+08:00 ] 127.0.0.1 /Admin/info/index.html
INFO: [ app_init ] --START--
INFO: Run Behavior\BuildLiteBehavior [ RunTime:0.000018s ]
INFO: [ app_init ] --END-- [ RunTime:0.000687s ]

[ 2017-03-02T16:08:41+08:00 ] 127.0.0.1 /Admin/Info/add.html
INFO: [ app_init ] --START--
INFO: Run Behavior\BuildLiteBehavior [ RunTime:0.000021s ]
INFO: [ app_init ] --END-- [ RunTime:0.000823s ]

[ 2017-03-02T16:08:52+08:00 ] 127.0.0.1 /Admin/Info/
INFO: [ app_init ] --START--
INFO: Run Behavior\BuildLiteBehavior [ RunTime:0.000017s ]
INFO: [ app_init ] --END-- [ RunTime:0.000626s ]

[ 2017-03-02T16:09:12+08:00 ] 127.0.0.1 /Admin/Image/uploadImage.html
INFO: [ app_init ] --START--
INFO: Run Behavior\BuildLiteBehavior [ RunTime:0.000017s ]
INFO: [ app_init ] --END-- [ RunTime:0.000634s ]

[ 2017-03-02T16:09:41+08:00 ] 127.0.0.1 /Admin/info/do_add.html
INFO: [ app_init ] --START--
INFO: Run Behavior\BuildLiteBehavior [ RunTime:0.000020s ]
INFO: [ app_init ] --END-- [ RunTime:0.000576s ]

[ 2017-03-02T16:09:43+08:00 ] 127.0.0.1 /Admin/info/index.html
INFO: [ app_init ] --START--
INFO: Run Behavior\BuildLiteBehavior [ RunTime:0.000018s ]
INFO: [ app_init ] --END-- [ RunTime:0.000652s ]

[ 2017-03-02T16:09:46+08:00 ] 127.0.0.1 /Admin/Info/add.html
INFO: [ app_init ] --START--
INFO: Run Behavior\BuildLiteBehavior [ RunTime:0.000019s ]
INFO: [ app_init ] --END-- [ RunTime:0.000629s ]

[ 2017-03-02T16:09:47+08:00 ] 127.0.0.1 /Admin/Info/
INFO: [ app_init ] --START--
INFO: Run Behavior\BuildLiteBehavior [ RunTime:0.000018s ]
INFO: [ app_init ] --END-- [ RunTime:0.000639s ]

[ 2017-03-02T16:10:13+08:00 ] 127.0.0.1 /Admin/Image/uploadImage.html
INFO: [ app_init ] --START--
INFO: Run Behavior\BuildLiteBehavior [ RunTime:0.000020s ]
INFO: [ app_init ] --END-- [ RunTime:0.000621s ]

[ 2017-03-02T16:12:01+08:00 ] 127.0.0.1 /Admin/info/do_add.html
INFO: [ app_init ] --START--
INFO: Run Behavior\BuildLiteBehavior [ RunTime:0.000017s ]
INFO: [ app_init ] --END-- [ RunTime:0.000628s ]

[ 2017-03-02T16:12:02+08:00 ] 127.0.0.1 /Admin/info/index.html
INFO: [ app_init ] --START--
INFO: Run Behavior\BuildLiteBehavior [ RunTime:0.000019s ]
INFO: [ app_init ] --END-- [ RunTime:0.000690s ]

[ 2017-03-02T16:12:04+08:00 ] 127.0.0.1 /Admin/Info/add.html
INFO: [ app_init ] --START--
INFO: Run Behavior\BuildLiteBehavior [ RunTime:0.000025s ]
INFO: [ app_init ] --END-- [ RunTime:0.001042s ]

[ 2017-03-02T16:12:05+08:00 ] 127.0.0.1 /Admin/Info/
INFO: [ app_init ] --START--
INFO: Run Behavior\BuildLiteBehavior [ RunTime:0.000017s ]
INFO: [ app_init ] --END-- [ RunTime:0.000606s ]

[ 2017-03-02T16:16:19+08:00 ] 127.0.0.1 /Admin/Image/uploadImage.html
INFO: [ app_init ] --START--
INFO: Run Behavior\BuildLiteBehavior [ RunTime:0.000022s ]
INFO: [ app_init ] --END-- [ RunTime:0.000774s ]

[ 2017-03-02T16:16:31+08:00 ] 127.0.0.1 /Admin/info/do_add.html
INFO: [ app_init ] --START--
INFO: Run Behavior\BuildLiteBehavior [ RunTime:0.000018s ]
INFO: [ app_init ] --END-- [ RunTime:0.000637s ]

[ 2017-03-02T16:16:33+08:00 ] 127.0.0.1 /Admin/info/index.html
INFO: [ app_init ] --START--
INFO: Run Behavior\BuildLiteBehavior [ RunTime:0.000018s ]
INFO: [ app_init ] --END-- [ RunTime:0.000639s ]

[ 2017-03-02T16:25:04+08:00 ] 127.0.0.1 /Admin/Info/add.html
INFO: [ app_init ] --START--
INFO: Run Behavior\BuildLiteBehavior [ RunTime:0.000024s ]
INFO: [ app_init ] --END-- [ RunTime:0.000764s ]

[ 2017-03-02T16:25:06+08:00 ] 127.0.0.1 /Admin/Info/
INFO: [ app_init ] --START--
INFO: Run Behavior\BuildLiteBehavior [ RunTime:0.000022s ]
INFO: [ app_init ] --END-- [ RunTime:0.000642s ]

[ 2017-03-02T16:27:53+08:00 ] 127.0.0.1 /Admin/Image/uploadImage.html
INFO: [ app_init ] --START--
INFO: Run Behavior\BuildLiteBehavior [ RunTime:0.000021s ]
INFO: [ app_init ] --END-- [ RunTime:0.000666s ]

[ 2017-03-02T16:28:04+08:00 ] 127.0.0.1 /Admin/info/do_add.html
INFO: [ app_init ] --START--
INFO: Run Behavior\BuildLiteBehavior [ RunTime:0.000019s ]
INFO: [ app_init ] --END-- [ RunTime:0.000705s ]

[ 2017-03-02T16:28:05+08:00 ] 127.0.0.1 /Admin/info/index.html
INFO: [ app_init ] --START--
INFO: Run Behavior\BuildLiteBehavior [ RunTime:0.000019s ]
INFO: [ app_init ] --END-- [ RunTime:0.000671s ]

[ 2017-03-02T16:30:51+08:00 ] 127.0.0.1 /Admin/Info/add.html
INFO: [ app_init ] --START--
INFO: Run Behavior\BuildLiteBehavior [ RunTime:0.000022s ]
INFO: [ app_init ] --END-- [ RunTime:0.000763s ]

[ 2017-03-02T16:30:53+08:00 ] 127.0.0.1 /Admin/Info/
INFO: [ app_init ] --START--
INFO: Run Behavior\BuildLiteBehavior [ RunTime:0.000019s ]
INFO: [ app_init ] --END-- [ RunTime:0.000691s ]

[ 2017-03-02T16:31:34+08:00 ] 127.0.0.1 /Admin/Image/uploadImage.html
INFO: [ app_init ] --START--
INFO: Run Behavior\BuildLiteBehavior [ RunTime:0.000022s ]
INFO: [ app_init ] --END-- [ RunTime:0.000729s ]

[ 2017-03-02T16:31:45+08:00 ] 127.0.0.1 /Admin/info/do_add.html
INFO: [ app_init ] --START--
INFO: Run Behavior\BuildLiteBehavior [ RunTime:0.000031s ]
INFO: [ app_init ] --END-- [ RunTime:0.000989s ]

[ 2017-03-02T16:31:47+08:00 ] 127.0.0.1 /Admin/info/index.html
INFO: [ app_init ] --START--
INFO: Run Behavior\BuildLiteBehavior [ RunTime:0.000019s ]
INFO: [ app_init ] --END-- [ RunTime:0.000682s ]

[ 2017-03-02T16:35:12+08:00 ] 127.0.0.1 /Admin/Info/add.html
INFO: [ app_init ] --START--
INFO: Run Behavior\BuildLiteBehavior [ RunTime:0.000018s ]
INFO: [ app_init ] --END-- [ RunTime:0.000645s ]

[ 2017-03-02T16:35:13+08:00 ] 127.0.0.1 /Admin/Info/
INFO: [ app_init ] --START--
INFO: Run Behavior\BuildLiteBehavior [ RunTime:0.000017s ]
INFO: [ app_init ] --END-- [ RunTime:0.000618s ]

[ 2017-03-02T16:36:50+08:00 ] 127.0.0.1 /Admin/Image/uploadImage.html
INFO: [ app_init ] --START--
INFO: Run Behavior\BuildLiteBehavior [ RunTime:0.000027s ]
INFO: [ app_init ] --END-- [ RunTime:0.000871s ]

[ 2017-03-02T16:37:04+08:00 ] 127.0.0.1 /Admin/info/do_add.html
INFO: [ app_init ] --START--
INFO: Run Behavior\BuildLiteBehavior [ RunTime:0.000025s ]
INFO: [ app_init ] --END-- [ RunTime:0.000852s ]

[ 2017-03-02T16:37:06+08:00 ] 127.0.0.1 /Admin/info/index.html
INFO: [ app_init ] --START--
INFO: Run Behavior\BuildLiteBehavior [ RunTime:0.000018s ]
INFO: [ app_init ] --END-- [ RunTime:0.000644s ]

[ 2017-03-02T16:41:04+08:00 ] 127.0.0.1 /Admin/Info/add.html
INFO: [ app_init ] --START--
INFO: Run Behavior\BuildLiteBehavior [ RunTime:0.000024s ]
INFO: [ app_init ] --END-- [ RunTime:0.000809s ]

[ 2017-03-02T16:41:06+08:00 ] 127.0.0.1 /Admin/Info/
INFO: [ app_init ] --START--
INFO: Run Behavior\BuildLiteBehavior [ RunTime:0.000024s ]
INFO: [ app_init ] --END-- [ RunTime:0.000695s ]

[ 2017-03-02T16:43:03+08:00 ] 127.0.0.1 /Admin/Image/uploadImage.html
INFO: [ app_init ] --START--
INFO: Run Behavior\BuildLiteBehavior [ RunTime:0.000026s ]
INFO: [ app_init ] --END-- [ RunTime:0.000767s ]

[ 2017-03-02T16:43:12+08:00 ] 127.0.0.1 /Admin/info/do_add.html
INFO: [ app_init ] --START--
INFO: Run Behavior\BuildLiteBehavior [ RunTime:0.000020s ]
INFO: [ app_init ] --END-- [ RunTime:0.000590s ]

[ 2017-03-02T16:43:14+08:00 ] 127.0.0.1 /Admin/info/index.html
INFO: [ app_init ] --START--
INFO: Run Behavior\BuildLiteBehavior [ RunTime:0.000020s ]
INFO: [ app_init ] --END-- [ RunTime:0.000617s ]

[ 2017-03-02T16:45:16+08:00 ] 127.0.0.1 /Admin/Info/edit/id/83.html
INFO: [ app_init ] --START--
INFO: Run Behavior\BuildLiteBehavior [ RunTime:0.000022s ]
INFO: [ app_init ] --END-- [ RunTime:0.000760s ]

[ 2017-03-02T16:45:18+08:00 ] 127.0.0.1 /Admin/Info/edit/id/
INFO: [ app_init ] --START--
INFO: Run Behavior\BuildLiteBehavior [ RunTime:0.000032s ]
INFO: [ app_init ] --END-- [ RunTime:0.000627s ]
ERR: 参数错误或者未定义:id

[ 2017-03-02T16:45:58+08:00 ] 127.0.0.1 /Admin/Info/do_del/id/83.html
INFO: [ app_init ] --START--
INFO: Run Behavior\BuildLiteBehavior [ RunTime:0.000035s ]
INFO: [ app_init ] --END-- [ RunTime:0.000835s ]

[ 2017-03-02T16:46:04+08:00 ] 127.0.0.1 /Admin/Index/index.html
INFO: [ app_init ] --START--
INFO: Run Behavior\BuildLiteBehavior [ RunTime:0.000023s ]
INFO: [ app_init ] --END-- [ RunTime:0.000815s ]

[ 2017-03-02T16:46:05+08:00 ] 127.0.0.1 /Admin/Index/main.html
INFO: [ app_init ] --START--
INFO: Run Behavior\BuildLiteBehavior [ RunTime:0.000024s ]
INFO: [ app_init ] --END-- [ RunTime:0.000625s ]

[ 2017-03-02T16:46:08+08:00 ] 127.0.0.1 /Admin/Info/index.html
INFO: [ app_init ] --START--
INFO: Run Behavior\BuildLiteBehavior [ RunTime:0.000032s ]
INFO: [ app_init ] --END-- [ RunTime:0.000573s ]

[ 2017-03-02T16:49:17+08:00 ] 127.0.0.1 /Admin/Info/index.html
INFO: [ app_init ] --START--
INFO: Run Behavior\BuildLiteBehavior [ RunTime:0.000026s ]
INFO: [ app_init ] --END-- [ RunTime:0.000726s ]

[ 2017-03-02T16:49:22+08:00 ] 127.0.0.1 /Admin/Info/add.html
INFO: [ app_init ] --START--
INFO: Run Behavior\BuildLiteBehavior [ RunTime:0.000019s ]
INFO: [ app_init ] --END-- [ RunTime:0.000585s ]

[ 2017-03-02T16:49:23+08:00 ] 127.0.0.1 /Admin/Info/
INFO: [ app_init ] --START--
INFO: Run Behavior\BuildLiteBehavior [ RunTime:0.000018s ]
INFO: [ app_init ] --END-- [ RunTime:0.000583s ]

[ 2017-03-02T17:33:26+08:00 ] 127.0.0.1 /Admin/User/index.html
INFO: [ app_init ] --START--
INFO: Run Behavior\BuildLiteBehavior [ RunTime:0.000019s ]
INFO: [ app_init ] --END-- [ RunTime:0.000574s ]

[ 2017-03-02T17:33:36+08:00 ] 127.0.0.1 /Admin/Course/index.html
INFO: [ app_init ] --START--
INFO: Run Behavior\BuildLiteBehavior [ RunTime:0.000020s ]
INFO: [ app_init ] --END-- [ RunTime:0.000627s ]

